  File "wgan_div.py", line 123
    dataset = datasets.ImageFolder("../../data/image/training_set_WGAN", transform=transform1, target_transform=None, is_valid_file=None)
    ^
IndentationError: unexpected indent
Namespace(b1=0.5, b2=0.999, batch_size=64, channels=3, clip_value=0.01, img_size=256, latent_dim=100, lr=0.0002, n_cpu=8, n_critic=5, n_epochs=401, sample_interval=500)
44
[Epoch 0/401] [Batch 0/1] [D loss: -0.001113] [G loss: 0.429197]
[Epoch 1/401] [Batch 0/1] [D loss: -3.601786] [G loss: 0.952866]
[Epoch 2/401] [Batch 0/1] [D loss: -8.675064] [G loss: 1.454749]
[Epoch 3/401] [Batch 0/1] [D loss: -12.742447] [G loss: 1.307447]
[Epoch 4/401] [Batch 0/1] [D loss: -12.385332] [G loss: 0.413781]
[Epoch 5/401] [Batch 0/1] [D loss: -15.840304] [G loss: -0.152605]
[Epoch 6/401] [Batch 0/1] [D loss: -16.329882] [G loss: -1.759638]
[Epoch 7/401] [Batch 0/1] [D loss: -17.173813] [G loss: -3.515087]
[Epoch 8/401] [Batch 0/1] [D loss: -17.680073] [G loss: -4.664003]
[Epoch 9/401] [Batch 0/1] [D loss: -19.076042] [G loss: -5.663752]
[Epoch 10/401] [Batch 0/1] [D loss: -19.979158] [G loss: -6.301783]
[Epoch 11/401] [Batch 0/1] [D loss: -20.723396] [G loss: -5.304430]
[Epoch 12/401] [Batch 0/1] [D loss: -20.546642] [G loss: -3.497441]
[Epoch 13/401] [Batch 0/1] [D loss: -21.384315] [G loss: -2.590014]
[Epoch 14/401] [Batch 0/1] [D loss: -18.383881] [G loss: -1.661968]
[Epoch 15/401] [Batch 0/1] [D loss: -17.926765] [G loss: -0.197397]
[Epoch 16/401] [Batch 0/1] [D loss: -20.578806] [G loss: -0.361322]
[Epoch 17/401] [Batch 0/1] [D loss: -18.503792] [G loss: -0.912239]
[Epoch 18/401] [Batch 0/1] [D loss: -20.261406] [G loss: -0.087148]
[Epoch 19/401] [Batch 0/1] [D loss: -18.994295] [G loss: 0.625175]
[Epoch 20/401] [Batch 0/1] [D loss: -18.507236] [G loss: -0.319323]
[Epoch 21/401] [Batch 0/1] [D loss: -17.683355] [G loss: -1.334862]
[Epoch 22/401] [Batch 0/1] [D loss: -18.252630] [G loss: -1.444478]
[Epoch 23/401] [Batch 0/1] [D loss: -15.154083] [G loss: -3.094028]
[Epoch 24/401] [Batch 0/1] [D loss: -15.465769] [G loss: -2.696921]
[Epoch 25/401] [Batch 0/1] [D loss: -12.707554] [G loss: -3.721930]
[Epoch 26/401] [Batch 0/1] [D loss: -12.606718] [G loss: -3.628799]
[Epoch 27/401] [Batch 0/1] [D loss: -10.257128] [G loss: -4.173998]
[Epoch 28/401] [Batch 0/1] [D loss: -8.829859] [G loss: -3.220009]
[Epoch 29/401] [Batch 0/1] [D loss: -9.529016] [G loss: -1.664579]
[Epoch 30/401] [Batch 0/1] [D loss: -9.404618] [G loss: 1.492168]
[Epoch 31/401] [Batch 0/1] [D loss: -10.647618] [G loss: 8.170224]
[Epoch 32/401] [Batch 0/1] [D loss: -12.720725] [G loss: 12.655474]
[Epoch 33/401] [Batch 0/1] [D loss: -11.769129] [G loss: 9.010611]
[Epoch 34/401] [Batch 0/1] [D loss: -13.046782] [G loss: 8.682471]
[Epoch 35/401] [Batch 0/1] [D loss: -12.022925] [G loss: 3.378715]
[Epoch 36/401] [Batch 0/1] [D loss: -12.498749] [G loss: 1.087641]
[Epoch 37/401] [Batch 0/1] [D loss: -11.875599] [G loss: -1.190268]
[Epoch 38/401] [Batch 0/1] [D loss: -10.727884] [G loss: -3.774449]
[Epoch 39/401] [Batch 0/1] [D loss: -12.093987] [G loss: -4.706072]
[Epoch 40/401] [Batch 0/1] [D loss: -12.425134] [G loss: -4.462382]
[Epoch 41/401] [Batch 0/1] [D loss: -11.589446] [G loss: -1.389197]
[Epoch 42/401] [Batch 0/1] [D loss: -13.278278] [G loss: 2.040488]
[Epoch 43/401] [Batch 0/1] [D loss: -14.351602] [G loss: 4.172095]
[Epoch 44/401] [Batch 0/1] [D loss: -14.959194] [G loss: 1.613272]
[Epoch 45/401] [Batch 0/1] [D loss: -16.306065] [G loss: 4.058471]
[Epoch 46/401] [Batch 0/1] [D loss: -16.836260] [G loss: 2.095577]
[Epoch 47/401] [Batch 0/1] [D loss: -16.976763] [G loss: -1.498633]
[Epoch 48/401] [Batch 0/1] [D loss: -18.215487] [G loss: 0.032124]
[Epoch 49/401] [Batch 0/1] [D loss: -18.722818] [G loss: 0.318427]
[Epoch 50/401] [Batch 0/1] [D loss: -19.928902] [G loss: 1.206918]
[Epoch 51/401] [Batch 0/1] [D loss: -19.788721] [G loss: -2.168244]
[Epoch 52/401] [Batch 0/1] [D loss: -20.741592] [G loss: -3.929059]
[Epoch 53/401] [Batch 0/1] [D loss: -20.423035] [G loss: -1.211222]
[Epoch 54/401] [Batch 0/1] [D loss: -21.804314] [G loss: 0.580151]
[Epoch 55/401] [Batch 0/1] [D loss: -21.365946] [G loss: 1.572911]
[Epoch 56/401] [Batch 0/1] [D loss: -21.378948] [G loss: -0.716206]
[Epoch 57/401] [Batch 0/1] [D loss: -21.891659] [G loss: -2.349212]
[Epoch 58/401] [Batch 0/1] [D loss: -20.975422] [G loss: -2.063029]
[Epoch 59/401] [Batch 0/1] [D loss: -21.462587] [G loss: -1.919325]
[Epoch 60/401] [Batch 0/1] [D loss: -22.048849] [G loss: -2.180755]
[Epoch 61/401] [Batch 0/1] [D loss: -22.169559] [G loss: -3.211998]
[Epoch 62/401] [Batch 0/1] [D loss: -21.860327] [G loss: -3.786734]
[Epoch 63/401] [Batch 0/1] [D loss: -21.375237] [G loss: -2.054183]
[Epoch 64/401] [Batch 0/1] [D loss: -21.204584] [G loss: -1.612275]
[Epoch 65/401] [Batch 0/1] [D loss: -22.755899] [G loss: -1.973216]
[Epoch 66/401] [Batch 0/1] [D loss: -23.222841] [G loss: -0.911689]
[Epoch 67/401] [Batch 0/1] [D loss: -23.307751] [G loss: 0.592970]
[Epoch 68/401] [Batch 0/1] [D loss: -23.888477] [G loss: 0.212080]
[Epoch 69/401] [Batch 0/1] [D loss: -24.318871] [G loss: 0.899215]
[Epoch 70/401] [Batch 0/1] [D loss: -24.471531] [G loss: 2.874421]
[Epoch 71/401] [Batch 0/1] [D loss: -22.814833] [G loss: -4.614760]
[Epoch 72/401] [Batch 0/1] [D loss: -23.507824] [G loss: 0.193621]
[Epoch 73/401] [Batch 0/1] [D loss: -23.993917] [G loss: 0.906332]
[Epoch 74/401] [Batch 0/1] [D loss: -23.884741] [G loss: 0.015062]
[Epoch 75/401] [Batch 0/1] [D loss: -23.774117] [G loss: -2.894612]
[Epoch 76/401] [Batch 0/1] [D loss: -24.242199] [G loss: 0.206719]
[Epoch 77/401] [Batch 0/1] [D loss: -22.922367] [G loss: -2.045484]
[Epoch 78/401] [Batch 0/1] [D loss: -21.770069] [G loss: -1.530055]
[Epoch 79/401] [Batch 0/1] [D loss: -22.829653] [G loss: -2.371865]
[Epoch 80/401] [Batch 0/1] [D loss: -23.489229] [G loss: -1.041220]
[Epoch 81/401] [Batch 0/1] [D loss: -22.287184] [G loss: 1.874765]
[Epoch 82/401] [Batch 0/1] [D loss: -22.005463] [G loss: -0.526655]
[Epoch 83/401] [Batch 0/1] [D loss: -22.021027] [G loss: -3.624993]
[Epoch 84/401] [Batch 0/1] [D loss: -23.791723] [G loss: -4.398380]
[Epoch 85/401] [Batch 0/1] [D loss: -22.927059] [G loss: -1.448830]
[Epoch 86/401] [Batch 0/1] [D loss: -23.173840] [G loss: -1.202348]
[Epoch 87/401] [Batch 0/1] [D loss: -23.590405] [G loss: -0.656613]
[Epoch 88/401] [Batch 0/1] [D loss: -23.355549] [G loss: -2.754021]
[Epoch 89/401] [Batch 0/1] [D loss: -23.065952] [G loss: -4.444777]
[Epoch 90/401] [Batch 0/1] [D loss: -23.235897] [G loss: -3.143667]
[Epoch 91/401] [Batch 0/1] [D loss: -22.754856] [G loss: -2.039858]
[Epoch 92/401] [Batch 0/1] [D loss: -23.365049] [G loss: -0.078830]
[Epoch 93/401] [Batch 0/1] [D loss: -23.035154] [G loss: -0.034027]
[Epoch 94/401] [Batch 0/1] [D loss: -23.139233] [G loss: 3.654121]
[Epoch 95/401] [Batch 0/1] [D loss: -22.524790] [G loss: 2.879237]
[Epoch 96/401] [Batch 0/1] [D loss: -24.074038] [G loss: 0.359574]
[Epoch 97/401] [Batch 0/1] [D loss: -23.943913] [G loss: 7.114110]
[Epoch 98/401] [Batch 0/1] [D loss: -22.556873] [G loss: 2.465995]
[Epoch 99/401] [Batch 0/1] [D loss: -25.150558] [G loss: 3.985923]
[Epoch 100/401] [Batch 0/1] [D loss: -25.303953] [G loss: 1.344615]
[Epoch 101/401] [Batch 0/1] [D loss: -24.685772] [G loss: -0.254312]
[Epoch 102/401] [Batch 0/1] [D loss: -24.578495] [G loss: 4.014685]
[Epoch 103/401] [Batch 0/1] [D loss: -22.795179] [G loss: -1.743949]
[Epoch 104/401] [Batch 0/1] [D loss: -23.644669] [G loss: 0.384941]
[Epoch 105/401] [Batch 0/1] [D loss: -22.949741] [G loss: -1.945182]
[Epoch 106/401] [Batch 0/1] [D loss: -23.652418] [G loss: -3.277253]
[Epoch 107/401] [Batch 0/1] [D loss: -23.684170] [G loss: 2.329365]
[Epoch 108/401] [Batch 0/1] [D loss: -22.135548] [G loss: -2.587125]
[Epoch 109/401] [Batch 0/1] [D loss: -23.654135] [G loss: -1.423174]
[Epoch 110/401] [Batch 0/1] [D loss: -24.802469] [G loss: 1.901972]
[Epoch 111/401] [Batch 0/1] [D loss: -25.061211] [G loss: -2.724743]
[Epoch 112/401] [Batch 0/1] [D loss: -25.558252] [G loss: 1.340312]
[Epoch 113/401] [Batch 0/1] [D loss: -24.676506] [G loss: 1.689180]
[Epoch 114/401] [Batch 0/1] [D loss: -26.749767] [G loss: 7.010814]
[Epoch 115/401] [Batch 0/1] [D loss: -25.895271] [G loss: 4.087715]
[Epoch 116/401] [Batch 0/1] [D loss: -25.677540] [G loss: 6.431133]
[Epoch 117/401] [Batch 0/1] [D loss: -25.879425] [G loss: 2.698620]
[Epoch 118/401] [Batch 0/1] [D loss: -25.430689] [G loss: 1.570867]
[Epoch 119/401] [Batch 0/1] [D loss: -25.955530] [G loss: -3.282356]
[Epoch 120/401] [Batch 0/1] [D loss: -25.191101] [G loss: 4.469282]
[Epoch 121/401] [Batch 0/1] [D loss: -24.421263] [G loss: -5.872423]
[Epoch 122/401] [Batch 0/1] [D loss: -25.661926] [G loss: -0.936674]
[Epoch 123/401] [Batch 0/1] [D loss: -25.587042] [G loss: -1.417379]
[Epoch 124/401] [Batch 0/1] [D loss: -26.941433] [G loss: -1.629287]
[Epoch 125/401] [Batch 0/1] [D loss: -26.009352] [G loss: 2.200825]
[Epoch 126/401] [Batch 0/1] [D loss: -24.421263] [G loss: -4.623055]
[Epoch 127/401] [Batch 0/1] [D loss: -24.772602] [G loss: 1.723391]
[Epoch 128/401] [Batch 0/1] [D loss: -24.763769] [G loss: -4.042983]
[Epoch 129/401] [Batch 0/1] [D loss: -24.942719] [G loss: 1.654065]
[Epoch 130/401] [Batch 0/1] [D loss: -23.935848] [G loss: -4.531152]
[Epoch 131/401] [Batch 0/1] [D loss: -25.290222] [G loss: -6.591371]
[Epoch 132/401] [Batch 0/1] [D loss: -24.755976] [G loss: -0.397759]
[Epoch 133/401] [Batch 0/1] [D loss: -24.208317] [G loss: -7.500408]
[Epoch 134/401] [Batch 0/1] [D loss: -23.823475] [G loss: -0.133967]
[Epoch 135/401] [Batch 0/1] [D loss: -24.189993] [G loss: -5.532835]
[Epoch 136/401] [Batch 0/1] [D loss: -24.586811] [G loss: 0.149856]
[Epoch 137/401] [Batch 0/1] [D loss: -24.262882] [G loss: 1.365458]
[Epoch 138/401] [Batch 0/1] [D loss: -24.680737] [G loss: -0.414947]
[Epoch 139/401] [Batch 0/1] [D loss: -25.186340] [G loss: 4.841599]
[Epoch 140/401] [Batch 0/1] [D loss: -24.007217] [G loss: 1.885702]
[Epoch 141/401] [Batch 0/1] [D loss: -24.362448] [G loss: 3.078763]
[Epoch 142/401] [Batch 0/1] [D loss: -25.032707] [G loss: -0.848481]
[Epoch 143/401] [Batch 0/1] [D loss: -23.685329] [G loss: -1.027935]
[Epoch 144/401] [Batch 0/1] [D loss: -24.937912] [G loss: -7.288184]
[Epoch 145/401] [Batch 0/1] [D loss: -25.717180] [G loss: 0.737236]
[Epoch 146/401] [Batch 0/1] [D loss: -25.184917] [G loss: -6.166763]
[Epoch 147/401] [Batch 0/1] [D loss: -23.538172] [G loss: 4.226133]
[Epoch 148/401] [Batch 0/1] [D loss: -23.492079] [G loss: -5.610156]
[Epoch 149/401] [Batch 0/1] [D loss: -25.204720] [G loss: 0.784723]
[Epoch 150/401] [Batch 0/1] [D loss: -25.726248] [G loss: 2.510361]
[Epoch 151/401] [Batch 0/1] [D loss: -26.464790] [G loss: -5.986845]
[Epoch 152/401] [Batch 0/1] [D loss: -22.563253] [G loss: 12.926428]
[Epoch 153/401] [Batch 0/1] [D loss: -21.876842] [G loss: -3.134351]
[Epoch 154/401] [Batch 0/1] [D loss: -21.520615] [G loss: 15.596511]
[Epoch 155/401] [Batch 0/1] [D loss: -21.431925] [G loss: 4.171640]
[Epoch 156/401] [Batch 0/1] [D loss: -25.140924] [G loss: -4.352245]
[Epoch 157/401] [Batch 0/1] [D loss: -23.793264] [G loss: -1.094178]
[Epoch 158/401] [Batch 0/1] [D loss: -25.261486] [G loss: 1.836598]
[Epoch 159/401] [Batch 0/1] [D loss: -26.698549] [G loss: -2.409024]
[Epoch 160/401] [Batch 0/1] [D loss: -25.851381] [G loss: -1.134051]
[Epoch 161/401] [Batch 0/1] [D loss: -25.897663] [G loss: 1.737266]
[Epoch 162/401] [Batch 0/1] [D loss: -25.871174] [G loss: 2.195515]
[Epoch 163/401] [Batch 0/1] [D loss: -27.114332] [G loss: 3.186492]
[Epoch 164/401] [Batch 0/1] [D loss: -27.078369] [G loss: 7.393616]
[Epoch 165/401] [Batch 0/1] [D loss: -25.794807] [G loss: 2.949811]
[Epoch 166/401] [Batch 0/1] [D loss: -24.826401] [G loss: -0.185374]
[Epoch 167/401] [Batch 0/1] [D loss: -25.821728] [G loss: -0.851856]
[Epoch 168/401] [Batch 0/1] [D loss: -26.324360] [G loss: -5.604617]
[Epoch 169/401] [Batch 0/1] [D loss: -27.482651] [G loss: 0.128313]
[Epoch 170/401] [Batch 0/1] [D loss: -26.757914] [G loss: -3.209989]
[Epoch 171/401] [Batch 0/1] [D loss: -25.861965] [G loss: 0.510885]
[Epoch 172/401] [Batch 0/1] [D loss: -27.673000] [G loss: 2.324857]
[Epoch 173/401] [Batch 0/1] [D loss: -25.924297] [G loss: -1.839329]
[Epoch 174/401] [Batch 0/1] [D loss: -28.070007] [G loss: -1.003478]
[Epoch 175/401] [Batch 0/1] [D loss: -27.597370] [G loss: 9.073879]
[Epoch 176/401] [Batch 0/1] [D loss: -28.393320] [G loss: 2.006532]
[Epoch 177/401] [Batch 0/1] [D loss: -28.130667] [G loss: 3.932365]
[Epoch 178/401] [Batch 0/1] [D loss: -27.980253] [G loss: 1.684483]
[Epoch 179/401] [Batch 0/1] [D loss: -27.838936] [G loss: -1.383218]
[Epoch 180/401] [Batch 0/1] [D loss: -28.550009] [G loss: -2.216038]
[Epoch 181/401] [Batch 0/1] [D loss: -29.160395] [G loss: -2.847926]
[Epoch 182/401] [Batch 0/1] [D loss: -29.896362] [G loss: -1.291480]
[Epoch 183/401] [Batch 0/1] [D loss: -28.749697] [G loss: 8.645779]
[Epoch 184/401] [Batch 0/1] [D loss: -27.718189] [G loss: -6.515427]
[Epoch 185/401] [Batch 0/1] [D loss: -25.062885] [G loss: 17.721786]
[Epoch 186/401] [Batch 0/1] [D loss: -18.720306] [G loss: -13.963250]
[Epoch 187/401] [Batch 0/1] [D loss: -12.088182] [G loss: 16.460251]
[Epoch 188/401] [Batch 0/1] [D loss: -15.220663] [G loss: 7.337448]
[Epoch 189/401] [Batch 0/1] [D loss: -23.785259] [G loss: -0.509251]
[Epoch 190/401] [Batch 0/1] [D loss: -23.431801] [G loss: -5.714925]
[Epoch 191/401] [Batch 0/1] [D loss: -24.599556] [G loss: -5.821571]
[Epoch 192/401] [Batch 0/1] [D loss: -25.921490] [G loss: -2.687127]
[Epoch 193/401] [Batch 0/1] [D loss: -25.853399] [G loss: 0.615962]
[Epoch 194/401] [Batch 0/1] [D loss: -27.280291] [G loss: 1.448260]
[Epoch 195/401] [Batch 0/1] [D loss: -26.455519] [G loss: -3.180539]
[Epoch 196/401] [Batch 0/1] [D loss: -26.845043] [G loss: -7.631837]
[Epoch 197/401] [Batch 0/1] [D loss: -27.076588] [G loss: -5.504480]
[Epoch 198/401] [Batch 0/1] [D loss: -28.608625] [G loss: -2.543826]
[Epoch 199/401] [Batch 0/1] [D loss: -28.046478] [G loss: -0.568500]
[Epoch 200/401] [Batch 0/1] [D loss: -29.214436] [G loss: 1.309919]
[Epoch 201/401] [Batch 0/1] [D loss: -28.397444] [G loss: 2.914005]
[Epoch 202/401] [Batch 0/1] [D loss: -28.747536] [G loss: 0.043131]
[Epoch 203/401] [Batch 0/1] [D loss: -28.417938] [G loss: 0.798401]
[Epoch 204/401] [Batch 0/1] [D loss: -27.843513] [G loss: 1.418916]
[Epoch 205/401] [Batch 0/1] [D loss: -27.791353] [G loss: -0.047919]
[Epoch 206/401] [Batch 0/1] [D loss: -27.857012] [G loss: 0.222175]
[Epoch 207/401] [Batch 0/1] [D loss: -29.207731] [G loss: -0.071145]
[Epoch 208/401] [Batch 0/1] [D loss: -28.848370] [G loss: -1.912274]
[Epoch 209/401] [Batch 0/1] [D loss: -27.189240] [G loss: 2.443601]
[Epoch 210/401] [Batch 0/1] [D loss: -27.933596] [G loss: 2.222061]
[Epoch 211/401] [Batch 0/1] [D loss: -28.251488] [G loss: 1.264441]
[Epoch 212/401] [Batch 0/1] [D loss: -29.959064] [G loss: 0.544901]
[Epoch 213/401] [Batch 0/1] [D loss: -29.227089] [G loss: 1.842090]
[Epoch 214/401] [Batch 0/1] [D loss: -28.959614] [G loss: 1.157065]
[Epoch 215/401] [Batch 0/1] [D loss: -29.522804] [G loss: -1.897140]
[Epoch 216/401] [Batch 0/1] [D loss: -29.307890] [G loss: 2.556906]
[Epoch 217/401] [Batch 0/1] [D loss: -29.862123] [G loss: -1.374484]
[Epoch 218/401] [Batch 0/1] [D loss: -29.044195] [G loss: -1.901265]
[Epoch 219/401] [Batch 0/1] [D loss: -27.555389] [G loss: 1.211890]
[Epoch 220/401] [Batch 0/1] [D loss: -27.870354] [G loss: -1.175307]
[Epoch 221/401] [Batch 0/1] [D loss: -28.869921] [G loss: -1.737842]
[Epoch 222/401] [Batch 0/1] [D loss: -28.533743] [G loss: 10.162020]
[Epoch 223/401] [Batch 0/1] [D loss: -27.748262] [G loss: 4.321271]
[Epoch 224/401] [Batch 0/1] [D loss: -28.469032] [G loss: -2.338679]
[Epoch 225/401] [Batch 0/1] [D loss: -27.746264] [G loss: 3.461562]
[Epoch 226/401] [Batch 0/1] [D loss: -29.326029] [G loss: 6.681396]
[Epoch 227/401] [Batch 0/1] [D loss: -28.001535] [G loss: -2.585856]
[Epoch 228/401] [Batch 0/1] [D loss: -29.417068] [G loss: -1.179656]
[Epoch 229/401] [Batch 0/1] [D loss: -29.213259] [G loss: 3.337470]
[Epoch 230/401] [Batch 0/1] [D loss: -28.529078] [G loss: -2.761887]
[Epoch 231/401] [Batch 0/1] [D loss: -27.510138] [G loss: 5.891458]
[Epoch 232/401] [Batch 0/1] [D loss: -28.006216] [G loss: -1.062105]
[Epoch 233/401] [Batch 0/1] [D loss: -28.645763] [G loss: 3.460099]
[Epoch 234/401] [Batch 0/1] [D loss: -27.682981] [G loss: -2.331204]
[Epoch 235/401] [Batch 0/1] [D loss: -27.776865] [G loss: -5.277200]
[Epoch 236/401] [Batch 0/1] [D loss: -28.385490] [G loss: 1.430108]
[Epoch 237/401] [Batch 0/1] [D loss: -29.754196] [G loss: 4.865166]
[Epoch 238/401] [Batch 0/1] [D loss: -29.673672] [G loss: 2.241454]
[Epoch 239/401] [Batch 0/1] [D loss: -30.553558] [G loss: 3.417319]
[Epoch 240/401] [Batch 0/1] [D loss: -29.122252] [G loss: 3.233648]
[Epoch 241/401] [Batch 0/1] [D loss: -29.927956] [G loss: -3.675581]
[Epoch 242/401] [Batch 0/1] [D loss: -31.742546] [G loss: -1.655563]
[Epoch 243/401] [Batch 0/1] [D loss: -28.407904] [G loss: -0.889990]
[Epoch 244/401] [Batch 0/1] [D loss: -29.690186] [G loss: -3.754257]
[Epoch 245/401] [Batch 0/1] [D loss: -29.345921] [G loss: 1.226749]
[Epoch 246/401] [Batch 0/1] [D loss: -28.935871] [G loss: -4.063614]
[Epoch 247/401] [Batch 0/1] [D loss: -28.773397] [G loss: 0.978979]
[Epoch 248/401] [Batch 0/1] [D loss: -30.479399] [G loss: 0.869925]
[Epoch 249/401] [Batch 0/1] [D loss: -28.876396] [G loss: 0.819834]
[Epoch 250/401] [Batch 0/1] [D loss: -29.935669] [G loss: 3.967358]
[Epoch 251/401] [Batch 0/1] [D loss: -28.629269] [G loss: 2.155908]
[Epoch 252/401] [Batch 0/1] [D loss: -29.730360] [G loss: -1.954749]
[Epoch 253/401] [Batch 0/1] [D loss: -28.772905] [G loss: -1.939029]
[Epoch 254/401] [Batch 0/1] [D loss: -29.603397] [G loss: 0.178292]
[Epoch 255/401] [Batch 0/1] [D loss: -28.545361] [G loss: -4.846446]
[Epoch 256/401] [Batch 0/1] [D loss: -30.960592] [G loss: -2.002900]
[Epoch 257/401] [Batch 0/1] [D loss: -30.834925] [G loss: -0.161380]
[Epoch 258/401] [Batch 0/1] [D loss: -31.060883] [G loss: -5.155471]
[Epoch 259/401] [Batch 0/1] [D loss: -29.263195] [G loss: 6.391094]
[Epoch 260/401] [Batch 0/1] [D loss: -28.056938] [G loss: -3.575678]
[Epoch 261/401] [Batch 0/1] [D loss: -28.548063] [G loss: 2.485882]
[Epoch 262/401] [Batch 0/1] [D loss: -30.170938] [G loss: 4.499241]
[Epoch 263/401] [Batch 0/1] [D loss: -28.379644] [G loss: -1.395326]
[Epoch 264/401] [Batch 0/1] [D loss: -29.978001] [G loss: 2.136431]
[Epoch 265/401] [Batch 0/1] [D loss: -29.413351] [G loss: 4.273540]
[Epoch 266/401] [Batch 0/1] [D loss: -30.831470] [G loss: 5.455067]
[Epoch 267/401] [Batch 0/1] [D loss: -29.622890] [G loss: 4.041298]
[Epoch 268/401] [Batch 0/1] [D loss: -30.563828] [G loss: -0.009465]
[Epoch 269/401] [Batch 0/1] [D loss: -30.514071] [G loss: -0.299915]
[Epoch 270/401] [Batch 0/1] [D loss: -31.562443] [G loss: -3.393510]
[Epoch 271/401] [Batch 0/1] [D loss: -30.572176] [G loss: 1.242975]
[Epoch 272/401] [Batch 0/1] [D loss: -30.055048] [G loss: -1.847316]
[Epoch 273/401] [Batch 0/1] [D loss: -30.592676] [G loss: -2.073709]
[Epoch 274/401] [Batch 0/1] [D loss: -29.279776] [G loss: -0.412627]
[Epoch 275/401] [Batch 0/1] [D loss: -29.531342] [G loss: -0.658618]
[Epoch 276/401] [Batch 0/1] [D loss: -30.184809] [G loss: -1.805552]
[Epoch 277/401] [Batch 0/1] [D loss: -30.903511] [G loss: 1.660084]
[Epoch 278/401] [Batch 0/1] [D loss: -29.236927] [G loss: -0.580234]
[Epoch 279/401] [Batch 0/1] [D loss: -30.424402] [G loss: 1.730645]
[Epoch 280/401] [Batch 0/1] [D loss: -31.539867] [G loss: -0.309037]
[Epoch 281/401] [Batch 0/1] [D loss: -30.989769] [G loss: 1.984358]
[Epoch 282/401] [Batch 0/1] [D loss: -30.730734] [G loss: 6.459244]
[Epoch 283/401] [Batch 0/1] [D loss: -30.852261] [G loss: 0.538406]
[Epoch 284/401] [Batch 0/1] [D loss: -30.883202] [G loss: 2.300858]
[Epoch 285/401] [Batch 0/1] [D loss: -29.467451] [G loss: -5.438396]
[Epoch 286/401] [Batch 0/1] [D loss: -29.574877] [G loss: 3.962834]
[Epoch 287/401] [Batch 0/1] [D loss: -30.281176] [G loss: -4.028969]
[Epoch 288/401] [Batch 0/1] [D loss: -30.386784] [G loss: 1.367805]
[Epoch 289/401] [Batch 0/1] [D loss: -28.323015] [G loss: -1.541299]
[Epoch 290/401] [Batch 0/1] [D loss: -30.027901] [G loss: 2.744334]
[Epoch 291/401] [Batch 0/1] [D loss: -31.246902] [G loss: 6.293796]
[Epoch 292/401] [Batch 0/1] [D loss: -29.816549] [G loss: 2.703009]
[Epoch 293/401] [Batch 0/1] [D loss: -30.245005] [G loss: 4.053987]
[Epoch 294/401] [Batch 0/1] [D loss: -31.308857] [G loss: 1.321806]
[Epoch 295/401] [Batch 0/1] [D loss: -30.918554] [G loss: -5.934227]
[Epoch 296/401] [Batch 0/1] [D loss: -28.239878] [G loss: 8.938993]
[Epoch 297/401] [Batch 0/1] [D loss: -25.026436] [G loss: -15.441839]
[Epoch 298/401] [Batch 0/1] [D loss: -18.539333] [G loss: 22.667669]
[Epoch 299/401] [Batch 0/1] [D loss: 0.114182] [G loss: -22.640879]
[Epoch 300/401] [Batch 0/1] [D loss: 56.505672] [G loss: 18.909075]
[Epoch 301/401] [Batch 0/1] [D loss: -6.399372] [G loss: 23.538223]
[Epoch 302/401] [Batch 0/1] [D loss: 4.396405] [G loss: 13.458480]
[Epoch 303/401] [Batch 0/1] [D loss: -9.242144] [G loss: 10.365445]
[Epoch 304/401] [Batch 0/1] [D loss: -9.853190] [G loss: 6.957783]
[Epoch 305/401] [Batch 0/1] [D loss: -10.117156] [G loss: 3.099412]
[Epoch 306/401] [Batch 0/1] [D loss: -10.353679] [G loss: -1.045953]
[Epoch 307/401] [Batch 0/1] [D loss: -12.048480] [G loss: -3.944574]
[Epoch 308/401] [Batch 0/1] [D loss: -13.092918] [G loss: -6.562166]
[Epoch 309/401] [Batch 0/1] [D loss: -15.292033] [G loss: -7.665172]
[Epoch 310/401] [Batch 0/1] [D loss: -15.742835] [G loss: -9.054088]
[Epoch 311/401] [Batch 0/1] [D loss: -14.922674] [G loss: -9.982976]
[Epoch 312/401] [Batch 0/1] [D loss: -14.037442] [G loss: -8.631545]
[Epoch 313/401] [Batch 0/1] [D loss: -14.714226] [G loss: -5.209048]
[Epoch 314/401] [Batch 0/1] [D loss: -15.059954] [G loss: -1.045894]
[Epoch 315/401] [Batch 0/1] [D loss: -17.208910] [G loss: 3.350779]
[Epoch 316/401] [Batch 0/1] [D loss: -17.902216] [G loss: 7.804296]
[Epoch 317/401] [Batch 0/1] [D loss: -19.514055] [G loss: 12.186734]
[Epoch 318/401] [Batch 0/1] [D loss: -17.140825] [G loss: 6.456530]
[Epoch 319/401] [Batch 0/1] [D loss: -19.293922] [G loss: 6.967091]
[Epoch 320/401] [Batch 0/1] [D loss: -18.671906] [G loss: 3.609067]
[Epoch 321/401] [Batch 0/1] [D loss: -18.086435] [G loss: 1.449500]
[Epoch 322/401] [Batch 0/1] [D loss: -18.248299] [G loss: -0.714132]
[Epoch 323/401] [Batch 0/1] [D loss: -20.914074] [G loss: -1.500099]
[Epoch 324/401] [Batch 0/1] [D loss: -22.438059] [G loss: -2.815962]
[Epoch 325/401] [Batch 0/1] [D loss: -22.280798] [G loss: -4.640322]
[Epoch 326/401] [Batch 0/1] [D loss: -23.401772] [G loss: -5.457343]
[Epoch 327/401] [Batch 0/1] [D loss: -22.362423] [G loss: -5.603886]
[Epoch 328/401] [Batch 0/1] [D loss: -24.435024] [G loss: -4.016562]
[Epoch 329/401] [Batch 0/1] [D loss: -22.718870] [G loss: -5.328284]
[Epoch 330/401] [Batch 0/1] [D loss: -23.330606] [G loss: -4.164997]
[Epoch 331/401] [Batch 0/1] [D loss: -23.139931] [G loss: -4.004398]
[Epoch 332/401] [Batch 0/1] [D loss: -20.704481] [G loss: -2.133268]
[Epoch 333/401] [Batch 0/1] [D loss: -23.482729] [G loss: 3.066180]
[Epoch 334/401] [Batch 0/1] [D loss: -25.172985] [G loss: 4.855196]
[Epoch 335/401] [Batch 0/1] [D loss: -24.798897] [G loss: 6.039470]
[Epoch 336/401] [Batch 0/1] [D loss: -25.285126] [G loss: 5.902094]
[Epoch 337/401] [Batch 0/1] [D loss: -26.515335] [G loss: 7.351835]
[Epoch 338/401] [Batch 0/1] [D loss: -25.249481] [G loss: 4.502052]
[Epoch 339/401] [Batch 0/1] [D loss: -24.937366] [G loss: 2.985250]
[Epoch 340/401] [Batch 0/1] [D loss: -25.419939] [G loss: 0.457607]
[Epoch 341/401] [Batch 0/1] [D loss: -26.944267] [G loss: 0.237195]
[Epoch 342/401] [Batch 0/1] [D loss: -27.582300] [G loss: -1.495536]
[Epoch 343/401] [Batch 0/1] [D loss: -26.893913] [G loss: -2.949389]
[Epoch 344/401] [Batch 0/1] [D loss: -26.197498] [G loss: -3.450181]
[Epoch 345/401] [Batch 0/1] [D loss: -26.948698] [G loss: -3.105246]
[Epoch 346/401] [Batch 0/1] [D loss: -27.833590] [G loss: -2.379409]
[Epoch 347/401] [Batch 0/1] [D loss: -26.693615] [G loss: 0.090780]
[Epoch 348/401] [Batch 0/1] [D loss: -27.273827] [G loss: 0.592173]
[Epoch 349/401] [Batch 0/1] [D loss: -28.348904] [G loss: 1.845408]
[Epoch 350/401] [Batch 0/1] [D loss: -27.629976] [G loss: 3.879311]
[Epoch 351/401] [Batch 0/1] [D loss: -28.398426] [G loss: 6.075691]
[Epoch 352/401] [Batch 0/1] [D loss: -27.829130] [G loss: 3.594495]
[Epoch 353/401] [Batch 0/1] [D loss: -29.086391] [G loss: 0.592733]
[Epoch 354/401] [Batch 0/1] [D loss: -29.317301] [G loss: -0.713473]
[Epoch 355/401] [Batch 0/1] [D loss: -28.492252] [G loss: -0.682690]
[Epoch 356/401] [Batch 0/1] [D loss: -30.306780] [G loss: 0.553565]
[Epoch 357/401] [Batch 0/1] [D loss: -30.912460] [G loss: -0.019191]
[Epoch 358/401] [Batch 0/1] [D loss: -30.338112] [G loss: -2.712669]
[Epoch 359/401] [Batch 0/1] [D loss: -28.114567] [G loss: -3.678033]
[Epoch 360/401] [Batch 0/1] [D loss: -28.682035] [G loss: -0.079473]
[Epoch 361/401] [Batch 0/1] [D loss: -29.349785] [G loss: 1.943435]
[Epoch 362/401] [Batch 0/1] [D loss: -28.276714] [G loss: 2.254660]
[Epoch 363/401] [Batch 0/1] [D loss: -29.108826] [G loss: 3.167519]
[Epoch 364/401] [Batch 0/1] [D loss: -29.434265] [G loss: 4.338046]
[Epoch 365/401] [Batch 0/1] [D loss: -29.346659] [G loss: 2.876918]
[Epoch 366/401] [Batch 0/1] [D loss: -30.589777] [G loss: 3.223831]
[Epoch 367/401] [Batch 0/1] [D loss: -29.892939] [G loss: -0.175055]
[Epoch 368/401] [Batch 0/1] [D loss: -29.845201] [G loss: -1.329829]
[Epoch 369/401] [Batch 0/1] [D loss: -28.222866] [G loss: 2.023125]
[Epoch 370/401] [Batch 0/1] [D loss: -29.952202] [G loss: 2.696551]
[Epoch 371/401] [Batch 0/1] [D loss: -29.066938] [G loss: 1.483514]
[Epoch 372/401] [Batch 0/1] [D loss: -28.850765] [G loss: -1.197962]
[Epoch 373/401] [Batch 0/1] [D loss: -30.982733] [G loss: -1.284878]
[Epoch 374/401] [Batch 0/1] [D loss: -28.763000] [G loss: -1.628281]
[Epoch 375/401] [Batch 0/1] [D loss: -31.070358] [G loss: 2.159923]
[Epoch 376/401] [Batch 0/1] [D loss: -30.392393] [G loss: 1.340273]
[Epoch 377/401] [Batch 0/1] [D loss: -30.102129] [G loss: 0.762259]
[Epoch 378/401] [Batch 0/1] [D loss: -30.459200] [G loss: 0.870946]
[Epoch 379/401] [Batch 0/1] [D loss: -31.002373] [G loss: 1.389114]
[Epoch 380/401] [Batch 0/1] [D loss: -28.834904] [G loss: 2.890457]
[Epoch 381/401] [Batch 0/1] [D loss: -28.997917] [G loss: 1.786585]
[Epoch 382/401] [Batch 0/1] [D loss: -30.563757] [G loss: 3.451134]
[Epoch 383/401] [Batch 0/1] [D loss: -29.811195] [G loss: 1.488995]
[Epoch 384/401] [Batch 0/1] [D loss: -29.669979] [G loss: -1.142216]
[Epoch 385/401] [Batch 0/1] [D loss: -30.561962] [G loss: -0.837701]
[Epoch 386/401] [Batch 0/1] [D loss: -32.302692] [G loss: 0.135553]
[Epoch 387/401] [Batch 0/1] [D loss: -31.444309] [G loss: -1.650680]
[Epoch 388/401] [Batch 0/1] [D loss: -30.210852] [G loss: -0.068552]
[Epoch 389/401] [Batch 0/1] [D loss: -31.221615] [G loss: 0.723880]
[Epoch 390/401] [Batch 0/1] [D loss: -29.923658] [G loss: -1.130109]
[Epoch 391/401] [Batch 0/1] [D loss: -30.647505] [G loss: -0.343210]
[Epoch 392/401] [Batch 0/1] [D loss: -29.475027] [G loss: -0.036318]
[Epoch 393/401] [Batch 0/1] [D loss: -30.765388] [G loss: 0.018501]
[Epoch 394/401] [Batch 0/1] [D loss: -30.663397] [G loss: 0.587523]
[Epoch 395/401] [Batch 0/1] [D loss: -31.378933] [G loss: 2.129602]
[Epoch 396/401] [Batch 0/1] [D loss: -30.026165] [G loss: 1.701381]
[Epoch 397/401] [Batch 0/1] [D loss: -30.460510] [G loss: 0.820828]
[Epoch 398/401] [Batch 0/1] [D loss: -30.616764] [G loss: -1.861128]
[Epoch 399/401] [Batch 0/1] [D loss: -32.117134] [G loss: -0.330426]
[Epoch 400/401] [Batch 0/1] [D loss: -30.552485] [G loss: -0.858684]
