Namespace(b1=0.5, b2=0.999, batch_size=64, channels=3, clip_value=0.01, img_size=256, latent_dim=100, lr=0.0002, n_cpu=8, n_critic=5, n_epochs=1001, sample_interval=100)
44
[Epoch 0/1001] [Batch 0/1] [D loss: 0.001141] [G loss: 0.277965]
[Epoch 1/1001] [Batch 0/1] [D loss: -2.988679] [G loss: 0.668617]
[Epoch 2/1001] [Batch 0/1] [D loss: -7.434236] [G loss: 0.995785]
[Epoch 3/1001] [Batch 0/1] [D loss: -11.950213] [G loss: 1.057201]
[Epoch 4/1001] [Batch 0/1] [D loss: -13.057544] [G loss: 0.065932]
[Epoch 5/1001] [Batch 0/1] [D loss: -15.077808] [G loss: -0.813860]
[Epoch 6/1001] [Batch 0/1] [D loss: -16.211702] [G loss: -1.881292]
[Epoch 7/1001] [Batch 0/1] [D loss: -16.680305] [G loss: -3.479874]
[Epoch 8/1001] [Batch 0/1] [D loss: -17.687046] [G loss: -4.590897]
[Epoch 9/1001] [Batch 0/1] [D loss: -18.589474] [G loss: -5.640580]
[Epoch 10/1001] [Batch 0/1] [D loss: -19.538931] [G loss: -6.122759]
[Epoch 11/1001] [Batch 0/1] [D loss: -20.931353] [G loss: -5.659725]
[Epoch 12/1001] [Batch 0/1] [D loss: -20.446514] [G loss: -4.136238]
[Epoch 13/1001] [Batch 0/1] [D loss: -19.915535] [G loss: -2.361113]
[Epoch 14/1001] [Batch 0/1] [D loss: -20.516666] [G loss: -1.500766]
[Epoch 15/1001] [Batch 0/1] [D loss: -20.505163] [G loss: -0.691888]
[Epoch 16/1001] [Batch 0/1] [D loss: -19.637714] [G loss: 0.365791]
[Epoch 17/1001] [Batch 0/1] [D loss: -20.102825] [G loss: 1.276526]
[Epoch 18/1001] [Batch 0/1] [D loss: -20.850996] [G loss: 1.326173]
[Epoch 19/1001] [Batch 0/1] [D loss: -19.485615] [G loss: 0.986371]
[Epoch 20/1001] [Batch 0/1] [D loss: -19.621990] [G loss: 1.408284]
[Epoch 21/1001] [Batch 0/1] [D loss: -20.012125] [G loss: 0.744198]
[Epoch 22/1001] [Batch 0/1] [D loss: -19.314459] [G loss: -0.293937]
[Epoch 23/1001] [Batch 0/1] [D loss: -19.250486] [G loss: -2.113403]
[Epoch 24/1001] [Batch 0/1] [D loss: -19.385540] [G loss: -2.949978]
[Epoch 25/1001] [Batch 0/1] [D loss: -17.144051] [G loss: -5.432096]
[Epoch 26/1001] [Batch 0/1] [D loss: -14.968555] [G loss: -6.980947]
[Epoch 27/1001] [Batch 0/1] [D loss: -11.966685] [G loss: -7.166616]
[Epoch 28/1001] [Batch 0/1] [D loss: -12.125385] [G loss: -4.526722]
[Epoch 29/1001] [Batch 0/1] [D loss: -12.967203] [G loss: -1.799103]
[Epoch 30/1001] [Batch 0/1] [D loss: -13.644228] [G loss: 0.345774]
[Epoch 31/1001] [Batch 0/1] [D loss: -14.453233] [G loss: 6.499903]
[Epoch 32/1001] [Batch 0/1] [D loss: -15.837838] [G loss: 10.800412]
[Epoch 33/1001] [Batch 0/1] [D loss: -17.234831] [G loss: 14.069539]
[Epoch 34/1001] [Batch 0/1] [D loss: -15.299031] [G loss: 8.846224]
[Epoch 35/1001] [Batch 0/1] [D loss: -13.498139] [G loss: 3.312395]
[Epoch 36/1001] [Batch 0/1] [D loss: -13.666581] [G loss: 0.135371]
[Epoch 37/1001] [Batch 0/1] [D loss: -14.219025] [G loss: -1.241945]
[Epoch 38/1001] [Batch 0/1] [D loss: -14.876518] [G loss: -3.504535]
[Epoch 39/1001] [Batch 0/1] [D loss: -13.903687] [G loss: -5.257660]
[Epoch 40/1001] [Batch 0/1] [D loss: -14.942890] [G loss: -4.263591]
[Epoch 41/1001] [Batch 0/1] [D loss: -15.835977] [G loss: -1.871196]
[Epoch 42/1001] [Batch 0/1] [D loss: -16.651943] [G loss: 0.933823]
[Epoch 43/1001] [Batch 0/1] [D loss: -17.162355] [G loss: 4.136220]
[Epoch 44/1001] [Batch 0/1] [D loss: -18.389099] [G loss: 4.246843]
[Epoch 45/1001] [Batch 0/1] [D loss: -19.804501] [G loss: 6.054353]
[Epoch 46/1001] [Batch 0/1] [D loss: -18.842365] [G loss: 1.397156]
[Epoch 47/1001] [Batch 0/1] [D loss: -19.367270] [G loss: -1.179057]
[Epoch 48/1001] [Batch 0/1] [D loss: -21.351463] [G loss: -0.345903]
[Epoch 49/1001] [Batch 0/1] [D loss: -20.975920] [G loss: -1.101351]
[Epoch 50/1001] [Batch 0/1] [D loss: -20.668650] [G loss: -5.316948]
[Epoch 51/1001] [Batch 0/1] [D loss: -21.273306] [G loss: -4.708563]
[Epoch 52/1001] [Batch 0/1] [D loss: -22.498114] [G loss: -4.487329]
[Epoch 53/1001] [Batch 0/1] [D loss: -21.923544] [G loss: -3.692814]
[Epoch 54/1001] [Batch 0/1] [D loss: -22.382254] [G loss: -2.517789]
[Epoch 55/1001] [Batch 0/1] [D loss: -21.728558] [G loss: -3.982663]
[Epoch 56/1001] [Batch 0/1] [D loss: -21.976341] [G loss: 0.023804]
[Epoch 57/1001] [Batch 0/1] [D loss: -21.720808] [G loss: -0.388667]
[Epoch 58/1001] [Batch 0/1] [D loss: -22.568068] [G loss: -1.970841]
[Epoch 59/1001] [Batch 0/1] [D loss: -23.022608] [G loss: -1.852761]
[Epoch 60/1001] [Batch 0/1] [D loss: -23.441591] [G loss: -1.725989]
[Epoch 61/1001] [Batch 0/1] [D loss: -24.138138] [G loss: -1.142669]
[Epoch 62/1001] [Batch 0/1] [D loss: -25.152765] [G loss: 2.067173]
[Epoch 63/1001] [Batch 0/1] [D loss: -25.454037] [G loss: 2.537755]
[Epoch 64/1001] [Batch 0/1] [D loss: -24.648800] [G loss: 0.434130]
[Epoch 65/1001] [Batch 0/1] [D loss: -25.614353] [G loss: 3.023520]
[Epoch 66/1001] [Batch 0/1] [D loss: -25.784227] [G loss: 1.827048]
[Epoch 67/1001] [Batch 0/1] [D loss: -25.756657] [G loss: 0.220649]
[Epoch 68/1001] [Batch 0/1] [D loss: -25.275496] [G loss: 1.372900]
[Epoch 69/1001] [Batch 0/1] [D loss: -26.033539] [G loss: 0.280343]
[Epoch 70/1001] [Batch 0/1] [D loss: -25.087635] [G loss: -0.135639]
[Epoch 71/1001] [Batch 0/1] [D loss: -24.857189] [G loss: 0.110861]
[Epoch 72/1001] [Batch 0/1] [D loss: -24.723597] [G loss: -2.807395]
[Epoch 73/1001] [Batch 0/1] [D loss: -26.169220] [G loss: -0.990097]
[Epoch 74/1001] [Batch 0/1] [D loss: -24.838223] [G loss: -0.143963]
[Epoch 75/1001] [Batch 0/1] [D loss: -23.935848] [G loss: -0.829592]
[Epoch 76/1001] [Batch 0/1] [D loss: -23.999500] [G loss: -3.568106]
[Epoch 77/1001] [Batch 0/1] [D loss: -24.561670] [G loss: -1.350826]
[Epoch 78/1001] [Batch 0/1] [D loss: -23.645111] [G loss: -2.218897]
[Epoch 79/1001] [Batch 0/1] [D loss: -23.903675] [G loss: -0.329235]
[Epoch 80/1001] [Batch 0/1] [D loss: -23.197540] [G loss: -3.615997]
[Epoch 81/1001] [Batch 0/1] [D loss: -22.705053] [G loss: -0.891589]
[Epoch 82/1001] [Batch 0/1] [D loss: -23.271408] [G loss: -5.154936]
[Epoch 83/1001] [Batch 0/1] [D loss: -24.911507] [G loss: -1.906227]
[Epoch 84/1001] [Batch 0/1] [D loss: -23.864859] [G loss: 1.266651]
[Epoch 85/1001] [Batch 0/1] [D loss: -24.350769] [G loss: -4.171422]
[Epoch 86/1001] [Batch 0/1] [D loss: -24.931545] [G loss: 0.653624]
[Epoch 87/1001] [Batch 0/1] [D loss: -25.100338] [G loss: 1.446519]
[Epoch 88/1001] [Batch 0/1] [D loss: -24.363863] [G loss: -2.226506]
[Epoch 89/1001] [Batch 0/1] [D loss: -24.946407] [G loss: -0.769837]
[Epoch 90/1001] [Batch 0/1] [D loss: -25.392078] [G loss: 0.157325]
[Epoch 91/1001] [Batch 0/1] [D loss: -23.095610] [G loss: -1.468598]
[Epoch 92/1001] [Batch 0/1] [D loss: -25.415457] [G loss: 0.776402]
[Epoch 93/1001] [Batch 0/1] [D loss: -23.590818] [G loss: 0.858531]
[Epoch 94/1001] [Batch 0/1] [D loss: -23.413742] [G loss: -0.655402]
[Epoch 95/1001] [Batch 0/1] [D loss: -23.114006] [G loss: 0.052336]
[Epoch 96/1001] [Batch 0/1] [D loss: -22.182188] [G loss: -0.195462]
[Epoch 97/1001] [Batch 0/1] [D loss: -22.984673] [G loss: -0.249841]
[Epoch 98/1001] [Batch 0/1] [D loss: -24.124022] [G loss: -2.179799]
[Epoch 99/1001] [Batch 0/1] [D loss: -23.808729] [G loss: 4.469604]
[Epoch 100/1001] [Batch 0/1] [D loss: -23.742058] [G loss: 1.582658]
[Epoch 101/1001] [Batch 0/1] [D loss: -23.537271] [G loss: 0.045472]
[Epoch 102/1001] [Batch 0/1] [D loss: -22.575500] [G loss: -0.395133]
[Epoch 103/1001] [Batch 0/1] [D loss: -22.779194] [G loss: -1.510612]
[Epoch 104/1001] [Batch 0/1] [D loss: -23.477783] [G loss: -1.750750]
[Epoch 105/1001] [Batch 0/1] [D loss: -23.071035] [G loss: -1.670571]
[Epoch 106/1001] [Batch 0/1] [D loss: -24.334263] [G loss: 0.750327]
[Epoch 107/1001] [Batch 0/1] [D loss: -24.019196] [G loss: -0.599845]
[Epoch 108/1001] [Batch 0/1] [D loss: -25.003620] [G loss: -0.859219]
[Epoch 109/1001] [Batch 0/1] [D loss: -23.673241] [G loss: 0.569997]
[Epoch 110/1001] [Batch 0/1] [D loss: -22.643831] [G loss: -0.531872]
[Epoch 111/1001] [Batch 0/1] [D loss: -23.821548] [G loss: 2.886164]
[Epoch 112/1001] [Batch 0/1] [D loss: -23.374659] [G loss: 0.286460]
[Epoch 113/1001] [Batch 0/1] [D loss: -22.917648] [G loss: 1.827747]
[Epoch 114/1001] [Batch 0/1] [D loss: -23.349949] [G loss: 0.582557]
[Epoch 115/1001] [Batch 0/1] [D loss: -22.061163] [G loss: -1.057960]
[Epoch 116/1001] [Batch 0/1] [D loss: -24.007397] [G loss: -7.746879]
[Epoch 117/1001] [Batch 0/1] [D loss: -21.948591] [G loss: 5.198428]
[Epoch 118/1001] [Batch 0/1] [D loss: -20.557013] [G loss: -8.446706]
[Epoch 119/1001] [Batch 0/1] [D loss: -19.404797] [G loss: 5.061263]
[Epoch 120/1001] [Batch 0/1] [D loss: -22.855782] [G loss: 2.893417]
[Epoch 121/1001] [Batch 0/1] [D loss: -24.493715] [G loss: 2.033349]
[Epoch 122/1001] [Batch 0/1] [D loss: -24.383009] [G loss: 5.618476]
[Epoch 123/1001] [Batch 0/1] [D loss: -24.036858] [G loss: 2.864241]
[Epoch 124/1001] [Batch 0/1] [D loss: -23.642284] [G loss: -5.673974]
[Epoch 125/1001] [Batch 0/1] [D loss: -24.026718] [G loss: 5.807919]
[Epoch 126/1001] [Batch 0/1] [D loss: -24.238523] [G loss: -5.352850]
[Epoch 127/1001] [Batch 0/1] [D loss: -26.513668] [G loss: -3.145097]
[Epoch 128/1001] [Batch 0/1] [D loss: -27.585239] [G loss: 0.895353]
[Epoch 129/1001] [Batch 0/1] [D loss: -27.082705] [G loss: 0.161626]
[Epoch 130/1001] [Batch 0/1] [D loss: -26.563717] [G loss: 0.986342]
[Epoch 131/1001] [Batch 0/1] [D loss: -27.834921] [G loss: 7.287164]
[Epoch 132/1001] [Batch 0/1] [D loss: -25.533495] [G loss: 1.704577]
[Epoch 133/1001] [Batch 0/1] [D loss: -25.160469] [G loss: 1.387038]
[Epoch 134/1001] [Batch 0/1] [D loss: -26.826984] [G loss: 2.151649]
[Epoch 135/1001] [Batch 0/1] [D loss: -26.785299] [G loss: -0.878660]
[Epoch 136/1001] [Batch 0/1] [D loss: -26.383980] [G loss: 2.202766]
[Epoch 137/1001] [Batch 0/1] [D loss: -26.272932] [G loss: -5.217512]
[Epoch 138/1001] [Batch 0/1] [D loss: -25.094370] [G loss: 9.040215]
[Epoch 139/1001] [Batch 0/1] [D loss: -24.733078] [G loss: -2.855309]
[Epoch 140/1001] [Batch 0/1] [D loss: -25.407152] [G loss: 2.319161]
[Epoch 141/1001] [Batch 0/1] [D loss: -26.215776] [G loss: 3.506484]
[Epoch 142/1001] [Batch 0/1] [D loss: -26.784687] [G loss: -2.236911]
[Epoch 143/1001] [Batch 0/1] [D loss: -26.076748] [G loss: 1.411839]
[Epoch 144/1001] [Batch 0/1] [D loss: -26.485945] [G loss: -2.635767]
[Epoch 145/1001] [Batch 0/1] [D loss: -26.404036] [G loss: 1.508443]
[Epoch 146/1001] [Batch 0/1] [D loss: -26.875515] [G loss: -5.799550]
[Epoch 147/1001] [Batch 0/1] [D loss: -26.815956] [G loss: -0.587316]
[Epoch 148/1001] [Batch 0/1] [D loss: -24.280085] [G loss: -4.910960]
[Epoch 149/1001] [Batch 0/1] [D loss: -25.582302] [G loss: 0.098511]
[Epoch 150/1001] [Batch 0/1] [D loss: -26.579668] [G loss: 3.657527]
[Epoch 151/1001] [Batch 0/1] [D loss: -26.803017] [G loss: -0.875017]
[Epoch 152/1001] [Batch 0/1] [D loss: -27.068462] [G loss: 0.056702]
[Epoch 153/1001] [Batch 0/1] [D loss: -27.285536] [G loss: 0.541045]
[Epoch 154/1001] [Batch 0/1] [D loss: -26.348593] [G loss: -0.059263]
[Epoch 155/1001] [Batch 0/1] [D loss: -27.063271] [G loss: 3.343449]
[Epoch 156/1001] [Batch 0/1] [D loss: -28.217535] [G loss: -0.891698]
[Epoch 157/1001] [Batch 0/1] [D loss: -27.331852] [G loss: 2.586734]
[Epoch 158/1001] [Batch 0/1] [D loss: -25.958950] [G loss: -9.618146]
[Epoch 159/1001] [Batch 0/1] [D loss: -27.163557] [G loss: 4.910934]
[Epoch 160/1001] [Batch 0/1] [D loss: -24.914932] [G loss: -10.912621]
[Epoch 161/1001] [Batch 0/1] [D loss: -23.736038] [G loss: 10.615300]
[Epoch 162/1001] [Batch 0/1] [D loss: -25.099747] [G loss: 3.536779]
[Epoch 163/1001] [Batch 0/1] [D loss: -27.744776] [G loss: -1.466686]
[Epoch 164/1001] [Batch 0/1] [D loss: -26.698626] [G loss: 1.220035]
[Epoch 165/1001] [Batch 0/1] [D loss: -28.585556] [G loss: 4.489757]
[Epoch 166/1001] [Batch 0/1] [D loss: -28.041588] [G loss: -1.573239]
[Epoch 167/1001] [Batch 0/1] [D loss: -28.011539] [G loss: 1.749742]
[Epoch 168/1001] [Batch 0/1] [D loss: -28.711361] [G loss: -2.461679]
[Epoch 169/1001] [Batch 0/1] [D loss: -29.681465] [G loss: -5.523102]
[Epoch 170/1001] [Batch 0/1] [D loss: -28.025351] [G loss: 5.347441]
[Epoch 171/1001] [Batch 0/1] [D loss: -25.963846] [G loss: -3.177993]
[Epoch 172/1001] [Batch 0/1] [D loss: -27.702099] [G loss: 7.146534]
[Epoch 173/1001] [Batch 0/1] [D loss: -27.674541] [G loss: 5.133793]
[Epoch 174/1001] [Batch 0/1] [D loss: -28.078966] [G loss: -2.045290]
[Epoch 175/1001] [Batch 0/1] [D loss: -28.441536] [G loss: -2.065576]
[Epoch 176/1001] [Batch 0/1] [D loss: -28.018843] [G loss: -0.738902]
[Epoch 177/1001] [Batch 0/1] [D loss: -26.943739] [G loss: 6.525500]
[Epoch 178/1001] [Batch 0/1] [D loss: -26.768578] [G loss: -3.644013]
[Epoch 179/1001] [Batch 0/1] [D loss: -26.765585] [G loss: 4.061503]
[Epoch 180/1001] [Batch 0/1] [D loss: -27.825619] [G loss: 0.612653]
[Epoch 181/1001] [Batch 0/1] [D loss: -28.170578] [G loss: -3.666932]
[Epoch 182/1001] [Batch 0/1] [D loss: -29.405703] [G loss: 0.437301]
[Epoch 183/1001] [Batch 0/1] [D loss: -29.284622] [G loss: -2.511101]
[Epoch 184/1001] [Batch 0/1] [D loss: -28.122169] [G loss: 1.679377]
[Epoch 185/1001] [Batch 0/1] [D loss: -27.400738] [G loss: -0.557806]
[Epoch 186/1001] [Batch 0/1] [D loss: -27.840519] [G loss: 6.426686]
[Epoch 187/1001] [Batch 0/1] [D loss: -28.700375] [G loss: -0.919566]
[Epoch 188/1001] [Batch 0/1] [D loss: -28.725128] [G loss: 0.146325]
[Epoch 189/1001] [Batch 0/1] [D loss: -28.252218] [G loss: 0.667861]
[Epoch 190/1001] [Batch 0/1] [D loss: -29.560539] [G loss: 1.781743]
[Epoch 191/1001] [Batch 0/1] [D loss: -29.664501] [G loss: 2.296186]
[Epoch 192/1001] [Batch 0/1] [D loss: -30.038034] [G loss: -0.659362]
[Epoch 193/1001] [Batch 0/1] [D loss: -29.182138] [G loss: 2.818008]
[Epoch 194/1001] [Batch 0/1] [D loss: -29.018692] [G loss: -1.940389]
[Epoch 195/1001] [Batch 0/1] [D loss: -30.892023] [G loss: 3.102034]
[Epoch 196/1001] [Batch 0/1] [D loss: -28.630611] [G loss: 9.912310]
[Epoch 197/1001] [Batch 0/1] [D loss: -28.832241] [G loss: 1.584403]
[Epoch 198/1001] [Batch 0/1] [D loss: -27.727108] [G loss: 8.529835]
[Epoch 199/1001] [Batch 0/1] [D loss: -25.376795] [G loss: -8.980100]
[Epoch 200/1001] [Batch 0/1] [D loss: -20.441221] [G loss: 15.602065]
[Epoch 201/1001] [Batch 0/1] [D loss: -6.695009] [G loss: -24.337723]
[Epoch 202/1001] [Batch 0/1] [D loss: 42.809052] [G loss: 24.911688]
[Epoch 203/1001] [Batch 0/1] [D loss: 21.865654] [G loss: 9.145992]
[Epoch 204/1001] [Batch 0/1] [D loss: -12.722713] [G loss: 3.332385]
[Epoch 205/1001] [Batch 0/1] [D loss: -12.142408] [G loss: 0.165548]
[Epoch 206/1001] [Batch 0/1] [D loss: -11.858312] [G loss: -2.536008]
[Epoch 207/1001] [Batch 0/1] [D loss: -11.335551] [G loss: -4.801126]
[Epoch 208/1001] [Batch 0/1] [D loss: -10.799885] [G loss: -6.603334]
[Epoch 209/1001] [Batch 0/1] [D loss: -12.370508] [G loss: -6.311785]
[Epoch 210/1001] [Batch 0/1] [D loss: -13.263600] [G loss: -6.037631]
[Epoch 211/1001] [Batch 0/1] [D loss: -14.524350] [G loss: -4.732085]
[Epoch 212/1001] [Batch 0/1] [D loss: -16.572506] [G loss: -2.534327]
[Epoch 213/1001] [Batch 0/1] [D loss: -18.363846] [G loss: -0.006897]
[Epoch 214/1001] [Batch 0/1] [D loss: -18.877478] [G loss: 0.747336]
[Epoch 215/1001] [Batch 0/1] [D loss: -18.843933] [G loss: 0.126472]
[Epoch 216/1001] [Batch 0/1] [D loss: -17.772251] [G loss: 1.695828]
[Epoch 217/1001] [Batch 0/1] [D loss: -18.862619] [G loss: 4.081575]
[Epoch 218/1001] [Batch 0/1] [D loss: -19.432352] [G loss: 4.477769]
[Epoch 219/1001] [Batch 0/1] [D loss: -20.529530] [G loss: 5.862437]
[Epoch 220/1001] [Batch 0/1] [D loss: -19.592682] [G loss: 2.607576]
[Epoch 221/1001] [Batch 0/1] [D loss: -22.496645] [G loss: 2.919976]
[Epoch 222/1001] [Batch 0/1] [D loss: -22.579384] [G loss: 1.564072]
[Epoch 223/1001] [Batch 0/1] [D loss: -22.237240] [G loss: -0.153830]
[Epoch 224/1001] [Batch 0/1] [D loss: -21.750477] [G loss: -2.053005]
[Epoch 225/1001] [Batch 0/1] [D loss: -22.640940] [G loss: -2.112970]
[Epoch 226/1001] [Batch 0/1] [D loss: -22.687183] [G loss: -2.143004]
[Epoch 227/1001] [Batch 0/1] [D loss: -23.192181] [G loss: -2.395342]
[Epoch 228/1001] [Batch 0/1] [D loss: -22.271223] [G loss: -1.738381]
[Epoch 229/1001] [Batch 0/1] [D loss: -24.018635] [G loss: -1.067723]
[Epoch 230/1001] [Batch 0/1] [D loss: -23.731035] [G loss: -1.462037]
[Epoch 231/1001] [Batch 0/1] [D loss: -24.395298] [G loss: -1.560237]
[Epoch 232/1001] [Batch 0/1] [D loss: -23.229771] [G loss: -2.164786]
[Epoch 233/1001] [Batch 0/1] [D loss: -22.247833] [G loss: -3.165701]
[Epoch 234/1001] [Batch 0/1] [D loss: -22.749683] [G loss: -1.475964]
[Epoch 235/1001] [Batch 0/1] [D loss: -22.489050] [G loss: -0.144689]
[Epoch 236/1001] [Batch 0/1] [D loss: -23.769848] [G loss: -0.564041]
[Epoch 237/1001] [Batch 0/1] [D loss: -25.545815] [G loss: 0.869653]
[Epoch 238/1001] [Batch 0/1] [D loss: -25.110689] [G loss: 0.639263]
[Epoch 239/1001] [Batch 0/1] [D loss: -26.008228] [G loss: 2.961352]
[Epoch 240/1001] [Batch 0/1] [D loss: -25.185608] [G loss: -0.245923]
[Epoch 241/1001] [Batch 0/1] [D loss: -25.371117] [G loss: -1.116473]
[Epoch 242/1001] [Batch 0/1] [D loss: -25.901474] [G loss: -0.333823]
[Epoch 243/1001] [Batch 0/1] [D loss: -25.436169] [G loss: -0.686636]
[Epoch 244/1001] [Batch 0/1] [D loss: -24.641144] [G loss: -1.571321]
[Epoch 245/1001] [Batch 0/1] [D loss: -25.436604] [G loss: -1.105944]
[Epoch 246/1001] [Batch 0/1] [D loss: -24.709904] [G loss: -3.102636]
[Epoch 247/1001] [Batch 0/1] [D loss: -25.659754] [G loss: -2.418852]
[Epoch 248/1001] [Batch 0/1] [D loss: -24.822784] [G loss: -2.646744]
[Epoch 249/1001] [Batch 0/1] [D loss: -22.168461] [G loss: -1.629664]
[Epoch 250/1001] [Batch 0/1] [D loss: -23.418789] [G loss: 2.748629]
[Epoch 251/1001] [Batch 0/1] [D loss: -24.989891] [G loss: 7.201039]
[Epoch 252/1001] [Batch 0/1] [D loss: -25.643820] [G loss: 8.741707]
[Epoch 253/1001] [Batch 0/1] [D loss: -23.650059] [G loss: 4.721308]
[Epoch 254/1001] [Batch 0/1] [D loss: -24.545307] [G loss: 2.317109]
[Epoch 255/1001] [Batch 0/1] [D loss: -25.657185] [G loss: 0.272512]
[Epoch 256/1001] [Batch 0/1] [D loss: -23.750536] [G loss: -0.912894]
[Epoch 257/1001] [Batch 0/1] [D loss: -24.299068] [G loss: -0.045916]
[Epoch 258/1001] [Batch 0/1] [D loss: -25.232084] [G loss: 0.797811]
[Epoch 259/1001] [Batch 0/1] [D loss: -26.195074] [G loss: 2.079554]
[Epoch 260/1001] [Batch 0/1] [D loss: -26.571106] [G loss: 2.171900]
[Epoch 261/1001] [Batch 0/1] [D loss: -27.136717] [G loss: 2.753370]
[Epoch 262/1001] [Batch 0/1] [D loss: -26.961075] [G loss: 2.252718]
[Epoch 263/1001] [Batch 0/1] [D loss: -27.056868] [G loss: 0.194865]
[Epoch 264/1001] [Batch 0/1] [D loss: -25.644863] [G loss: -0.413329]
[Epoch 265/1001] [Batch 0/1] [D loss: -27.718315] [G loss: 0.789726]
[Epoch 266/1001] [Batch 0/1] [D loss: -27.471775] [G loss: 1.998986]
[Epoch 267/1001] [Batch 0/1] [D loss: -25.637304] [G loss: 1.470167]
[Epoch 268/1001] [Batch 0/1] [D loss: -26.217731] [G loss: -0.223047]
[Epoch 269/1001] [Batch 0/1] [D loss: -26.469126] [G loss: -2.849113]
[Epoch 270/1001] [Batch 0/1] [D loss: -24.859865] [G loss: -0.872694]
[Epoch 271/1001] [Batch 0/1] [D loss: -26.694231] [G loss: 0.555101]
[Epoch 272/1001] [Batch 0/1] [D loss: -25.807060] [G loss: -0.454992]
[Epoch 273/1001] [Batch 0/1] [D loss: -26.113369] [G loss: -1.160765]
[Epoch 274/1001] [Batch 0/1] [D loss: -27.063454] [G loss: -1.067786]
[Epoch 275/1001] [Batch 0/1] [D loss: -26.984791] [G loss: -2.064000]
[Epoch 276/1001] [Batch 0/1] [D loss: -25.995108] [G loss: 0.162170]
[Epoch 277/1001] [Batch 0/1] [D loss: -27.793213] [G loss: 3.039412]
[Epoch 278/1001] [Batch 0/1] [D loss: -26.902826] [G loss: 4.003981]
[Epoch 279/1001] [Batch 0/1] [D loss: -26.288364] [G loss: 1.330293]
[Epoch 280/1001] [Batch 0/1] [D loss: -27.629652] [G loss: 0.554313]
[Epoch 281/1001] [Batch 0/1] [D loss: -27.476404] [G loss: -0.494267]
[Epoch 282/1001] [Batch 0/1] [D loss: -27.935455] [G loss: -1.027030]
[Epoch 283/1001] [Batch 0/1] [D loss: -28.428782] [G loss: -0.973445]
[Epoch 284/1001] [Batch 0/1] [D loss: -28.161289] [G loss: 1.147141]
[Epoch 285/1001] [Batch 0/1] [D loss: -28.128029] [G loss: 3.475686]
[Epoch 286/1001] [Batch 0/1] [D loss: -28.694523] [G loss: 1.432479]
[Epoch 287/1001] [Batch 0/1] [D loss: -29.901531] [G loss: 1.706884]
[Epoch 288/1001] [Batch 0/1] [D loss: -28.401600] [G loss: -0.874661]
[Epoch 289/1001] [Batch 0/1] [D loss: -29.781715] [G loss: 0.673197]
[Epoch 290/1001] [Batch 0/1] [D loss: -28.769829] [G loss: 0.178396]
[Epoch 291/1001] [Batch 0/1] [D loss: -29.678743] [G loss: 2.906001]
[Epoch 292/1001] [Batch 0/1] [D loss: -29.157356] [G loss: 1.332883]
[Epoch 293/1001] [Batch 0/1] [D loss: -28.605991] [G loss: -1.096400]
[Epoch 294/1001] [Batch 0/1] [D loss: -30.234894] [G loss: 0.350959]
[Epoch 295/1001] [Batch 0/1] [D loss: -29.328527] [G loss: 6.133678]
[Epoch 296/1001] [Batch 0/1] [D loss: -27.528587] [G loss: 3.491628]
[Epoch 297/1001] [Batch 0/1] [D loss: -28.480816] [G loss: 1.681707]
[Epoch 298/1001] [Batch 0/1] [D loss: -29.741148] [G loss: 1.414837]
[Epoch 299/1001] [Batch 0/1] [D loss: -28.834856] [G loss: 1.718312]
[Epoch 300/1001] [Batch 0/1] [D loss: -28.689718] [G loss: 1.495852]
[Epoch 301/1001] [Batch 0/1] [D loss: -29.063591] [G loss: -0.185155]
[Epoch 302/1001] [Batch 0/1] [D loss: -29.516508] [G loss: 0.001621]
[Epoch 303/1001] [Batch 0/1] [D loss: -29.861456] [G loss: 0.197207]
[Epoch 304/1001] [Batch 0/1] [D loss: -30.966976] [G loss: -1.034783]
[Epoch 305/1001] [Batch 0/1] [D loss: -30.771679] [G loss: -3.417974]
[Epoch 306/1001] [Batch 0/1] [D loss: -31.633923] [G loss: -1.779424]
[Epoch 307/1001] [Batch 0/1] [D loss: -30.340246] [G loss: -0.766065]
[Epoch 308/1001] [Batch 0/1] [D loss: -30.712521] [G loss: -0.431066]
[Epoch 309/1001] [Batch 0/1] [D loss: -30.532026] [G loss: 5.068040]
[Epoch 310/1001] [Batch 0/1] [D loss: -29.335155] [G loss: 3.345365]
[Epoch 311/1001] [Batch 0/1] [D loss: -29.643501] [G loss: 0.693277]
[Epoch 312/1001] [Batch 0/1] [D loss: -31.229549] [G loss: 0.394376]
[Epoch 313/1001] [Batch 0/1] [D loss: -30.523773] [G loss: -2.025099]
[Epoch 314/1001] [Batch 0/1] [D loss: -30.930826] [G loss: -0.123507]
[Epoch 315/1001] [Batch 0/1] [D loss: -29.731199] [G loss: -1.001485]
[Epoch 316/1001] [Batch 0/1] [D loss: -31.235214] [G loss: -1.832984]
[Epoch 317/1001] [Batch 0/1] [D loss: -30.094395] [G loss: -2.894597]
[Epoch 318/1001] [Batch 0/1] [D loss: -29.382710] [G loss: 3.976134]
[Epoch 319/1001] [Batch 0/1] [D loss: -27.859756] [G loss: 2.232171]
[Epoch 320/1001] [Batch 0/1] [D loss: -29.611675] [G loss: -1.416629]
[Epoch 321/1001] [Batch 0/1] [D loss: -31.267572] [G loss: -1.609475]
[Epoch 322/1001] [Batch 0/1] [D loss: -31.517597] [G loss: -1.589289]
[Epoch 323/1001] [Batch 0/1] [D loss: -29.389917] [G loss: 1.646395]
[Epoch 324/1001] [Batch 0/1] [D loss: -29.011623] [G loss: 5.573946]
[Epoch 325/1001] [Batch 0/1] [D loss: -31.103657] [G loss: 4.419754]
[Epoch 326/1001] [Batch 0/1] [D loss: -29.846397] [G loss: 3.730765]
[Epoch 327/1001] [Batch 0/1] [D loss: -30.861214] [G loss: -1.097085]
[Epoch 328/1001] [Batch 0/1] [D loss: -31.232477] [G loss: -2.129960]
[Epoch 329/1001] [Batch 0/1] [D loss: -30.630960] [G loss: -1.105342]
[Epoch 330/1001] [Batch 0/1] [D loss: -29.909136] [G loss: 0.230784]
[Epoch 331/1001] [Batch 0/1] [D loss: -28.636099] [G loss: -2.687306]
[Epoch 332/1001] [Batch 0/1] [D loss: -30.648569] [G loss: 0.726443]
[Epoch 333/1001] [Batch 0/1] [D loss: -30.672756] [G loss: 1.466777]
[Epoch 334/1001] [Batch 0/1] [D loss: -30.356997] [G loss: -0.016604]
[Epoch 335/1001] [Batch 0/1] [D loss: -29.658484] [G loss: -1.254387]
[Epoch 336/1001] [Batch 0/1] [D loss: -30.630793] [G loss: 0.986829]
[Epoch 337/1001] [Batch 0/1] [D loss: -30.955616] [G loss: -0.696296]
[Epoch 338/1001] [Batch 0/1] [D loss: -30.676922] [G loss: -1.330636]
[Epoch 339/1001] [Batch 0/1] [D loss: -31.606518] [G loss: -0.893927]
[Epoch 340/1001] [Batch 0/1] [D loss: -30.032307] [G loss: 3.474617]
[Epoch 341/1001] [Batch 0/1] [D loss: -31.365084] [G loss: 2.222735]
[Epoch 342/1001] [Batch 0/1] [D loss: -31.225533] [G loss: -1.810361]
[Epoch 343/1001] [Batch 0/1] [D loss: -32.985874] [G loss: -1.099137]
[Epoch 344/1001] [Batch 0/1] [D loss: -31.518057] [G loss: -0.616889]
[Epoch 345/1001] [Batch 0/1] [D loss: -31.506418] [G loss: 0.915890]
[Epoch 346/1001] [Batch 0/1] [D loss: -30.447491] [G loss: -2.348129]
[Epoch 347/1001] [Batch 0/1] [D loss: -30.354416] [G loss: -2.427607]
[Epoch 348/1001] [Batch 0/1] [D loss: -30.648796] [G loss: -0.157650]
[Epoch 349/1001] [Batch 0/1] [D loss: -30.738028] [G loss: 0.297907]
[Epoch 350/1001] [Batch 0/1] [D loss: -30.486969] [G loss: 0.456813]
[Epoch 351/1001] [Batch 0/1] [D loss: -30.417374] [G loss: 2.549831]
[Epoch 352/1001] [Batch 0/1] [D loss: -31.529995] [G loss: 1.097028]
[Epoch 353/1001] [Batch 0/1] [D loss: -30.308575] [G loss: -2.041621]
[Epoch 354/1001] [Batch 0/1] [D loss: -31.929659] [G loss: -0.901522]
[Epoch 355/1001] [Batch 0/1] [D loss: -30.138931] [G loss: -0.101428]
[Epoch 356/1001] [Batch 0/1] [D loss: -31.177353] [G loss: 2.400275]
[Epoch 357/1001] [Batch 0/1] [D loss: -30.450064] [G loss: 1.800057]
[Epoch 358/1001] [Batch 0/1] [D loss: -29.975010] [G loss: 7.564627]
[Epoch 359/1001] [Batch 0/1] [D loss: -29.473196] [G loss: 3.324193]
[Epoch 360/1001] [Batch 0/1] [D loss: -30.012306] [G loss: -1.053395]
[Epoch 361/1001] [Batch 0/1] [D loss: -32.129864] [G loss: -3.663292]
[Epoch 362/1001] [Batch 0/1] [D loss: -33.615097] [G loss: -3.909185]
[Epoch 363/1001] [Batch 0/1] [D loss: -32.810280] [G loss: -2.689418]
[Epoch 364/1001] [Batch 0/1] [D loss: -30.795279] [G loss: -3.128082]
[Epoch 365/1001] [Batch 0/1] [D loss: -31.823404] [G loss: -3.423894]
[Epoch 366/1001] [Batch 0/1] [D loss: -29.527107] [G loss: -1.824228]
[Epoch 367/1001] [Batch 0/1] [D loss: -30.013088] [G loss: 3.891359]
[Epoch 368/1001] [Batch 0/1] [D loss: -28.950794] [G loss: -0.971918]
[Epoch 369/1001] [Batch 0/1] [D loss: -31.779177] [G loss: 0.443789]
[Epoch 370/1001] [Batch 0/1] [D loss: -30.959286] [G loss: -0.317511]
[Epoch 371/1001] [Batch 0/1] [D loss: -31.801289] [G loss: 4.126896]
[Epoch 372/1001] [Batch 0/1] [D loss: -30.345505] [G loss: 3.190400]
[Epoch 373/1001] [Batch 0/1] [D loss: -30.222122] [G loss: -1.097528]
[Epoch 374/1001] [Batch 0/1] [D loss: -30.647205] [G loss: -2.771723]
[Epoch 375/1001] [Batch 0/1] [D loss: -31.148788] [G loss: -0.820609]
[Epoch 376/1001] [Batch 0/1] [D loss: -29.273441] [G loss: 0.467683]
[Epoch 377/1001] [Batch 0/1] [D loss: -29.817562] [G loss: 2.942841]
[Epoch 378/1001] [Batch 0/1] [D loss: -30.441730] [G loss: 0.666719]
[Epoch 379/1001] [Batch 0/1] [D loss: -29.405668] [G loss: 1.913323]
[Epoch 380/1001] [Batch 0/1] [D loss: -30.453363] [G loss: -1.689693]
[Epoch 381/1001] [Batch 0/1] [D loss: -31.165462] [G loss: -5.276613]
[Epoch 382/1001] [Batch 0/1] [D loss: -31.694521] [G loss: -2.603432]
[Epoch 383/1001] [Batch 0/1] [D loss: -29.184866] [G loss: 0.729851]
[Epoch 384/1001] [Batch 0/1] [D loss: -30.651756] [G loss: -0.497719]
[Epoch 385/1001] [Batch 0/1] [D loss: -30.721741] [G loss: -2.028293]
[Epoch 386/1001] [Batch 0/1] [D loss: -31.903566] [G loss: -1.431708]
[Epoch 387/1001] [Batch 0/1] [D loss: -29.859747] [G loss: 4.476536]
[Epoch 388/1001] [Batch 0/1] [D loss: -29.783899] [G loss: 0.478997]
[Epoch 389/1001] [Batch 0/1] [D loss: -30.706594] [G loss: -2.058712]
[Epoch 390/1001] [Batch 0/1] [D loss: -30.782143] [G loss: -0.479447]
[Epoch 391/1001] [Batch 0/1] [D loss: -29.975384] [G loss: -0.579845]
[Epoch 392/1001] [Batch 0/1] [D loss: -31.255068] [G loss: 1.150381]
[Epoch 393/1001] [Batch 0/1] [D loss: -30.218937] [G loss: 1.122377]
[Epoch 394/1001] [Batch 0/1] [D loss: -30.056095] [G loss: 1.297930]
[Epoch 395/1001] [Batch 0/1] [D loss: -28.901583] [G loss: 2.598527]
[Epoch 396/1001] [Batch 0/1] [D loss: -29.339989] [G loss: 4.799271]
[Epoch 397/1001] [Batch 0/1] [D loss: -29.809750] [G loss: 4.686833]
[Epoch 398/1001] [Batch 0/1] [D loss: -29.894728] [G loss: 0.914543]
[Epoch 399/1001] [Batch 0/1] [D loss: -30.674456] [G loss: 3.323283]
[Epoch 400/1001] [Batch 0/1] [D loss: -28.678288] [G loss: -1.867724]
[Epoch 401/1001] [Batch 0/1] [D loss: -29.896662] [G loss: -3.407538]
[Epoch 402/1001] [Batch 0/1] [D loss: -30.836117] [G loss: -4.212644]
[Epoch 403/1001] [Batch 0/1] [D loss: -30.773712] [G loss: -2.672971]
[Epoch 404/1001] [Batch 0/1] [D loss: -31.889441] [G loss: 1.581034]
[Epoch 405/1001] [Batch 0/1] [D loss: -31.354319] [G loss: 3.905877]
[Epoch 406/1001] [Batch 0/1] [D loss: -29.825321] [G loss: -3.792315]
[Epoch 407/1001] [Batch 0/1] [D loss: -32.308117] [G loss: 0.272384]
[Epoch 408/1001] [Batch 0/1] [D loss: -30.760670] [G loss: 2.952971]
[Epoch 409/1001] [Batch 0/1] [D loss: -30.454830] [G loss: -1.884864]
[Epoch 410/1001] [Batch 0/1] [D loss: -30.943287] [G loss: -1.647481]
[Epoch 411/1001] [Batch 0/1] [D loss: -31.381580] [G loss: 0.311033]
[Epoch 412/1001] [Batch 0/1] [D loss: -32.161808] [G loss: -0.318550]
[Epoch 413/1001] [Batch 0/1] [D loss: -31.554354] [G loss: -2.563039]
[Epoch 414/1001] [Batch 0/1] [D loss: -30.604408] [G loss: 0.061567]
[Epoch 415/1001] [Batch 0/1] [D loss: -30.698809] [G loss: 7.737377]
[Epoch 416/1001] [Batch 0/1] [D loss: -29.042461] [G loss: 2.008477]
[Epoch 417/1001] [Batch 0/1] [D loss: -29.915474] [G loss: -1.576002]
[Epoch 418/1001] [Batch 0/1] [D loss: -31.354635] [G loss: -2.841050]
[Epoch 419/1001] [Batch 0/1] [D loss: -30.619661] [G loss: 2.500368]
[Epoch 420/1001] [Batch 0/1] [D loss: -30.651203] [G loss: -1.458878]
[Epoch 421/1001] [Batch 0/1] [D loss: -32.087410] [G loss: -3.109205]
[Epoch 422/1001] [Batch 0/1] [D loss: -30.497583] [G loss: -3.340319]
[Epoch 423/1001] [Batch 0/1] [D loss: -30.257008] [G loss: -0.984727]
[Epoch 424/1001] [Batch 0/1] [D loss: -28.126152] [G loss: 4.762993]
[Epoch 425/1001] [Batch 0/1] [D loss: -29.800797] [G loss: 0.557276]
[Epoch 426/1001] [Batch 0/1] [D loss: -31.461637] [G loss: -0.500570]
[Epoch 427/1001] [Batch 0/1] [D loss: -30.457050] [G loss: -0.357420]
[Epoch 428/1001] [Batch 0/1] [D loss: -30.431263] [G loss: 1.159648]
[Epoch 429/1001] [Batch 0/1] [D loss: -30.109621] [G loss: 0.056001]
[Epoch 430/1001] [Batch 0/1] [D loss: -30.093935] [G loss: 0.409816]
[Epoch 431/1001] [Batch 0/1] [D loss: -30.013042] [G loss: -1.282117]
[Epoch 432/1001] [Batch 0/1] [D loss: -30.685640] [G loss: 0.324978]
[Epoch 433/1001] [Batch 0/1] [D loss: -29.089645] [G loss: -2.371575]
[Epoch 434/1001] [Batch 0/1] [D loss: -29.456310] [G loss: -3.536667]
[Epoch 435/1001] [Batch 0/1] [D loss: -28.576210] [G loss: 1.982765]
[Epoch 436/1001] [Batch 0/1] [D loss: -29.019093] [G loss: -0.843865]
[Epoch 437/1001] [Batch 0/1] [D loss: -30.277523] [G loss: -3.262168]
[Epoch 438/1001] [Batch 0/1] [D loss: -30.277744] [G loss: 2.530123]
[Epoch 439/1001] [Batch 0/1] [D loss: -30.858486] [G loss: 7.906759]
[Epoch 440/1001] [Batch 0/1] [D loss: -27.240656] [G loss: -0.111867]
[Epoch 441/1001] [Batch 0/1] [D loss: -30.576466] [G loss: -1.995688]
[Epoch 442/1001] [Batch 0/1] [D loss: -30.475779] [G loss: -1.031959]
[Epoch 443/1001] [Batch 0/1] [D loss: -30.793941] [G loss: 3.340340]
[Epoch 444/1001] [Batch 0/1] [D loss: -27.816605] [G loss: -3.498446]
[Epoch 445/1001] [Batch 0/1] [D loss: -31.338699] [G loss: -4.536296]
[Epoch 446/1001] [Batch 0/1] [D loss: -29.835251] [G loss: 5.829131]
[Epoch 447/1001] [Batch 0/1] [D loss: -29.599558] [G loss: 4.450741]
[Epoch 448/1001] [Batch 0/1] [D loss: -30.468372] [G loss: -0.546272]
[Epoch 449/1001] [Batch 0/1] [D loss: -32.345707] [G loss: -0.761786]
[Epoch 450/1001] [Batch 0/1] [D loss: -30.484594] [G loss: -3.752511]
[Epoch 451/1001] [Batch 0/1] [D loss: -30.180557] [G loss: -1.873788]
[Epoch 452/1001] [Batch 0/1] [D loss: -29.017530] [G loss: 2.807627]
[Epoch 453/1001] [Batch 0/1] [D loss: -29.529615] [G loss: 0.791119]
[Epoch 454/1001] [Batch 0/1] [D loss: -30.422060] [G loss: -0.364840]
[Epoch 455/1001] [Batch 0/1] [D loss: -30.336960] [G loss: 0.522593]
[Epoch 456/1001] [Batch 0/1] [D loss: -29.154387] [G loss: 1.575302]
[Epoch 457/1001] [Batch 0/1] [D loss: -29.742838] [G loss: -1.320793]
[Epoch 458/1001] [Batch 0/1] [D loss: -30.851667] [G loss: 1.194600]
[Epoch 459/1001] [Batch 0/1] [D loss: -28.839088] [G loss: 1.788430]
[Epoch 460/1001] [Batch 0/1] [D loss: -29.907572] [G loss: 3.099759]
[Epoch 461/1001] [Batch 0/1] [D loss: -31.293751] [G loss: 0.952930]
[Epoch 462/1001] [Batch 0/1] [D loss: -29.583715] [G loss: -2.665586]
[Epoch 463/1001] [Batch 0/1] [D loss: -29.419247] [G loss: -2.874873]
[Epoch 464/1001] [Batch 0/1] [D loss: -29.155094] [G loss: -3.501367]
[Epoch 465/1001] [Batch 0/1] [D loss: -31.226971] [G loss: -1.253745]
[Epoch 466/1001] [Batch 0/1] [D loss: -30.680386] [G loss: 1.418986]
[Epoch 467/1001] [Batch 0/1] [D loss: -29.863617] [G loss: -2.059453]
[Epoch 468/1001] [Batch 0/1] [D loss: -29.688814] [G loss: 0.286102]
[Epoch 469/1001] [Batch 0/1] [D loss: -28.707300] [G loss: -0.833404]
[Epoch 470/1001] [Batch 0/1] [D loss: -30.392353] [G loss: -1.112390]
[Epoch 471/1001] [Batch 0/1] [D loss: -31.239048] [G loss: 2.454892]
[Epoch 472/1001] [Batch 0/1] [D loss: -29.810486] [G loss: -2.155049]
[Epoch 473/1001] [Batch 0/1] [D loss: -30.251133] [G loss: 0.090366]
[Epoch 474/1001] [Batch 0/1] [D loss: -30.849247] [G loss: -1.793085]
[Epoch 475/1001] [Batch 0/1] [D loss: -30.512020] [G loss: -2.442035]
[Epoch 476/1001] [Batch 0/1] [D loss: -30.669134] [G loss: -1.223936]
[Epoch 477/1001] [Batch 0/1] [D loss: -31.460859] [G loss: -4.050570]
[Epoch 478/1001] [Batch 0/1] [D loss: -30.297020] [G loss: -2.960207]
[Epoch 479/1001] [Batch 0/1] [D loss: -31.890852] [G loss: 3.517974]
[Epoch 480/1001] [Batch 0/1] [D loss: -29.729126] [G loss: -1.166138]
[Epoch 481/1001] [Batch 0/1] [D loss: -28.890509] [G loss: -1.016801]
[Epoch 482/1001] [Batch 0/1] [D loss: -29.995308] [G loss: 2.069409]
[Epoch 483/1001] [Batch 0/1] [D loss: -28.861341] [G loss: -1.299462]
[Epoch 484/1001] [Batch 0/1] [D loss: -30.057785] [G loss: -3.610110]
[Epoch 485/1001] [Batch 0/1] [D loss: -29.307837] [G loss: 1.830981]
[Epoch 486/1001] [Batch 0/1] [D loss: -29.842623] [G loss: 0.637667]
[Epoch 487/1001] [Batch 0/1] [D loss: -30.251986] [G loss: 0.202959]
[Epoch 488/1001] [Batch 0/1] [D loss: -30.393959] [G loss: 1.318064]
[Epoch 489/1001] [Batch 0/1] [D loss: -29.383610] [G loss: -0.057092]
[Epoch 490/1001] [Batch 0/1] [D loss: -30.957235] [G loss: -2.146976]
[Epoch 491/1001] [Batch 0/1] [D loss: -30.449024] [G loss: 0.327383]
[Epoch 492/1001] [Batch 0/1] [D loss: -31.312929] [G loss: -1.483131]
[Epoch 493/1001] [Batch 0/1] [D loss: -30.830345] [G loss: 1.916651]
[Epoch 494/1001] [Batch 0/1] [D loss: -30.711815] [G loss: -1.388058]
[Epoch 495/1001] [Batch 0/1] [D loss: -30.513187] [G loss: -3.672198]
[Epoch 496/1001] [Batch 0/1] [D loss: -29.948479] [G loss: 0.425141]
[Epoch 497/1001] [Batch 0/1] [D loss: -31.498188] [G loss: -0.769072]
[Epoch 498/1001] [Batch 0/1] [D loss: -29.144621] [G loss: 0.545715]
[Epoch 499/1001] [Batch 0/1] [D loss: -29.804810] [G loss: 7.991044]
[Epoch 500/1001] [Batch 0/1] [D loss: -29.545752] [G loss: 1.981674]
[Epoch 501/1001] [Batch 0/1] [D loss: -29.012491] [G loss: -3.063353]
[Epoch 502/1001] [Batch 0/1] [D loss: -31.295931] [G loss: -3.245932]
[Epoch 503/1001] [Batch 0/1] [D loss: -29.710611] [G loss: -1.068654]
[Epoch 504/1001] [Batch 0/1] [D loss: -27.848169] [G loss: -2.549975]
[Epoch 505/1001] [Batch 0/1] [D loss: -29.635752] [G loss: -0.758539]
[Epoch 506/1001] [Batch 0/1] [D loss: -30.225937] [G loss: -1.728925]
[Epoch 507/1001] [Batch 0/1] [D loss: -29.263283] [G loss: 0.417711]
[Epoch 508/1001] [Batch 0/1] [D loss: -28.993673] [G loss: 3.704190]
[Epoch 509/1001] [Batch 0/1] [D loss: -28.941013] [G loss: -0.658556]
[Epoch 510/1001] [Batch 0/1] [D loss: -29.230831] [G loss: -3.832497]
[Epoch 511/1001] [Batch 0/1] [D loss: -27.402388] [G loss: 0.881162]
[Epoch 512/1001] [Batch 0/1] [D loss: -28.693903] [G loss: -2.923787]
[Epoch 513/1001] [Batch 0/1] [D loss: -29.418690] [G loss: -1.079317]
[Epoch 514/1001] [Batch 0/1] [D loss: -29.911066] [G loss: 0.985867]
[Epoch 515/1001] [Batch 0/1] [D loss: -29.204767] [G loss: 1.706981]
[Epoch 516/1001] [Batch 0/1] [D loss: -29.461460] [G loss: -0.095296]
[Epoch 517/1001] [Batch 0/1] [D loss: -30.062735] [G loss: -1.972638]
[Epoch 518/1001] [Batch 0/1] [D loss: -29.883917] [G loss: 0.283132]
[Epoch 519/1001] [Batch 0/1] [D loss: -29.218054] [G loss: -2.716265]
[Epoch 520/1001] [Batch 0/1] [D loss: -31.609922] [G loss: -1.375587]
[Epoch 521/1001] [Batch 0/1] [D loss: -28.041866] [G loss: 4.802614]
[Epoch 522/1001] [Batch 0/1] [D loss: -29.114050] [G loss: 6.204214]
[Epoch 523/1001] [Batch 0/1] [D loss: -27.490425] [G loss: 0.372662]
[Epoch 524/1001] [Batch 0/1] [D loss: -29.907837] [G loss: -2.077090]
[Epoch 525/1001] [Batch 0/1] [D loss: -30.264631] [G loss: 4.187573]
[Epoch 526/1001] [Batch 0/1] [D loss: -28.518940] [G loss: -1.188165]
[Epoch 527/1001] [Batch 0/1] [D loss: -29.393503] [G loss: -3.081990]
[Epoch 528/1001] [Batch 0/1] [D loss: -29.780533] [G loss: -2.391284]
[Epoch 529/1001] [Batch 0/1] [D loss: -30.262272] [G loss: 0.724226]
[Epoch 530/1001] [Batch 0/1] [D loss: -30.154469] [G loss: -5.237774]
[Epoch 531/1001] [Batch 0/1] [D loss: -29.693888] [G loss: -3.024634]
[Epoch 532/1001] [Batch 0/1] [D loss: -29.732740] [G loss: 7.679933]
[Epoch 533/1001] [Batch 0/1] [D loss: -28.236475] [G loss: 2.109944]
[Epoch 534/1001] [Batch 0/1] [D loss: -28.589096] [G loss: -0.104052]
[Epoch 535/1001] [Batch 0/1] [D loss: -28.968815] [G loss: 2.842469]
[Epoch 536/1001] [Batch 0/1] [D loss: -31.556223] [G loss: 2.482815]
[Epoch 537/1001] [Batch 0/1] [D loss: -29.914454] [G loss: -5.401047]
[Epoch 538/1001] [Batch 0/1] [D loss: -31.194408] [G loss: -5.403223]
[Epoch 539/1001] [Batch 0/1] [D loss: -29.032515] [G loss: 1.609889]
[Epoch 540/1001] [Batch 0/1] [D loss: -27.811073] [G loss: -2.499801]
[Epoch 541/1001] [Batch 0/1] [D loss: -30.347124] [G loss: -1.273553]
[Epoch 542/1001] [Batch 0/1] [D loss: -29.911953] [G loss: 2.314358]
[Epoch 543/1001] [Batch 0/1] [D loss: -27.478123] [G loss: -1.002336]
[Epoch 544/1001] [Batch 0/1] [D loss: -28.844557] [G loss: -1.586477]
[Epoch 545/1001] [Batch 0/1] [D loss: -28.835194] [G loss: -0.086615]
[Epoch 546/1001] [Batch 0/1] [D loss: -29.684414] [G loss: 2.171474]
[Epoch 547/1001] [Batch 0/1] [D loss: -28.785915] [G loss: -0.198325]
[Epoch 548/1001] [Batch 0/1] [D loss: -29.703409] [G loss: 3.237104]
[Epoch 549/1001] [Batch 0/1] [D loss: -30.223532] [G loss: 1.658815]
[Epoch 550/1001] [Batch 0/1] [D loss: -27.727871] [G loss: -4.301589]
[Epoch 551/1001] [Batch 0/1] [D loss: -27.540409] [G loss: -1.278804]
[Epoch 552/1001] [Batch 0/1] [D loss: -30.628559] [G loss: 3.287921]
[Epoch 553/1001] [Batch 0/1] [D loss: -29.045208] [G loss: 4.601727]
[Epoch 554/1001] [Batch 0/1] [D loss: -30.728531] [G loss: 1.369708]
[Epoch 555/1001] [Batch 0/1] [D loss: -26.910862] [G loss: -2.605795]
[Epoch 556/1001] [Batch 0/1] [D loss: -28.248732] [G loss: -4.566933]
[Epoch 557/1001] [Batch 0/1] [D loss: -29.065029] [G loss: -2.588371]
[Epoch 558/1001] [Batch 0/1] [D loss: -29.285847] [G loss: -0.830770]
[Epoch 559/1001] [Batch 0/1] [D loss: -29.536278] [G loss: -2.958345]
[Epoch 560/1001] [Batch 0/1] [D loss: -30.214403] [G loss: -3.180659]
[Epoch 561/1001] [Batch 0/1] [D loss: -29.361198] [G loss: 2.069993]
[Epoch 562/1001] [Batch 0/1] [D loss: -27.501680] [G loss: 3.532496]
[Epoch 563/1001] [Batch 0/1] [D loss: -28.883413] [G loss: -1.484888]
[Epoch 564/1001] [Batch 0/1] [D loss: -30.618891] [G loss: 0.571255]
[Epoch 565/1001] [Batch 0/1] [D loss: -30.655714] [G loss: -0.495945]
[Epoch 566/1001] [Batch 0/1] [D loss: -30.089144] [G loss: -0.659956]
[Epoch 567/1001] [Batch 0/1] [D loss: -27.318897] [G loss: -3.995241]
[Epoch 568/1001] [Batch 0/1] [D loss: -29.004627] [G loss: -1.756838]
[Epoch 569/1001] [Batch 0/1] [D loss: -29.718128] [G loss: -0.686756]
[Epoch 570/1001] [Batch 0/1] [D loss: -29.416586] [G loss: 1.197899]
[Epoch 571/1001] [Batch 0/1] [D loss: -29.336847] [G loss: -0.389753]
[Epoch 572/1001] [Batch 0/1] [D loss: -29.719091] [G loss: -0.282480]
[Epoch 573/1001] [Batch 0/1] [D loss: -29.265961] [G loss: -2.172527]
[Epoch 574/1001] [Batch 0/1] [D loss: -29.267977] [G loss: -3.405879]
[Epoch 575/1001] [Batch 0/1] [D loss: -28.841864] [G loss: -6.799081]
[Epoch 576/1001] [Batch 0/1] [D loss: -29.961056] [G loss: 1.620440]
[Epoch 577/1001] [Batch 0/1] [D loss: -28.208738] [G loss: 3.058186]
[Epoch 578/1001] [Batch 0/1] [D loss: -29.723696] [G loss: -0.627836]
[Epoch 579/1001] [Batch 0/1] [D loss: -28.110910] [G loss: 2.730057]
[Epoch 580/1001] [Batch 0/1] [D loss: -28.641073] [G loss: 1.408969]
[Epoch 581/1001] [Batch 0/1] [D loss: -29.369652] [G loss: -3.472236]
[Epoch 582/1001] [Batch 0/1] [D loss: -29.526279] [G loss: -2.132137]
[Epoch 583/1001] [Batch 0/1] [D loss: -28.764114] [G loss: 2.331959]
[Epoch 584/1001] [Batch 0/1] [D loss: -28.775457] [G loss: -0.018943]
[Epoch 585/1001] [Batch 0/1] [D loss: -28.205687] [G loss: 2.860457]
[Epoch 586/1001] [Batch 0/1] [D loss: -29.008980] [G loss: -1.831923]
[Epoch 587/1001] [Batch 0/1] [D loss: -29.965670] [G loss: -3.754256]
[Epoch 588/1001] [Batch 0/1] [D loss: -30.681314] [G loss: 0.651466]
[Epoch 589/1001] [Batch 0/1] [D loss: -28.186501] [G loss: -4.044347]
[Epoch 590/1001] [Batch 0/1] [D loss: -27.556040] [G loss: 2.381333]
[Epoch 591/1001] [Batch 0/1] [D loss: -28.578781] [G loss: 0.571471]
[Epoch 592/1001] [Batch 0/1] [D loss: -28.259232] [G loss: 0.350361]
[Epoch 593/1001] [Batch 0/1] [D loss: -29.500149] [G loss: 1.486930]
[Epoch 594/1001] [Batch 0/1] [D loss: -29.400354] [G loss: -0.701388]
[Epoch 595/1001] [Batch 0/1] [D loss: -30.085817] [G loss: -0.327953]
[Epoch 596/1001] [Batch 0/1] [D loss: -28.118698] [G loss: 4.633069]
[Epoch 597/1001] [Batch 0/1] [D loss: -30.287384] [G loss: 5.034052]
[Epoch 598/1001] [Batch 0/1] [D loss: -28.642498] [G loss: -1.293511]
[Epoch 599/1001] [Batch 0/1] [D loss: -30.218044] [G loss: -3.848431]
[Epoch 600/1001] [Batch 0/1] [D loss: -29.372820] [G loss: 1.244226]
[Epoch 601/1001] [Batch 0/1] [D loss: -29.009905] [G loss: 1.343577]
[Epoch 602/1001] [Batch 0/1] [D loss: -25.071758] [G loss: -3.747167]
[Epoch 603/1001] [Batch 0/1] [D loss: -28.083782] [G loss: 4.120767]
[Epoch 604/1001] [Batch 0/1] [D loss: -26.672426] [G loss: -2.523689]
[Epoch 605/1001] [Batch 0/1] [D loss: -28.759159] [G loss: -2.409955]
[Epoch 606/1001] [Batch 0/1] [D loss: -26.821581] [G loss: -0.075139]
[Epoch 607/1001] [Batch 0/1] [D loss: -30.995323] [G loss: -1.683812]
[Epoch 608/1001] [Batch 0/1] [D loss: -28.922562] [G loss: -5.796421]
[Epoch 609/1001] [Batch 0/1] [D loss: -28.542635] [G loss: -3.174744]
[Epoch 610/1001] [Batch 0/1] [D loss: -28.969107] [G loss: -0.901117]
[Epoch 611/1001] [Batch 0/1] [D loss: -28.981058] [G loss: -0.440474]
[Epoch 612/1001] [Batch 0/1] [D loss: -30.051300] [G loss: -0.055403]
[Epoch 613/1001] [Batch 0/1] [D loss: -27.939634] [G loss: -1.155281]
[Epoch 614/1001] [Batch 0/1] [D loss: -29.047075] [G loss: -3.446947]
[Epoch 615/1001] [Batch 0/1] [D loss: -27.330170] [G loss: 1.062595]
[Epoch 616/1001] [Batch 0/1] [D loss: -27.508327] [G loss: -3.444648]
[Epoch 617/1001] [Batch 0/1] [D loss: -31.385715] [G loss: -1.957825]
[Epoch 618/1001] [Batch 0/1] [D loss: -29.484543] [G loss: 11.214611]
[Epoch 619/1001] [Batch 0/1] [D loss: -26.159580] [G loss: 1.772711]
[Epoch 620/1001] [Batch 0/1] [D loss: -26.210590] [G loss: -1.973536]
[Epoch 621/1001] [Batch 0/1] [D loss: -26.955853] [G loss: -0.089183]
[Epoch 622/1001] [Batch 0/1] [D loss: -29.274246] [G loss: -0.575514]
[Epoch 623/1001] [Batch 0/1] [D loss: -29.758774] [G loss: -3.940483]
[Epoch 624/1001] [Batch 0/1] [D loss: -29.778894] [G loss: -2.153293]
[Epoch 625/1001] [Batch 0/1] [D loss: -28.577311] [G loss: -1.797993]
[Epoch 626/1001] [Batch 0/1] [D loss: -26.838804] [G loss: 0.793363]
[Epoch 627/1001] [Batch 0/1] [D loss: -27.444883] [G loss: -0.904093]
[Epoch 628/1001] [Batch 0/1] [D loss: -29.351358] [G loss: 6.139887]
[Epoch 629/1001] [Batch 0/1] [D loss: -26.971422] [G loss: -0.312350]
[Epoch 630/1001] [Batch 0/1] [D loss: -28.237148] [G loss: -0.975893]
[Epoch 631/1001] [Batch 0/1] [D loss: -27.777668] [G loss: -1.326769]
[Epoch 632/1001] [Batch 0/1] [D loss: -28.849829] [G loss: -1.526421]
[Epoch 633/1001] [Batch 0/1] [D loss: -29.335712] [G loss: -4.292180]
[Epoch 634/1001] [Batch 0/1] [D loss: -28.557163] [G loss: -1.380500]
[Epoch 635/1001] [Batch 0/1] [D loss: -28.920059] [G loss: 4.359189]
[Epoch 636/1001] [Batch 0/1] [D loss: -28.289717] [G loss: 3.337549]
[Epoch 637/1001] [Batch 0/1] [D loss: -27.493231] [G loss: 0.775113]
[Epoch 638/1001] [Batch 0/1] [D loss: -29.171516] [G loss: 2.622432]
[Epoch 639/1001] [Batch 0/1] [D loss: -26.900906] [G loss: 0.094345]
[Epoch 640/1001] [Batch 0/1] [D loss: -28.705383] [G loss: -1.577822]
[Epoch 641/1001] [Batch 0/1] [D loss: -28.874437] [G loss: -1.936468]
[Epoch 642/1001] [Batch 0/1] [D loss: -27.425575] [G loss: 1.681449]
[Epoch 643/1001] [Batch 0/1] [D loss: -26.343090] [G loss: -4.687037]
[Epoch 644/1001] [Batch 0/1] [D loss: -27.739847] [G loss: 1.281470]
[Epoch 645/1001] [Batch 0/1] [D loss: -27.042549] [G loss: -4.187012]
[Epoch 646/1001] [Batch 0/1] [D loss: -28.036221] [G loss: -1.623112]
[Epoch 647/1001] [Batch 0/1] [D loss: -27.099344] [G loss: 6.554687]
[Epoch 648/1001] [Batch 0/1] [D loss: -26.977186] [G loss: 1.328224]
[Epoch 649/1001] [Batch 0/1] [D loss: -26.647520] [G loss: -2.758692]
[Epoch 650/1001] [Batch 0/1] [D loss: -27.187172] [G loss: -1.188323]
[Epoch 651/1001] [Batch 0/1] [D loss: -27.060444] [G loss: -3.067131]
[Epoch 652/1001] [Batch 0/1] [D loss: -27.528275] [G loss: -4.254012]
[Epoch 653/1001] [Batch 0/1] [D loss: -29.315550] [G loss: -3.751086]
[Epoch 654/1001] [Batch 0/1] [D loss: -27.090485] [G loss: 6.643027]
[Epoch 655/1001] [Batch 0/1] [D loss: -25.772690] [G loss: -1.345346]
[Epoch 656/1001] [Batch 0/1] [D loss: -26.817270] [G loss: 0.656580]
[Epoch 657/1001] [Batch 0/1] [D loss: -27.475460] [G loss: 3.033875]
[Epoch 658/1001] [Batch 0/1] [D loss: -28.226572] [G loss: 1.103435]
[Epoch 659/1001] [Batch 0/1] [D loss: -25.888580] [G loss: 1.859216]
[Epoch 660/1001] [Batch 0/1] [D loss: -28.043673] [G loss: 0.508662]
[Epoch 661/1001] [Batch 0/1] [D loss: -28.626955] [G loss: -1.665511]
[Epoch 662/1001] [Batch 0/1] [D loss: -27.536633] [G loss: -0.301528]
[Epoch 663/1001] [Batch 0/1] [D loss: -28.075424] [G loss: -1.195696]
[Epoch 664/1001] [Batch 0/1] [D loss: -26.449781] [G loss: -5.987063]
[Epoch 665/1001] [Batch 0/1] [D loss: -27.504164] [G loss: -5.257649]
[Epoch 666/1001] [Batch 0/1] [D loss: -26.758585] [G loss: -2.075959]
[Epoch 667/1001] [Batch 0/1] [D loss: -28.626671] [G loss: -4.878995]
[Epoch 668/1001] [Batch 0/1] [D loss: -28.256964] [G loss: -2.367548]
[Epoch 669/1001] [Batch 0/1] [D loss: -28.726418] [G loss: 3.612981]
[Epoch 670/1001] [Batch 0/1] [D loss: -29.104172] [G loss: -1.626055]
[Epoch 671/1001] [Batch 0/1] [D loss: -26.537277] [G loss: -2.008421]
[Epoch 672/1001] [Batch 0/1] [D loss: -28.321095] [G loss: 11.251847]
[Epoch 673/1001] [Batch 0/1] [D loss: -24.185690] [G loss: -5.583031]
[Epoch 674/1001] [Batch 0/1] [D loss: -28.019196] [G loss: -4.231818]
[Epoch 675/1001] [Batch 0/1] [D loss: -28.039902] [G loss: 0.904250]
[Epoch 676/1001] [Batch 0/1] [D loss: -27.390646] [G loss: 3.552170]
[Epoch 677/1001] [Batch 0/1] [D loss: -27.429184] [G loss: -1.998605]
[Epoch 678/1001] [Batch 0/1] [D loss: -26.115295] [G loss: -3.987601]
[Epoch 679/1001] [Batch 0/1] [D loss: -26.777597] [G loss: 0.149632]
[Epoch 680/1001] [Batch 0/1] [D loss: -28.692093] [G loss: 1.196634]
[Epoch 681/1001] [Batch 0/1] [D loss: -27.290987] [G loss: 1.365829]
[Epoch 682/1001] [Batch 0/1] [D loss: -26.053600] [G loss: -2.244977]
[Epoch 683/1001] [Batch 0/1] [D loss: -28.525644] [G loss: -3.289108]
[Epoch 684/1001] [Batch 0/1] [D loss: -28.767326] [G loss: 0.029886]
[Epoch 685/1001] [Batch 0/1] [D loss: -27.250984] [G loss: -0.629349]
[Epoch 686/1001] [Batch 0/1] [D loss: -27.720417] [G loss: -1.770061]
[Epoch 687/1001] [Batch 0/1] [D loss: -28.213121] [G loss: -2.005748]
[Epoch 688/1001] [Batch 0/1] [D loss: -27.120642] [G loss: 3.888813]
[Epoch 689/1001] [Batch 0/1] [D loss: -24.582720] [G loss: -1.069507]
[Epoch 690/1001] [Batch 0/1] [D loss: -27.309206] [G loss: -1.994121]
[Epoch 691/1001] [Batch 0/1] [D loss: -26.889099] [G loss: -2.611143]
[Epoch 692/1001] [Batch 0/1] [D loss: -29.022991] [G loss: -2.999398]
[Epoch 693/1001] [Batch 0/1] [D loss: -27.875782] [G loss: -1.637994]
[Epoch 694/1001] [Batch 0/1] [D loss: -27.870317] [G loss: -1.777832]
[Epoch 695/1001] [Batch 0/1] [D loss: -25.833813] [G loss: 6.802474]
[Epoch 696/1001] [Batch 0/1] [D loss: -23.692898] [G loss: -2.246225]
[Epoch 697/1001] [Batch 0/1] [D loss: -27.213646] [G loss: -0.209616]
[Epoch 698/1001] [Batch 0/1] [D loss: -27.943533] [G loss: -2.570808]
[Epoch 699/1001] [Batch 0/1] [D loss: -29.095993] [G loss: -2.493631]
[Epoch 700/1001] [Batch 0/1] [D loss: -27.095203] [G loss: 1.146101]
[Epoch 701/1001] [Batch 0/1] [D loss: -26.789679] [G loss: 0.040794]
[Epoch 702/1001] [Batch 0/1] [D loss: -25.808638] [G loss: 1.267019]
[Epoch 703/1001] [Batch 0/1] [D loss: -26.321850] [G loss: 3.420817]
[Epoch 704/1001] [Batch 0/1] [D loss: -26.831470] [G loss: -1.933916]
[Epoch 705/1001] [Batch 0/1] [D loss: -28.258112] [G loss: -4.120385]
[Epoch 706/1001] [Batch 0/1] [D loss: -26.861099] [G loss: -2.637522]
[Epoch 707/1001] [Batch 0/1] [D loss: -27.883831] [G loss: 2.483549]
[Epoch 708/1001] [Batch 0/1] [D loss: -25.539066] [G loss: -1.592612]
[Epoch 709/1001] [Batch 0/1] [D loss: -24.832834] [G loss: -4.133107]
[Epoch 710/1001] [Batch 0/1] [D loss: -26.891186] [G loss: 3.082660]
[Epoch 711/1001] [Batch 0/1] [D loss: -25.392513] [G loss: 7.134834]
[Epoch 712/1001] [Batch 0/1] [D loss: -24.300219] [G loss: -3.472553]
[Epoch 713/1001] [Batch 0/1] [D loss: -27.693260] [G loss: -1.526924]
[Epoch 714/1001] [Batch 0/1] [D loss: -27.564789] [G loss: 3.558052]
[Epoch 715/1001] [Batch 0/1] [D loss: -25.778023] [G loss: -0.174841]
[Epoch 716/1001] [Batch 0/1] [D loss: -27.058111] [G loss: -6.954850]
[Epoch 717/1001] [Batch 0/1] [D loss: -25.555542] [G loss: -1.320745]
[Epoch 718/1001] [Batch 0/1] [D loss: -27.438591] [G loss: 1.817447]
[Epoch 719/1001] [Batch 0/1] [D loss: -27.255657] [G loss: -4.549674]
[Epoch 720/1001] [Batch 0/1] [D loss: -26.292166] [G loss: -0.956468]
[Epoch 721/1001] [Batch 0/1] [D loss: -25.769789] [G loss: -3.743635]
[Epoch 722/1001] [Batch 0/1] [D loss: -27.931009] [G loss: -2.498945]
[Epoch 723/1001] [Batch 0/1] [D loss: -27.591734] [G loss: -0.659864]
[Epoch 724/1001] [Batch 0/1] [D loss: -28.748005] [G loss: -3.361808]
[Epoch 725/1001] [Batch 0/1] [D loss: -28.059198] [G loss: -1.256922]
[Epoch 726/1001] [Batch 0/1] [D loss: -26.794165] [G loss: 0.112183]
[Epoch 727/1001] [Batch 0/1] [D loss: -27.851807] [G loss: -2.372995]
[Epoch 728/1001] [Batch 0/1] [D loss: -28.401978] [G loss: -2.884904]
[Epoch 729/1001] [Batch 0/1] [D loss: -27.959415] [G loss: -1.382213]
[Epoch 730/1001] [Batch 0/1] [D loss: -28.861897] [G loss: 2.222731]
[Epoch 731/1001] [Batch 0/1] [D loss: -27.673382] [G loss: 2.315270]
[Epoch 732/1001] [Batch 0/1] [D loss: -27.042896] [G loss: 5.150033]
[Epoch 733/1001] [Batch 0/1] [D loss: -26.845263] [G loss: 0.959363]
[Epoch 734/1001] [Batch 0/1] [D loss: -25.757641] [G loss: -1.824325]
[Epoch 735/1001] [Batch 0/1] [D loss: -26.132420] [G loss: -1.496811]
[Epoch 736/1001] [Batch 0/1] [D loss: -26.675125] [G loss: 1.422966]
[Epoch 737/1001] [Batch 0/1] [D loss: -27.641891] [G loss: -0.625028]
[Epoch 738/1001] [Batch 0/1] [D loss: -25.108385] [G loss: -3.769652]
[Epoch 739/1001] [Batch 0/1] [D loss: -27.699745] [G loss: -0.642239]
[Epoch 740/1001] [Batch 0/1] [D loss: -25.213871] [G loss: -3.257274]
[Epoch 741/1001] [Batch 0/1] [D loss: -28.170240] [G loss: -2.587045]
[Epoch 742/1001] [Batch 0/1] [D loss: -29.261497] [G loss: -0.562413]
[Epoch 743/1001] [Batch 0/1] [D loss: -27.725895] [G loss: 0.448157]
[Epoch 744/1001] [Batch 0/1] [D loss: -24.318945] [G loss: 7.701986]
[Epoch 745/1001] [Batch 0/1] [D loss: -23.917120] [G loss: -5.706282]
[Epoch 746/1001] [Batch 0/1] [D loss: -26.177074] [G loss: -5.199255]
[Epoch 747/1001] [Batch 0/1] [D loss: -28.189810] [G loss: 7.747018]
[Epoch 748/1001] [Batch 0/1] [D loss: -25.474483] [G loss: 0.568961]
[Epoch 749/1001] [Batch 0/1] [D loss: -28.922667] [G loss: -2.204119]
[Epoch 750/1001] [Batch 0/1] [D loss: -25.664322] [G loss: -0.911205]
[Epoch 751/1001] [Batch 0/1] [D loss: -27.109371] [G loss: 3.085721]
[Epoch 752/1001] [Batch 0/1] [D loss: -25.364635] [G loss: -3.191715]
[Epoch 753/1001] [Batch 0/1] [D loss: -27.938799] [G loss: 4.905876]
[Epoch 754/1001] [Batch 0/1] [D loss: -26.360037] [G loss: 1.333173]
[Epoch 755/1001] [Batch 0/1] [D loss: -27.754555] [G loss: -2.747741]
[Epoch 756/1001] [Batch 0/1] [D loss: -27.712120] [G loss: -5.054099]
[Epoch 757/1001] [Batch 0/1] [D loss: -27.315138] [G loss: 4.181542]
[Epoch 758/1001] [Batch 0/1] [D loss: -26.126413] [G loss: -1.782650]
[Epoch 759/1001] [Batch 0/1] [D loss: -27.905603] [G loss: -3.118597]
[Epoch 760/1001] [Batch 0/1] [D loss: -28.555004] [G loss: 2.885434]
[Epoch 761/1001] [Batch 0/1] [D loss: -25.709700] [G loss: -4.390462]
[Epoch 762/1001] [Batch 0/1] [D loss: -27.044525] [G loss: -4.392521]
[Epoch 763/1001] [Batch 0/1] [D loss: -24.026215] [G loss: 4.619255]
[Epoch 764/1001] [Batch 0/1] [D loss: -26.401741] [G loss: 2.138445]
[Epoch 765/1001] [Batch 0/1] [D loss: -26.915934] [G loss: 0.154975]
[Epoch 766/1001] [Batch 0/1] [D loss: -29.115479] [G loss: -0.836600]
[Epoch 767/1001] [Batch 0/1] [D loss: -29.547012] [G loss: 0.286768]
[Epoch 768/1001] [Batch 0/1] [D loss: -26.959402] [G loss: 4.155919]
[Epoch 769/1001] [Batch 0/1] [D loss: -24.711128] [G loss: -2.664294]
[Epoch 770/1001] [Batch 0/1] [D loss: -29.204687] [G loss: -4.834061]
[Epoch 771/1001] [Batch 0/1] [D loss: -26.654964] [G loss: -2.656179]
[Epoch 772/1001] [Batch 0/1] [D loss: -26.224461] [G loss: -1.855743]
[Epoch 773/1001] [Batch 0/1] [D loss: -26.502647] [G loss: 3.693979]
[Epoch 774/1001] [Batch 0/1] [D loss: -24.375137] [G loss: -1.263397]
[Epoch 775/1001] [Batch 0/1] [D loss: -25.418901] [G loss: 3.104304]
[Epoch 776/1001] [Batch 0/1] [D loss: -24.804886] [G loss: 0.623063]
[Epoch 777/1001] [Batch 0/1] [D loss: -26.216803] [G loss: 1.257343]
[Epoch 778/1001] [Batch 0/1] [D loss: -25.662956] [G loss: -2.538556]
[Epoch 779/1001] [Batch 0/1] [D loss: -25.823601] [G loss: -3.640802]
[Epoch 780/1001] [Batch 0/1] [D loss: -28.594685] [G loss: -0.857088]
[Epoch 781/1001] [Batch 0/1] [D loss: -25.621790] [G loss: -2.526719]
[Epoch 782/1001] [Batch 0/1] [D loss: -26.668787] [G loss: -0.527536]
[Epoch 783/1001] [Batch 0/1] [D loss: -28.220463] [G loss: 1.881023]
[Epoch 784/1001] [Batch 0/1] [D loss: -26.431129] [G loss: 3.207577]
[Epoch 785/1001] [Batch 0/1] [D loss: -23.852127] [G loss: -2.231802]
[Epoch 786/1001] [Batch 0/1] [D loss: -27.028938] [G loss: 0.970242]
[Epoch 787/1001] [Batch 0/1] [D loss: -27.156811] [G loss: -0.414905]
[Epoch 788/1001] [Batch 0/1] [D loss: -25.883896] [G loss: 3.102169]
[Epoch 789/1001] [Batch 0/1] [D loss: -23.831963] [G loss: -2.455369]
[Epoch 790/1001] [Batch 0/1] [D loss: -25.060463] [G loss: -2.113257]
[Epoch 791/1001] [Batch 0/1] [D loss: -26.782219] [G loss: 0.486371]
[Epoch 792/1001] [Batch 0/1] [D loss: -25.699978] [G loss: -3.171016]
[Epoch 793/1001] [Batch 0/1] [D loss: -25.622662] [G loss: -2.318963]
[Epoch 794/1001] [Batch 0/1] [D loss: -26.028988] [G loss: -3.184985]
[Epoch 795/1001] [Batch 0/1] [D loss: -27.851864] [G loss: 1.501425]
[Epoch 796/1001] [Batch 0/1] [D loss: -26.217110] [G loss: 2.949929]
[Epoch 797/1001] [Batch 0/1] [D loss: -28.498283] [G loss: 0.753642]
[Epoch 798/1001] [Batch 0/1] [D loss: -25.201256] [G loss: 1.092203]
[Epoch 799/1001] [Batch 0/1] [D loss: -26.255322] [G loss: -2.479944]
[Epoch 800/1001] [Batch 0/1] [D loss: -28.123146] [G loss: -2.448769]
[Epoch 801/1001] [Batch 0/1] [D loss: -26.576635] [G loss: 2.701832]
[Epoch 802/1001] [Batch 0/1] [D loss: -26.399870] [G loss: 2.195298]
[Epoch 803/1001] [Batch 0/1] [D loss: -25.891951] [G loss: -4.356995]
[Epoch 804/1001] [Batch 0/1] [D loss: -27.133018] [G loss: -3.712212]
[Epoch 805/1001] [Batch 0/1] [D loss: -26.163374] [G loss: 3.714393]
[Epoch 806/1001] [Batch 0/1] [D loss: -25.621067] [G loss: 0.096703]
[Epoch 807/1001] [Batch 0/1] [D loss: -26.532734] [G loss: -2.943312]
[Epoch 808/1001] [Batch 0/1] [D loss: -27.133352] [G loss: 0.894714]
[Epoch 809/1001] [Batch 0/1] [D loss: -24.354925] [G loss: 1.572437]
[Epoch 810/1001] [Batch 0/1] [D loss: -27.182165] [G loss: -1.170128]
[Epoch 811/1001] [Batch 0/1] [D loss: -25.230331] [G loss: -3.865594]
[Epoch 812/1001] [Batch 0/1] [D loss: -25.118610] [G loss: 1.085017]
[Epoch 813/1001] [Batch 0/1] [D loss: -26.373455] [G loss: -0.191617]
[Epoch 814/1001] [Batch 0/1] [D loss: -27.404263] [G loss: -1.910590]
[Epoch 815/1001] [Batch 0/1] [D loss: -25.206062] [G loss: -4.415212]
[Epoch 816/1001] [Batch 0/1] [D loss: -27.544600] [G loss: -4.602049]
[Epoch 817/1001] [Batch 0/1] [D loss: -25.160675] [G loss: 4.242288]
[Epoch 818/1001] [Batch 0/1] [D loss: -25.534470] [G loss: 2.897047]
[Epoch 819/1001] [Batch 0/1] [D loss: -25.149561] [G loss: -1.801600]
[Epoch 820/1001] [Batch 0/1] [D loss: -26.331303] [G loss: -0.598679]
[Epoch 821/1001] [Batch 0/1] [D loss: -24.854109] [G loss: 2.419915]
[Epoch 822/1001] [Batch 0/1] [D loss: -23.329891] [G loss: -1.295235]
[Epoch 823/1001] [Batch 0/1] [D loss: -27.797401] [G loss: 0.303646]
[Epoch 824/1001] [Batch 0/1] [D loss: -25.023346] [G loss: -1.863581]
[Epoch 825/1001] [Batch 0/1] [D loss: -26.535690] [G loss: 1.190446]
[Epoch 826/1001] [Batch 0/1] [D loss: -22.661076] [G loss: 0.382133]
[Epoch 827/1001] [Batch 0/1] [D loss: -24.725637] [G loss: -4.430641]
[Epoch 828/1001] [Batch 0/1] [D loss: -25.392477] [G loss: -2.963170]
[Epoch 829/1001] [Batch 0/1] [D loss: -28.313953] [G loss: 4.365722]
[Epoch 830/1001] [Batch 0/1] [D loss: -26.967995] [G loss: 2.713663]
[Epoch 831/1001] [Batch 0/1] [D loss: -27.386463] [G loss: 1.825413]
[Epoch 832/1001] [Batch 0/1] [D loss: -25.870523] [G loss: 4.361247]
[Epoch 833/1001] [Batch 0/1] [D loss: -27.339451] [G loss: 0.536357]
[Epoch 834/1001] [Batch 0/1] [D loss: -26.890007] [G loss: 0.205366]
[Epoch 835/1001] [Batch 0/1] [D loss: -26.414337] [G loss: -2.403040]
[Epoch 836/1001] [Batch 0/1] [D loss: -27.244923] [G loss: 2.629458]
[Epoch 837/1001] [Batch 0/1] [D loss: -24.878477] [G loss: 0.354758]
[Epoch 838/1001] [Batch 0/1] [D loss: -24.508265] [G loss: 1.570031]
[Epoch 839/1001] [Batch 0/1] [D loss: -23.725285] [G loss: -3.379934]
[Epoch 840/1001] [Batch 0/1] [D loss: -26.617748] [G loss: -2.147102]
[Epoch 841/1001] [Batch 0/1] [D loss: -25.582024] [G loss: 0.446111]
[Epoch 842/1001] [Batch 0/1] [D loss: -26.748573] [G loss: 0.120270]
[Epoch 843/1001] [Batch 0/1] [D loss: -26.347956] [G loss: -2.258467]
[Epoch 844/1001] [Batch 0/1] [D loss: -25.691189] [G loss: -1.171384]
[Epoch 845/1001] [Batch 0/1] [D loss: -24.478949] [G loss: -0.742029]
[Epoch 846/1001] [Batch 0/1] [D loss: -26.633677] [G loss: -1.692347]
[Epoch 847/1001] [Batch 0/1] [D loss: -25.014957] [G loss: -2.658677]
[Epoch 848/1001] [Batch 0/1] [D loss: -25.044216] [G loss: 3.027040]
[Epoch 849/1001] [Batch 0/1] [D loss: -25.968826] [G loss: 2.478138]
[Epoch 850/1001] [Batch 0/1] [D loss: -26.244293] [G loss: 0.032794]
[Epoch 851/1001] [Batch 0/1] [D loss: -25.111748] [G loss: -1.191490]
[Epoch 852/1001] [Batch 0/1] [D loss: -26.771687] [G loss: -2.587005]
[Epoch 853/1001] [Batch 0/1] [D loss: -27.762701] [G loss: -3.361976]
[Epoch 854/1001] [Batch 0/1] [D loss: -25.623123] [G loss: 0.803309]
[Epoch 855/1001] [Batch 0/1] [D loss: -23.468002] [G loss: -3.159453]
[Epoch 856/1001] [Batch 0/1] [D loss: -23.944822] [G loss: -2.568700]
[Epoch 857/1001] [Batch 0/1] [D loss: -25.881430] [G loss: -1.460233]
[Epoch 858/1001] [Batch 0/1] [D loss: -24.627506] [G loss: -1.889301]
[Epoch 859/1001] [Batch 0/1] [D loss: -26.859020] [G loss: 1.292229]
[Epoch 860/1001] [Batch 0/1] [D loss: -25.928234] [G loss: 1.802872]
[Epoch 861/1001] [Batch 0/1] [D loss: -27.766716] [G loss: 3.261651]
[Epoch 862/1001] [Batch 0/1] [D loss: -24.648979] [G loss: -3.086400]
[Epoch 863/1001] [Batch 0/1] [D loss: -27.217806] [G loss: 1.273065]
[Epoch 864/1001] [Batch 0/1] [D loss: -26.419308] [G loss: -1.922771]
[Epoch 865/1001] [Batch 0/1] [D loss: -26.504425] [G loss: -3.788131]
[Epoch 866/1001] [Batch 0/1] [D loss: -25.330109] [G loss: 1.960555]
[Epoch 867/1001] [Batch 0/1] [D loss: -26.419884] [G loss: 2.995945]
[Epoch 868/1001] [Batch 0/1] [D loss: -26.510391] [G loss: -2.715506]
[Epoch 869/1001] [Batch 0/1] [D loss: -26.910568] [G loss: -2.506926]
[Epoch 870/1001] [Batch 0/1] [D loss: -26.269257] [G loss: 0.402226]
[Epoch 871/1001] [Batch 0/1] [D loss: -27.030363] [G loss: -0.796905]
[Epoch 872/1001] [Batch 0/1] [D loss: -25.683622] [G loss: -2.542621]
[Epoch 873/1001] [Batch 0/1] [D loss: -27.838120] [G loss: 0.423725]
[Epoch 874/1001] [Batch 0/1] [D loss: -24.482410] [G loss: 3.219030]
[Epoch 875/1001] [Batch 0/1] [D loss: -26.850306] [G loss: 2.525458]
[Epoch 876/1001] [Batch 0/1] [D loss: -25.129633] [G loss: -2.458054]
[Epoch 877/1001] [Batch 0/1] [D loss: -27.797035] [G loss: -1.367334]
[Epoch 878/1001] [Batch 0/1] [D loss: -26.988644] [G loss: 0.195445]
[Epoch 879/1001] [Batch 0/1] [D loss: -26.707075] [G loss: -3.161523]
[Epoch 880/1001] [Batch 0/1] [D loss: -26.414371] [G loss: -4.666403]
[Epoch 881/1001] [Batch 0/1] [D loss: -26.236712] [G loss: 0.118260]
[Epoch 882/1001] [Batch 0/1] [D loss: -27.299204] [G loss: 0.494127]
[Epoch 883/1001] [Batch 0/1] [D loss: -26.405163] [G loss: 0.293800]
[Epoch 884/1001] [Batch 0/1] [D loss: -24.130873] [G loss: -2.474332]
[Epoch 885/1001] [Batch 0/1] [D loss: -26.245443] [G loss: -4.417189]
[Epoch 886/1001] [Batch 0/1] [D loss: -27.190350] [G loss: -2.114000]
[Epoch 887/1001] [Batch 0/1] [D loss: -28.010197] [G loss: 1.910916]
[Epoch 888/1001] [Batch 0/1] [D loss: -25.477974] [G loss: 3.382995]
[Epoch 889/1001] [Batch 0/1] [D loss: -26.222733] [G loss: 1.651705]
[Epoch 890/1001] [Batch 0/1] [D loss: -23.771559] [G loss: 3.037633]
[Epoch 891/1001] [Batch 0/1] [D loss: -25.837330] [G loss: -0.675829]
[Epoch 892/1001] [Batch 0/1] [D loss: -27.253998] [G loss: -4.936084]
[Epoch 893/1001] [Batch 0/1] [D loss: -26.381094] [G loss: -1.173809]
[Epoch 894/1001] [Batch 0/1] [D loss: -25.381340] [G loss: -3.797416]
[Epoch 895/1001] [Batch 0/1] [D loss: -25.852905] [G loss: -3.651437]
[Epoch 896/1001] [Batch 0/1] [D loss: -26.125975] [G loss: 3.340888]
[Epoch 897/1001] [Batch 0/1] [D loss: -24.756907] [G loss: 1.028536]
[Epoch 898/1001] [Batch 0/1] [D loss: -25.096081] [G loss: 1.674175]
[Epoch 899/1001] [Batch 0/1] [D loss: -27.173504] [G loss: -1.352873]
[Epoch 900/1001] [Batch 0/1] [D loss: -24.419392] [G loss: -3.330455]
[Epoch 901/1001] [Batch 0/1] [D loss: -25.867634] [G loss: 1.034795]
[Epoch 902/1001] [Batch 0/1] [D loss: -25.070362] [G loss: 4.049637]
[Epoch 903/1001] [Batch 0/1] [D loss: -24.551571] [G loss: -2.031764]
[Epoch 904/1001] [Batch 0/1] [D loss: -26.257837] [G loss: -4.028786]
[Epoch 905/1001] [Batch 0/1] [D loss: -23.804474] [G loss: -3.122798]
[Epoch 906/1001] [Batch 0/1] [D loss: -26.337606] [G loss: -1.557650]
[Epoch 907/1001] [Batch 0/1] [D loss: -23.121189] [G loss: 2.684227]
[Epoch 908/1001] [Batch 0/1] [D loss: -21.988247] [G loss: -0.150802]
[Epoch 909/1001] [Batch 0/1] [D loss: -22.750814] [G loss: -4.759762]
[Epoch 910/1001] [Batch 0/1] [D loss: -26.132317] [G loss: 2.262932]
[Epoch 911/1001] [Batch 0/1] [D loss: -26.711363] [G loss: 1.434230]
[Epoch 912/1001] [Batch 0/1] [D loss: -24.840891] [G loss: -2.839541]
[Epoch 913/1001] [Batch 0/1] [D loss: -23.381496] [G loss: -2.455349]
[Epoch 914/1001] [Batch 0/1] [D loss: -25.041470] [G loss: 0.022416]
[Epoch 915/1001] [Batch 0/1] [D loss: -23.855799] [G loss: 3.169575]
[Epoch 916/1001] [Batch 0/1] [D loss: -25.114996] [G loss: -1.733837]
[Epoch 917/1001] [Batch 0/1] [D loss: -24.355015] [G loss: -3.361932]
[Epoch 918/1001] [Batch 0/1] [D loss: -24.483980] [G loss: 2.386665]
[Epoch 919/1001] [Batch 0/1] [D loss: -23.048973] [G loss: 4.208476]
[Epoch 920/1001] [Batch 0/1] [D loss: -23.298435] [G loss: -2.620970]
[Epoch 921/1001] [Batch 0/1] [D loss: -24.253174] [G loss: 3.345535]
[Epoch 922/1001] [Batch 0/1] [D loss: -24.865686] [G loss: 3.877977]
[Epoch 923/1001] [Batch 0/1] [D loss: -23.669268] [G loss: -1.401151]
[Epoch 924/1001] [Batch 0/1] [D loss: -26.865435] [G loss: -1.394309]
[Epoch 925/1001] [Batch 0/1] [D loss: -26.068157] [G loss: -1.961188]
[Epoch 926/1001] [Batch 0/1] [D loss: -24.756001] [G loss: -1.409505]
[Epoch 927/1001] [Batch 0/1] [D loss: -26.084223] [G loss: -5.289678]
[Epoch 928/1001] [Batch 0/1] [D loss: -26.694275] [G loss: -1.757019]
[Epoch 929/1001] [Batch 0/1] [D loss: -23.759541] [G loss: 3.434993]
[Epoch 930/1001] [Batch 0/1] [D loss: -25.973461] [G loss: 1.909467]
[Epoch 931/1001] [Batch 0/1] [D loss: -26.173229] [G loss: -2.472578]
[Epoch 932/1001] [Batch 0/1] [D loss: -24.826797] [G loss: -6.183326]
[Epoch 933/1001] [Batch 0/1] [D loss: -25.453688] [G loss: -2.100289]
[Epoch 934/1001] [Batch 0/1] [D loss: -24.565788] [G loss: 1.451054]
[Epoch 935/1001] [Batch 0/1] [D loss: -22.718134] [G loss: -4.717211]
[Epoch 936/1001] [Batch 0/1] [D loss: -24.628984] [G loss: 1.927638]
[Epoch 937/1001] [Batch 0/1] [D loss: -25.810450] [G loss: 5.214721]
[Epoch 938/1001] [Batch 0/1] [D loss: -24.083622] [G loss: -1.892170]
[Epoch 939/1001] [Batch 0/1] [D loss: -25.959551] [G loss: -3.376675]
[Epoch 940/1001] [Batch 0/1] [D loss: -28.063385] [G loss: 1.869905]
[Epoch 941/1001] [Batch 0/1] [D loss: -26.732779] [G loss: -0.401814]
[Epoch 942/1001] [Batch 0/1] [D loss: -25.818880] [G loss: 0.120305]
[Epoch 943/1001] [Batch 0/1] [D loss: -26.412231] [G loss: 1.654530]
[Epoch 944/1001] [Batch 0/1] [D loss: -24.693192] [G loss: -3.561716]
[Epoch 945/1001] [Batch 0/1] [D loss: -25.837147] [G loss: -4.506965]
[Epoch 946/1001] [Batch 0/1] [D loss: -26.466955] [G loss: -2.153168]
[Epoch 947/1001] [Batch 0/1] [D loss: -26.285669] [G loss: -3.159015]
[Epoch 948/1001] [Batch 0/1] [D loss: -28.212526] [G loss: 0.225537]
[Epoch 949/1001] [Batch 0/1] [D loss: -24.880785] [G loss: -2.850646]
[Epoch 950/1001] [Batch 0/1] [D loss: -24.759699] [G loss: 1.076549]
[Epoch 951/1001] [Batch 0/1] [D loss: -24.521614] [G loss: 0.197748]
[Epoch 952/1001] [Batch 0/1] [D loss: -24.483810] [G loss: 0.437547]
[Epoch 953/1001] [Batch 0/1] [D loss: -24.901611] [G loss: -2.578610]
[Epoch 954/1001] [Batch 0/1] [D loss: -24.425562] [G loss: -4.102786]
[Epoch 955/1001] [Batch 0/1] [D loss: -24.057171] [G loss: 1.322399]
[Epoch 956/1001] [Batch 0/1] [D loss: -23.957161] [G loss: 1.127686]
[Epoch 957/1001] [Batch 0/1] [D loss: -26.005714] [G loss: 0.349984]
[Epoch 958/1001] [Batch 0/1] [D loss: -25.235708] [G loss: -5.647511]
[Epoch 959/1001] [Batch 0/1] [D loss: -23.189251] [G loss: -3.954705]
[Epoch 960/1001] [Batch 0/1] [D loss: -24.100874] [G loss: 5.033520]
[Epoch 961/1001] [Batch 0/1] [D loss: -22.337994] [G loss: -3.649121]
[Epoch 962/1001] [Batch 0/1] [D loss: -26.016256] [G loss: -1.842770]
[Epoch 963/1001] [Batch 0/1] [D loss: -22.877165] [G loss: 4.443559]
[Epoch 964/1001] [Batch 0/1] [D loss: -24.948729] [G loss: 4.290668]
[Epoch 965/1001] [Batch 0/1] [D loss: -24.255644] [G loss: -2.491921]
[Epoch 966/1001] [Batch 0/1] [D loss: -27.484234] [G loss: -5.587894]
[Epoch 967/1001] [Batch 0/1] [D loss: -27.553753] [G loss: -3.879580]
[Epoch 968/1001] [Batch 0/1] [D loss: -24.974056] [G loss: 0.188072]
[Epoch 969/1001] [Batch 0/1] [D loss: -22.111412] [G loss: 2.176463]
[Epoch 970/1001] [Batch 0/1] [D loss: -23.676739] [G loss: 1.907666]
[Epoch 971/1001] [Batch 0/1] [D loss: -23.530300] [G loss: -4.021152]
[Epoch 972/1001] [Batch 0/1] [D loss: -26.274822] [G loss: -4.098516]
[Epoch 973/1001] [Batch 0/1] [D loss: -27.127855] [G loss: -3.839904]
[Epoch 974/1001] [Batch 0/1] [D loss: -25.974964] [G loss: 2.441454]
[Epoch 975/1001] [Batch 0/1] [D loss: -24.094997] [G loss: 0.360771]
[Epoch 976/1001] [Batch 0/1] [D loss: -24.150826] [G loss: 3.061744]
[Epoch 977/1001] [Batch 0/1] [D loss: -23.063921] [G loss: 4.154222]
[Epoch 978/1001] [Batch 0/1] [D loss: -24.744637] [G loss: -0.734658]
[Epoch 979/1001] [Batch 0/1] [D loss: -26.580996] [G loss: -3.228244]
[Epoch 980/1001] [Batch 0/1] [D loss: -24.471241] [G loss: 2.187187]
[Epoch 981/1001] [Batch 0/1] [D loss: -24.458286] [G loss: -1.204452]
[Epoch 982/1001] [Batch 0/1] [D loss: -25.687012] [G loss: -3.329521]
[Epoch 983/1001] [Batch 0/1] [D loss: -25.415560] [G loss: -0.642275]
[Epoch 984/1001] [Batch 0/1] [D loss: -25.802547] [G loss: -1.598759]
[Epoch 985/1001] [Batch 0/1] [D loss: -24.907314] [G loss: -1.320643]
[Epoch 986/1001] [Batch 0/1] [D loss: -21.432156] [G loss: -1.567368]
[Epoch 987/1001] [Batch 0/1] [D loss: -25.692017] [G loss: 0.091501]
[Epoch 988/1001] [Batch 0/1] [D loss: -25.861794] [G loss: -1.715527]
[Epoch 989/1001] [Batch 0/1] [D loss: -24.982103] [G loss: 1.096785]
[Epoch 990/1001] [Batch 0/1] [D loss: -24.253717] [G loss: -0.361177]
[Epoch 991/1001] [Batch 0/1] [D loss: -23.100222] [G loss: 0.998428]
[Epoch 992/1001] [Batch 0/1] [D loss: -23.350393] [G loss: -3.213906]
[Epoch 993/1001] [Batch 0/1] [D loss: -25.010620] [G loss: -5.993481]
[Epoch 994/1001] [Batch 0/1] [D loss: -26.513262] [G loss: -1.404871]
[Epoch 995/1001] [Batch 0/1] [D loss: -24.885078] [G loss: 0.523502]
[Epoch 996/1001] [Batch 0/1] [D loss: -23.222157] [G loss: -0.358451]
[Epoch 997/1001] [Batch 0/1] [D loss: -24.529350] [G loss: -1.961864]
[Epoch 998/1001] [Batch 0/1] [D loss: -24.360798] [G loss: -0.715126]
[Epoch 999/1001] [Batch 0/1] [D loss: -26.513218] [G loss: -1.588058]
[Epoch 1000/1001] [Batch 0/1] [D loss: -27.294447] [G loss: -3.541220]
