Namespace(b1=0.5, b2=0.999, batch_size=64, channels=3, clip_value=0.01, img_size=256, latent_dim=100, lr=0.0002, n_cpu=8, n_critic=5, n_epochs=401, sample_interval=200)
44
[Epoch 0/401] [Batch 0/1] [D loss: -0.001084] [G loss: -0.029327]
[Epoch 1/401] [Batch 0/1] [D loss: -0.003430] [G loss: -0.028591]
[Epoch 2/401] [Batch 0/1] [D loss: -0.007835] [G loss: -0.027539]
[Epoch 3/401] [Batch 0/1] [D loss: -0.013945] [G loss: -0.026296]
[Epoch 4/401] [Batch 0/1] [D loss: -0.021608] [G loss: -0.024777]
[Epoch 5/401] [Batch 0/1] [D loss: -0.030512] [G loss: -0.023081]
[Epoch 6/401] [Batch 0/1] [D loss: -0.040349] [G loss: -0.021340]
[Epoch 7/401] [Batch 0/1] [D loss: -0.051281] [G loss: -0.019239]
[Epoch 8/401] [Batch 0/1] [D loss: -0.062544] [G loss: -0.017388]
[Epoch 9/401] [Batch 0/1] [D loss: -0.074486] [G loss: -0.015284]
[Epoch 10/401] [Batch 0/1] [D loss: -0.087251] [G loss: -0.012849]
[Epoch 11/401] [Batch 0/1] [D loss: -0.100281] [G loss: -0.010542]
[Epoch 12/401] [Batch 0/1] [D loss: -0.113890] [G loss: -0.008007]
[Epoch 13/401] [Batch 0/1] [D loss: -0.127750] [G loss: -0.005609]
[Epoch 14/401] [Batch 0/1] [D loss: -0.142121] [G loss: -0.003045]
[Epoch 15/401] [Batch 0/1] [D loss: -0.156798] [G loss: -0.000539]
[Epoch 16/401] [Batch 0/1] [D loss: -0.171920] [G loss: 0.001983]
[Epoch 17/401] [Batch 0/1] [D loss: -0.187712] [G loss: 0.004737]
[Epoch 18/401] [Batch 0/1] [D loss: -0.203830] [G loss: 0.007339]
[Epoch 19/401] [Batch 0/1] [D loss: -0.220305] [G loss: 0.009874]
[Epoch 20/401] [Batch 0/1] [D loss: -0.237541] [G loss: 0.012632]
[Epoch 21/401] [Batch 0/1] [D loss: -0.255300] [G loss: 0.015441]
[Epoch 22/401] [Batch 0/1] [D loss: -0.273572] [G loss: 0.018222]
[Epoch 23/401] [Batch 0/1] [D loss: -0.292209] [G loss: 0.020836]
[Epoch 24/401] [Batch 0/1] [D loss: -0.311601] [G loss: 0.023606]
[Epoch 25/401] [Batch 0/1] [D loss: -0.331534] [G loss: 0.026307]
[Epoch 26/401] [Batch 0/1] [D loss: -0.352717] [G loss: 0.029615]
[Epoch 27/401] [Batch 0/1] [D loss: -0.374025] [G loss: 0.032410]
[Epoch 28/401] [Batch 0/1] [D loss: -0.396107] [G loss: 0.035320]
[Epoch 29/401] [Batch 0/1] [D loss: -0.419187] [G loss: 0.038524]
[Epoch 30/401] [Batch 0/1] [D loss: -0.442393] [G loss: 0.041129]
[Epoch 31/401] [Batch 0/1] [D loss: -0.467113] [G loss: 0.044457]
[Epoch 32/401] [Batch 0/1] [D loss: -0.492617] [G loss: 0.047740]
[Epoch 33/401] [Batch 0/1] [D loss: -0.518800] [G loss: 0.050838]
[Epoch 34/401] [Batch 0/1] [D loss: -0.545834] [G loss: 0.053892]
[Epoch 35/401] [Batch 0/1] [D loss: -0.573969] [G loss: 0.057111]
[Epoch 36/401] [Batch 0/1] [D loss: -0.603479] [G loss: 0.060742]
[Epoch 37/401] [Batch 0/1] [D loss: -0.633635] [G loss: 0.063993]
[Epoch 38/401] [Batch 0/1] [D loss: -0.665144] [G loss: 0.067498]
[Epoch 39/401] [Batch 0/1] [D loss: -0.697887] [G loss: 0.071084]
[Epoch 40/401] [Batch 0/1] [D loss: -0.731310] [G loss: 0.074125]
[Epoch 41/401] [Batch 0/1] [D loss: -0.766319] [G loss: 0.077460]
[Epoch 42/401] [Batch 0/1] [D loss: -0.802764] [G loss: 0.080860]
[Epoch 43/401] [Batch 0/1] [D loss: -0.841297] [G loss: 0.084951]
[Epoch 44/401] [Batch 0/1] [D loss: -0.880867] [G loss: 0.088544]
[Epoch 45/401] [Batch 0/1] [D loss: -0.921928] [G loss: 0.092012]
[Epoch 46/401] [Batch 0/1] [D loss: -0.965683] [G loss: 0.096472]
[Epoch 47/401] [Batch 0/1] [D loss: -1.010477] [G loss: 0.100127]
[Epoch 48/401] [Batch 0/1] [D loss: -1.057624] [G loss: 0.104223]
[Epoch 49/401] [Batch 0/1] [D loss: -1.106567] [G loss: 0.108003]
[Epoch 50/401] [Batch 0/1] [D loss: -1.158329] [G loss: 0.112424]
[Epoch 51/401] [Batch 0/1] [D loss: -1.212996] [G loss: 0.117397]
[Epoch 52/401] [Batch 0/1] [D loss: -1.269526] [G loss: 0.121668]
[Epoch 53/401] [Batch 0/1] [D loss: -1.329109] [G loss: 0.126347]
[Epoch 54/401] [Batch 0/1] [D loss: -1.391863] [G loss: 0.131319]
[Epoch 55/401] [Batch 0/1] [D loss: -1.458258] [G loss: 0.136903]
[Epoch 56/401] [Batch 0/1] [D loss: -1.526418] [G loss: 0.140929]
[Epoch 57/401] [Batch 0/1] [D loss: -1.599534] [G loss: 0.146482]
[Epoch 58/401] [Batch 0/1] [D loss: -1.676207] [G loss: 0.151877]
[Epoch 59/401] [Batch 0/1] [D loss: -1.756841] [G loss: 0.157279]
[Epoch 60/401] [Batch 0/1] [D loss: -1.841535] [G loss: 0.162492]
[Epoch 61/401] [Batch 0/1] [D loss: -1.931844] [G loss: 0.168821]
[Epoch 62/401] [Batch 0/1] [D loss: -2.025974] [G loss: 0.174068]
[Epoch 63/401] [Batch 0/1] [D loss: -2.125933] [G loss: 0.179946]
[Epoch 64/401] [Batch 0/1] [D loss: -2.231657] [G loss: 0.185992]
[Epoch 65/401] [Batch 0/1] [D loss: -2.343880] [G loss: 0.192601]
[Epoch 66/401] [Batch 0/1] [D loss: -2.461737] [G loss: 0.198355]
[Epoch 67/401] [Batch 0/1] [D loss: -2.587604] [G loss: 0.205276]
[Epoch 68/401] [Batch 0/1] [D loss: -2.720302] [G loss: 0.211537]
[Epoch 69/401] [Batch 0/1] [D loss: -2.861483] [G loss: 0.218246]
[Epoch 70/401] [Batch 0/1] [D loss: -3.010780] [G loss: 0.224393]
[Epoch 71/401] [Batch 0/1] [D loss: -3.171645] [G loss: 0.232764]
[Epoch 72/401] [Batch 0/1] [D loss: -3.341191] [G loss: 0.239639]
[Epoch 73/401] [Batch 0/1] [D loss: -3.522903] [G loss: 0.247723]
[Epoch 74/401] [Batch 0/1] [D loss: -3.716167] [G loss: 0.255480]
[Epoch 75/401] [Batch 0/1] [D loss: -3.921035] [G loss: 0.261878]
[Epoch 76/401] [Batch 0/1] [D loss: -4.143701] [G loss: 0.272232]
[Epoch 77/401] [Batch 0/1] [D loss: -4.380303] [G loss: 0.281273]
[Epoch 78/401] [Batch 0/1] [D loss: -4.631680] [G loss: 0.288515]
[Epoch 79/401] [Batch 0/1] [D loss: -4.901345] [G loss: 0.296092]
[Epoch 80/401] [Batch 0/1] [D loss: -5.193665] [G loss: 0.306824]
[Epoch 81/401] [Batch 0/1] [D loss: -5.503187] [G loss: 0.313192]
[Epoch 82/401] [Batch 0/1] [D loss: -5.841901] [G loss: 0.325570]
[Epoch 83/401] [Batch 0/1] [D loss: -6.204597] [G loss: 0.336323]
[Epoch 84/401] [Batch 0/1] [D loss: -6.594516] [G loss: 0.346268]
[Epoch 85/401] [Batch 0/1] [D loss: -7.015532] [G loss: 0.356684]
[Epoch 86/401] [Batch 0/1] [D loss: -7.468252] [G loss: 0.365261]
[Epoch 87/401] [Batch 0/1] [D loss: -7.960470] [G loss: 0.376673]
[Epoch 88/401] [Batch 0/1] [D loss: -8.493836] [G loss: 0.389142]
[Epoch 89/401] [Batch 0/1] [D loss: -9.069871] [G loss: 0.400408]
[Epoch 90/401] [Batch 0/1] [D loss: -9.695110] [G loss: 0.413313]
[Epoch 91/401] [Batch 0/1] [D loss: -10.372493] [G loss: 0.426777]
[Epoch 92/401] [Batch 0/1] [D loss: -11.103331] [G loss: 0.438246]
[Epoch 93/401] [Batch 0/1] [D loss: -11.894794] [G loss: 0.451704]
[Epoch 94/401] [Batch 0/1] [D loss: -12.750322] [G loss: 0.468536]
[Epoch 95/401] [Batch 0/1] [D loss: -13.662537] [G loss: 0.480719]
[Epoch 96/401] [Batch 0/1] [D loss: -14.634758] [G loss: 0.495528]
[Epoch 97/401] [Batch 0/1] [D loss: -15.658247] [G loss: 0.513465]
[Epoch 98/401] [Batch 0/1] [D loss: -16.710758] [G loss: 0.530556]
[Epoch 99/401] [Batch 0/1] [D loss: -17.757875] [G loss: 0.544838]
[Epoch 100/401] [Batch 0/1] [D loss: -18.751938] [G loss: 0.559110]
[Epoch 101/401] [Batch 0/1] [D loss: -19.624088] [G loss: 0.579549]
[Epoch 102/401] [Batch 0/1] [D loss: -20.278595] [G loss: 0.597305]
[Epoch 103/401] [Batch 0/1] [D loss: -20.627460] [G loss: 0.613657]
[Epoch 104/401] [Batch 0/1] [D loss: -20.630379] [G loss: 0.631756]
[Epoch 105/401] [Batch 0/1] [D loss: -20.352043] [G loss: 0.648136]
[Epoch 106/401] [Batch 0/1] [D loss: -20.002882] [G loss: 0.670599]
[Epoch 107/401] [Batch 0/1] [D loss: -19.838245] [G loss: 0.686456]
[Epoch 108/401] [Batch 0/1] [D loss: -20.040859] [G loss: 0.700050]
[Epoch 109/401] [Batch 0/1] [D loss: -20.585829] [G loss: 0.714921]
[Epoch 110/401] [Batch 0/1] [D loss: -21.282072] [G loss: 0.730186]
[Epoch 111/401] [Batch 0/1] [D loss: -21.920658] [G loss: 0.744598]
[Epoch 112/401] [Batch 0/1] [D loss: -22.395647] [G loss: 0.762219]
[Epoch 113/401] [Batch 0/1] [D loss: -22.687080] [G loss: 0.776167]
[Epoch 114/401] [Batch 0/1] [D loss: -22.841486] [G loss: 0.795943]
[Epoch 115/401] [Batch 0/1] [D loss: -22.916397] [G loss: 0.817103]
[Epoch 116/401] [Batch 0/1] [D loss: -22.952765] [G loss: 0.829846]
[Epoch 117/401] [Batch 0/1] [D loss: -23.002359] [G loss: 0.850132]
[Epoch 118/401] [Batch 0/1] [D loss: -23.085340] [G loss: 0.875206]
[Epoch 119/401] [Batch 0/1] [D loss: -23.202990] [G loss: 0.896711]
[Epoch 120/401] [Batch 0/1] [D loss: -23.359896] [G loss: 0.920385]
[Epoch 121/401] [Batch 0/1] [D loss: -23.551373] [G loss: 0.948912]
[Epoch 122/401] [Batch 0/1] [D loss: -23.748411] [G loss: 0.967575]
[Epoch 123/401] [Batch 0/1] [D loss: -23.952995] [G loss: 0.994883]
[Epoch 124/401] [Batch 0/1] [D loss: -24.137289] [G loss: 1.019719]
[Epoch 125/401] [Batch 0/1] [D loss: -24.292948] [G loss: 1.049143]
[Epoch 126/401] [Batch 0/1] [D loss: -24.410694] [G loss: 1.081420]
[Epoch 127/401] [Batch 0/1] [D loss: -24.481789] [G loss: 1.108734]
[Epoch 128/401] [Batch 0/1] [D loss: -24.518414] [G loss: 1.133071]
[Epoch 129/401] [Batch 0/1] [D loss: -24.547989] [G loss: 1.165525]
[Epoch 130/401] [Batch 0/1] [D loss: -24.582699] [G loss: 1.200211]
[Epoch 131/401] [Batch 0/1] [D loss: -24.631727] [G loss: 1.231401]
[Epoch 132/401] [Batch 0/1] [D loss: -24.703362] [G loss: 1.262321]
[Epoch 133/401] [Batch 0/1] [D loss: -24.797270] [G loss: 1.297701]
[Epoch 134/401] [Batch 0/1] [D loss: -24.893129] [G loss: 1.327371]
[Epoch 135/401] [Batch 0/1] [D loss: -24.991257] [G loss: 1.364550]
[Epoch 136/401] [Batch 0/1] [D loss: -25.077156] [G loss: 1.400260]
[Epoch 137/401] [Batch 0/1] [D loss: -25.150692] [G loss: 1.440354]
[Epoch 138/401] [Batch 0/1] [D loss: -25.199072] [G loss: 1.468762]
[Epoch 139/401] [Batch 0/1] [D loss: -25.245686] [G loss: 1.505893]
[Epoch 140/401] [Batch 0/1] [D loss: -25.291080] [G loss: 1.546979]
[Epoch 141/401] [Batch 0/1] [D loss: -25.341805] [G loss: 1.594246]
[Epoch 142/401] [Batch 0/1] [D loss: -25.385113] [G loss: 1.630891]
[Epoch 143/401] [Batch 0/1] [D loss: -25.444099] [G loss: 1.678978]
[Epoch 144/401] [Batch 0/1] [D loss: -25.505651] [G loss: 1.725626]
[Epoch 145/401] [Batch 0/1] [D loss: -25.571753] [G loss: 1.774040]
[Epoch 146/401] [Batch 0/1] [D loss: -25.646891] [G loss: 1.830924]
[Epoch 147/401] [Batch 0/1] [D loss: -25.711758] [G loss: 1.878940]
[Epoch 148/401] [Batch 0/1] [D loss: -25.782801] [G loss: 1.934879]
[Epoch 149/401] [Batch 0/1] [D loss: -25.845345] [G loss: 1.986686]
[Epoch 150/401] [Batch 0/1] [D loss: -25.910130] [G loss: 2.043726]
[Epoch 151/401] [Batch 0/1] [D loss: -25.977789] [G loss: 2.107709]
[Epoch 152/401] [Batch 0/1] [D loss: -26.028397] [G loss: 2.155153]
[Epoch 153/401] [Batch 0/1] [D loss: -26.116764] [G loss: 2.240984]
[Epoch 154/401] [Batch 0/1] [D loss: -26.169294] [G loss: 2.287336]
[Epoch 155/401] [Batch 0/1] [D loss: -26.258036] [G loss: 2.369460]
[Epoch 156/401] [Batch 0/1] [D loss: -26.314444] [G loss: 2.418197]
[Epoch 157/401] [Batch 0/1] [D loss: -26.402746] [G loss: 2.497761]
[Epoch 158/401] [Batch 0/1] [D loss: -26.473454] [G loss: 2.559577]
[Epoch 159/401] [Batch 0/1] [D loss: -26.570648] [G loss: 2.642300]
[Epoch 160/401] [Batch 0/1] [D loss: -26.654015] [G loss: 2.715951]
[Epoch 161/401] [Batch 0/1] [D loss: -26.750860] [G loss: 2.808713]
[Epoch 162/401] [Batch 0/1] [D loss: -26.837601] [G loss: 2.891109]
[Epoch 163/401] [Batch 0/1] [D loss: -26.918560] [G loss: 2.967189]
[Epoch 164/401] [Batch 0/1] [D loss: -27.019276] [G loss: 3.063615]
[Epoch 165/401] [Batch 0/1] [D loss: -27.119598] [G loss: 3.159917]
[Epoch 166/401] [Batch 0/1] [D loss: -27.209438] [G loss: 3.247128]
[Epoch 167/401] [Batch 0/1] [D loss: -27.334600] [G loss: 3.369991]
[Epoch 168/401] [Batch 0/1] [D loss: -27.434696] [G loss: 3.466272]
[Epoch 169/401] [Batch 0/1] [D loss: -27.539101] [G loss: 3.567035]
[Epoch 170/401] [Batch 0/1] [D loss: -27.654757] [G loss: 3.680668]
[Epoch 171/401] [Batch 0/1] [D loss: -27.787884] [G loss: 3.813688]
[Epoch 172/401] [Batch 0/1] [D loss: -27.891788] [G loss: 3.918702]
[Epoch 173/401] [Batch 0/1] [D loss: -28.023479] [G loss: 4.052591]
[Epoch 174/401] [Batch 0/1] [D loss: -28.143095] [G loss: 4.163795]
[Epoch 175/401] [Batch 0/1] [D loss: -28.279837] [G loss: 4.306979]
[Epoch 176/401] [Batch 0/1] [D loss: -28.416248] [G loss: 4.451894]
[Epoch 177/401] [Batch 0/1] [D loss: -28.557398] [G loss: 4.607045]
[Epoch 178/401] [Batch 0/1] [D loss: -28.682898] [G loss: 4.742650]
[Epoch 179/401] [Batch 0/1] [D loss: -28.823008] [G loss: 4.894804]
[Epoch 180/401] [Batch 0/1] [D loss: -28.946756] [G loss: 5.036449]
[Epoch 181/401] [Batch 0/1] [D loss: -29.046009] [G loss: 5.161651]
[Epoch 182/401] [Batch 0/1] [D loss: -29.216270] [G loss: 5.362989]
[Epoch 183/401] [Batch 0/1] [D loss: -29.352047] [G loss: 5.528213]
[Epoch 184/401] [Batch 0/1] [D loss: -29.472990] [G loss: 5.686623]
[Epoch 185/401] [Batch 0/1] [D loss: -29.607735] [G loss: 5.864014]
[Epoch 186/401] [Batch 0/1] [D loss: -29.721252] [G loss: 6.030481]
[Epoch 187/401] [Batch 0/1] [D loss: -29.807640] [G loss: 6.172614]
[Epoch 188/401] [Batch 0/1] [D loss: -29.924143] [G loss: 6.367666]
[Epoch 189/401] [Batch 0/1] [D loss: -30.003208] [G loss: 6.523357]
[Epoch 190/401] [Batch 0/1] [D loss: -30.060308] [G loss: 6.668327]
[Epoch 191/401] [Batch 0/1] [D loss: -30.149679] [G loss: 6.862173]
[Epoch 192/401] [Batch 0/1] [D loss: -30.169262] [G loss: 6.983415]
[Epoch 193/401] [Batch 0/1] [D loss: -30.205143] [G loss: 7.121427]
[Epoch 194/401] [Batch 0/1] [D loss: -30.185638] [G loss: 7.214204]
[Epoch 195/401] [Batch 0/1] [D loss: -30.240501] [G loss: 7.360979]
[Epoch 196/401] [Batch 0/1] [D loss: -30.273466] [G loss: 7.490758]
[Epoch 197/401] [Batch 0/1] [D loss: -30.226717] [G loss: 7.533070]
[Epoch 198/401] [Batch 0/1] [D loss: -30.219643] [G loss: 7.598611]
[Epoch 199/401] [Batch 0/1] [D loss: -30.195602] [G loss: 7.629467]
[Epoch 200/401] [Batch 0/1] [D loss: -30.250099] [G loss: 7.717569]
[Epoch 201/401] [Batch 0/1] [D loss: -30.194262] [G loss: 7.692842]
[Epoch 202/401] [Batch 0/1] [D loss: -30.176180] [G loss: 7.704070]
[Epoch 203/401] [Batch 0/1] [D loss: -30.191372] [G loss: 7.713268]
[Epoch 204/401] [Batch 0/1] [D loss: -30.186136] [G loss: 7.671474]
[Epoch 205/401] [Batch 0/1] [D loss: -30.093292] [G loss: 7.568988]
[Epoch 206/401] [Batch 0/1] [D loss: -30.122355] [G loss: 7.590714]
[Epoch 207/401] [Batch 0/1] [D loss: -30.120184] [G loss: 7.562572]
[Epoch 208/401] [Batch 0/1] [D loss: -29.998985] [G loss: 7.455181]
[Epoch 209/401] [Batch 0/1] [D loss: -29.917496] [G loss: 7.388082]
[Epoch 210/401] [Batch 0/1] [D loss: -29.824001] [G loss: 7.324499]
[Epoch 211/401] [Batch 0/1] [D loss: -29.627104] [G loss: 7.227070]
[Epoch 212/401] [Batch 0/1] [D loss: -29.609398] [G loss: 7.113447]
[Epoch 213/401] [Batch 0/1] [D loss: -29.547129] [G loss: 7.045994]
[Epoch 214/401] [Batch 0/1] [D loss: -29.364885] [G loss: 6.958607]
[Epoch 215/401] [Batch 0/1] [D loss: -29.257544] [G loss: 6.847009]
[Epoch 216/401] [Batch 0/1] [D loss: -29.048655] [G loss: 6.717216]
[Epoch 217/401] [Batch 0/1] [D loss: -28.659462] [G loss: 6.580612]
[Epoch 218/401] [Batch 0/1] [D loss: -28.484058] [G loss: 6.450627]
[Epoch 219/401] [Batch 0/1] [D loss: -28.301939] [G loss: 6.315053]
[Epoch 220/401] [Batch 0/1] [D loss: -28.060722] [G loss: 6.163515]
[Epoch 221/401] [Batch 0/1] [D loss: -27.746254] [G loss: 5.993632]
[Epoch 222/401] [Batch 0/1] [D loss: -27.393604] [G loss: 5.832443]
[Epoch 223/401] [Batch 0/1] [D loss: -27.117117] [G loss: 5.636998]
[Epoch 224/401] [Batch 0/1] [D loss: -26.691992] [G loss: 5.449187]
[Epoch 225/401] [Batch 0/1] [D loss: -26.279106] [G loss: 5.209999]
[Epoch 226/401] [Batch 0/1] [D loss: -26.240175] [G loss: 5.016680]
[Epoch 227/401] [Batch 0/1] [D loss: -25.943176] [G loss: 4.734381]
[Epoch 228/401] [Batch 0/1] [D loss: -25.761589] [G loss: 4.538197]
[Epoch 229/401] [Batch 0/1] [D loss: -25.552368] [G loss: 4.299485]
[Epoch 230/401] [Batch 0/1] [D loss: -24.543304] [G loss: 4.058104]
[Epoch 231/401] [Batch 0/1] [D loss: -24.460968] [G loss: 3.829164]
[Epoch 232/401] [Batch 0/1] [D loss: -24.511467] [G loss: 3.591002]
[Epoch 233/401] [Batch 0/1] [D loss: -24.483078] [G loss: 3.384115]
[Epoch 234/401] [Batch 0/1] [D loss: -24.548283] [G loss: 3.196742]
[Epoch 235/401] [Batch 0/1] [D loss: -24.379044] [G loss: 3.019356]
[Epoch 236/401] [Batch 0/1] [D loss: -24.393044] [G loss: 2.857047]
[Epoch 237/401] [Batch 0/1] [D loss: -24.275398] [G loss: 2.742337]
[Epoch 238/401] [Batch 0/1] [D loss: -24.270060] [G loss: 2.622438]
[Epoch 239/401] [Batch 0/1] [D loss: -24.119984] [G loss: 2.519138]
[Epoch 240/401] [Batch 0/1] [D loss: -24.056057] [G loss: 2.436529]
[Epoch 241/401] [Batch 0/1] [D loss: -24.126968] [G loss: 2.369842]
[Epoch 242/401] [Batch 0/1] [D loss: -24.192186] [G loss: 2.327420]
[Epoch 243/401] [Batch 0/1] [D loss: -24.251513] [G loss: 2.292009]
[Epoch 244/401] [Batch 0/1] [D loss: -24.329636] [G loss: 2.277303]
[Epoch 245/401] [Batch 0/1] [D loss: -24.420378] [G loss: 2.280159]
[Epoch 246/401] [Batch 0/1] [D loss: -24.534163] [G loss: 2.296369]
[Epoch 247/401] [Batch 0/1] [D loss: -24.599863] [G loss: 2.313667]
[Epoch 248/401] [Batch 0/1] [D loss: -24.675650] [G loss: 2.353619]
[Epoch 249/401] [Batch 0/1] [D loss: -24.797884] [G loss: 2.404319]
[Epoch 250/401] [Batch 0/1] [D loss: -24.896963] [G loss: 2.430234]
[Epoch 251/401] [Batch 0/1] [D loss: -25.026052] [G loss: 2.485910]
[Epoch 252/401] [Batch 0/1] [D loss: -25.143623] [G loss: 2.540440]
[Epoch 253/401] [Batch 0/1] [D loss: -25.260212] [G loss: 2.589159]
[Epoch 254/401] [Batch 0/1] [D loss: -25.369146] [G loss: 2.638524]
[Epoch 255/401] [Batch 0/1] [D loss: -25.501881] [G loss: 2.694960]
[Epoch 256/401] [Batch 0/1] [D loss: -25.632013] [G loss: 2.739365]
[Epoch 257/401] [Batch 0/1] [D loss: -25.749048] [G loss: 2.777864]
[Epoch 258/401] [Batch 0/1] [D loss: -25.878513] [G loss: 2.817499]
[Epoch 259/401] [Batch 0/1] [D loss: -26.015676] [G loss: 2.852635]
[Epoch 260/401] [Batch 0/1] [D loss: -26.149721] [G loss: 2.874568]
[Epoch 261/401] [Batch 0/1] [D loss: -26.296618] [G loss: 2.899328]
[Epoch 262/401] [Batch 0/1] [D loss: -26.442286] [G loss: 2.914969]
[Epoch 263/401] [Batch 0/1] [D loss: -26.586039] [G loss: 2.920131]
[Epoch 264/401] [Batch 0/1] [D loss: -26.741045] [G loss: 2.928583]
[Epoch 265/401] [Batch 0/1] [D loss: -26.888828] [G loss: 2.933458]
[Epoch 266/401] [Batch 0/1] [D loss: -27.041029] [G loss: 2.921237]
[Epoch 267/401] [Batch 0/1] [D loss: -27.190914] [G loss: 2.913463]
[Epoch 268/401] [Batch 0/1] [D loss: -27.351738] [G loss: 2.901489]
[Epoch 269/401] [Batch 0/1] [D loss: -27.536469] [G loss: 2.883479]
[Epoch 270/401] [Batch 0/1] [D loss: -27.711342] [G loss: 2.860009]
[Epoch 271/401] [Batch 0/1] [D loss: -27.879459] [G loss: 2.830262]
[Epoch 272/401] [Batch 0/1] [D loss: -28.101049] [G loss: 2.829696]
[Epoch 273/401] [Batch 0/1] [D loss: -28.257683] [G loss: 2.797077]
[Epoch 274/401] [Batch 0/1] [D loss: -28.435877] [G loss: 2.762449]
[Epoch 275/401] [Batch 0/1] [D loss: -28.640490] [G loss: 2.738356]
[Epoch 276/401] [Batch 0/1] [D loss: -28.841946] [G loss: 2.711484]
[Epoch 277/401] [Batch 0/1] [D loss: -29.080990] [G loss: 2.698972]
[Epoch 278/401] [Batch 0/1] [D loss: -29.312227] [G loss: 2.675781]
[Epoch 279/401] [Batch 0/1] [D loss: -29.540453] [G loss: 2.658381]
[Epoch 280/401] [Batch 0/1] [D loss: -29.763493] [G loss: 2.636348]
[Epoch 281/401] [Batch 0/1] [D loss: -29.993752] [G loss: 2.624578]
[Epoch 282/401] [Batch 0/1] [D loss: -30.213591] [G loss: 2.620195]
[Epoch 283/401] [Batch 0/1] [D loss: -30.452732] [G loss: 2.598187]
[Epoch 284/401] [Batch 0/1] [D loss: -30.654190] [G loss: 2.588264]
[Epoch 285/401] [Batch 0/1] [D loss: -30.885725] [G loss: 2.585771]
[Epoch 286/401] [Batch 0/1] [D loss: -31.124542] [G loss: 2.580858]
[Epoch 287/401] [Batch 0/1] [D loss: -31.344240] [G loss: 2.582931]
[Epoch 288/401] [Batch 0/1] [D loss: -31.584143] [G loss: 2.584353]
[Epoch 289/401] [Batch 0/1] [D loss: -31.798532] [G loss: 2.584440]
[Epoch 290/401] [Batch 0/1] [D loss: -32.055229] [G loss: 2.580816]
[Epoch 291/401] [Batch 0/1] [D loss: -32.260971] [G loss: 2.599389]
[Epoch 292/401] [Batch 0/1] [D loss: -32.507477] [G loss: 2.609149]
[Epoch 293/401] [Batch 0/1] [D loss: -32.680347] [G loss: 2.613502]
[Epoch 294/401] [Batch 0/1] [D loss: -32.871449] [G loss: 2.624436]
[Epoch 295/401] [Batch 0/1] [D loss: -33.077988] [G loss: 2.638777]
[Epoch 296/401] [Batch 0/1] [D loss: -33.271442] [G loss: 2.635527]
[Epoch 297/401] [Batch 0/1] [D loss: -33.450890] [G loss: 2.636124]
[Epoch 298/401] [Batch 0/1] [D loss: -33.634441] [G loss: 2.656490]
[Epoch 299/401] [Batch 0/1] [D loss: -33.718197] [G loss: 2.636522]
[Epoch 300/401] [Batch 0/1] [D loss: -33.740944] [G loss: 2.640652]
[Epoch 301/401] [Batch 0/1] [D loss: -33.774723] [G loss: 2.632400]
[Epoch 302/401] [Batch 0/1] [D loss: -34.006042] [G loss: 2.616064]
[Epoch 303/401] [Batch 0/1] [D loss: -33.973148] [G loss: 2.604860]
[Epoch 304/401] [Batch 0/1] [D loss: -34.136322] [G loss: 2.575556]
[Epoch 305/401] [Batch 0/1] [D loss: -34.239758] [G loss: 2.554290]
[Epoch 306/401] [Batch 0/1] [D loss: -34.359848] [G loss: 2.529014]
[Epoch 307/401] [Batch 0/1] [D loss: -34.301155] [G loss: 2.492763]
[Epoch 308/401] [Batch 0/1] [D loss: -34.489689] [G loss: 2.460536]
[Epoch 309/401] [Batch 0/1] [D loss: -34.493828] [G loss: 2.422246]
[Epoch 310/401] [Batch 0/1] [D loss: -34.666565] [G loss: 2.398763]
[Epoch 311/401] [Batch 0/1] [D loss: -34.521179] [G loss: 2.348180]
[Epoch 312/401] [Batch 0/1] [D loss: -34.509441] [G loss: 2.312252]
[Epoch 313/401] [Batch 0/1] [D loss: -34.484673] [G loss: 2.270370]
[Epoch 314/401] [Batch 0/1] [D loss: -34.623646] [G loss: 2.237096]
[Epoch 315/401] [Batch 0/1] [D loss: -34.668896] [G loss: 2.195995]
[Epoch 316/401] [Batch 0/1] [D loss: -34.706688] [G loss: 2.166033]
[Epoch 317/401] [Batch 0/1] [D loss: -34.688629] [G loss: 2.137919]
[Epoch 318/401] [Batch 0/1] [D loss: -34.761539] [G loss: 2.105698]
[Epoch 319/401] [Batch 0/1] [D loss: -34.793270] [G loss: 2.094214]
[Epoch 320/401] [Batch 0/1] [D loss: -34.747257] [G loss: 2.073820]
[Epoch 321/401] [Batch 0/1] [D loss: -34.885036] [G loss: 2.054486]
[Epoch 322/401] [Batch 0/1] [D loss: -34.899902] [G loss: 2.049821]
[Epoch 323/401] [Batch 0/1] [D loss: -35.021046] [G loss: 2.042705]
[Epoch 324/401] [Batch 0/1] [D loss: -35.165707] [G loss: 2.047278]
[Epoch 325/401] [Batch 0/1] [D loss: -35.172401] [G loss: 2.051009]
[Epoch 326/401] [Batch 0/1] [D loss: -35.279472] [G loss: 2.049672]
[Epoch 327/401] [Batch 0/1] [D loss: -35.305176] [G loss: 2.061104]
[Epoch 328/401] [Batch 0/1] [D loss: -35.325989] [G loss: 2.071594]
[Epoch 329/401] [Batch 0/1] [D loss: -35.487785] [G loss: 2.080733]
[Epoch 330/401] [Batch 0/1] [D loss: -35.455780] [G loss: 2.096486]
[Epoch 331/401] [Batch 0/1] [D loss: -35.573948] [G loss: 2.118294]
[Epoch 332/401] [Batch 0/1] [D loss: -35.462292] [G loss: 2.134287]
[Epoch 333/401] [Batch 0/1] [D loss: -35.551342] [G loss: 2.148719]
[Epoch 334/401] [Batch 0/1] [D loss: -35.614967] [G loss: 2.157665]
[Epoch 335/401] [Batch 0/1] [D loss: -35.601585] [G loss: 2.158714]
[Epoch 336/401] [Batch 0/1] [D loss: -35.699497] [G loss: 2.166759]
[Epoch 337/401] [Batch 0/1] [D loss: -35.751575] [G loss: 2.158488]
[Epoch 338/401] [Batch 0/1] [D loss: -35.779869] [G loss: 2.138099]
[Epoch 339/401] [Batch 0/1] [D loss: -35.822296] [G loss: 2.123935]
[Epoch 340/401] [Batch 0/1] [D loss: -35.874199] [G loss: 2.107368]
[Epoch 341/401] [Batch 0/1] [D loss: -35.898285] [G loss: 2.088914]
[Epoch 342/401] [Batch 0/1] [D loss: -35.894207] [G loss: 2.073306]
[Epoch 343/401] [Batch 0/1] [D loss: -35.910789] [G loss: 2.049369]
[Epoch 344/401] [Batch 0/1] [D loss: -35.969215] [G loss: 2.037307]
[Epoch 345/401] [Batch 0/1] [D loss: -35.982841] [G loss: 2.020260]
[Epoch 346/401] [Batch 0/1] [D loss: -35.971401] [G loss: 1.999858]
[Epoch 347/401] [Batch 0/1] [D loss: -36.045982] [G loss: 1.981785]
[Epoch 348/401] [Batch 0/1] [D loss: -35.922157] [G loss: 1.974813]
[Epoch 349/401] [Batch 0/1] [D loss: -36.082153] [G loss: 1.966178]
[Epoch 350/401] [Batch 0/1] [D loss: -36.100986] [G loss: 1.958595]
[Epoch 351/401] [Batch 0/1] [D loss: -36.036728] [G loss: 1.950897]
[Epoch 352/401] [Batch 0/1] [D loss: -36.104115] [G loss: 1.955827]
[Epoch 353/401] [Batch 0/1] [D loss: -36.110786] [G loss: 1.950922]
[Epoch 354/401] [Batch 0/1] [D loss: -35.986290] [G loss: 1.947037]
[Epoch 355/401] [Batch 0/1] [D loss: -36.062881] [G loss: 1.952898]
[Epoch 356/401] [Batch 0/1] [D loss: -36.128609] [G loss: 1.960708]
[Epoch 357/401] [Batch 0/1] [D loss: -36.111229] [G loss: 1.963939]
[Epoch 358/401] [Batch 0/1] [D loss: -36.114849] [G loss: 1.957699]
[Epoch 359/401] [Batch 0/1] [D loss: -36.117657] [G loss: 1.946519]
[Epoch 360/401] [Batch 0/1] [D loss: -36.148762] [G loss: 1.927742]
[Epoch 361/401] [Batch 0/1] [D loss: -36.155704] [G loss: 1.914431]
[Epoch 362/401] [Batch 0/1] [D loss: -36.312233] [G loss: 1.896141]
[Epoch 363/401] [Batch 0/1] [D loss: -36.270359] [G loss: 1.872674]
[Epoch 364/401] [Batch 0/1] [D loss: -36.268654] [G loss: 1.851260]
[Epoch 365/401] [Batch 0/1] [D loss: -36.273293] [G loss: 1.825212]
[Epoch 366/401] [Batch 0/1] [D loss: -36.288937] [G loss: 1.816434]
[Epoch 367/401] [Batch 0/1] [D loss: -36.272038] [G loss: 1.805657]
[Epoch 368/401] [Batch 0/1] [D loss: -36.300716] [G loss: 1.795070]
[Epoch 369/401] [Batch 0/1] [D loss: -36.304565] [G loss: 1.780404]
[Epoch 370/401] [Batch 0/1] [D loss: -36.238426] [G loss: 1.778242]
[Epoch 371/401] [Batch 0/1] [D loss: -36.293438] [G loss: 1.774520]
[Epoch 372/401] [Batch 0/1] [D loss: -36.359016] [G loss: 1.773220]
[Epoch 373/401] [Batch 0/1] [D loss: -36.395737] [G loss: 1.770854]
[Epoch 374/401] [Batch 0/1] [D loss: -36.401871] [G loss: 1.767428]
[Epoch 375/401] [Batch 0/1] [D loss: -36.344395] [G loss: 1.767995]
[Epoch 376/401] [Batch 0/1] [D loss: -36.461349] [G loss: 1.776157]
[Epoch 377/401] [Batch 0/1] [D loss: -36.517143] [G loss: 1.770103]
[Epoch 378/401] [Batch 0/1] [D loss: -36.321724] [G loss: 1.776520]
[Epoch 379/401] [Batch 0/1] [D loss: -36.448071] [G loss: 1.779896]
[Epoch 380/401] [Batch 0/1] [D loss: -36.362988] [G loss: 1.784585]
[Epoch 381/401] [Batch 0/1] [D loss: -36.456600] [G loss: 1.775536]
[Epoch 382/401] [Batch 0/1] [D loss: -36.475945] [G loss: 1.788508]
[Epoch 383/401] [Batch 0/1] [D loss: -36.411232] [G loss: 1.786289]
[Epoch 384/401] [Batch 0/1] [D loss: -36.567444] [G loss: 1.787208]
[Epoch 385/401] [Batch 0/1] [D loss: -36.546223] [G loss: 1.774375]
[Epoch 386/401] [Batch 0/1] [D loss: -36.662857] [G loss: 1.767962]
[Epoch 387/401] [Batch 0/1] [D loss: -36.636837] [G loss: 1.755992]
[Epoch 388/401] [Batch 0/1] [D loss: -36.543850] [G loss: 1.744784]
[Epoch 389/401] [Batch 0/1] [D loss: -36.603336] [G loss: 1.736183]
[Epoch 390/401] [Batch 0/1] [D loss: -36.411896] [G loss: 1.722694]
[Epoch 391/401] [Batch 0/1] [D loss: -36.525032] [G loss: 1.709555]
[Epoch 392/401] [Batch 0/1] [D loss: -36.561760] [G loss: 1.699296]
[Epoch 393/401] [Batch 0/1] [D loss: -36.516605] [G loss: 1.691140]
[Epoch 394/401] [Batch 0/1] [D loss: -36.625179] [G loss: 1.680362]
[Epoch 395/401] [Batch 0/1] [D loss: -36.450970] [G loss: 1.671805]
[Epoch 396/401] [Batch 0/1] [D loss: -36.451920] [G loss: 1.666733]
[Epoch 397/401] [Batch 0/1] [D loss: -36.625378] [G loss: 1.665082]
[Epoch 398/401] [Batch 0/1] [D loss: -36.534203] [G loss: 1.656088]
[Epoch 399/401] [Batch 0/1] [D loss: -36.503983] [G loss: 1.650678]
[Epoch 400/401] [Batch 0/1] [D loss: -36.626099] [G loss: 1.650009]
Namespace(b1=0.5, b2=0.999, batch_size=64, channels=3, clip_value=0.01, img_size=256, latent_dim=100, lr=0.0002, n_cpu=8, n_critic=5, n_epochs=401, sample_interval=200)
44
Traceback (most recent call last):
  File "wgan_div.py", line 140, in <module>
    optimizer_G = torch.optim.RMSprop(generator.parameters(), lr=0.01, alpha=0.99, eps=1e-08, weight_decay=0, momentum=0, centered=False)
AttributeError: module 'torch' has no attribute 'RMSprop'
