Namespace(b1=0.5, b2=0.999, batch_size=64, channels=3, img_size=256, latent_dim=50, lr=0.0002, n_classes=1, n_cpu=8, n_epochs=401, sample_interval=10)
Traceback (most recent call last):
  File "acgan.py", line 161, in <module>
    dataset = datasets.ImageFolder("../../data/image/training_set_SRGAN", transform=transform1, target_transform=None, is_valid_file=None)
  File "/usr/local/lib/python3.6/dist-packages/torchvision/datasets/folder.py", line 209, in __init__
    is_valid_file=is_valid_file)
  File "/usr/local/lib/python3.6/dist-packages/torchvision/datasets/folder.py", line 97, in __init__
    "Supported extensions are: " + ",".join(extensions)))
RuntimeError: Found 0 files in subfolders of: ../../data/image/training_set_SRGAN
Supported extensions are: .jpg,.jpeg,.png,.ppm,.bmp,.pgm,.tif,.tiff,.webp
Namespace(b1=0.5, b2=0.999, batch_size=64, channels=3, img_size=256, latent_dim=50, lr=0.0002, n_classes=1, n_cpu=8, n_epochs=401, sample_interval=10)
Traceback (most recent call last):
  File "acgan.py", line 161, in <module>
    dataset = datasets.ImageFolder("../../data/image/training_set_SRGAN", transform=transform1, target_transform=None, is_valid_file=None)
  File "/usr/local/lib/python3.6/dist-packages/torchvision/datasets/folder.py", line 209, in __init__
    is_valid_file=is_valid_file)
  File "/usr/local/lib/python3.6/dist-packages/torchvision/datasets/folder.py", line 97, in __init__
    "Supported extensions are: " + ",".join(extensions)))
RuntimeError: Found 0 files in subfolders of: ../../data/image/training_set_SRGAN
Supported extensions are: .jpg,.jpeg,.png,.ppm,.bmp,.pgm,.tif,.tiff,.webp
Namespace(b1=0.5, b2=0.999, batch_size=64, channels=3, img_size=256, latent_dim=50, lr=0.0002, n_classes=1, n_cpu=8, n_epochs=401, sample_interval=10)
1
/usr/local/lib/python3.6/dist-packages/torch/nn/modules/container.py:100: UserWarning: Implicit dimension choice for softmax has been deprecated. Change the call to include dim=X as an argument.
  input = module(input)
[Epoch 0/401] [Batch 0/1] [D loss: 0.346589, acc: 100%] [G loss: 0.346880]
[Epoch 1/401] [Batch 0/1] [D loss: 0.346536, acc: 100%] [G loss: 0.346601]
[Epoch 2/401] [Batch 0/1] [D loss: 0.346500, acc: 100%] [G loss: 0.346419]
[Epoch 3/401] [Batch 0/1] [D loss: 0.346438, acc: 100%] [G loss: 0.346548]
[Epoch 4/401] [Batch 0/1] [D loss: 0.346485, acc: 100%] [G loss: 0.346633]
[Epoch 5/401] [Batch 0/1] [D loss: 0.346336, acc: 100%] [G loss: 0.346656]
[Epoch 6/401] [Batch 0/1] [D loss: 0.346225, acc: 100%] [G loss: 0.346944]
[Epoch 7/401] [Batch 0/1] [D loss: 0.346183, acc: 100%] [G loss: 0.346738]
[Epoch 8/401] [Batch 0/1] [D loss: 0.346308, acc: 100%] [G loss: 0.347048]
[Epoch 9/401] [Batch 0/1] [D loss: 0.345896, acc: 100%] [G loss: 0.346704]
[Epoch 10/401] [Batch 0/1] [D loss: 0.346367, acc: 100%] [G loss: 0.347185]
[Epoch 11/401] [Batch 0/1] [D loss: 0.345694, acc: 100%] [G loss: 0.346849]
[Epoch 12/401] [Batch 0/1] [D loss: 0.345698, acc: 100%] [G loss: 0.347511]
[Epoch 13/401] [Batch 0/1] [D loss: 0.345015, acc: 100%] [G loss: 0.347617]
[Epoch 14/401] [Batch 0/1] [D loss: 0.344781, acc: 100%] [G loss: 0.348063]
[Epoch 15/401] [Batch 0/1] [D loss: 0.344591, acc: 100%] [G loss: 0.348824]
[Epoch 16/401] [Batch 0/1] [D loss: 0.343258, acc: 100%] [G loss: 0.348955]
[Epoch 17/401] [Batch 0/1] [D loss: 0.344616, acc: 100%] [G loss: 0.349903]
[Epoch 18/401] [Batch 0/1] [D loss: 0.341348, acc: 100%] [G loss: 0.349111]
[Epoch 19/401] [Batch 0/1] [D loss: 0.340452, acc: 100%] [G loss: 0.350097]
[Epoch 20/401] [Batch 0/1] [D loss: 0.340348, acc: 100%] [G loss: 0.350680]
[Epoch 21/401] [Batch 0/1] [D loss: 0.325922, acc: 100%] [G loss: 0.359539]
[Epoch 22/401] [Batch 0/1] [D loss: 0.332242, acc: 100%] [G loss: 0.359493]
[Epoch 23/401] [Batch 0/1] [D loss: 0.322558, acc: 100%] [G loss: 0.360854]
[Epoch 24/401] [Batch 0/1] [D loss: 0.324209, acc: 100%] [G loss: 0.363480]
[Epoch 25/401] [Batch 0/1] [D loss: 0.297697, acc: 100%] [G loss: 0.380099]
[Epoch 26/401] [Batch 0/1] [D loss: 0.331792, acc: 100%] [G loss: 0.358258]
[Epoch 27/401] [Batch 0/1] [D loss: 0.321992, acc: 100%] [G loss: 0.331117]
[Epoch 28/401] [Batch 0/1] [D loss: 0.288497, acc: 100%] [G loss: 0.348580]
[Epoch 29/401] [Batch 0/1] [D loss: 0.331394, acc: 100%] [G loss: 0.252186]
[Epoch 30/401] [Batch 0/1] [D loss: 0.234523, acc: 100%] [G loss: 0.470041]
[Epoch 31/401] [Batch 0/1] [D loss: 0.174071, acc: 100%] [G loss: 0.711946]
[Epoch 32/401] [Batch 0/1] [D loss: 0.331763, acc: 100%] [G loss: 0.205637]
[Epoch 33/401] [Batch 0/1] [D loss: 0.320905, acc: 100%] [G loss: 0.163817]
[Epoch 34/401] [Batch 0/1] [D loss: 0.401350, acc: 100%] [G loss: 0.216801]
[Epoch 35/401] [Batch 0/1] [D loss: 0.367301, acc: 100%] [G loss: 0.324214]
[Epoch 36/401] [Batch 0/1] [D loss: 0.339952, acc: 100%] [G loss: 0.362279]
[Epoch 37/401] [Batch 0/1] [D loss: 0.394196, acc: 100%] [G loss: 0.189745]
[Epoch 38/401] [Batch 0/1] [D loss: 0.320995, acc: 100%] [G loss: 0.262605]
[Epoch 39/401] [Batch 0/1] [D loss: 0.334477, acc: 100%] [G loss: 0.293763]
[Epoch 40/401] [Batch 0/1] [D loss: 0.445502, acc: 100%] [G loss: 0.191202]
[Epoch 41/401] [Batch 0/1] [D loss: 0.824199, acc: 100%] [G loss: 0.101477]
[Epoch 42/401] [Batch 0/1] [D loss: 0.369111, acc: 100%] [G loss: 0.455350]
[Epoch 43/401] [Batch 0/1] [D loss: 0.355714, acc: 100%] [G loss: 0.378301]
[Epoch 44/401] [Batch 0/1] [D loss: 0.306191, acc: 100%] [G loss: 0.483296]
[Epoch 45/401] [Batch 0/1] [D loss: 0.377921, acc: 100%] [G loss: 0.234741]
[Epoch 46/401] [Batch 0/1] [D loss: 0.452885, acc: 100%] [G loss: 0.312755]
[Epoch 47/401] [Batch 0/1] [D loss: 0.552289, acc: 100%] [G loss: 0.195371]
[Epoch 48/401] [Batch 0/1] [D loss: 0.413160, acc: 100%] [G loss: 0.363473]
[Epoch 49/401] [Batch 0/1] [D loss: 0.307234, acc: 100%] [G loss: 0.928879]
[Epoch 50/401] [Batch 0/1] [D loss: 0.332005, acc: 100%] [G loss: 0.381996]
[Epoch 51/401] [Batch 0/1] [D loss: 0.326936, acc: 100%] [G loss: 0.423704]
[Epoch 52/401] [Batch 0/1] [D loss: 0.350493, acc: 100%] [G loss: 0.293486]
[Epoch 53/401] [Batch 0/1] [D loss: 0.313243, acc: 100%] [G loss: 0.480856]
[Epoch 54/401] [Batch 0/1] [D loss: 0.285598, acc: 100%] [G loss: 0.583900]
[Epoch 55/401] [Batch 0/1] [D loss: 0.297951, acc: 100%] [G loss: 0.474477]
[Epoch 56/401] [Batch 0/1] [D loss: 0.305344, acc: 100%] [G loss: 0.467022]
[Epoch 57/401] [Batch 0/1] [D loss: 0.312179, acc: 100%] [G loss: 0.350846]
[Epoch 58/401] [Batch 0/1] [D loss: 0.281787, acc: 100%] [G loss: 0.557177]
[Epoch 59/401] [Batch 0/1] [D loss: 0.403187, acc: 100%] [G loss: 0.297344]
[Epoch 60/401] [Batch 0/1] [D loss: 0.306501, acc: 100%] [G loss: 0.446983]
[Epoch 61/401] [Batch 0/1] [D loss: 0.272407, acc: 100%] [G loss: 0.560536]
[Epoch 62/401] [Batch 0/1] [D loss: 0.279904, acc: 100%] [G loss: 0.461875]
[Epoch 63/401] [Batch 0/1] [D loss: 0.279642, acc: 100%] [G loss: 0.496230]
[Epoch 64/401] [Batch 0/1] [D loss: 0.370362, acc: 100%] [G loss: 0.344735]
[Epoch 65/401] [Batch 0/1] [D loss: 0.357609, acc: 100%] [G loss: 0.322346]
[Epoch 66/401] [Batch 0/1] [D loss: 0.303316, acc: 100%] [G loss: 0.393147]
[Epoch 67/401] [Batch 0/1] [D loss: 0.299085, acc: 100%] [G loss: 0.451703]
[Epoch 68/401] [Batch 0/1] [D loss: 0.353114, acc: 100%] [G loss: 0.272564]
[Epoch 69/401] [Batch 0/1] [D loss: 0.347079, acc: 100%] [G loss: 0.266907]
[Epoch 70/401] [Batch 0/1] [D loss: 0.279706, acc: 100%] [G loss: 0.403018]
[Epoch 71/401] [Batch 0/1] [D loss: 0.310431, acc: 100%] [G loss: 0.381411]
[Epoch 72/401] [Batch 0/1] [D loss: 0.335499, acc: 100%] [G loss: 0.294513]
[Epoch 73/401] [Batch 0/1] [D loss: 0.269461, acc: 100%] [G loss: 0.409627]
[Epoch 74/401] [Batch 0/1] [D loss: 0.336770, acc: 100%] [G loss: 0.382280]
[Epoch 75/401] [Batch 0/1] [D loss: 0.331459, acc: 100%] [G loss: 0.254650]
[Epoch 76/401] [Batch 0/1] [D loss: 0.395233, acc: 100%] [G loss: 0.332479]
[Epoch 77/401] [Batch 0/1] [D loss: 0.266502, acc: 100%] [G loss: 0.455362]
[Epoch 78/401] [Batch 0/1] [D loss: 0.288772, acc: 100%] [G loss: 0.523742]
[Epoch 79/401] [Batch 0/1] [D loss: 0.309563, acc: 100%] [G loss: 0.388938]
[Epoch 80/401] [Batch 0/1] [D loss: 0.368351, acc: 100%] [G loss: 0.267348]
[Epoch 81/401] [Batch 0/1] [D loss: 0.293883, acc: 100%] [G loss: 0.267329]
[Epoch 82/401] [Batch 0/1] [D loss: 0.345822, acc: 100%] [G loss: 0.361572]
[Epoch 83/401] [Batch 0/1] [D loss: 0.226068, acc: 100%] [G loss: 0.497008]
[Epoch 84/401] [Batch 0/1] [D loss: 0.275246, acc: 100%] [G loss: 0.386834]
[Epoch 85/401] [Batch 0/1] [D loss: 0.290788, acc: 100%] [G loss: 0.442680]
[Epoch 86/401] [Batch 0/1] [D loss: 0.270503, acc: 100%] [G loss: 0.537930]
[Epoch 87/401] [Batch 0/1] [D loss: 0.212700, acc: 100%] [G loss: 0.687669]
[Epoch 88/401] [Batch 0/1] [D loss: 0.182704, acc: 100%] [G loss: 0.878113]
[Epoch 89/401] [Batch 0/1] [D loss: 0.210509, acc: 100%] [G loss: 0.501533]
[Epoch 90/401] [Batch 0/1] [D loss: 0.342466, acc: 100%] [G loss: 0.253876]
[Epoch 91/401] [Batch 0/1] [D loss: 0.273962, acc: 100%] [G loss: 0.347953]
[Epoch 92/401] [Batch 0/1] [D loss: 0.368677, acc: 100%] [G loss: 0.194194]
[Epoch 93/401] [Batch 0/1] [D loss: 0.257735, acc: 100%] [G loss: 0.482913]
[Epoch 94/401] [Batch 0/1] [D loss: 0.303691, acc: 100%] [G loss: 0.320442]
[Epoch 95/401] [Batch 0/1] [D loss: 0.307972, acc: 100%] [G loss: 0.324713]
[Epoch 96/401] [Batch 0/1] [D loss: 0.297895, acc: 100%] [G loss: 0.338858]
[Epoch 97/401] [Batch 0/1] [D loss: 0.281995, acc: 100%] [G loss: 0.462877]
[Epoch 98/401] [Batch 0/1] [D loss: 0.304983, acc: 100%] [G loss: 0.410565]
[Epoch 99/401] [Batch 0/1] [D loss: 0.263747, acc: 100%] [G loss: 0.359648]
[Epoch 100/401] [Batch 0/1] [D loss: 0.393152, acc: 100%] [G loss: 0.238106]
[Epoch 101/401] [Batch 0/1] [D loss: 0.411566, acc: 100%] [G loss: 0.243032]
[Epoch 102/401] [Batch 0/1] [D loss: 0.216554, acc: 100%] [G loss: 0.646980]
[Epoch 103/401] [Batch 0/1] [D loss: 0.295308, acc: 100%] [G loss: 0.446122]
[Epoch 104/401] [Batch 0/1] [D loss: 0.221056, acc: 100%] [G loss: 0.665634]
[Epoch 105/401] [Batch 0/1] [D loss: 0.396793, acc: 100%] [G loss: 0.145530]
[Epoch 106/401] [Batch 0/1] [D loss: 0.302045, acc: 100%] [G loss: 0.568173]
[Epoch 107/401] [Batch 0/1] [D loss: 0.250814, acc: 100%] [G loss: 0.450924]
[Epoch 108/401] [Batch 0/1] [D loss: 0.257422, acc: 100%] [G loss: 0.561577]
[Epoch 109/401] [Batch 0/1] [D loss: 0.226351, acc: 100%] [G loss: 0.688075]
[Epoch 110/401] [Batch 0/1] [D loss: 0.213236, acc: 100%] [G loss: 0.592968]
[Epoch 111/401] [Batch 0/1] [D loss: 0.407154, acc: 100%] [G loss: 0.087677]
[Epoch 112/401] [Batch 0/1] [D loss: 0.191923, acc: 100%] [G loss: 0.664996]
[Epoch 113/401] [Batch 0/1] [D loss: 0.412673, acc: 100%] [G loss: 0.161491]
[Epoch 114/401] [Batch 0/1] [D loss: 0.318508, acc: 100%] [G loss: 0.401690]
[Epoch 115/401] [Batch 0/1] [D loss: 0.207675, acc: 100%] [G loss: 0.586043]
[Epoch 116/401] [Batch 0/1] [D loss: 0.231736, acc: 100%] [G loss: 0.666462]
[Epoch 117/401] [Batch 0/1] [D loss: 0.272856, acc: 100%] [G loss: 0.376907]
[Epoch 118/401] [Batch 0/1] [D loss: 0.230881, acc: 100%] [G loss: 0.929168]
[Epoch 119/401] [Batch 0/1] [D loss: 0.218443, acc: 100%] [G loss: 0.619541]
[Epoch 120/401] [Batch 0/1] [D loss: 0.307211, acc: 100%] [G loss: 0.271822]
[Epoch 121/401] [Batch 0/1] [D loss: 0.457230, acc: 100%] [G loss: 0.279451]
[Epoch 122/401] [Batch 0/1] [D loss: 0.191372, acc: 100%] [G loss: 1.154868]
[Epoch 123/401] [Batch 0/1] [D loss: 0.439833, acc: 100%] [G loss: 0.164578]
[Epoch 124/401] [Batch 0/1] [D loss: 0.516374, acc: 100%] [G loss: 0.149446]
[Epoch 125/401] [Batch 0/1] [D loss: 0.562056, acc: 100%] [G loss: 0.222590]
[Epoch 126/401] [Batch 0/1] [D loss: 0.272018, acc: 100%] [G loss: 0.493704]
[Epoch 127/401] [Batch 0/1] [D loss: 0.216005, acc: 100%] [G loss: 0.603057]
[Epoch 128/401] [Batch 0/1] [D loss: 0.280896, acc: 100%] [G loss: 0.458598]
[Epoch 129/401] [Batch 0/1] [D loss: 0.286557, acc: 100%] [G loss: 0.269831]
[Epoch 130/401] [Batch 0/1] [D loss: 0.297683, acc: 100%] [G loss: 0.377505]
[Epoch 131/401] [Batch 0/1] [D loss: 0.177422, acc: 100%] [G loss: 0.833481]
[Epoch 132/401] [Batch 0/1] [D loss: 0.238699, acc: 100%] [G loss: 0.578579]
[Epoch 133/401] [Batch 0/1] [D loss: 0.411932, acc: 100%] [G loss: 0.205938]
[Epoch 134/401] [Batch 0/1] [D loss: 0.319789, acc: 100%] [G loss: 0.206005]
[Epoch 135/401] [Batch 0/1] [D loss: 0.325634, acc: 100%] [G loss: 0.313262]
[Epoch 136/401] [Batch 0/1] [D loss: 0.223247, acc: 100%] [G loss: 0.735377]
[Epoch 137/401] [Batch 0/1] [D loss: 0.409703, acc: 100%] [G loss: 0.240375]
[Epoch 138/401] [Batch 0/1] [D loss: 0.177853, acc: 100%] [G loss: 0.532681]
[Epoch 139/401] [Batch 0/1] [D loss: 0.249252, acc: 100%] [G loss: 0.406570]
[Epoch 140/401] [Batch 0/1] [D loss: 0.290646, acc: 100%] [G loss: 0.246779]
[Epoch 141/401] [Batch 0/1] [D loss: 0.374037, acc: 100%] [G loss: 0.137662]
[Epoch 142/401] [Batch 0/1] [D loss: 0.284335, acc: 100%] [G loss: 0.420345]
[Epoch 143/401] [Batch 0/1] [D loss: 0.571301, acc: 100%] [G loss: 0.168010]
[Epoch 144/401] [Batch 0/1] [D loss: 0.290109, acc: 100%] [G loss: 0.434214]
[Epoch 145/401] [Batch 0/1] [D loss: 0.325329, acc: 100%] [G loss: 0.313304]
[Epoch 146/401] [Batch 0/1] [D loss: 0.312568, acc: 100%] [G loss: 0.621567]
[Epoch 147/401] [Batch 0/1] [D loss: 0.283557, acc: 100%] [G loss: 0.382235]
[Epoch 148/401] [Batch 0/1] [D loss: 0.293860, acc: 100%] [G loss: 0.449660]
[Epoch 149/401] [Batch 0/1] [D loss: 0.336611, acc: 100%] [G loss: 0.405173]
[Epoch 150/401] [Batch 0/1] [D loss: 0.198128, acc: 100%] [G loss: 0.674218]
[Epoch 151/401] [Batch 0/1] [D loss: 0.219644, acc: 100%] [G loss: 0.476513]
[Epoch 152/401] [Batch 0/1] [D loss: 0.243246, acc: 100%] [G loss: 0.625918]
[Epoch 153/401] [Batch 0/1] [D loss: 0.171758, acc: 100%] [G loss: 0.564636]
[Epoch 154/401] [Batch 0/1] [D loss: 0.257432, acc: 100%] [G loss: 0.398068]
[Epoch 155/401] [Batch 0/1] [D loss: 0.228627, acc: 100%] [G loss: 0.211628]
[Epoch 156/401] [Batch 0/1] [D loss: 0.183891, acc: 100%] [G loss: 0.484816]
[Epoch 157/401] [Batch 0/1] [D loss: 0.252151, acc: 100%] [G loss: 0.333705]
[Epoch 158/401] [Batch 0/1] [D loss: 0.234677, acc: 100%] [G loss: 0.416320]
[Epoch 159/401] [Batch 0/1] [D loss: 0.201950, acc: 100%] [G loss: 0.705722]
[Epoch 160/401] [Batch 0/1] [D loss: 0.263737, acc: 100%] [G loss: 0.391185]
[Epoch 161/401] [Batch 0/1] [D loss: 0.339097, acc: 100%] [G loss: 0.240897]
[Epoch 162/401] [Batch 0/1] [D loss: 0.140573, acc: 100%] [G loss: 0.702542]
[Epoch 163/401] [Batch 0/1] [D loss: 0.154702, acc: 100%] [G loss: 0.741143]
[Epoch 164/401] [Batch 0/1] [D loss: 0.297067, acc: 100%] [G loss: 0.558366]
[Epoch 165/401] [Batch 0/1] [D loss: 0.186011, acc: 100%] [G loss: 0.486652]
[Epoch 166/401] [Batch 0/1] [D loss: 0.175966, acc: 100%] [G loss: 0.241956]
[Epoch 167/401] [Batch 0/1] [D loss: 0.201181, acc: 100%] [G loss: 0.263236]
[Epoch 168/401] [Batch 0/1] [D loss: 0.102287, acc: 100%] [G loss: 0.963574]
[Epoch 169/401] [Batch 0/1] [D loss: 0.187543, acc: 100%] [G loss: 0.521122]
[Epoch 170/401] [Batch 0/1] [D loss: 0.268425, acc: 100%] [G loss: 0.340432]
[Epoch 171/401] [Batch 0/1] [D loss: 0.186413, acc: 100%] [G loss: 0.433025]
[Epoch 172/401] [Batch 0/1] [D loss: 0.122542, acc: 100%] [G loss: 1.194694]
[Epoch 173/401] [Batch 0/1] [D loss: 0.202911, acc: 100%] [G loss: 0.456363]
[Epoch 174/401] [Batch 0/1] [D loss: 0.160855, acc: 100%] [G loss: 0.522967]
[Epoch 175/401] [Batch 0/1] [D loss: 0.130698, acc: 100%] [G loss: 0.462321]
[Epoch 176/401] [Batch 0/1] [D loss: 0.131088, acc: 100%] [G loss: 0.540397]
[Epoch 177/401] [Batch 0/1] [D loss: 0.274106, acc: 100%] [G loss: 0.569154]
[Epoch 178/401] [Batch 0/1] [D loss: 0.185264, acc: 100%] [G loss: 0.955382]
[Epoch 179/401] [Batch 0/1] [D loss: 0.239873, acc: 100%] [G loss: 0.242772]
[Epoch 180/401] [Batch 0/1] [D loss: 0.193579, acc: 100%] [G loss: 0.551504]
[Epoch 181/401] [Batch 0/1] [D loss: 0.111553, acc: 100%] [G loss: 0.671410]
[Epoch 182/401] [Batch 0/1] [D loss: 0.377877, acc: 100%] [G loss: 0.271799]
[Epoch 183/401] [Batch 0/1] [D loss: 0.223542, acc: 100%] [G loss: 0.534641]
[Epoch 184/401] [Batch 0/1] [D loss: 0.166775, acc: 100%] [G loss: 0.338778]
[Epoch 185/401] [Batch 0/1] [D loss: 0.155296, acc: 100%] [G loss: 0.816652]
[Epoch 186/401] [Batch 0/1] [D loss: 0.091745, acc: 100%] [G loss: 1.070320]
[Epoch 187/401] [Batch 0/1] [D loss: 0.183701, acc: 100%] [G loss: 1.071219]
[Epoch 188/401] [Batch 0/1] [D loss: 0.224355, acc: 100%] [G loss: 0.332203]
[Epoch 189/401] [Batch 0/1] [D loss: 0.062207, acc: 100%] [G loss: 1.207654]
[Epoch 190/401] [Batch 0/1] [D loss: 0.093906, acc: 100%] [G loss: 1.204053]
[Epoch 191/401] [Batch 0/1] [D loss: 0.165671, acc: 100%] [G loss: 0.605394]
[Epoch 192/401] [Batch 0/1] [D loss: 0.190649, acc: 100%] [G loss: 0.325920]
[Epoch 193/401] [Batch 0/1] [D loss: 0.066980, acc: 100%] [G loss: 0.965829]
[Epoch 194/401] [Batch 0/1] [D loss: 0.119095, acc: 100%] [G loss: 0.819982]
[Epoch 195/401] [Batch 0/1] [D loss: 0.453290, acc: 100%] [G loss: 0.248461]
[Epoch 196/401] [Batch 0/1] [D loss: 0.183524, acc: 100%] [G loss: 0.378541]
[Epoch 197/401] [Batch 0/1] [D loss: 0.168913, acc: 100%] [G loss: 1.236175]
[Epoch 198/401] [Batch 0/1] [D loss: 0.054160, acc: 100%] [G loss: 0.897162]
[Epoch 199/401] [Batch 0/1] [D loss: 0.102546, acc: 100%] [G loss: 0.731326]
[Epoch 200/401] [Batch 0/1] [D loss: 0.139337, acc: 100%] [G loss: 1.033766]
[Epoch 201/401] [Batch 0/1] [D loss: 0.178507, acc: 100%] [G loss: 0.352794]
[Epoch 202/401] [Batch 0/1] [D loss: 0.293513, acc: 100%] [G loss: 0.751184]
[Epoch 203/401] [Batch 0/1] [D loss: 0.217087, acc: 100%] [G loss: 0.935684]
[Epoch 204/401] [Batch 0/1] [D loss: 0.236125, acc: 100%] [G loss: 0.354832]
[Epoch 205/401] [Batch 0/1] [D loss: 0.174953, acc: 100%] [G loss: 0.460468]
[Epoch 206/401] [Batch 0/1] [D loss: 0.078113, acc: 100%] [G loss: 1.133481]
[Epoch 207/401] [Batch 0/1] [D loss: 0.148662, acc: 100%] [G loss: 0.542962]
[Epoch 208/401] [Batch 0/1] [D loss: 0.074180, acc: 100%] [G loss: 1.036453]
[Epoch 209/401] [Batch 0/1] [D loss: 0.097714, acc: 100%] [G loss: 0.791302]
[Epoch 210/401] [Batch 0/1] [D loss: 0.107287, acc: 100%] [G loss: 0.669499]
[Epoch 211/401] [Batch 0/1] [D loss: 0.390258, acc: 100%] [G loss: 0.163169]
[Epoch 212/401] [Batch 0/1] [D loss: 0.241066, acc: 100%] [G loss: 0.956810]
[Epoch 213/401] [Batch 0/1] [D loss: 0.021664, acc: 100%] [G loss: 1.370076]
[Epoch 214/401] [Batch 0/1] [D loss: 0.120352, acc: 100%] [G loss: 0.791374]
[Epoch 215/401] [Batch 0/1] [D loss: 0.055111, acc: 100%] [G loss: 0.439997]
[Epoch 216/401] [Batch 0/1] [D loss: 0.094591, acc: 100%] [G loss: 1.011328]
[Epoch 217/401] [Batch 0/1] [D loss: 0.117006, acc: 100%] [G loss: 0.513294]
[Epoch 218/401] [Batch 0/1] [D loss: 0.060003, acc: 100%] [G loss: 0.893012]
[Epoch 219/401] [Batch 0/1] [D loss: 0.062129, acc: 100%] [G loss: 0.944508]
[Epoch 220/401] [Batch 0/1] [D loss: 0.050089, acc: 100%] [G loss: 0.674166]
[Epoch 221/401] [Batch 0/1] [D loss: 0.119753, acc: 100%] [G loss: 0.565704]
[Epoch 222/401] [Batch 0/1] [D loss: 0.290934, acc: 100%] [G loss: 1.177251]
[Epoch 223/401] [Batch 0/1] [D loss: 0.324369, acc: 100%] [G loss: 0.184527]
[Epoch 224/401] [Batch 0/1] [D loss: 0.059565, acc: 100%] [G loss: 0.956005]
[Epoch 225/401] [Batch 0/1] [D loss: 0.331588, acc: 100%] [G loss: 1.243229]
[Epoch 226/401] [Batch 0/1] [D loss: 0.039596, acc: 100%] [G loss: 0.433455]
[Epoch 227/401] [Batch 0/1] [D loss: 0.342963, acc: 100%] [G loss: 1.144579]
[Epoch 228/401] [Batch 0/1] [D loss: 0.176216, acc: 100%] [G loss: 1.188007]
[Epoch 229/401] [Batch 0/1] [D loss: 0.228727, acc: 100%] [G loss: 0.604178]
[Epoch 230/401] [Batch 0/1] [D loss: 0.035140, acc: 100%] [G loss: 0.022551]
[Epoch 231/401] [Batch 0/1] [D loss: 0.248547, acc: 100%] [G loss: 0.293130]
[Epoch 232/401] [Batch 0/1] [D loss: 0.350041, acc: 100%] [G loss: 0.896665]
[Epoch 233/401] [Batch 0/1] [D loss: 0.290420, acc: 100%] [G loss: 0.936549]
[Epoch 234/401] [Batch 0/1] [D loss: 0.221448, acc: 100%] [G loss: 0.602749]
[Epoch 235/401] [Batch 0/1] [D loss: 0.223423, acc: 100%] [G loss: 0.996480]
[Epoch 236/401] [Batch 0/1] [D loss: 0.307109, acc: 100%] [G loss: 0.383565]
[Epoch 237/401] [Batch 0/1] [D loss: 0.254859, acc: 100%] [G loss: 0.693256]
[Epoch 238/401] [Batch 0/1] [D loss: 0.271378, acc: 100%] [G loss: 0.593907]
[Epoch 239/401] [Batch 0/1] [D loss: 0.603677, acc: 100%] [G loss: 0.366697]
[Epoch 240/401] [Batch 0/1] [D loss: 0.148267, acc: 100%] [G loss: 0.429076]
[Epoch 241/401] [Batch 0/1] [D loss: 0.025293, acc: 100%] [G loss: 1.336081]
[Epoch 242/401] [Batch 0/1] [D loss: 0.545635, acc: 100%] [G loss: 0.349029]
[Epoch 243/401] [Batch 0/1] [D loss: 0.050374, acc: 100%] [G loss: 1.029257]
[Epoch 244/401] [Batch 0/1] [D loss: 0.109299, acc: 100%] [G loss: 0.695133]
[Epoch 245/401] [Batch 0/1] [D loss: 0.194929, acc: 100%] [G loss: 0.847813]
[Epoch 246/401] [Batch 0/1] [D loss: 0.265195, acc: 100%] [G loss: 0.778955]
[Epoch 247/401] [Batch 0/1] [D loss: 0.113568, acc: 100%] [G loss: 0.101457]
[Epoch 248/401] [Batch 0/1] [D loss: 0.061960, acc: 100%] [G loss: 0.474715]
[Epoch 249/401] [Batch 0/1] [D loss: 0.133175, acc: 100%] [G loss: 0.822240]
[Epoch 250/401] [Batch 0/1] [D loss: 0.144050, acc: 100%] [G loss: 0.905299]
[Epoch 251/401] [Batch 0/1] [D loss: 0.123205, acc: 100%] [G loss: 0.461377]
[Epoch 252/401] [Batch 0/1] [D loss: 0.295878, acc: 100%] [G loss: 1.426959]
[Epoch 253/401] [Batch 0/1] [D loss: 0.196182, acc: 100%] [G loss: 0.832431]
[Epoch 254/401] [Batch 0/1] [D loss: 0.068567, acc: 100%] [G loss: 1.290936]
[Epoch 255/401] [Batch 0/1] [D loss: 0.303914, acc: 100%] [G loss: 0.191915]
[Epoch 256/401] [Batch 0/1] [D loss: 0.250010, acc: 100%] [G loss: 0.917340]
[Epoch 257/401] [Batch 0/1] [D loss: 0.104824, acc: 100%] [G loss: 0.500933]
[Epoch 258/401] [Batch 0/1] [D loss: 0.058599, acc: 100%] [G loss: 0.160250]
[Epoch 259/401] [Batch 0/1] [D loss: 0.049013, acc: 100%] [G loss: 0.952486]
[Epoch 260/401] [Batch 0/1] [D loss: 0.622503, acc: 100%] [G loss: 0.265624]
[Epoch 261/401] [Batch 0/1] [D loss: 0.112920, acc: 100%] [G loss: 0.711834]
[Epoch 262/401] [Batch 0/1] [D loss: 0.174515, acc: 100%] [G loss: 0.487837]
[Epoch 263/401] [Batch 0/1] [D loss: 0.156008, acc: 100%] [G loss: 0.330726]
[Epoch 264/401] [Batch 0/1] [D loss: 0.036224, acc: 100%] [G loss: 1.512229]
[Epoch 265/401] [Batch 0/1] [D loss: 0.247789, acc: 100%] [G loss: 0.255634]
[Epoch 266/401] [Batch 0/1] [D loss: 0.425902, acc: 100%] [G loss: 0.335796]
[Epoch 267/401] [Batch 0/1] [D loss: 0.274528, acc: 100%] [G loss: 0.829445]
[Epoch 268/401] [Batch 0/1] [D loss: 0.159487, acc: 100%] [G loss: 0.889668]
[Epoch 269/401] [Batch 0/1] [D loss: 0.266519, acc: 100%] [G loss: 1.265834]
[Epoch 270/401] [Batch 0/1] [D loss: 0.188118, acc: 100%] [G loss: 1.063434]
[Epoch 271/401] [Batch 0/1] [D loss: 0.241964, acc: 100%] [G loss: 0.088141]
[Epoch 272/401] [Batch 0/1] [D loss: 0.503802, acc: 100%] [G loss: 1.087358]
[Epoch 273/401] [Batch 0/1] [D loss: 0.214065, acc: 100%] [G loss: 1.197572]
[Epoch 274/401] [Batch 0/1] [D loss: 0.355595, acc: 100%] [G loss: 0.399771]
[Epoch 275/401] [Batch 0/1] [D loss: 0.288888, acc: 100%] [G loss: 1.389912]
[Epoch 276/401] [Batch 0/1] [D loss: 0.385936, acc: 100%] [G loss: 0.435895]
[Epoch 277/401] [Batch 0/1] [D loss: 0.179885, acc: 100%] [G loss: 0.744829]
[Epoch 278/401] [Batch 0/1] [D loss: 0.223909, acc: 100%] [G loss: 0.758625]
[Epoch 279/401] [Batch 0/1] [D loss: 0.223634, acc: 100%] [G loss: 0.768291]
[Epoch 280/401] [Batch 0/1] [D loss: 0.091448, acc: 100%] [G loss: 0.965779]
[Epoch 281/401] [Batch 0/1] [D loss: 0.085270, acc: 100%] [G loss: 0.403501]
[Epoch 282/401] [Batch 0/1] [D loss: 0.417494, acc: 100%] [G loss: 0.215400]
[Epoch 283/401] [Batch 0/1] [D loss: 0.231108, acc: 100%] [G loss: 0.494741]
[Epoch 284/401] [Batch 0/1] [D loss: 0.188474, acc: 100%] [G loss: 1.096734]
[Epoch 285/401] [Batch 0/1] [D loss: 0.316481, acc: 100%] [G loss: 0.827969]
[Epoch 286/401] [Batch 0/1] [D loss: 0.099724, acc: 100%] [G loss: 0.784574]
[Epoch 287/401] [Batch 0/1] [D loss: 0.213828, acc: 100%] [G loss: 0.910987]
[Epoch 288/401] [Batch 0/1] [D loss: 0.302761, acc: 100%] [G loss: 0.665052]
[Epoch 289/401] [Batch 0/1] [D loss: 0.237995, acc: 100%] [G loss: 0.640073]
[Epoch 290/401] [Batch 0/1] [D loss: 0.137516, acc: 100%] [G loss: 0.622946]
[Epoch 291/401] [Batch 0/1] [D loss: 0.259102, acc: 100%] [G loss: 0.348006]
[Epoch 292/401] [Batch 0/1] [D loss: 0.230314, acc: 100%] [G loss: 0.983873]
[Epoch 293/401] [Batch 0/1] [D loss: 0.219176, acc: 100%] [G loss: 0.122023]
[Epoch 294/401] [Batch 0/1] [D loss: 0.062089, acc: 100%] [G loss: 0.330880]
[Epoch 295/401] [Batch 0/1] [D loss: 0.107328, acc: 100%] [G loss: 1.234938]
[Epoch 296/401] [Batch 0/1] [D loss: 0.151201, acc: 100%] [G loss: 0.927892]
[Epoch 297/401] [Batch 0/1] [D loss: 0.163707, acc: 100%] [G loss: 1.008874]
[Epoch 298/401] [Batch 0/1] [D loss: 0.383225, acc: 100%] [G loss: 0.450369]
[Epoch 299/401] [Batch 0/1] [D loss: 0.114209, acc: 100%] [G loss: 0.809724]
[Epoch 300/401] [Batch 0/1] [D loss: 0.173455, acc: 100%] [G loss: 0.712825]
[Epoch 301/401] [Batch 0/1] [D loss: 0.279179, acc: 100%] [G loss: 1.022229]
[Epoch 302/401] [Batch 0/1] [D loss: 0.262821, acc: 100%] [G loss: 0.938692]
[Epoch 303/401] [Batch 0/1] [D loss: 0.128133, acc: 100%] [G loss: 0.345988]
[Epoch 304/401] [Batch 0/1] [D loss: 0.050980, acc: 100%] [G loss: 1.391119]
[Epoch 305/401] [Batch 0/1] [D loss: 0.370248, acc: 100%] [G loss: 0.113389]
[Epoch 306/401] [Batch 0/1] [D loss: 0.043953, acc: 100%] [G loss: 0.500997]
[Epoch 307/401] [Batch 0/1] [D loss: 0.095807, acc: 100%] [G loss: 0.591856]
[Epoch 308/401] [Batch 0/1] [D loss: 0.426173, acc: 100%] [G loss: 0.575816]
[Epoch 309/401] [Batch 0/1] [D loss: 0.043366, acc: 100%] [G loss: 0.714724]
[Epoch 310/401] [Batch 0/1] [D loss: 0.139642, acc: 100%] [G loss: 1.736526]
[Epoch 311/401] [Batch 0/1] [D loss: 0.342380, acc: 100%] [G loss: 0.363374]
[Epoch 312/401] [Batch 0/1] [D loss: 0.253732, acc: 100%] [G loss: 0.609004]
[Epoch 313/401] [Batch 0/1] [D loss: 0.067731, acc: 100%] [G loss: 1.252077]
[Epoch 314/401] [Batch 0/1] [D loss: 0.180034, acc: 100%] [G loss: 0.804111]
[Epoch 315/401] [Batch 0/1] [D loss: 0.136249, acc: 100%] [G loss: 0.563192]
[Epoch 316/401] [Batch 0/1] [D loss: 0.517214, acc: 100%] [G loss: 0.536329]
[Epoch 317/401] [Batch 0/1] [D loss: 0.115612, acc: 100%] [G loss: 0.860769]
[Epoch 318/401] [Batch 0/1] [D loss: 0.371850, acc: 100%] [G loss: 0.923302]
[Epoch 319/401] [Batch 0/1] [D loss: 0.166505, acc: 100%] [G loss: 0.546480]
[Epoch 320/401] [Batch 0/1] [D loss: 0.216388, acc: 100%] [G loss: 1.130999]
[Epoch 321/401] [Batch 0/1] [D loss: 0.217298, acc: 100%] [G loss: 0.262782]
[Epoch 322/401] [Batch 0/1] [D loss: 0.164603, acc: 100%] [G loss: 0.080141]
[Epoch 323/401] [Batch 0/1] [D loss: 0.099486, acc: 100%] [G loss: 0.684215]
[Epoch 324/401] [Batch 0/1] [D loss: 0.146166, acc: 100%] [G loss: 0.443451]
[Epoch 325/401] [Batch 0/1] [D loss: 0.107842, acc: 100%] [G loss: 0.137800]
[Epoch 326/401] [Batch 0/1] [D loss: 0.462686, acc: 100%] [G loss: 0.950422]
[Epoch 327/401] [Batch 0/1] [D loss: 0.116441, acc: 100%] [G loss: 1.177294]
[Epoch 328/401] [Batch 0/1] [D loss: 0.442932, acc: 100%] [G loss: 1.019593]
[Epoch 329/401] [Batch 0/1] [D loss: 0.112492, acc: 100%] [G loss: 1.075387]
[Epoch 330/401] [Batch 0/1] [D loss: 0.283338, acc: 100%] [G loss: 0.241133]
[Epoch 331/401] [Batch 0/1] [D loss: 0.157782, acc: 100%] [G loss: 0.383793]
[Epoch 332/401] [Batch 0/1] [D loss: 0.259243, acc: 100%] [G loss: 0.799545]
[Epoch 333/401] [Batch 0/1] [D loss: 0.066297, acc: 100%] [G loss: 1.028915]
[Epoch 334/401] [Batch 0/1] [D loss: 0.234495, acc: 100%] [G loss: 0.649898]
[Epoch 335/401] [Batch 0/1] [D loss: 0.242799, acc: 100%] [G loss: 0.652640]
[Epoch 336/401] [Batch 0/1] [D loss: 0.148332, acc: 100%] [G loss: 0.563123]
[Epoch 337/401] [Batch 0/1] [D loss: 0.108508, acc: 100%] [G loss: 0.921372]
[Epoch 338/401] [Batch 0/1] [D loss: 0.235726, acc: 100%] [G loss: 0.448221]
[Epoch 339/401] [Batch 0/1] [D loss: 0.111079, acc: 100%] [G loss: 1.384760]
[Epoch 340/401] [Batch 0/1] [D loss: 0.120720, acc: 100%] [G loss: 0.686347]
[Epoch 341/401] [Batch 0/1] [D loss: 0.242632, acc: 100%] [G loss: 0.998439]
[Epoch 342/401] [Batch 0/1] [D loss: 0.111998, acc: 100%] [G loss: 0.334625]
[Epoch 343/401] [Batch 0/1] [D loss: 0.060078, acc: 100%] [G loss: 1.493141]
[Epoch 344/401] [Batch 0/1] [D loss: 0.114503, acc: 100%] [G loss: 0.817173]
[Epoch 345/401] [Batch 0/1] [D loss: 0.056928, acc: 100%] [G loss: 1.009315]
[Epoch 346/401] [Batch 0/1] [D loss: 0.208833, acc: 100%] [G loss: 0.276839]
[Epoch 347/401] [Batch 0/1] [D loss: 0.517797, acc: 100%] [G loss: 0.748423]
[Epoch 348/401] [Batch 0/1] [D loss: 0.065549, acc: 100%] [G loss: 1.159482]
[Epoch 349/401] [Batch 0/1] [D loss: 0.283210, acc: 100%] [G loss: 0.177779]
[Epoch 350/401] [Batch 0/1] [D loss: 0.062143, acc: 100%] [G loss: 0.720276]
[Epoch 351/401] [Batch 0/1] [D loss: 0.128301, acc: 100%] [G loss: 0.557298]
[Epoch 352/401] [Batch 0/1] [D loss: 0.146017, acc: 100%] [G loss: 0.489074]
[Epoch 353/401] [Batch 0/1] [D loss: 0.410698, acc: 100%] [G loss: 1.083423]
[Epoch 354/401] [Batch 0/1] [D loss: 0.127229, acc: 100%] [G loss: 0.445192]
[Epoch 355/401] [Batch 0/1] [D loss: 0.145255, acc: 100%] [G loss: 0.675981]
[Epoch 356/401] [Batch 0/1] [D loss: 0.032837, acc: 100%] [G loss: 1.344617]
[Epoch 357/401] [Batch 0/1] [D loss: 0.162803, acc: 100%] [G loss: 0.873718]
[Epoch 358/401] [Batch 0/1] [D loss: 0.440737, acc: 100%] [G loss: 0.650016]
[Epoch 359/401] [Batch 0/1] [D loss: 0.383339, acc: 100%] [G loss: 0.511797]
[Epoch 360/401] [Batch 0/1] [D loss: 0.294242, acc: 100%] [G loss: 0.028478]
[Epoch 361/401] [Batch 0/1] [D loss: 0.292697, acc: 100%] [G loss: 0.494035]
[Epoch 362/401] [Batch 0/1] [D loss: 0.093087, acc: 100%] [G loss: 0.621492]
[Epoch 363/401] [Batch 0/1] [D loss: 0.030580, acc: 100%] [G loss: 1.950649]
[Epoch 364/401] [Batch 0/1] [D loss: 0.279779, acc: 100%] [G loss: 0.416586]
[Epoch 365/401] [Batch 0/1] [D loss: 0.434975, acc: 100%] [G loss: 0.891394]
[Epoch 366/401] [Batch 0/1] [D loss: 0.054944, acc: 100%] [G loss: 0.101571]
[Epoch 367/401] [Batch 0/1] [D loss: 0.133743, acc: 100%] [G loss: 1.510707]
[Epoch 368/401] [Batch 0/1] [D loss: 0.280660, acc: 100%] [G loss: 0.982486]
[Epoch 369/401] [Batch 0/1] [D loss: 0.221449, acc: 100%] [G loss: 1.306807]
[Epoch 370/401] [Batch 0/1] [D loss: 0.220394, acc: 100%] [G loss: 1.664313]
[Epoch 371/401] [Batch 0/1] [D loss: 0.441553, acc: 100%] [G loss: 0.311584]
[Epoch 372/401] [Batch 0/1] [D loss: 0.082942, acc: 100%] [G loss: 0.574681]
[Epoch 373/401] [Batch 0/1] [D loss: 0.182211, acc: 100%] [G loss: 0.708817]
[Epoch 374/401] [Batch 0/1] [D loss: 0.172769, acc: 100%] [G loss: 0.712609]
[Epoch 375/401] [Batch 0/1] [D loss: 0.046589, acc: 100%] [G loss: 0.486315]
[Epoch 376/401] [Batch 0/1] [D loss: 0.150005, acc: 100%] [G loss: 0.302782]
[Epoch 377/401] [Batch 0/1] [D loss: 0.240099, acc: 100%] [G loss: 0.141950]
[Epoch 378/401] [Batch 0/1] [D loss: 0.241465, acc: 100%] [G loss: 0.387608]
[Epoch 379/401] [Batch 0/1] [D loss: 0.333213, acc: 100%] [G loss: 1.241952]
[Epoch 380/401] [Batch 0/1] [D loss: 0.304041, acc: 100%] [G loss: 0.227980]
[Epoch 381/401] [Batch 0/1] [D loss: 0.354596, acc: 100%] [G loss: 0.245171]
[Epoch 382/401] [Batch 0/1] [D loss: 0.841195, acc: 100%] [G loss: 0.614637]
[Epoch 383/401] [Batch 0/1] [D loss: 0.135771, acc: 100%] [G loss: 0.338896]
[Epoch 384/401] [Batch 0/1] [D loss: 0.344179, acc: 100%] [G loss: 0.195537]
[Epoch 385/401] [Batch 0/1] [D loss: 0.179997, acc: 100%] [G loss: 1.528447]
[Epoch 386/401] [Batch 0/1] [D loss: 0.102947, acc: 100%] [G loss: 0.307917]
[Epoch 387/401] [Batch 0/1] [D loss: 0.382140, acc: 100%] [G loss: 0.784845]
[Epoch 388/401] [Batch 0/1] [D loss: 0.066051, acc: 100%] [G loss: 0.846053]
[Epoch 389/401] [Batch 0/1] [D loss: 0.086264, acc: 100%] [G loss: 0.652855]
[Epoch 390/401] [Batch 0/1] [D loss: 0.302452, acc: 100%] [G loss: 1.177181]
[Epoch 391/401] [Batch 0/1] [D loss: 0.277189, acc: 100%] [G loss: 0.678250]
[Epoch 392/401] [Batch 0/1] [D loss: 0.033832, acc: 100%] [G loss: 0.464106]
[Epoch 393/401] [Batch 0/1] [D loss: 0.117175, acc: 100%] [G loss: 1.448365]
[Epoch 394/401] [Batch 0/1] [D loss: 0.356406, acc: 100%] [G loss: 1.622109]
[Epoch 395/401] [Batch 0/1] [D loss: 0.079047, acc: 100%] [G loss: 1.263566]
[Epoch 396/401] [Batch 0/1] [D loss: 0.066856, acc: 100%] [G loss: 0.810476]
[Epoch 397/401] [Batch 0/1] [D loss: 0.121311, acc: 100%] [G loss: 0.329266]
[Epoch 398/401] [Batch 0/1] [D loss: 0.368376, acc: 100%] [G loss: 0.624945]
[Epoch 399/401] [Batch 0/1] [D loss: 0.269810, acc: 100%] [G loss: 0.395409]
[Epoch 400/401] [Batch 0/1] [D loss: 0.134033, acc: 100%] [G loss: 0.755234]
