Namespace(b1=0.5, b2=0.999, batch_size=64, channels=3, img_size=256, latent_dim=100, lr=0.001, n_classes=1, n_cpu=8, n_epochs=801, sample_interval=10)
15
/usr/local/lib/python3.6/dist-packages/torch/nn/modules/container.py:100: UserWarning: Implicit dimension choice for softmax has been deprecated. Change the call to include dim=X as an argument.
  input = module(input)
[Epoch 0/801] [Batch 0/1] [D loss: 0.346537, acc: 100%] [G loss: 0.346446]
[Epoch 1/801] [Batch 0/1] [D loss: 0.346509, acc: 100%] [G loss: 0.348605]
[Epoch 2/801] [Batch 0/1] [D loss: 0.346244, acc: 100%] [G loss: 0.344151]
[Epoch 3/801] [Batch 0/1] [D loss: 0.345428, acc: 100%] [G loss: 0.348144]
[Epoch 4/801] [Batch 0/1] [D loss: 0.342627, acc: 100%] [G loss: 0.348818]
[Epoch 5/801] [Batch 0/1] [D loss: 0.331695, acc: 100%] [G loss: 0.352955]
[Epoch 6/801] [Batch 0/1] [D loss: 0.310782, acc: 100%] [G loss: 0.359172]
[Epoch 7/801] [Batch 0/1] [D loss: 0.355194, acc: 100%] [G loss: 0.283284]
[Epoch 8/801] [Batch 0/1] [D loss: 0.417576, acc: 100%] [G loss: 0.311488]
[Epoch 9/801] [Batch 0/1] [D loss: 0.371118, acc: 100%] [G loss: 0.390013]
[Epoch 10/801] [Batch 0/1] [D loss: 0.358642, acc: 100%] [G loss: 0.426211]
[Epoch 11/801] [Batch 0/1] [D loss: 0.352038, acc: 100%] [G loss: 0.415499]
[Epoch 12/801] [Batch 0/1] [D loss: 0.343844, acc: 100%] [G loss: 0.384172]
[Epoch 13/801] [Batch 0/1] [D loss: 0.342514, acc: 100%] [G loss: 0.364936]
[Epoch 14/801] [Batch 0/1] [D loss: 0.354580, acc: 100%] [G loss: 0.336830]
[Epoch 15/801] [Batch 0/1] [D loss: 0.338804, acc: 100%] [G loss: 0.346676]
[Epoch 16/801] [Batch 0/1] [D loss: 0.341305, acc: 100%] [G loss: 0.367485]
[Epoch 17/801] [Batch 0/1] [D loss: 0.340401, acc: 100%] [G loss: 0.393159]
[Epoch 18/801] [Batch 0/1] [D loss: 0.348400, acc: 100%] [G loss: 0.340862]
[Epoch 19/801] [Batch 0/1] [D loss: 0.353829, acc: 100%] [G loss: 0.328331]
[Epoch 20/801] [Batch 0/1] [D loss: 0.343915, acc: 100%] [G loss: 0.337430]
[Epoch 21/801] [Batch 0/1] [D loss: 0.344035, acc: 100%] [G loss: 0.331509]
[Epoch 22/801] [Batch 0/1] [D loss: 0.345458, acc: 100%] [G loss: 0.350779]
[Epoch 23/801] [Batch 0/1] [D loss: 0.326378, acc: 100%] [G loss: 0.375369]
[Epoch 24/801] [Batch 0/1] [D loss: 0.317163, acc: 100%] [G loss: 0.395361]
[Epoch 25/801] [Batch 0/1] [D loss: 0.318308, acc: 100%] [G loss: 0.373179]
[Epoch 26/801] [Batch 0/1] [D loss: 0.317733, acc: 100%] [G loss: 0.357370]
[Epoch 27/801] [Batch 0/1] [D loss: 0.304724, acc: 100%] [G loss: 0.329568]
[Epoch 28/801] [Batch 0/1] [D loss: 0.413027, acc: 100%] [G loss: 0.356934]
[Epoch 29/801] [Batch 0/1] [D loss: 0.324080, acc: 100%] [G loss: 0.514194]
[Epoch 30/801] [Batch 0/1] [D loss: 0.311014, acc: 100%] [G loss: 0.484885]
[Epoch 31/801] [Batch 0/1] [D loss: 0.376643, acc: 100%] [G loss: 0.379086]
[Epoch 32/801] [Batch 0/1] [D loss: 0.307580, acc: 100%] [G loss: 0.431438]
[Epoch 33/801] [Batch 0/1] [D loss: 0.285795, acc: 100%] [G loss: 0.464365]
[Epoch 34/801] [Batch 0/1] [D loss: 0.297226, acc: 100%] [G loss: 0.506996]
[Epoch 35/801] [Batch 0/1] [D loss: 0.298605, acc: 100%] [G loss: 0.473282]
[Epoch 36/801] [Batch 0/1] [D loss: 0.293317, acc: 100%] [G loss: 0.394981]
[Epoch 37/801] [Batch 0/1] [D loss: 0.234360, acc: 100%] [G loss: 0.462234]
[Epoch 38/801] [Batch 0/1] [D loss: 0.379927, acc: 100%] [G loss: 0.307715]
[Epoch 39/801] [Batch 0/1] [D loss: 0.303466, acc: 100%] [G loss: 0.552572]
[Epoch 40/801] [Batch 0/1] [D loss: 0.317442, acc: 100%] [G loss: 0.701097]
[Epoch 41/801] [Batch 0/1] [D loss: 0.309498, acc: 100%] [G loss: 0.404083]
[Epoch 42/801] [Batch 0/1] [D loss: 0.314959, acc: 100%] [G loss: 0.304603]
[Epoch 43/801] [Batch 0/1] [D loss: 0.281159, acc: 100%] [G loss: 0.331545]
[Epoch 44/801] [Batch 0/1] [D loss: 0.263731, acc: 100%] [G loss: 0.889000]
[Epoch 45/801] [Batch 0/1] [D loss: 0.281579, acc: 100%] [G loss: 0.570075]
[Epoch 46/801] [Batch 0/1] [D loss: 0.250046, acc: 100%] [G loss: 0.483901]
[Epoch 47/801] [Batch 0/1] [D loss: 0.221600, acc: 100%] [G loss: 0.500950]
[Epoch 48/801] [Batch 0/1] [D loss: 0.208769, acc: 100%] [G loss: 0.822920]
[Epoch 49/801] [Batch 0/1] [D loss: 0.173970, acc: 100%] [G loss: 1.335087]
[Epoch 50/801] [Batch 0/1] [D loss: 0.138582, acc: 100%] [G loss: 1.685491]
[Epoch 51/801] [Batch 0/1] [D loss: 0.120283, acc: 100%] [G loss: 0.962622]
[Epoch 52/801] [Batch 0/1] [D loss: 0.257158, acc: 100%] [G loss: 0.992317]
[Epoch 53/801] [Batch 0/1] [D loss: 0.207709, acc: 100%] [G loss: 0.793537]
[Epoch 54/801] [Batch 0/1] [D loss: 0.142175, acc: 100%] [G loss: 0.695739]
[Epoch 55/801] [Batch 0/1] [D loss: 0.135533, acc: 100%] [G loss: 1.043707]
[Epoch 56/801] [Batch 0/1] [D loss: 0.093427, acc: 100%] [G loss: 1.304225]
[Epoch 57/801] [Batch 0/1] [D loss: 0.055349, acc: 100%] [G loss: 1.704085]
[Epoch 58/801] [Batch 0/1] [D loss: 0.090712, acc: 100%] [G loss: 1.332963]
[Epoch 59/801] [Batch 0/1] [D loss: 0.187324, acc: 100%] [G loss: 1.446631]
[Epoch 60/801] [Batch 0/1] [D loss: 0.322270, acc: 100%] [G loss: 1.904465]
[Epoch 61/801] [Batch 0/1] [D loss: 0.145956, acc: 100%] [G loss: 2.428681]
[Epoch 62/801] [Batch 0/1] [D loss: 0.079132, acc: 100%] [G loss: 1.800249]
[Epoch 63/801] [Batch 0/1] [D loss: 0.035561, acc: 100%] [G loss: 1.582876]
[Epoch 64/801] [Batch 0/1] [D loss: 0.058761, acc: 100%] [G loss: 1.744829]
[Epoch 65/801] [Batch 0/1] [D loss: 0.018763, acc: 100%] [G loss: 2.786739]
[Epoch 66/801] [Batch 0/1] [D loss: 0.049917, acc: 100%] [G loss: 1.872325]
[Epoch 67/801] [Batch 0/1] [D loss: 0.077207, acc: 100%] [G loss: 1.527375]
[Epoch 68/801] [Batch 0/1] [D loss: 0.153874, acc: 100%] [G loss: 2.041010]
[Epoch 69/801] [Batch 0/1] [D loss: 0.116231, acc: 100%] [G loss: 2.220102]
[Epoch 70/801] [Batch 0/1] [D loss: 0.072280, acc: 100%] [G loss: 2.279578]
[Epoch 71/801] [Batch 0/1] [D loss: 0.101749, acc: 100%] [G loss: 2.431061]
[Epoch 72/801] [Batch 0/1] [D loss: 0.048612, acc: 100%] [G loss: 1.776320]
[Epoch 73/801] [Batch 0/1] [D loss: 0.047472, acc: 100%] [G loss: 1.845648]
[Epoch 74/801] [Batch 0/1] [D loss: 0.043187, acc: 100%] [G loss: 2.149851]
[Epoch 75/801] [Batch 0/1] [D loss: 0.041576, acc: 100%] [G loss: 3.511933]
[Epoch 76/801] [Batch 0/1] [D loss: 0.015252, acc: 100%] [G loss: 2.749232]
[Epoch 77/801] [Batch 0/1] [D loss: 0.047840, acc: 100%] [G loss: 1.402813]
[Epoch 78/801] [Batch 0/1] [D loss: 0.043306, acc: 100%] [G loss: 1.738552]
[Epoch 79/801] [Batch 0/1] [D loss: 0.048465, acc: 100%] [G loss: 1.026096]
[Epoch 80/801] [Batch 0/1] [D loss: 0.083793, acc: 100%] [G loss: 1.261794]
[Epoch 81/801] [Batch 0/1] [D loss: 0.106571, acc: 100%] [G loss: 1.823516]
[Epoch 82/801] [Batch 0/1] [D loss: 0.046182, acc: 100%] [G loss: 2.590801]
[Epoch 83/801] [Batch 0/1] [D loss: 0.033590, acc: 100%] [G loss: 2.007417]
[Epoch 84/801] [Batch 0/1] [D loss: 0.248516, acc: 100%] [G loss: 0.711082]
[Epoch 85/801] [Batch 0/1] [D loss: 0.128875, acc: 100%] [G loss: 1.735025]
[Epoch 86/801] [Batch 0/1] [D loss: 0.035913, acc: 100%] [G loss: 4.398526]
[Epoch 87/801] [Batch 0/1] [D loss: 0.033680, acc: 100%] [G loss: 1.504142]
[Epoch 88/801] [Batch 0/1] [D loss: 0.045771, acc: 100%] [G loss: 1.938259]
[Epoch 89/801] [Batch 0/1] [D loss: 0.151348, acc: 100%] [G loss: 0.546653]
[Epoch 90/801] [Batch 0/1] [D loss: 0.152112, acc: 100%] [G loss: 4.068021]
[Epoch 91/801] [Batch 0/1] [D loss: 0.084209, acc: 100%] [G loss: 2.466195]
[Epoch 92/801] [Batch 0/1] [D loss: 0.027878, acc: 100%] [G loss: 2.033923]
[Epoch 93/801] [Batch 0/1] [D loss: 0.054737, acc: 100%] [G loss: 1.823897]
[Epoch 94/801] [Batch 0/1] [D loss: 0.029510, acc: 100%] [G loss: 1.354516]
[Epoch 95/801] [Batch 0/1] [D loss: 0.070040, acc: 100%] [G loss: 1.267699]
[Epoch 96/801] [Batch 0/1] [D loss: 0.021581, acc: 100%] [G loss: 2.677556]
[Epoch 97/801] [Batch 0/1] [D loss: 0.030696, acc: 100%] [G loss: 2.218993]
[Epoch 98/801] [Batch 0/1] [D loss: 0.055834, acc: 100%] [G loss: 0.632147]
[Epoch 99/801] [Batch 0/1] [D loss: 0.289534, acc: 100%] [G loss: 0.378157]
[Epoch 100/801] [Batch 0/1] [D loss: 0.381982, acc: 100%] [G loss: 2.744912]
[Epoch 101/801] [Batch 0/1] [D loss: 0.058624, acc: 100%] [G loss: 1.934466]
[Epoch 102/801] [Batch 0/1] [D loss: 0.029184, acc: 100%] [G loss: 1.762073]
[Epoch 103/801] [Batch 0/1] [D loss: 0.193729, acc: 100%] [G loss: 0.565945]
[Epoch 104/801] [Batch 0/1] [D loss: 0.040964, acc: 100%] [G loss: 1.371880]
[Epoch 105/801] [Batch 0/1] [D loss: 0.075871, acc: 100%] [G loss: 1.126420]
[Epoch 106/801] [Batch 0/1] [D loss: 0.255648, acc: 100%] [G loss: 0.668820]
[Epoch 107/801] [Batch 0/1] [D loss: 0.788416, acc: 100%] [G loss: 2.605932]
[Epoch 108/801] [Batch 0/1] [D loss: 0.138259, acc: 100%] [G loss: 0.915926]
[Epoch 109/801] [Batch 0/1] [D loss: 0.091586, acc: 100%] [G loss: 1.021294]
[Epoch 110/801] [Batch 0/1] [D loss: 0.193849, acc: 100%] [G loss: 0.449408]
[Epoch 111/801] [Batch 0/1] [D loss: 0.119626, acc: 100%] [G loss: 1.314276]
[Epoch 112/801] [Batch 0/1] [D loss: 0.078679, acc: 100%] [G loss: 3.455749]
[Epoch 113/801] [Batch 0/1] [D loss: 0.084189, acc: 100%] [G loss: 1.085335]
[Epoch 114/801] [Batch 0/1] [D loss: 0.025944, acc: 100%] [G loss: 1.602128]
[Epoch 115/801] [Batch 0/1] [D loss: 0.043221, acc: 100%] [G loss: 1.870822]
[Epoch 116/801] [Batch 0/1] [D loss: 0.409189, acc: 100%] [G loss: 0.194501]
[Epoch 117/801] [Batch 0/1] [D loss: 0.204420, acc: 100%] [G loss: 1.485130]
[Epoch 118/801] [Batch 0/1] [D loss: 0.179087, acc: 100%] [G loss: 1.653430]
[Epoch 119/801] [Batch 0/1] [D loss: 0.105544, acc: 100%] [G loss: 2.214450]
[Epoch 120/801] [Batch 0/1] [D loss: 0.074072, acc: 100%] [G loss: 1.703225]
[Epoch 121/801] [Batch 0/1] [D loss: 0.238532, acc: 100%] [G loss: 0.369359]
[Epoch 122/801] [Batch 0/1] [D loss: 0.107632, acc: 100%] [G loss: 1.721618]
[Epoch 123/801] [Batch 0/1] [D loss: 0.085543, acc: 100%] [G loss: 2.096781]
[Epoch 124/801] [Batch 0/1] [D loss: 0.064257, acc: 100%] [G loss: 1.881100]
[Epoch 125/801] [Batch 0/1] [D loss: 0.093260, acc: 100%] [G loss: 1.205066]
[Epoch 126/801] [Batch 0/1] [D loss: 0.124509, acc: 100%] [G loss: 1.480964]
[Epoch 127/801] [Batch 0/1] [D loss: 0.060786, acc: 100%] [G loss: 3.245533]
[Epoch 128/801] [Batch 0/1] [D loss: 0.053458, acc: 100%] [G loss: 1.562714]
[Epoch 129/801] [Batch 0/1] [D loss: 0.083586, acc: 100%] [G loss: 0.869841]
[Epoch 130/801] [Batch 0/1] [D loss: 0.117480, acc: 100%] [G loss: 0.708055]
[Epoch 131/801] [Batch 0/1] [D loss: 0.062642, acc: 100%] [G loss: 1.298116]
[Epoch 132/801] [Batch 0/1] [D loss: 0.151144, acc: 100%] [G loss: 1.374110]
[Epoch 133/801] [Batch 0/1] [D loss: 0.072122, acc: 100%] [G loss: 2.047485]
[Epoch 134/801] [Batch 0/1] [D loss: 0.026914, acc: 100%] [G loss: 4.360901]
[Epoch 135/801] [Batch 0/1] [D loss: 0.011808, acc: 100%] [G loss: 2.892919]
[Epoch 136/801] [Batch 0/1] [D loss: 0.111835, acc: 100%] [G loss: 0.918387]
[Epoch 137/801] [Batch 0/1] [D loss: 0.014641, acc: 100%] [G loss: 2.236452]
[Epoch 138/801] [Batch 0/1] [D loss: 0.017873, acc: 100%] [G loss: 7.582049]
[Epoch 139/801] [Batch 0/1] [D loss: 0.018412, acc: 100%] [G loss: 4.242413]
[Epoch 140/801] [Batch 0/1] [D loss: 0.050633, acc: 100%] [G loss: 2.379960]
[Epoch 141/801] [Batch 0/1] [D loss: 0.033519, acc: 100%] [G loss: 2.586618]
[Epoch 142/801] [Batch 0/1] [D loss: 0.031249, acc: 100%] [G loss: 3.870574]
[Epoch 143/801] [Batch 0/1] [D loss: 0.096246, acc: 100%] [G loss: 2.914952]
[Epoch 144/801] [Batch 0/1] [D loss: 0.012510, acc: 100%] [G loss: 3.368839]
[Epoch 145/801] [Batch 0/1] [D loss: 0.013124, acc: 100%] [G loss: 2.543071]
[Epoch 146/801] [Batch 0/1] [D loss: 0.025628, acc: 100%] [G loss: 1.877439]
[Epoch 147/801] [Batch 0/1] [D loss: 0.063683, acc: 100%] [G loss: 0.813040]
[Epoch 148/801] [Batch 0/1] [D loss: 0.064258, acc: 100%] [G loss: 2.104689]
[Epoch 149/801] [Batch 0/1] [D loss: 0.104951, acc: 100%] [G loss: 5.507633]
[Epoch 150/801] [Batch 0/1] [D loss: 0.032861, acc: 100%] [G loss: 1.420069]
[Epoch 151/801] [Batch 0/1] [D loss: 0.010270, acc: 100%] [G loss: 2.264336]
[Epoch 152/801] [Batch 0/1] [D loss: 0.368699, acc: 100%] [G loss: 0.398084]
[Epoch 153/801] [Batch 0/1] [D loss: 0.474611, acc: 100%] [G loss: 4.188605]
[Epoch 154/801] [Batch 0/1] [D loss: 0.009933, acc: 100%] [G loss: 3.255448]
[Epoch 155/801] [Batch 0/1] [D loss: 0.333001, acc: 100%] [G loss: 0.251146]
[Epoch 156/801] [Batch 0/1] [D loss: 0.107427, acc: 100%] [G loss: 0.733536]
[Epoch 157/801] [Batch 0/1] [D loss: 0.092739, acc: 100%] [G loss: 0.969349]
[Epoch 158/801] [Batch 0/1] [D loss: 0.123693, acc: 100%] [G loss: 1.250894]
[Epoch 159/801] [Batch 0/1] [D loss: 0.045322, acc: 100%] [G loss: 2.602552]
[Epoch 160/801] [Batch 0/1] [D loss: 0.048851, acc: 100%] [G loss: 1.010058]
[Epoch 161/801] [Batch 0/1] [D loss: 0.084801, acc: 100%] [G loss: 0.857567]
[Epoch 162/801] [Batch 0/1] [D loss: 0.304431, acc: 100%] [G loss: 0.266712]
[Epoch 163/801] [Batch 0/1] [D loss: 0.262914, acc: 100%] [G loss: 1.010217]
[Epoch 164/801] [Batch 0/1] [D loss: 0.244396, acc: 100%] [G loss: 3.524736]
[Epoch 165/801] [Batch 0/1] [D loss: 0.219270, acc: 100%] [G loss: 0.479979]
[Epoch 166/801] [Batch 0/1] [D loss: 0.152813, acc: 100%] [G loss: 1.121677]
[Epoch 167/801] [Batch 0/1] [D loss: 0.072724, acc: 100%] [G loss: 2.395347]
[Epoch 168/801] [Batch 0/1] [D loss: 0.035638, acc: 100%] [G loss: 1.433509]
[Epoch 169/801] [Batch 0/1] [D loss: 0.012375, acc: 100%] [G loss: 3.055457]
[Epoch 170/801] [Batch 0/1] [D loss: 0.336122, acc: 100%] [G loss: 0.365333]
[Epoch 171/801] [Batch 0/1] [D loss: 0.088343, acc: 100%] [G loss: 2.292474]
[Epoch 172/801] [Batch 0/1] [D loss: 0.142039, acc: 100%] [G loss: 5.056714]
[Epoch 173/801] [Batch 0/1] [D loss: 0.043610, acc: 100%] [G loss: 2.050807]
[Epoch 174/801] [Batch 0/1] [D loss: 0.152330, acc: 100%] [G loss: 0.458404]
[Epoch 175/801] [Batch 0/1] [D loss: 0.115797, acc: 100%] [G loss: 0.708883]
[Epoch 176/801] [Batch 0/1] [D loss: 0.087714, acc: 100%] [G loss: 1.808048]
[Epoch 177/801] [Batch 0/1] [D loss: 0.064302, acc: 100%] [G loss: 3.446534]
[Epoch 178/801] [Batch 0/1] [D loss: 0.041380, acc: 100%] [G loss: 1.577711]
[Epoch 179/801] [Batch 0/1] [D loss: 0.025056, acc: 100%] [G loss: 1.496132]
[Epoch 180/801] [Batch 0/1] [D loss: 0.044560, acc: 100%] [G loss: 0.943052]
[Epoch 181/801] [Batch 0/1] [D loss: 0.176812, acc: 100%] [G loss: 0.590918]
[Epoch 182/801] [Batch 0/1] [D loss: 0.098477, acc: 100%] [G loss: 3.614419]
[Epoch 183/801] [Batch 0/1] [D loss: 0.046339, acc: 100%] [G loss: 3.085162]
[Epoch 184/801] [Batch 0/1] [D loss: 0.133923, acc: 100%] [G loss: 0.835085]
[Epoch 185/801] [Batch 0/1] [D loss: 0.063914, acc: 100%] [G loss: 1.902559]
[Epoch 186/801] [Batch 0/1] [D loss: 0.020162, acc: 100%] [G loss: 3.522907]
[Epoch 187/801] [Batch 0/1] [D loss: 0.009207, acc: 100%] [G loss: 7.240513]
[Epoch 188/801] [Batch 0/1] [D loss: 0.013231, acc: 100%] [G loss: 5.318994]
[Epoch 189/801] [Batch 0/1] [D loss: 0.019068, acc: 100%] [G loss: 2.110132]
[Epoch 190/801] [Batch 0/1] [D loss: 0.008191, acc: 100%] [G loss: 3.392229]
[Epoch 191/801] [Batch 0/1] [D loss: 0.015668, acc: 100%] [G loss: 2.397609]
[Epoch 192/801] [Batch 0/1] [D loss: 0.010300, acc: 100%] [G loss: 1.496775]
[Epoch 193/801] [Batch 0/1] [D loss: 0.207388, acc: 100%] [G loss: 0.441379]
[Epoch 194/801] [Batch 0/1] [D loss: 0.103038, acc: 100%] [G loss: 2.460769]
[Epoch 195/801] [Batch 0/1] [D loss: 0.037572, acc: 100%] [G loss: 3.684844]
[Epoch 196/801] [Batch 0/1] [D loss: 0.044578, acc: 100%] [G loss: 2.852932]
[Epoch 197/801] [Batch 0/1] [D loss: 0.022396, acc: 100%] [G loss: 1.900533]
[Epoch 198/801] [Batch 0/1] [D loss: 0.012307, acc: 100%] [G loss: 2.475842]
[Epoch 199/801] [Batch 0/1] [D loss: 0.031625, acc: 100%] [G loss: 2.157507]
[Epoch 200/801] [Batch 0/1] [D loss: 0.038176, acc: 100%] [G loss: 2.162725]
[Epoch 201/801] [Batch 0/1] [D loss: 0.018085, acc: 100%] [G loss: 4.080056]
[Epoch 202/801] [Batch 0/1] [D loss: 0.011971, acc: 100%] [G loss: 3.695603]
[Epoch 203/801] [Batch 0/1] [D loss: 0.029119, acc: 100%] [G loss: 2.198914]
[Epoch 204/801] [Batch 0/1] [D loss: 0.005679, acc: 100%] [G loss: 6.572969]
[Epoch 205/801] [Batch 0/1] [D loss: 0.022772, acc: 100%] [G loss: 2.404040]
[Epoch 206/801] [Batch 0/1] [D loss: 0.016804, acc: 100%] [G loss: 5.314556]
[Epoch 207/801] [Batch 0/1] [D loss: 0.025752, acc: 100%] [G loss: 2.091942]
[Epoch 208/801] [Batch 0/1] [D loss: 0.030394, acc: 100%] [G loss: 1.981100]
[Epoch 209/801] [Batch 0/1] [D loss: 0.020667, acc: 100%] [G loss: 1.389937]
[Epoch 210/801] [Batch 0/1] [D loss: 0.140237, acc: 100%] [G loss: 0.564849]
[Epoch 211/801] [Batch 0/1] [D loss: 0.181917, acc: 100%] [G loss: 2.078198]
[Epoch 212/801] [Batch 0/1] [D loss: 0.032108, acc: 100%] [G loss: 1.056885]
[Epoch 213/801] [Batch 0/1] [D loss: 0.267613, acc: 100%] [G loss: 0.361860]
[Epoch 214/801] [Batch 0/1] [D loss: 0.173995, acc: 100%] [G loss: 1.365526]
[Epoch 215/801] [Batch 0/1] [D loss: 0.048915, acc: 100%] [G loss: 2.117247]
[Epoch 216/801] [Batch 0/1] [D loss: 0.045951, acc: 100%] [G loss: 3.984337]
[Epoch 217/801] [Batch 0/1] [D loss: 0.217726, acc: 100%] [G loss: 0.212707]
[Epoch 218/801] [Batch 0/1] [D loss: 0.050251, acc: 100%] [G loss: 5.632355]
[Epoch 219/801] [Batch 0/1] [D loss: 0.046863, acc: 100%] [G loss: 3.766676]
[Epoch 220/801] [Batch 0/1] [D loss: 0.026990, acc: 100%] [G loss: 3.095208]
[Epoch 221/801] [Batch 0/1] [D loss: 0.007303, acc: 100%] [G loss: 5.340275]
[Epoch 222/801] [Batch 0/1] [D loss: 0.259401, acc: 100%] [G loss: 0.141287]
[Epoch 223/801] [Batch 0/1] [D loss: 0.145101, acc: 100%] [G loss: 2.506618]
[Epoch 224/801] [Batch 0/1] [D loss: 0.019586, acc: 100%] [G loss: 4.878021]
[Epoch 225/801] [Batch 0/1] [D loss: 0.011003, acc: 100%] [G loss: 1.972400]
[Epoch 226/801] [Batch 0/1] [D loss: 0.071932, acc: 100%] [G loss: 1.398823]
[Epoch 227/801] [Batch 0/1] [D loss: 0.148231, acc: 100%] [G loss: 1.034465]
[Epoch 228/801] [Batch 0/1] [D loss: 0.620068, acc: 100%] [G loss: 4.732909]
[Epoch 229/801] [Batch 0/1] [D loss: 0.279218, acc: 100%] [G loss: 0.205391]
[Epoch 230/801] [Batch 0/1] [D loss: 0.313223, acc: 100%] [G loss: 0.899873]
[Epoch 231/801] [Batch 0/1] [D loss: 0.371339, acc: 100%] [G loss: 0.390578]
[Epoch 232/801] [Batch 0/1] [D loss: 0.187025, acc: 100%] [G loss: 0.721771]
[Epoch 233/801] [Batch 0/1] [D loss: 0.166940, acc: 100%] [G loss: 0.881239]
[Epoch 234/801] [Batch 0/1] [D loss: 0.137010, acc: 100%] [G loss: 1.370094]
[Epoch 235/801] [Batch 0/1] [D loss: 0.037041, acc: 100%] [G loss: 1.266422]
[Epoch 236/801] [Batch 0/1] [D loss: 0.051871, acc: 100%] [G loss: 1.216854]
[Epoch 237/801] [Batch 0/1] [D loss: 0.292709, acc: 100%] [G loss: 0.398284]
[Epoch 238/801] [Batch 0/1] [D loss: 0.205524, acc: 100%] [G loss: 1.816664]
[Epoch 239/801] [Batch 0/1] [D loss: 0.073218, acc: 100%] [G loss: 1.492603]
[Epoch 240/801] [Batch 0/1] [D loss: 0.115664, acc: 100%] [G loss: 0.986527]
[Epoch 241/801] [Batch 0/1] [D loss: 0.193803, acc: 100%] [G loss: 0.556053]
[Epoch 242/801] [Batch 0/1] [D loss: 0.111800, acc: 100%] [G loss: 1.669348]
[Epoch 243/801] [Batch 0/1] [D loss: 0.119335, acc: 100%] [G loss: 3.453121]
[Epoch 244/801] [Batch 0/1] [D loss: 0.053345, acc: 100%] [G loss: 3.844680]
[Epoch 245/801] [Batch 0/1] [D loss: 0.037536, acc: 100%] [G loss: 1.848409]
[Epoch 246/801] [Batch 0/1] [D loss: 0.036537, acc: 100%] [G loss: 1.973147]
[Epoch 247/801] [Batch 0/1] [D loss: 0.007304, acc: 100%] [G loss: 3.270705]
[Epoch 248/801] [Batch 0/1] [D loss: 0.540327, acc: 100%] [G loss: 0.110777]
[Epoch 249/801] [Batch 0/1] [D loss: 0.113990, acc: 100%] [G loss: 2.392956]
[Epoch 250/801] [Batch 0/1] [D loss: 0.222165, acc: 100%] [G loss: 6.149722]
[Epoch 251/801] [Batch 0/1] [D loss: 0.070891, acc: 100%] [G loss: 1.298935]
[Epoch 252/801] [Batch 0/1] [D loss: 0.065368, acc: 100%] [G loss: 2.665979]
[Epoch 253/801] [Batch 0/1] [D loss: 0.192649, acc: 100%] [G loss: 0.446117]
[Epoch 254/801] [Batch 0/1] [D loss: 0.156239, acc: 100%] [G loss: 0.632905]
[Epoch 255/801] [Batch 0/1] [D loss: 0.146382, acc: 100%] [G loss: 0.931054]
[Epoch 256/801] [Batch 0/1] [D loss: 0.137623, acc: 100%] [G loss: 1.833195]
[Epoch 257/801] [Batch 0/1] [D loss: 0.050737, acc: 100%] [G loss: 5.143267]
[Epoch 258/801] [Batch 0/1] [D loss: 0.063568, acc: 100%] [G loss: 1.656342]
[Epoch 259/801] [Batch 0/1] [D loss: 0.012880, acc: 100%] [G loss: 3.494977]
[Epoch 260/801] [Batch 0/1] [D loss: 0.083291, acc: 100%] [G loss: 1.646998]
[Epoch 261/801] [Batch 0/1] [D loss: 0.022833, acc: 100%] [G loss: 2.588670]
[Epoch 262/801] [Batch 0/1] [D loss: 0.314520, acc: 100%] [G loss: 0.345716]
[Epoch 263/801] [Batch 0/1] [D loss: 0.182680, acc: 100%] [G loss: 1.271774]
[Epoch 264/801] [Batch 0/1] [D loss: 0.162730, acc: 100%] [G loss: 2.640896]
[Epoch 265/801] [Batch 0/1] [D loss: 0.043848, acc: 100%] [G loss: 6.047700]
[Epoch 266/801] [Batch 0/1] [D loss: 0.115316, acc: 100%] [G loss: 2.237096]
[Epoch 267/801] [Batch 0/1] [D loss: 0.095281, acc: 100%] [G loss: 0.830652]
[Epoch 268/801] [Batch 0/1] [D loss: 0.116406, acc: 100%] [G loss: 0.959315]
[Epoch 269/801] [Batch 0/1] [D loss: 0.114175, acc: 100%] [G loss: 3.523511]
[Epoch 270/801] [Batch 0/1] [D loss: 0.070568, acc: 100%] [G loss: 1.832676]
[Epoch 271/801] [Batch 0/1] [D loss: 0.017890, acc: 100%] [G loss: 5.231813]
[Epoch 272/801] [Batch 0/1] [D loss: 0.068573, acc: 100%] [G loss: 1.227347]
[Epoch 273/801] [Batch 0/1] [D loss: 0.034863, acc: 100%] [G loss: 1.814129]
[Epoch 274/801] [Batch 0/1] [D loss: 0.028316, acc: 100%] [G loss: 3.753486]
[Epoch 275/801] [Batch 0/1] [D loss: 0.284296, acc: 100%] [G loss: 0.595962]
[Epoch 276/801] [Batch 0/1] [D loss: 0.236666, acc: 100%] [G loss: 3.253002]
[Epoch 277/801] [Batch 0/1] [D loss: 0.065654, acc: 100%] [G loss: 3.570759]
[Epoch 278/801] [Batch 0/1] [D loss: 0.144160, acc: 100%] [G loss: 0.971985]
[Epoch 279/801] [Batch 0/1] [D loss: 0.081825, acc: 100%] [G loss: 1.067745]
[Epoch 280/801] [Batch 0/1] [D loss: 0.095119, acc: 100%] [G loss: 1.125769]
[Epoch 281/801] [Batch 0/1] [D loss: 0.122054, acc: 100%] [G loss: 0.718160]
[Epoch 282/801] [Batch 0/1] [D loss: 0.077770, acc: 100%] [G loss: 3.113958]
[Epoch 283/801] [Batch 0/1] [D loss: 0.051279, acc: 100%] [G loss: 4.064458]
[Epoch 284/801] [Batch 0/1] [D loss: 0.365913, acc: 100%] [G loss: 0.300473]
[Epoch 285/801] [Batch 0/1] [D loss: 0.433661, acc: 100%] [G loss: 2.322838]
[Epoch 286/801] [Batch 0/1] [D loss: 0.020677, acc: 100%] [G loss: 4.279319]
[Epoch 287/801] [Batch 0/1] [D loss: 0.298497, acc: 100%] [G loss: 0.277648]
[Epoch 288/801] [Batch 0/1] [D loss: 0.068933, acc: 100%] [G loss: 1.607907]
[Epoch 289/801] [Batch 0/1] [D loss: 0.081672, acc: 100%] [G loss: 3.628317]
[Epoch 290/801] [Batch 0/1] [D loss: 0.122542, acc: 100%] [G loss: 6.448452]
[Epoch 291/801] [Batch 0/1] [D loss: 0.064039, acc: 100%] [G loss: 1.440809]
[Epoch 292/801] [Batch 0/1] [D loss: 0.021800, acc: 100%] [G loss: 2.213954]
[Epoch 293/801] [Batch 0/1] [D loss: 0.353291, acc: 100%] [G loss: 0.416404]
[Epoch 294/801] [Batch 0/1] [D loss: 0.085872, acc: 100%] [G loss: 3.065022]
[Epoch 295/801] [Batch 0/1] [D loss: 0.184472, acc: 100%] [G loss: 4.332108]
[Epoch 296/801] [Batch 0/1] [D loss: 0.035128, acc: 100%] [G loss: 1.897027]
[Epoch 297/801] [Batch 0/1] [D loss: 0.173602, acc: 100%] [G loss: 0.542934]
[Epoch 298/801] [Batch 0/1] [D loss: 0.248216, acc: 100%] [G loss: 0.518563]
[Epoch 299/801] [Batch 0/1] [D loss: 0.212277, acc: 100%] [G loss: 1.268434]
[Epoch 300/801] [Batch 0/1] [D loss: 0.189786, acc: 100%] [G loss: 7.128942]
[Epoch 301/801] [Batch 0/1] [D loss: 0.152421, acc: 100%] [G loss: 0.551163]
[Epoch 302/801] [Batch 0/1] [D loss: 0.074872, acc: 100%] [G loss: 1.233257]
[Epoch 303/801] [Batch 0/1] [D loss: 0.044965, acc: 100%] [G loss: 2.629699]
[Epoch 304/801] [Batch 0/1] [D loss: 0.200111, acc: 100%] [G loss: 0.466226]
[Epoch 305/801] [Batch 0/1] [D loss: 0.180599, acc: 100%] [G loss: 1.036541]
[Epoch 306/801] [Batch 0/1] [D loss: 0.229964, acc: 100%] [G loss: 3.272390]
[Epoch 307/801] [Batch 0/1] [D loss: 0.059101, acc: 100%] [G loss: 1.856053]
[Epoch 308/801] [Batch 0/1] [D loss: 0.014095, acc: 100%] [G loss: 3.717068]
[Epoch 309/801] [Batch 0/1] [D loss: 0.639729, acc: 100%] [G loss: 0.130069]
[Epoch 310/801] [Batch 0/1] [D loss: 0.142426, acc: 100%] [G loss: 0.704166]
[Epoch 311/801] [Batch 0/1] [D loss: 0.199586, acc: 100%] [G loss: 2.326784]
[Epoch 312/801] [Batch 0/1] [D loss: 0.133304, acc: 100%] [G loss: 3.394773]
[Epoch 313/801] [Batch 0/1] [D loss: 0.298201, acc: 100%] [G loss: 0.466788]
[Epoch 314/801] [Batch 0/1] [D loss: 0.340298, acc: 100%] [G loss: 0.206571]
[Epoch 315/801] [Batch 0/1] [D loss: 0.239966, acc: 100%] [G loss: 0.758534]
[Epoch 316/801] [Batch 0/1] [D loss: 0.220619, acc: 100%] [G loss: 1.852023]
[Epoch 317/801] [Batch 0/1] [D loss: 0.081494, acc: 100%] [G loss: 2.848190]
[Epoch 318/801] [Batch 0/1] [D loss: 0.267824, acc: 100%] [G loss: 0.372894]
[Epoch 319/801] [Batch 0/1] [D loss: 0.184167, acc: 100%] [G loss: 0.507479]
[Epoch 320/801] [Batch 0/1] [D loss: 0.281226, acc: 100%] [G loss: 0.514546]
[Epoch 321/801] [Batch 0/1] [D loss: 0.246933, acc: 100%] [G loss: 0.601844]
[Epoch 322/801] [Batch 0/1] [D loss: 0.249952, acc: 100%] [G loss: 0.576036]
[Epoch 323/801] [Batch 0/1] [D loss: 0.230488, acc: 100%] [G loss: 0.682188]
[Epoch 324/801] [Batch 0/1] [D loss: 0.236293, acc: 100%] [G loss: 0.459950]
[Epoch 325/801] [Batch 0/1] [D loss: 0.197216, acc: 100%] [G loss: 0.556239]
[Epoch 326/801] [Batch 0/1] [D loss: 0.148393, acc: 100%] [G loss: 0.635150]
[Epoch 327/801] [Batch 0/1] [D loss: 0.179897, acc: 100%] [G loss: 0.500984]
[Epoch 328/801] [Batch 0/1] [D loss: 0.142752, acc: 100%] [G loss: 0.893765]
[Epoch 329/801] [Batch 0/1] [D loss: 0.147057, acc: 100%] [G loss: 0.729052]
[Epoch 330/801] [Batch 0/1] [D loss: 0.127636, acc: 100%] [G loss: 0.563132]
[Epoch 331/801] [Batch 0/1] [D loss: 0.126145, acc: 100%] [G loss: 0.720439]
[Epoch 332/801] [Batch 0/1] [D loss: 0.139003, acc: 100%] [G loss: 0.688871]
[Epoch 333/801] [Batch 0/1] [D loss: 0.186568, acc: 100%] [G loss: 1.049805]
[Epoch 334/801] [Batch 0/1] [D loss: 0.134017, acc: 100%] [G loss: 0.904258]
[Epoch 335/801] [Batch 0/1] [D loss: 0.135047, acc: 100%] [G loss: 1.008254]
[Epoch 336/801] [Batch 0/1] [D loss: 0.178256, acc: 100%] [G loss: 0.427286]
[Epoch 337/801] [Batch 0/1] [D loss: 0.089371, acc: 100%] [G loss: 1.327405]
[Epoch 338/801] [Batch 0/1] [D loss: 0.116810, acc: 100%] [G loss: 1.033258]
[Epoch 339/801] [Batch 0/1] [D loss: 0.115411, acc: 100%] [G loss: 0.838130]
[Epoch 340/801] [Batch 0/1] [D loss: 0.109350, acc: 100%] [G loss: 0.562863]
[Epoch 341/801] [Batch 0/1] [D loss: 0.269934, acc: 100%] [G loss: 0.714495]
[Epoch 342/801] [Batch 0/1] [D loss: 0.078773, acc: 100%] [G loss: 1.665426]
[Epoch 343/801] [Batch 0/1] [D loss: 0.152957, acc: 100%] [G loss: 1.037949]
[Epoch 344/801] [Batch 0/1] [D loss: 0.721207, acc: 100%] [G loss: 0.457399]
[Epoch 345/801] [Batch 0/1] [D loss: 0.205186, acc: 100%] [G loss: 1.210455]
[Epoch 346/801] [Batch 0/1] [D loss: 0.086624, acc: 100%] [G loss: 0.929714]
[Epoch 347/801] [Batch 0/1] [D loss: 0.117349, acc: 100%] [G loss: 0.807417]
[Epoch 348/801] [Batch 0/1] [D loss: 0.215015, acc: 100%] [G loss: 1.014128]
[Epoch 349/801] [Batch 0/1] [D loss: 0.272701, acc: 100%] [G loss: 1.632493]
[Epoch 350/801] [Batch 0/1] [D loss: 0.137956, acc: 100%] [G loss: 0.845038]
[Epoch 351/801] [Batch 0/1] [D loss: 0.181301, acc: 100%] [G loss: 1.746947]
[Epoch 352/801] [Batch 0/1] [D loss: 0.198978, acc: 100%] [G loss: 0.804052]
[Epoch 353/801] [Batch 0/1] [D loss: 0.092425, acc: 100%] [G loss: 1.399380]
[Epoch 354/801] [Batch 0/1] [D loss: 0.170403, acc: 100%] [G loss: 0.939509]
[Epoch 355/801] [Batch 0/1] [D loss: 0.145323, acc: 100%] [G loss: 0.909870]
[Epoch 356/801] [Batch 0/1] [D loss: 0.133656, acc: 100%] [G loss: 0.824822]
[Epoch 357/801] [Batch 0/1] [D loss: 0.141125, acc: 100%] [G loss: 0.952085]
[Epoch 358/801] [Batch 0/1] [D loss: 0.233664, acc: 100%] [G loss: 1.005523]
[Epoch 359/801] [Batch 0/1] [D loss: 0.158918, acc: 100%] [G loss: 1.196929]
[Epoch 360/801] [Batch 0/1] [D loss: 0.123888, acc: 100%] [G loss: 1.073740]
[Epoch 361/801] [Batch 0/1] [D loss: 0.105349, acc: 100%] [G loss: 1.085372]
[Epoch 362/801] [Batch 0/1] [D loss: 0.089769, acc: 100%] [G loss: 1.131161]
[Epoch 363/801] [Batch 0/1] [D loss: 0.126758, acc: 100%] [G loss: 0.837478]
[Epoch 364/801] [Batch 0/1] [D loss: 0.120155, acc: 100%] [G loss: 1.052383]
[Epoch 365/801] [Batch 0/1] [D loss: 0.189810, acc: 100%] [G loss: 1.548497]
[Epoch 366/801] [Batch 0/1] [D loss: 0.122826, acc: 100%] [G loss: 1.306522]
[Epoch 367/801] [Batch 0/1] [D loss: 0.160138, acc: 100%] [G loss: 0.656848]
[Epoch 368/801] [Batch 0/1] [D loss: 0.122519, acc: 100%] [G loss: 1.053500]
[Epoch 369/801] [Batch 0/1] [D loss: 0.206772, acc: 100%] [G loss: 2.087083]
[Epoch 370/801] [Batch 0/1] [D loss: 0.088501, acc: 100%] [G loss: 0.890369]
[Epoch 371/801] [Batch 0/1] [D loss: 0.611605, acc: 100%] [G loss: 0.234399]
[Epoch 372/801] [Batch 0/1] [D loss: 0.734616, acc: 100%] [G loss: 3.942177]
[Epoch 373/801] [Batch 0/1] [D loss: 0.365869, acc: 100%] [G loss: 2.656742]
[Epoch 374/801] [Batch 0/1] [D loss: 0.092749, acc: 100%] [G loss: 0.951769]
[Epoch 375/801] [Batch 0/1] [D loss: 0.298348, acc: 100%] [G loss: 0.435849]
[Epoch 376/801] [Batch 0/1] [D loss: 0.127256, acc: 100%] [G loss: 0.641898]
[Epoch 377/801] [Batch 0/1] [D loss: 0.172648, acc: 100%] [G loss: 0.993793]
[Epoch 378/801] [Batch 0/1] [D loss: 0.087592, acc: 100%] [G loss: 1.983707]
[Epoch 379/801] [Batch 0/1] [D loss: 0.033211, acc: 100%] [G loss: 5.565488]
[Epoch 380/801] [Batch 0/1] [D loss: 0.043698, acc: 100%] [G loss: 2.167998]
[Epoch 381/801] [Batch 0/1] [D loss: 0.021411, acc: 100%] [G loss: 2.408596]
[Epoch 382/801] [Batch 0/1] [D loss: 0.415207, acc: 100%] [G loss: 0.168135]
[Epoch 383/801] [Batch 0/1] [D loss: 0.140636, acc: 100%] [G loss: 2.216276]
[Epoch 384/801] [Batch 0/1] [D loss: 0.130429, acc: 100%] [G loss: 1.786625]
[Epoch 385/801] [Batch 0/1] [D loss: 0.124657, acc: 100%] [G loss: 1.111608]
[Epoch 386/801] [Batch 0/1] [D loss: 0.126604, acc: 100%] [G loss: 0.484579]
[Epoch 387/801] [Batch 0/1] [D loss: 0.170164, acc: 100%] [G loss: 0.933301]
[Epoch 388/801] [Batch 0/1] [D loss: 0.144432, acc: 100%] [G loss: 1.088293]
[Epoch 389/801] [Batch 0/1] [D loss: 0.135784, acc: 100%] [G loss: 0.845756]
[Epoch 390/801] [Batch 0/1] [D loss: 0.163658, acc: 100%] [G loss: 0.566027]
[Epoch 391/801] [Batch 0/1] [D loss: 0.172350, acc: 100%] [G loss: 0.876600]
[Epoch 392/801] [Batch 0/1] [D loss: 0.102530, acc: 100%] [G loss: 1.018032]
[Epoch 393/801] [Batch 0/1] [D loss: 0.166314, acc: 100%] [G loss: 0.905544]
[Epoch 394/801] [Batch 0/1] [D loss: 0.162600, acc: 100%] [G loss: 0.646322]
[Epoch 395/801] [Batch 0/1] [D loss: 0.255304, acc: 100%] [G loss: 0.774538]
[Epoch 396/801] [Batch 0/1] [D loss: 0.150882, acc: 100%] [G loss: 0.640072]
[Epoch 397/801] [Batch 0/1] [D loss: 0.049199, acc: 100%] [G loss: 1.270768]
[Epoch 398/801] [Batch 0/1] [D loss: 0.122594, acc: 100%] [G loss: 0.735421]
[Epoch 399/801] [Batch 0/1] [D loss: 0.083142, acc: 100%] [G loss: 0.871646]
[Epoch 400/801] [Batch 0/1] [D loss: 0.226990, acc: 100%] [G loss: 0.823442]
[Epoch 401/801] [Batch 0/1] [D loss: 0.135939, acc: 100%] [G loss: 1.663536]
[Epoch 402/801] [Batch 0/1] [D loss: 0.132573, acc: 100%] [G loss: 1.378730]
[Epoch 403/801] [Batch 0/1] [D loss: 0.044427, acc: 100%] [G loss: 1.301583]
[Epoch 404/801] [Batch 0/1] [D loss: 0.072410, acc: 100%] [G loss: 1.677718]
[Epoch 405/801] [Batch 0/1] [D loss: 0.367202, acc: 100%] [G loss: 0.353695]
[Epoch 406/801] [Batch 0/1] [D loss: 0.267310, acc: 100%] [G loss: 2.737796]
[Epoch 407/801] [Batch 0/1] [D loss: 0.070534, acc: 100%] [G loss: 1.298108]
[Epoch 408/801] [Batch 0/1] [D loss: 0.162053, acc: 100%] [G loss: 0.809093]
[Epoch 409/801] [Batch 0/1] [D loss: 0.065321, acc: 100%] [G loss: 2.031188]
[Epoch 410/801] [Batch 0/1] [D loss: 0.147968, acc: 100%] [G loss: 1.793648]
[Epoch 411/801] [Batch 0/1] [D loss: 0.120189, acc: 100%] [G loss: 0.642014]
[Epoch 412/801] [Batch 0/1] [D loss: 0.111536, acc: 100%] [G loss: 0.876731]
[Epoch 413/801] [Batch 0/1] [D loss: 0.183659, acc: 100%] [G loss: 1.075138]
[Epoch 414/801] [Batch 0/1] [D loss: 0.115963, acc: 100%] [G loss: 1.042383]
[Epoch 415/801] [Batch 0/1] [D loss: 0.086744, acc: 100%] [G loss: 1.363431]
[Epoch 416/801] [Batch 0/1] [D loss: 0.025671, acc: 100%] [G loss: 3.422269]
[Epoch 417/801] [Batch 0/1] [D loss: 0.271125, acc: 100%] [G loss: 0.501150]
[Epoch 418/801] [Batch 0/1] [D loss: 0.251113, acc: 100%] [G loss: 4.966362]
[Epoch 419/801] [Batch 0/1] [D loss: 0.131427, acc: 100%] [G loss: 0.730361]
[Epoch 420/801] [Batch 0/1] [D loss: 0.125447, acc: 100%] [G loss: 1.536990]
[Epoch 421/801] [Batch 0/1] [D loss: 0.108971, acc: 100%] [G loss: 1.188197]
[Epoch 422/801] [Batch 0/1] [D loss: 0.072431, acc: 100%] [G loss: 2.745056]
[Epoch 423/801] [Batch 0/1] [D loss: 0.030275, acc: 100%] [G loss: 7.281148]
[Epoch 424/801] [Batch 0/1] [D loss: 0.140184, acc: 100%] [G loss: 1.331418]
[Epoch 425/801] [Batch 0/1] [D loss: 0.038022, acc: 100%] [G loss: 3.485105]
[Epoch 426/801] [Batch 0/1] [D loss: 0.045964, acc: 100%] [G loss: 1.880166]
[Epoch 427/801] [Batch 0/1] [D loss: 0.017298, acc: 100%] [G loss: 5.070106]
[Epoch 428/801] [Batch 0/1] [D loss: 0.022180, acc: 100%] [G loss: 10.537192]
[Epoch 429/801] [Batch 0/1] [D loss: 0.031365, acc: 100%] [G loss: 6.621011]
[Epoch 430/801] [Batch 0/1] [D loss: 0.214330, acc: 100%] [G loss: 0.628090]
[Epoch 431/801] [Batch 0/1] [D loss: 0.111817, acc: 100%] [G loss: 4.477088]
[Epoch 432/801] [Batch 0/1] [D loss: 0.062231, acc: 100%] [G loss: 7.621374]
[Epoch 433/801] [Batch 0/1] [D loss: 0.042715, acc: 100%] [G loss: 1.584624]
[Epoch 434/801] [Batch 0/1] [D loss: 0.071285, acc: 100%] [G loss: 1.106422]
[Epoch 435/801] [Batch 0/1] [D loss: 0.162245, acc: 100%] [G loss: 0.405771]
[Epoch 436/801] [Batch 0/1] [D loss: 0.109683, acc: 100%] [G loss: 2.826270]
[Epoch 437/801] [Batch 0/1] [D loss: 0.080171, acc: 100%] [G loss: 3.058981]
[Epoch 438/801] [Batch 0/1] [D loss: 0.031847, acc: 100%] [G loss: 1.970636]
[Epoch 439/801] [Batch 0/1] [D loss: 0.020537, acc: 100%] [G loss: 2.355693]
[Epoch 440/801] [Batch 0/1] [D loss: 0.010357, acc: 100%] [G loss: 3.604161]
[Epoch 441/801] [Batch 0/1] [D loss: 0.187129, acc: 100%] [G loss: 0.554247]
[Epoch 442/801] [Batch 0/1] [D loss: 0.054896, acc: 100%] [G loss: 2.435903]
[Epoch 443/801] [Batch 0/1] [D loss: 0.042765, acc: 100%] [G loss: 5.476227]
[Epoch 444/801] [Batch 0/1] [D loss: 0.012088, acc: 100%] [G loss: 2.945397]
[Epoch 445/801] [Batch 0/1] [D loss: 0.016764, acc: 100%] [G loss: 3.497415]
[Epoch 446/801] [Batch 0/1] [D loss: 0.049767, acc: 100%] [G loss: 1.374612]
[Epoch 447/801] [Batch 0/1] [D loss: 0.060319, acc: 100%] [G loss: 1.364263]
[Epoch 448/801] [Batch 0/1] [D loss: 0.306152, acc: 100%] [G loss: 0.517834]
[Epoch 449/801] [Batch 0/1] [D loss: 0.296923, acc: 100%] [G loss: 2.162150]
[Epoch 450/801] [Batch 0/1] [D loss: 0.012995, acc: 100%] [G loss: 2.762560]
[Epoch 451/801] [Batch 0/1] [D loss: 0.169230, acc: 100%] [G loss: 0.527606]
[Epoch 452/801] [Batch 0/1] [D loss: 0.143153, acc: 100%] [G loss: 1.038047]
[Epoch 453/801] [Batch 0/1] [D loss: 0.405258, acc: 100%] [G loss: 1.539942]
[Epoch 454/801] [Batch 0/1] [D loss: 0.158232, acc: 100%] [G loss: 0.755048]
[Epoch 455/801] [Batch 0/1] [D loss: 0.194479, acc: 100%] [G loss: 0.959179]
[Epoch 456/801] [Batch 0/1] [D loss: 0.199375, acc: 100%] [G loss: 1.205714]
[Epoch 457/801] [Batch 0/1] [D loss: 0.140795, acc: 100%] [G loss: 0.934169]
[Epoch 458/801] [Batch 0/1] [D loss: 0.322112, acc: 100%] [G loss: 0.843751]
[Epoch 459/801] [Batch 0/1] [D loss: 0.176034, acc: 100%] [G loss: 1.006027]
[Epoch 460/801] [Batch 0/1] [D loss: 0.108234, acc: 100%] [G loss: 0.976126]
[Epoch 461/801] [Batch 0/1] [D loss: 0.140665, acc: 100%] [G loss: 0.916774]
[Epoch 462/801] [Batch 0/1] [D loss: 0.140160, acc: 100%] [G loss: 0.657604]
[Epoch 463/801] [Batch 0/1] [D loss: 0.106336, acc: 100%] [G loss: 0.907962]
[Epoch 464/801] [Batch 0/1] [D loss: 0.109260, acc: 100%] [G loss: 1.263520]
[Epoch 465/801] [Batch 0/1] [D loss: 0.086250, acc: 100%] [G loss: 1.107531]
[Epoch 466/801] [Batch 0/1] [D loss: 0.151776, acc: 100%] [G loss: 0.881552]
[Epoch 467/801] [Batch 0/1] [D loss: 0.137738, acc: 100%] [G loss: 0.613123]
[Epoch 468/801] [Batch 0/1] [D loss: 0.080244, acc: 100%] [G loss: 0.854036]
[Epoch 469/801] [Batch 0/1] [D loss: 0.162920, acc: 100%] [G loss: 1.490514]
[Epoch 470/801] [Batch 0/1] [D loss: 0.157182, acc: 100%] [G loss: 0.797894]
[Epoch 471/801] [Batch 0/1] [D loss: 0.103526, acc: 100%] [G loss: 1.472225]
[Epoch 472/801] [Batch 0/1] [D loss: 0.120510, acc: 100%] [G loss: 0.793523]
[Epoch 473/801] [Batch 0/1] [D loss: 0.079089, acc: 100%] [G loss: 1.252933]
[Epoch 474/801] [Batch 0/1] [D loss: 0.079751, acc: 100%] [G loss: 1.188313]
[Epoch 475/801] [Batch 0/1] [D loss: 0.186443, acc: 100%] [G loss: 1.756765]
[Epoch 476/801] [Batch 0/1] [D loss: 0.182132, acc: 100%] [G loss: 0.702892]
[Epoch 477/801] [Batch 0/1] [D loss: 0.055569, acc: 100%] [G loss: 1.084584]
[Epoch 478/801] [Batch 0/1] [D loss: 0.134411, acc: 100%] [G loss: 1.174926]
[Epoch 479/801] [Batch 0/1] [D loss: 0.132617, acc: 100%] [G loss: 0.831610]
[Epoch 480/801] [Batch 0/1] [D loss: 0.171902, acc: 100%] [G loss: 1.013113]
[Epoch 481/801] [Batch 0/1] [D loss: 0.217176, acc: 100%] [G loss: 1.595796]
[Epoch 482/801] [Batch 0/1] [D loss: 0.145446, acc: 100%] [G loss: 0.794803]
[Epoch 483/801] [Batch 0/1] [D loss: 0.345877, acc: 100%] [G loss: 0.248184]
[Epoch 484/801] [Batch 0/1] [D loss: 0.278253, acc: 100%] [G loss: 3.040577]
[Epoch 485/801] [Batch 0/1] [D loss: 0.044991, acc: 100%] [G loss: 2.486150]
[Epoch 486/801] [Batch 0/1] [D loss: 0.218600, acc: 100%] [G loss: 0.661196]
[Epoch 487/801] [Batch 0/1] [D loss: 0.165410, acc: 100%] [G loss: 2.147912]
[Epoch 488/801] [Batch 0/1] [D loss: 0.183971, acc: 100%] [G loss: 1.160322]
[Epoch 489/801] [Batch 0/1] [D loss: 0.068398, acc: 100%] [G loss: 1.344834]
[Epoch 490/801] [Batch 0/1] [D loss: 0.114634, acc: 100%] [G loss: 1.079851]
[Epoch 491/801] [Batch 0/1] [D loss: 0.125775, acc: 100%] [G loss: 1.155424]
[Epoch 492/801] [Batch 0/1] [D loss: 0.108709, acc: 100%] [G loss: 1.529055]
[Epoch 493/801] [Batch 0/1] [D loss: 0.127367, acc: 100%] [G loss: 0.737672]
[Epoch 494/801] [Batch 0/1] [D loss: 0.161222, acc: 100%] [G loss: 0.674809]
[Epoch 495/801] [Batch 0/1] [D loss: 0.161182, acc: 100%] [G loss: 1.678724]
[Epoch 496/801] [Batch 0/1] [D loss: 0.103940, acc: 100%] [G loss: 1.244545]
[Epoch 497/801] [Batch 0/1] [D loss: 0.237719, acc: 100%] [G loss: 1.137413]
[Epoch 498/801] [Batch 0/1] [D loss: 0.228615, acc: 100%] [G loss: 1.269192]
[Epoch 499/801] [Batch 0/1] [D loss: 0.319816, acc: 100%] [G loss: 1.757513]
[Epoch 500/801] [Batch 0/1] [D loss: 0.138225, acc: 100%] [G loss: 0.546373]
[Epoch 501/801] [Batch 0/1] [D loss: 0.180431, acc: 100%] [G loss: 0.532933]
[Epoch 502/801] [Batch 0/1] [D loss: 0.159689, acc: 100%] [G loss: 2.086073]
[Epoch 503/801] [Batch 0/1] [D loss: 0.139053, acc: 100%] [G loss: 0.799299]
[Epoch 504/801] [Batch 0/1] [D loss: 0.091439, acc: 100%] [G loss: 1.194629]
[Epoch 505/801] [Batch 0/1] [D loss: 0.197304, acc: 100%] [G loss: 1.161912]
[Epoch 506/801] [Batch 0/1] [D loss: 0.210607, acc: 100%] [G loss: 1.705417]
[Epoch 507/801] [Batch 0/1] [D loss: 0.127741, acc: 100%] [G loss: 0.734016]
[Epoch 508/801] [Batch 0/1] [D loss: 0.123084, acc: 100%] [G loss: 1.727537]
[Epoch 509/801] [Batch 0/1] [D loss: 0.052117, acc: 100%] [G loss: 1.231248]
[Epoch 510/801] [Batch 0/1] [D loss: 0.081043, acc: 100%] [G loss: 1.879390]
[Epoch 511/801] [Batch 0/1] [D loss: 0.079581, acc: 100%] [G loss: 0.834693]
[Epoch 512/801] [Batch 0/1] [D loss: 0.165361, acc: 100%] [G loss: 0.584225]
[Epoch 513/801] [Batch 0/1] [D loss: 0.272549, acc: 100%] [G loss: 2.426076]
[Epoch 514/801] [Batch 0/1] [D loss: 0.087358, acc: 100%] [G loss: 1.324741]
[Epoch 515/801] [Batch 0/1] [D loss: 0.280564, acc: 100%] [G loss: 0.624883]
[Epoch 516/801] [Batch 0/1] [D loss: 0.421450, acc: 100%] [G loss: 2.421632]
[Epoch 517/801] [Batch 0/1] [D loss: 0.112099, acc: 100%] [G loss: 0.968314]
[Epoch 518/801] [Batch 0/1] [D loss: 0.136502, acc: 100%] [G loss: 0.700114]
[Epoch 519/801] [Batch 0/1] [D loss: 0.183173, acc: 100%] [G loss: 1.053526]
[Epoch 520/801] [Batch 0/1] [D loss: 0.200657, acc: 100%] [G loss: 0.964213]
[Epoch 521/801] [Batch 0/1] [D loss: 0.086965, acc: 100%] [G loss: 1.062096]
[Epoch 522/801] [Batch 0/1] [D loss: 0.063684, acc: 100%] [G loss: 1.112034]
[Epoch 523/801] [Batch 0/1] [D loss: 0.057831, acc: 100%] [G loss: 2.262298]
[Epoch 524/801] [Batch 0/1] [D loss: 0.131277, acc: 100%] [G loss: 1.759537]
[Epoch 525/801] [Batch 0/1] [D loss: 0.109208, acc: 100%] [G loss: 1.261747]
[Epoch 526/801] [Batch 0/1] [D loss: 0.075694, acc: 100%] [G loss: 1.417219]
[Epoch 527/801] [Batch 0/1] [D loss: 0.056696, acc: 100%] [G loss: 1.158507]
[Epoch 528/801] [Batch 0/1] [D loss: 0.090391, acc: 100%] [G loss: 1.124362]
[Epoch 529/801] [Batch 0/1] [D loss: 0.134538, acc: 100%] [G loss: 1.324425]
[Epoch 530/801] [Batch 0/1] [D loss: 0.092795, acc: 100%] [G loss: 1.734393]
[Epoch 531/801] [Batch 0/1] [D loss: 0.205985, acc: 100%] [G loss: 0.875304]
[Epoch 532/801] [Batch 0/1] [D loss: 0.225131, acc: 100%] [G loss: 1.154721]
[Epoch 533/801] [Batch 0/1] [D loss: 0.192188, acc: 100%] [G loss: 1.674477]
[Epoch 534/801] [Batch 0/1] [D loss: 0.086573, acc: 100%] [G loss: 0.911664]
[Epoch 535/801] [Batch 0/1] [D loss: 0.174733, acc: 100%] [G loss: 0.662789]
[Epoch 536/801] [Batch 0/1] [D loss: 0.146813, acc: 100%] [G loss: 2.183955]
[Epoch 537/801] [Batch 0/1] [D loss: 0.137973, acc: 100%] [G loss: 2.659361]
[Epoch 538/801] [Batch 0/1] [D loss: 0.019672, acc: 100%] [G loss: 2.519174]
[Epoch 539/801] [Batch 0/1] [D loss: 0.518717, acc: 100%] [G loss: 0.420710]
[Epoch 540/801] [Batch 0/1] [D loss: 0.353506, acc: 100%] [G loss: 4.363825]
[Epoch 541/801] [Batch 0/1] [D loss: 0.064795, acc: 100%] [G loss: 1.776175]
[Epoch 542/801] [Batch 0/1] [D loss: 0.043712, acc: 100%] [G loss: 0.868341]
[Epoch 543/801] [Batch 0/1] [D loss: 0.115701, acc: 100%] [G loss: 1.069459]
[Epoch 544/801] [Batch 0/1] [D loss: 0.164957, acc: 100%] [G loss: 0.583767]
[Epoch 545/801] [Batch 0/1] [D loss: 0.213911, acc: 100%] [G loss: 1.434055]
[Epoch 546/801] [Batch 0/1] [D loss: 0.117641, acc: 100%] [G loss: 1.266906]
[Epoch 547/801] [Batch 0/1] [D loss: 0.146790, acc: 100%] [G loss: 0.725606]
[Epoch 548/801] [Batch 0/1] [D loss: 0.127409, acc: 100%] [G loss: 1.498416]
[Epoch 549/801] [Batch 0/1] [D loss: 0.129871, acc: 100%] [G loss: 1.087731]
[Epoch 550/801] [Batch 0/1] [D loss: 0.181941, acc: 100%] [G loss: 1.351434]
[Epoch 551/801] [Batch 0/1] [D loss: 0.148362, acc: 100%] [G loss: 1.078736]
[Epoch 552/801] [Batch 0/1] [D loss: 0.096784, acc: 100%] [G loss: 1.641204]
[Epoch 553/801] [Batch 0/1] [D loss: 0.103737, acc: 100%] [G loss: 1.896098]
[Epoch 554/801] [Batch 0/1] [D loss: 0.032118, acc: 100%] [G loss: 2.228772]
[Epoch 555/801] [Batch 0/1] [D loss: 0.260646, acc: 100%] [G loss: 0.656217]
[Epoch 556/801] [Batch 0/1] [D loss: 0.136300, acc: 100%] [G loss: 2.495555]
[Epoch 557/801] [Batch 0/1] [D loss: 0.088419, acc: 100%] [G loss: 1.681606]
[Epoch 558/801] [Batch 0/1] [D loss: 0.074239, acc: 100%] [G loss: 0.982711]
[Epoch 559/801] [Batch 0/1] [D loss: 0.386024, acc: 100%] [G loss: 0.535818]
[Epoch 560/801] [Batch 0/1] [D loss: 0.316707, acc: 100%] [G loss: 1.728327]
[Epoch 561/801] [Batch 0/1] [D loss: 0.106580, acc: 100%] [G loss: 1.891763]
[Epoch 562/801] [Batch 0/1] [D loss: 0.129893, acc: 100%] [G loss: 1.420187]
[Epoch 563/801] [Batch 0/1] [D loss: 0.131532, acc: 100%] [G loss: 1.415688]
[Epoch 564/801] [Batch 0/1] [D loss: 0.080310, acc: 100%] [G loss: 2.839506]
[Epoch 565/801] [Batch 0/1] [D loss: 0.049478, acc: 100%] [G loss: 3.049421]
[Epoch 566/801] [Batch 0/1] [D loss: 0.065762, acc: 100%] [G loss: 1.393855]
[Epoch 567/801] [Batch 0/1] [D loss: 0.064159, acc: 100%] [G loss: 1.309585]
[Epoch 568/801] [Batch 0/1] [D loss: 0.117179, acc: 100%] [G loss: 1.022543]
[Epoch 569/801] [Batch 0/1] [D loss: 0.247738, acc: 100%] [G loss: 1.341296]
[Epoch 570/801] [Batch 0/1] [D loss: 0.099826, acc: 100%] [G loss: 0.696058]
[Epoch 571/801] [Batch 0/1] [D loss: 0.098313, acc: 100%] [G loss: 0.989961]
[Epoch 572/801] [Batch 0/1] [D loss: 0.081484, acc: 100%] [G loss: 1.581214]
[Epoch 573/801] [Batch 0/1] [D loss: 0.095950, acc: 100%] [G loss: 2.010802]
[Epoch 574/801] [Batch 0/1] [D loss: 0.060075, acc: 100%] [G loss: 1.066824]
[Epoch 575/801] [Batch 0/1] [D loss: 0.147273, acc: 100%] [G loss: 1.018111]
[Epoch 576/801] [Batch 0/1] [D loss: 0.102419, acc: 100%] [G loss: 1.358480]
[Epoch 577/801] [Batch 0/1] [D loss: 0.178990, acc: 100%] [G loss: 1.405352]
[Epoch 578/801] [Batch 0/1] [D loss: 0.116964, acc: 100%] [G loss: 1.193510]
[Epoch 579/801] [Batch 0/1] [D loss: 0.113300, acc: 100%] [G loss: 0.871194]
[Epoch 580/801] [Batch 0/1] [D loss: 0.107413, acc: 100%] [G loss: 1.591350]
[Epoch 581/801] [Batch 0/1] [D loss: 0.063325, acc: 100%] [G loss: 1.619849]
[Epoch 582/801] [Batch 0/1] [D loss: 0.204533, acc: 100%] [G loss: 0.690353]
[Epoch 583/801] [Batch 0/1] [D loss: 0.226258, acc: 100%] [G loss: 1.860971]
[Epoch 584/801] [Batch 0/1] [D loss: 0.179290, acc: 100%] [G loss: 1.262830]
[Epoch 585/801] [Batch 0/1] [D loss: 0.233539, acc: 100%] [G loss: 0.638051]
[Epoch 586/801] [Batch 0/1] [D loss: 0.227208, acc: 100%] [G loss: 2.597446]
[Epoch 587/801] [Batch 0/1] [D loss: 0.151636, acc: 100%] [G loss: 1.699685]
[Epoch 588/801] [Batch 0/1] [D loss: 0.201212, acc: 100%] [G loss: 0.479516]
[Epoch 589/801] [Batch 0/1] [D loss: 0.200705, acc: 100%] [G loss: 0.646003]
[Epoch 590/801] [Batch 0/1] [D loss: 0.281728, acc: 100%] [G loss: 2.098054]
[Epoch 591/801] [Batch 0/1] [D loss: 0.065706, acc: 100%] [G loss: 1.497972]
[Epoch 592/801] [Batch 0/1] [D loss: 0.150490, acc: 100%] [G loss: 0.665560]
[Epoch 593/801] [Batch 0/1] [D loss: 0.157486, acc: 100%] [G loss: 1.569048]
[Epoch 594/801] [Batch 0/1] [D loss: 0.059419, acc: 100%] [G loss: 1.320402]
[Epoch 595/801] [Batch 0/1] [D loss: 0.179339, acc: 100%] [G loss: 0.847950]
[Epoch 596/801] [Batch 0/1] [D loss: 0.182867, acc: 100%] [G loss: 1.305276]
[Epoch 597/801] [Batch 0/1] [D loss: 0.086909, acc: 100%] [G loss: 0.895934]
[Epoch 598/801] [Batch 0/1] [D loss: 0.393911, acc: 100%] [G loss: 0.195230]
[Epoch 599/801] [Batch 0/1] [D loss: 0.350952, acc: 100%] [G loss: 2.762204]
[Epoch 600/801] [Batch 0/1] [D loss: 0.112028, acc: 100%] [G loss: 1.464023]
[Epoch 601/801] [Batch 0/1] [D loss: 0.191654, acc: 100%] [G loss: 0.515802]
[Epoch 602/801] [Batch 0/1] [D loss: 0.150853, acc: 100%] [G loss: 1.106901]
[Epoch 603/801] [Batch 0/1] [D loss: 0.235593, acc: 100%] [G loss: 1.680917]
[Epoch 604/801] [Batch 0/1] [D loss: 0.294193, acc: 100%] [G loss: 1.507883]
[Epoch 605/801] [Batch 0/1] [D loss: 0.173205, acc: 100%] [G loss: 0.528443]
[Epoch 606/801] [Batch 0/1] [D loss: 0.157086, acc: 100%] [G loss: 1.615380]
[Epoch 607/801] [Batch 0/1] [D loss: 0.054616, acc: 100%] [G loss: 1.774656]
[Epoch 608/801] [Batch 0/1] [D loss: 0.105339, acc: 100%] [G loss: 0.974802]
[Epoch 609/801] [Batch 0/1] [D loss: 0.262615, acc: 100%] [G loss: 0.818392]
[Epoch 610/801] [Batch 0/1] [D loss: 0.160461, acc: 100%] [G loss: 1.989913]
[Epoch 611/801] [Batch 0/1] [D loss: 0.079468, acc: 100%] [G loss: 1.394145]
[Epoch 612/801] [Batch 0/1] [D loss: 0.090134, acc: 100%] [G loss: 0.979344]
[Epoch 613/801] [Batch 0/1] [D loss: 0.238688, acc: 100%] [G loss: 0.581031]
[Epoch 614/801] [Batch 0/1] [D loss: 0.141587, acc: 100%] [G loss: 1.161803]
[Epoch 615/801] [Batch 0/1] [D loss: 0.170296, acc: 100%] [G loss: 1.352357]
[Epoch 616/801] [Batch 0/1] [D loss: 0.118161, acc: 100%] [G loss: 0.686132]
[Epoch 617/801] [Batch 0/1] [D loss: 0.133358, acc: 100%] [G loss: 1.061481]
[Epoch 618/801] [Batch 0/1] [D loss: 0.161232, acc: 100%] [G loss: 0.636969]
[Epoch 619/801] [Batch 0/1] [D loss: 0.126295, acc: 100%] [G loss: 1.156473]
[Epoch 620/801] [Batch 0/1] [D loss: 0.095902, acc: 100%] [G loss: 1.118790]
[Epoch 621/801] [Batch 0/1] [D loss: 0.172057, acc: 100%] [G loss: 0.738326]
[Epoch 622/801] [Batch 0/1] [D loss: 0.110765, acc: 100%] [G loss: 1.068483]
[Epoch 623/801] [Batch 0/1] [D loss: 0.175064, acc: 100%] [G loss: 0.654214]
[Epoch 624/801] [Batch 0/1] [D loss: 0.082909, acc: 100%] [G loss: 1.450689]
[Epoch 625/801] [Batch 0/1] [D loss: 0.071380, acc: 100%] [G loss: 1.939476]
[Epoch 626/801] [Batch 0/1] [D loss: 0.055754, acc: 100%] [G loss: 2.744782]
[Epoch 627/801] [Batch 0/1] [D loss: 0.043652, acc: 100%] [G loss: 1.397908]
[Epoch 628/801] [Batch 0/1] [D loss: 0.224717, acc: 100%] [G loss: 0.480747]
[Epoch 629/801] [Batch 0/1] [D loss: 0.156558, acc: 100%] [G loss: 2.714813]
[Epoch 630/801] [Batch 0/1] [D loss: 0.131262, acc: 100%] [G loss: 2.549922]
[Epoch 631/801] [Batch 0/1] [D loss: 0.062999, acc: 100%] [G loss: 1.530099]
[Epoch 632/801] [Batch 0/1] [D loss: 0.181870, acc: 100%] [G loss: 1.256438]
[Epoch 633/801] [Batch 0/1] [D loss: 0.214512, acc: 100%] [G loss: 1.754724]
[Epoch 634/801] [Batch 0/1] [D loss: 0.295730, acc: 100%] [G loss: 1.109221]
[Epoch 635/801] [Batch 0/1] [D loss: 0.179748, acc: 100%] [G loss: 2.951707]
[Epoch 636/801] [Batch 0/1] [D loss: 0.054337, acc: 100%] [G loss: 3.148285]
[Epoch 637/801] [Batch 0/1] [D loss: 0.002959, acc: 100%] [G loss: 3.558754]
[Epoch 638/801] [Batch 0/1] [D loss: 0.009600, acc: 100%] [G loss: 4.526312]
[Epoch 639/801] [Batch 0/1] [D loss: 0.014413, acc: 100%] [G loss: 3.855026]
[Epoch 640/801] [Batch 0/1] [D loss: 0.021084, acc: 100%] [G loss: 3.255142]
[Epoch 641/801] [Batch 0/1] [D loss: 0.014199, acc: 100%] [G loss: 4.657784]
[Epoch 642/801] [Batch 0/1] [D loss: 0.352085, acc: 100%] [G loss: 0.742592]
[Epoch 643/801] [Batch 0/1] [D loss: 0.684445, acc: 100%] [G loss: 7.470641]
[Epoch 644/801] [Batch 0/1] [D loss: 0.060824, acc: 100%] [G loss: 6.510213]
[Epoch 645/801] [Batch 0/1] [D loss: 0.005448, acc: 100%] [G loss: 4.176775]
[Epoch 646/801] [Batch 0/1] [D loss: 0.018091, acc: 100%] [G loss: 2.946411]
[Epoch 647/801] [Batch 0/1] [D loss: 0.005793, acc: 100%] [G loss: 2.566505]
[Epoch 648/801] [Batch 0/1] [D loss: 0.267045, acc: 100%] [G loss: 0.637672]
[Epoch 649/801] [Batch 0/1] [D loss: 0.072225, acc: 100%] [G loss: 1.255994]
[Epoch 650/801] [Batch 0/1] [D loss: 0.268764, acc: 100%] [G loss: 1.614374]
[Epoch 651/801] [Batch 0/1] [D loss: 0.030693, acc: 100%] [G loss: 2.359811]
[Epoch 652/801] [Batch 0/1] [D loss: 0.035751, acc: 100%] [G loss: 3.705163]
[Epoch 653/801] [Batch 0/1] [D loss: 0.031549, acc: 100%] [G loss: 2.959853]
[Epoch 654/801] [Batch 0/1] [D loss: 0.045455, acc: 100%] [G loss: 1.694827]
[Epoch 655/801] [Batch 0/1] [D loss: 0.035820, acc: 100%] [G loss: 2.423946]
[Epoch 656/801] [Batch 0/1] [D loss: 0.029477, acc: 100%] [G loss: 1.683012]
[Epoch 657/801] [Batch 0/1] [D loss: 0.181311, acc: 100%] [G loss: 0.780254]
[Epoch 658/801] [Batch 0/1] [D loss: 0.075170, acc: 100%] [G loss: 1.505756]
[Epoch 659/801] [Batch 0/1] [D loss: 0.139428, acc: 100%] [G loss: 1.830810]
[Epoch 660/801] [Batch 0/1] [D loss: 0.063763, acc: 100%] [G loss: 1.911669]
[Epoch 661/801] [Batch 0/1] [D loss: 0.137649, acc: 100%] [G loss: 1.286014]
[Epoch 662/801] [Batch 0/1] [D loss: 0.152603, acc: 100%] [G loss: 1.211434]
[Epoch 663/801] [Batch 0/1] [D loss: 0.278809, acc: 100%] [G loss: 2.672327]
[Epoch 664/801] [Batch 0/1] [D loss: 0.022436, acc: 100%] [G loss: 2.509654]
[Epoch 665/801] [Batch 0/1] [D loss: 0.218720, acc: 100%] [G loss: 0.650759]
[Epoch 666/801] [Batch 0/1] [D loss: 0.098007, acc: 100%] [G loss: 0.899909]
[Epoch 667/801] [Batch 0/1] [D loss: 0.246370, acc: 100%] [G loss: 0.991060]
[Epoch 668/801] [Batch 0/1] [D loss: 0.235266, acc: 100%] [G loss: 1.491261]
[Epoch 669/801] [Batch 0/1] [D loss: 0.099747, acc: 100%] [G loss: 1.057304]
[Epoch 670/801] [Batch 0/1] [D loss: 0.062871, acc: 100%] [G loss: 1.150225]
[Epoch 671/801] [Batch 0/1] [D loss: 0.079871, acc: 100%] [G loss: 1.186836]
[Epoch 672/801] [Batch 0/1] [D loss: 0.090053, acc: 100%] [G loss: 0.776274]
[Epoch 673/801] [Batch 0/1] [D loss: 0.110356, acc: 100%] [G loss: 1.492751]
[Epoch 674/801] [Batch 0/1] [D loss: 0.063688, acc: 100%] [G loss: 2.281838]
[Epoch 675/801] [Batch 0/1] [D loss: 0.103025, acc: 100%] [G loss: 0.850062]
[Epoch 676/801] [Batch 0/1] [D loss: 0.117030, acc: 100%] [G loss: 0.953263]
[Epoch 677/801] [Batch 0/1] [D loss: 0.142436, acc: 100%] [G loss: 1.215153]
[Epoch 678/801] [Batch 0/1] [D loss: 0.128401, acc: 100%] [G loss: 0.838986]
[Epoch 679/801] [Batch 0/1] [D loss: 0.180546, acc: 100%] [G loss: 1.422523]
[Epoch 680/801] [Batch 0/1] [D loss: 0.173930, acc: 100%] [G loss: 0.831861]
[Epoch 681/801] [Batch 0/1] [D loss: 0.098132, acc: 100%] [G loss: 0.993505]
[Epoch 682/801] [Batch 0/1] [D loss: 0.097583, acc: 100%] [G loss: 0.835945]
[Epoch 683/801] [Batch 0/1] [D loss: 0.153381, acc: 100%] [G loss: 0.872418]
[Epoch 684/801] [Batch 0/1] [D loss: 0.120801, acc: 100%] [G loss: 0.954809]
[Epoch 685/801] [Batch 0/1] [D loss: 0.165206, acc: 100%] [G loss: 1.551698]
[Epoch 686/801] [Batch 0/1] [D loss: 0.053316, acc: 100%] [G loss: 1.348562]
[Epoch 687/801] [Batch 0/1] [D loss: 0.188170, acc: 100%] [G loss: 0.704633]
[Epoch 688/801] [Batch 0/1] [D loss: 0.140150, acc: 100%] [G loss: 1.263848]
[Epoch 689/801] [Batch 0/1] [D loss: 0.162727, acc: 100%] [G loss: 0.939439]
[Epoch 690/801] [Batch 0/1] [D loss: 0.316855, acc: 100%] [G loss: 0.736633]
[Epoch 691/801] [Batch 0/1] [D loss: 0.186902, acc: 100%] [G loss: 3.041557]
[Epoch 692/801] [Batch 0/1] [D loss: 0.059505, acc: 100%] [G loss: 1.743688]
[Epoch 693/801] [Batch 0/1] [D loss: 0.081367, acc: 100%] [G loss: 0.893074]
[Epoch 694/801] [Batch 0/1] [D loss: 0.117226, acc: 100%] [G loss: 0.875293]
[Epoch 695/801] [Batch 0/1] [D loss: 0.131155, acc: 100%] [G loss: 0.646535]
[Epoch 696/801] [Batch 0/1] [D loss: 0.133813, acc: 100%] [G loss: 1.780334]
[Epoch 697/801] [Batch 0/1] [D loss: 0.158591, acc: 100%] [G loss: 1.517136]
[Epoch 698/801] [Batch 0/1] [D loss: 0.261896, acc: 100%] [G loss: 1.484679]
[Epoch 699/801] [Batch 0/1] [D loss: 0.067085, acc: 100%] [G loss: 0.943764]
[Epoch 700/801] [Batch 0/1] [D loss: 0.098405, acc: 100%] [G loss: 0.745187]
[Epoch 701/801] [Batch 0/1] [D loss: 0.141007, acc: 100%] [G loss: 1.011134]
[Epoch 702/801] [Batch 0/1] [D loss: 0.189814, acc: 100%] [G loss: 1.457935]
[Epoch 703/801] [Batch 0/1] [D loss: 0.411502, acc: 100%] [G loss: 0.121030]
[Epoch 704/801] [Batch 0/1] [D loss: 0.380756, acc: 100%] [G loss: 2.335506]
[Epoch 705/801] [Batch 0/1] [D loss: 0.087205, acc: 100%] [G loss: 2.164452]
[Epoch 706/801] [Batch 0/1] [D loss: 0.112538, acc: 100%] [G loss: 1.582079]
[Epoch 707/801] [Batch 0/1] [D loss: 0.107890, acc: 100%] [G loss: 1.102367]
[Epoch 708/801] [Batch 0/1] [D loss: 0.057790, acc: 100%] [G loss: 1.663585]
[Epoch 709/801] [Batch 0/1] [D loss: 0.100626, acc: 100%] [G loss: 1.984070]
[Epoch 710/801] [Batch 0/1] [D loss: 0.128663, acc: 100%] [G loss: 1.112737]
[Epoch 711/801] [Batch 0/1] [D loss: 0.130758, acc: 100%] [G loss: 1.046887]
[Epoch 712/801] [Batch 0/1] [D loss: 0.270340, acc: 100%] [G loss: 0.590879]
[Epoch 713/801] [Batch 0/1] [D loss: 0.328069, acc: 100%] [G loss: 1.650767]
[Epoch 714/801] [Batch 0/1] [D loss: 0.147673, acc: 100%] [G loss: 1.038461]
[Epoch 715/801] [Batch 0/1] [D loss: 0.093081, acc: 100%] [G loss: 1.338516]
[Epoch 716/801] [Batch 0/1] [D loss: 0.183053, acc: 100%] [G loss: 1.126617]
[Epoch 717/801] [Batch 0/1] [D loss: 0.181011, acc: 100%] [G loss: 1.737726]
[Epoch 718/801] [Batch 0/1] [D loss: 0.146742, acc: 100%] [G loss: 0.821094]
[Epoch 719/801] [Batch 0/1] [D loss: 0.162873, acc: 100%] [G loss: 0.956283]
[Epoch 720/801] [Batch 0/1] [D loss: 0.153391, acc: 100%] [G loss: 1.041131]
[Epoch 721/801] [Batch 0/1] [D loss: 0.052987, acc: 100%] [G loss: 1.343786]
[Epoch 722/801] [Batch 0/1] [D loss: 0.133726, acc: 100%] [G loss: 1.404188]
[Epoch 723/801] [Batch 0/1] [D loss: 0.111575, acc: 100%] [G loss: 1.152917]
[Epoch 724/801] [Batch 0/1] [D loss: 0.120999, acc: 100%] [G loss: 1.168945]
[Epoch 725/801] [Batch 0/1] [D loss: 0.104955, acc: 100%] [G loss: 0.958014]
[Epoch 726/801] [Batch 0/1] [D loss: 0.140408, acc: 100%] [G loss: 0.974098]
[Epoch 727/801] [Batch 0/1] [D loss: 0.110318, acc: 100%] [G loss: 1.527181]
[Epoch 728/801] [Batch 0/1] [D loss: 0.180316, acc: 100%] [G loss: 0.847706]
[Epoch 729/801] [Batch 0/1] [D loss: 0.161821, acc: 100%] [G loss: 1.627452]
[Epoch 730/801] [Batch 0/1] [D loss: 0.186142, acc: 100%] [G loss: 2.192837]
[Epoch 731/801] [Batch 0/1] [D loss: 0.046271, acc: 100%] [G loss: 1.245230]
[Epoch 732/801] [Batch 0/1] [D loss: 0.159788, acc: 100%] [G loss: 0.763856]
[Epoch 733/801] [Batch 0/1] [D loss: 0.099840, acc: 100%] [G loss: 1.066542]
[Epoch 734/801] [Batch 0/1] [D loss: 0.157111, acc: 100%] [G loss: 1.607854]
[Epoch 735/801] [Batch 0/1] [D loss: 0.158923, acc: 100%] [G loss: 1.351643]
[Epoch 736/801] [Batch 0/1] [D loss: 0.107752, acc: 100%] [G loss: 0.565832]
[Epoch 737/801] [Batch 0/1] [D loss: 0.153889, acc: 100%] [G loss: 0.893264]
[Epoch 738/801] [Batch 0/1] [D loss: 0.191654, acc: 100%] [G loss: 2.405530]
[Epoch 739/801] [Batch 0/1] [D loss: 0.120447, acc: 100%] [G loss: 0.904396]
[Epoch 740/801] [Batch 0/1] [D loss: 0.081092, acc: 100%] [G loss: 1.399830]
[Epoch 741/801] [Batch 0/1] [D loss: 0.063794, acc: 100%] [G loss: 1.143742]
[Epoch 742/801] [Batch 0/1] [D loss: 0.140053, acc: 100%] [G loss: 0.932864]
[Epoch 743/801] [Batch 0/1] [D loss: 0.148262, acc: 100%] [G loss: 1.592965]
[Epoch 744/801] [Batch 0/1] [D loss: 0.103654, acc: 100%] [G loss: 0.827894]
[Epoch 745/801] [Batch 0/1] [D loss: 0.372679, acc: 100%] [G loss: 0.325573]
[Epoch 746/801] [Batch 0/1] [D loss: 0.491509, acc: 100%] [G loss: 3.468217]
[Epoch 747/801] [Batch 0/1] [D loss: 0.072705, acc: 100%] [G loss: 2.407358]
[Epoch 748/801] [Batch 0/1] [D loss: 0.043606, acc: 100%] [G loss: 1.041766]
[Epoch 749/801] [Batch 0/1] [D loss: 0.243712, acc: 100%] [G loss: 0.622850]
[Epoch 750/801] [Batch 0/1] [D loss: 0.130216, acc: 100%] [G loss: 0.901589]
[Epoch 751/801] [Batch 0/1] [D loss: 0.295263, acc: 100%] [G loss: 2.188664]
[Epoch 752/801] [Batch 0/1] [D loss: 0.040454, acc: 100%] [G loss: 2.288494]
[Epoch 753/801] [Batch 0/1] [D loss: 0.068664, acc: 100%] [G loss: 1.219108]
[Epoch 754/801] [Batch 0/1] [D loss: 0.099085, acc: 100%] [G loss: 0.614616]
[Epoch 755/801] [Batch 0/1] [D loss: 0.175306, acc: 100%] [G loss: 1.861823]
[Epoch 756/801] [Batch 0/1] [D loss: 0.090324, acc: 100%] [G loss: 1.306238]
[Epoch 757/801] [Batch 0/1] [D loss: 0.233479, acc: 100%] [G loss: 1.089604]
[Epoch 758/801] [Batch 0/1] [D loss: 0.125561, acc: 100%] [G loss: 1.934906]
[Epoch 759/801] [Batch 0/1] [D loss: 0.150909, acc: 100%] [G loss: 1.272977]
[Epoch 760/801] [Batch 0/1] [D loss: 0.212624, acc: 100%] [G loss: 0.827857]
[Epoch 761/801] [Batch 0/1] [D loss: 0.307396, acc: 100%] [G loss: 0.467514]
[Epoch 762/801] [Batch 0/1] [D loss: 0.273443, acc: 100%] [G loss: 3.030225]
[Epoch 763/801] [Batch 0/1] [D loss: 0.085980, acc: 100%] [G loss: 1.301878]
[Epoch 764/801] [Batch 0/1] [D loss: 0.132541, acc: 100%] [G loss: 1.045436]
[Epoch 765/801] [Batch 0/1] [D loss: 0.199127, acc: 100%] [G loss: 0.480451]
[Epoch 766/801] [Batch 0/1] [D loss: 0.234014, acc: 100%] [G loss: 2.370965]
[Epoch 767/801] [Batch 0/1] [D loss: 0.105375, acc: 100%] [G loss: 2.543466]
[Epoch 768/801] [Batch 0/1] [D loss: 0.074345, acc: 100%] [G loss: 1.238410]
[Epoch 769/801] [Batch 0/1] [D loss: 0.150753, acc: 100%] [G loss: 0.476065]
[Epoch 770/801] [Batch 0/1] [D loss: 0.098900, acc: 100%] [G loss: 1.199068]
[Epoch 771/801] [Batch 0/1] [D loss: 0.270793, acc: 100%] [G loss: 1.292915]
[Epoch 772/801] [Batch 0/1] [D loss: 0.263471, acc: 100%] [G loss: 1.925104]
[Epoch 773/801] [Batch 0/1] [D loss: 0.079962, acc: 100%] [G loss: 1.171180]
[Epoch 774/801] [Batch 0/1] [D loss: 0.181192, acc: 100%] [G loss: 0.819540]
[Epoch 775/801] [Batch 0/1] [D loss: 0.109282, acc: 100%] [G loss: 0.999468]
[Epoch 776/801] [Batch 0/1] [D loss: 0.114777, acc: 100%] [G loss: 1.028857]
[Epoch 777/801] [Batch 0/1] [D loss: 0.141366, acc: 100%] [G loss: 1.775152]
[Epoch 778/801] [Batch 0/1] [D loss: 0.212476, acc: 100%] [G loss: 1.139611]
[Epoch 779/801] [Batch 0/1] [D loss: 0.129926, acc: 100%] [G loss: 1.332835]
[Epoch 780/801] [Batch 0/1] [D loss: 0.042865, acc: 100%] [G loss: 1.518087]
[Epoch 781/801] [Batch 0/1] [D loss: 0.102314, acc: 100%] [G loss: 0.993931]
[Epoch 782/801] [Batch 0/1] [D loss: 0.178026, acc: 100%] [G loss: 0.683705]
[Epoch 783/801] [Batch 0/1] [D loss: 0.182883, acc: 100%] [G loss: 1.999472]
[Epoch 784/801] [Batch 0/1] [D loss: 0.040394, acc: 100%] [G loss: 1.392177]
[Epoch 785/801] [Batch 0/1] [D loss: 0.056053, acc: 100%] [G loss: 1.584752]
[Epoch 786/801] [Batch 0/1] [D loss: 0.145137, acc: 100%] [G loss: 1.054560]
[Epoch 787/801] [Batch 0/1] [D loss: 0.105834, acc: 100%] [G loss: 1.627993]
[Epoch 788/801] [Batch 0/1] [D loss: 0.147135, acc: 100%] [G loss: 2.325150]
[Epoch 789/801] [Batch 0/1] [D loss: 0.126195, acc: 100%] [G loss: 1.180032]
[Epoch 790/801] [Batch 0/1] [D loss: 0.070437, acc: 100%] [G loss: 1.414997]
[Epoch 791/801] [Batch 0/1] [D loss: 0.156557, acc: 100%] [G loss: 0.800023]
[Epoch 792/801] [Batch 0/1] [D loss: 0.105951, acc: 100%] [G loss: 1.806091]
[Epoch 793/801] [Batch 0/1] [D loss: 0.204234, acc: 100%] [G loss: 2.020223]
[Epoch 794/801] [Batch 0/1] [D loss: 0.157691, acc: 100%] [G loss: 0.885542]
[Epoch 795/801] [Batch 0/1] [D loss: 0.064190, acc: 100%] [G loss: 1.152028]
[Epoch 796/801] [Batch 0/1] [D loss: 0.071840, acc: 100%] [G loss: 1.981385]
[Epoch 797/801] [Batch 0/1] [D loss: 0.178301, acc: 100%] [G loss: 0.993602]
[Epoch 798/801] [Batch 0/1] [D loss: 0.228305, acc: 100%] [G loss: 2.781768]
[Epoch 799/801] [Batch 0/1] [D loss: 0.039637, acc: 100%] [G loss: 1.711148]
[Epoch 800/801] [Batch 0/1] [D loss: 0.063210, acc: 100%] [G loss: 1.204202]
