Namespace(b1=0.5, b2=0.999, batch_size=64, channels=3, img_size=256, latent_dim=50, lr=0.0002, n_classes=1, n_cpu=8, n_epochs=401, sample_interval=10)
48
/usr/local/lib/python3.6/dist-packages/torch/nn/modules/container.py:100: UserWarning: Implicit dimension choice for softmax has been deprecated. Change the call to include dim=X as an argument.
  input = module(input)
[Epoch 0/401] [Batch 0/1] [D loss: 0.346584, acc: 100%] [G loss: 0.347130]
[Epoch 1/401] [Batch 0/1] [D loss: 0.346582, acc: 100%] [G loss: 0.346825]
[Epoch 2/401] [Batch 0/1] [D loss: 0.346579, acc: 100%] [G loss: 0.346564]
[Epoch 3/401] [Batch 0/1] [D loss: 0.346558, acc: 100%] [G loss: 0.346471]
[Epoch 4/401] [Batch 0/1] [D loss: 0.346553, acc: 100%] [G loss: 0.346543]
[Epoch 5/401] [Batch 0/1] [D loss: 0.346560, acc: 100%] [G loss: 0.346625]
[Epoch 6/401] [Batch 0/1] [D loss: 0.346578, acc: 100%] [G loss: 0.346647]
[Epoch 7/401] [Batch 0/1] [D loss: 0.346515, acc: 100%] [G loss: 0.346607]
[Epoch 8/401] [Batch 0/1] [D loss: 0.346424, acc: 100%] [G loss: 0.346699]
[Epoch 9/401] [Batch 0/1] [D loss: 0.346346, acc: 100%] [G loss: 0.346804]
[Epoch 10/401] [Batch 0/1] [D loss: 0.346227, acc: 100%] [G loss: 0.346819]
[Epoch 11/401] [Batch 0/1] [D loss: 0.346017, acc: 100%] [G loss: 0.346927]
[Epoch 12/401] [Batch 0/1] [D loss: 0.345626, acc: 100%] [G loss: 0.347150]
[Epoch 13/401] [Batch 0/1] [D loss: 0.345252, acc: 100%] [G loss: 0.347094]
[Epoch 14/401] [Batch 0/1] [D loss: 0.345076, acc: 100%] [G loss: 0.346462]
[Epoch 15/401] [Batch 0/1] [D loss: 0.345079, acc: 100%] [G loss: 0.345460]
[Epoch 16/401] [Batch 0/1] [D loss: 0.347018, acc: 100%] [G loss: 0.338091]
[Epoch 17/401] [Batch 0/1] [D loss: 0.349282, acc: 100%] [G loss: 0.336073]
[Epoch 18/401] [Batch 0/1] [D loss: 0.350482, acc: 100%] [G loss: 0.336620]
[Epoch 19/401] [Batch 0/1] [D loss: 0.350254, acc: 100%] [G loss: 0.340968]
[Epoch 20/401] [Batch 0/1] [D loss: 0.349114, acc: 100%] [G loss: 0.346698]
[Epoch 21/401] [Batch 0/1] [D loss: 0.348421, acc: 100%] [G loss: 0.350664]
[Epoch 22/401] [Batch 0/1] [D loss: 0.347237, acc: 100%] [G loss: 0.352313]
[Epoch 23/401] [Batch 0/1] [D loss: 0.346001, acc: 100%] [G loss: 0.353348]
[Epoch 24/401] [Batch 0/1] [D loss: 0.346018, acc: 100%] [G loss: 0.352592]
[Epoch 25/401] [Batch 0/1] [D loss: 0.344257, acc: 100%] [G loss: 0.355626]
[Epoch 26/401] [Batch 0/1] [D loss: 0.344083, acc: 100%] [G loss: 0.354448]
[Epoch 27/401] [Batch 0/1] [D loss: 0.343980, acc: 100%] [G loss: 0.354082]
[Epoch 28/401] [Batch 0/1] [D loss: 0.340690, acc: 100%] [G loss: 0.360595]
[Epoch 29/401] [Batch 0/1] [D loss: 0.339180, acc: 100%] [G loss: 0.362953]
[Epoch 30/401] [Batch 0/1] [D loss: 0.334689, acc: 100%] [G loss: 0.375204]
[Epoch 31/401] [Batch 0/1] [D loss: 0.341184, acc: 100%] [G loss: 0.365154]
[Epoch 32/401] [Batch 0/1] [D loss: 0.351137, acc: 100%] [G loss: 0.355211]
[Epoch 33/401] [Batch 0/1] [D loss: 0.355979, acc: 100%] [G loss: 0.335747]
[Epoch 34/401] [Batch 0/1] [D loss: 0.358797, acc: 100%] [G loss: 0.329387]
[Epoch 35/401] [Batch 0/1] [D loss: 0.356996, acc: 100%] [G loss: 0.328549]
[Epoch 36/401] [Batch 0/1] [D loss: 0.354488, acc: 100%] [G loss: 0.331239]
[Epoch 37/401] [Batch 0/1] [D loss: 0.349926, acc: 100%] [G loss: 0.337655]
[Epoch 38/401] [Batch 0/1] [D loss: 0.346107, acc: 100%] [G loss: 0.344331]
[Epoch 39/401] [Batch 0/1] [D loss: 0.343954, acc: 100%] [G loss: 0.347849]
[Epoch 40/401] [Batch 0/1] [D loss: 0.340318, acc: 100%] [G loss: 0.355784]
[Epoch 41/401] [Batch 0/1] [D loss: 0.338723, acc: 100%] [G loss: 0.359051]
[Epoch 42/401] [Batch 0/1] [D loss: 0.333375, acc: 100%] [G loss: 0.372089]
[Epoch 43/401] [Batch 0/1] [D loss: 0.327721, acc: 100%] [G loss: 0.375867]
[Epoch 44/401] [Batch 0/1] [D loss: 0.326314, acc: 100%] [G loss: 0.372426]
[Epoch 45/401] [Batch 0/1] [D loss: 0.329171, acc: 100%] [G loss: 0.357493]
[Epoch 46/401] [Batch 0/1] [D loss: 0.327672, acc: 100%] [G loss: 0.346376]
[Epoch 47/401] [Batch 0/1] [D loss: 0.329038, acc: 100%] [G loss: 0.332142]
[Epoch 48/401] [Batch 0/1] [D loss: 0.338318, acc: 100%] [G loss: 0.312671]
[Epoch 49/401] [Batch 0/1] [D loss: 0.353372, acc: 100%] [G loss: 0.296667]
[Epoch 50/401] [Batch 0/1] [D loss: 0.378838, acc: 100%] [G loss: 0.290890]
[Epoch 51/401] [Batch 0/1] [D loss: 0.413129, acc: 100%] [G loss: 0.242115]
[Epoch 52/401] [Batch 0/1] [D loss: 0.403040, acc: 100%] [G loss: 0.259682]
[Epoch 53/401] [Batch 0/1] [D loss: 0.381877, acc: 100%] [G loss: 0.316045]
[Epoch 54/401] [Batch 0/1] [D loss: 0.374276, acc: 100%] [G loss: 0.334598]
[Epoch 55/401] [Batch 0/1] [D loss: 0.368623, acc: 100%] [G loss: 0.346981]
[Epoch 56/401] [Batch 0/1] [D loss: 0.358785, acc: 100%] [G loss: 0.361244]
[Epoch 57/401] [Batch 0/1] [D loss: 0.357131, acc: 100%] [G loss: 0.368000]
[Epoch 58/401] [Batch 0/1] [D loss: 0.349891, acc: 100%] [G loss: 0.379973]
[Epoch 59/401] [Batch 0/1] [D loss: 0.349090, acc: 100%] [G loss: 0.375686]
[Epoch 60/401] [Batch 0/1] [D loss: 0.345286, acc: 100%] [G loss: 0.384509]
[Epoch 61/401] [Batch 0/1] [D loss: 0.342599, acc: 100%] [G loss: 0.384831]
[Epoch 62/401] [Batch 0/1] [D loss: 0.339196, acc: 100%] [G loss: 0.391085]
[Epoch 63/401] [Batch 0/1] [D loss: 0.334227, acc: 100%] [G loss: 0.394669]
[Epoch 64/401] [Batch 0/1] [D loss: 0.330986, acc: 100%] [G loss: 0.411263]
[Epoch 65/401] [Batch 0/1] [D loss: 0.323960, acc: 100%] [G loss: 0.425261]
[Epoch 66/401] [Batch 0/1] [D loss: 0.319211, acc: 100%] [G loss: 0.427721]
[Epoch 67/401] [Batch 0/1] [D loss: 0.323590, acc: 100%] [G loss: 0.447265]
[Epoch 68/401] [Batch 0/1] [D loss: 0.326244, acc: 100%] [G loss: 0.439989]
[Epoch 69/401] [Batch 0/1] [D loss: 0.359021, acc: 100%] [G loss: 0.382403]
[Epoch 70/401] [Batch 0/1] [D loss: 0.332843, acc: 100%] [G loss: 0.426441]
[Epoch 71/401] [Batch 0/1] [D loss: 0.337068, acc: 100%] [G loss: 0.422740]
[Epoch 72/401] [Batch 0/1] [D loss: 0.349209, acc: 100%] [G loss: 0.368263]
[Epoch 73/401] [Batch 0/1] [D loss: 0.365887, acc: 100%] [G loss: 0.321574]
[Epoch 74/401] [Batch 0/1] [D loss: 0.355527, acc: 100%] [G loss: 0.331293]
[Epoch 75/401] [Batch 0/1] [D loss: 0.355544, acc: 100%] [G loss: 0.327158]
[Epoch 76/401] [Batch 0/1] [D loss: 0.355870, acc: 100%] [G loss: 0.322542]
[Epoch 77/401] [Batch 0/1] [D loss: 0.352982, acc: 100%] [G loss: 0.327793]
[Epoch 78/401] [Batch 0/1] [D loss: 0.354843, acc: 100%] [G loss: 0.321889]
[Epoch 79/401] [Batch 0/1] [D loss: 0.352507, acc: 100%] [G loss: 0.326005]
[Epoch 80/401] [Batch 0/1] [D loss: 0.347338, acc: 100%] [G loss: 0.334934]
[Epoch 81/401] [Batch 0/1] [D loss: 0.346690, acc: 100%] [G loss: 0.338000]
[Epoch 82/401] [Batch 0/1] [D loss: 0.347052, acc: 100%] [G loss: 0.337190]
[Epoch 83/401] [Batch 0/1] [D loss: 0.344415, acc: 100%] [G loss: 0.341122]
[Epoch 84/401] [Batch 0/1] [D loss: 0.342395, acc: 100%] [G loss: 0.347703]
[Epoch 85/401] [Batch 0/1] [D loss: 0.340951, acc: 100%] [G loss: 0.350566]
[Epoch 86/401] [Batch 0/1] [D loss: 0.340925, acc: 100%] [G loss: 0.349227]
[Epoch 87/401] [Batch 0/1] [D loss: 0.339241, acc: 100%] [G loss: 0.348085]
[Epoch 88/401] [Batch 0/1] [D loss: 0.341637, acc: 100%] [G loss: 0.343809]
[Epoch 89/401] [Batch 0/1] [D loss: 0.339633, acc: 100%] [G loss: 0.349474]
[Epoch 90/401] [Batch 0/1] [D loss: 0.336001, acc: 100%] [G loss: 0.353994]
[Epoch 91/401] [Batch 0/1] [D loss: 0.339797, acc: 100%] [G loss: 0.349393]
[Epoch 92/401] [Batch 0/1] [D loss: 0.339990, acc: 100%] [G loss: 0.344553]
[Epoch 93/401] [Batch 0/1] [D loss: 0.347163, acc: 100%] [G loss: 0.334312]
[Epoch 94/401] [Batch 0/1] [D loss: 0.342221, acc: 100%] [G loss: 0.331826]
[Epoch 95/401] [Batch 0/1] [D loss: 0.352579, acc: 100%] [G loss: 0.321978]
[Epoch 96/401] [Batch 0/1] [D loss: 0.366084, acc: 100%] [G loss: 0.305798]
[Epoch 97/401] [Batch 0/1] [D loss: 0.359640, acc: 100%] [G loss: 0.310174]
[Epoch 98/401] [Batch 0/1] [D loss: 0.360825, acc: 100%] [G loss: 0.314603]
[Epoch 99/401] [Batch 0/1] [D loss: 0.356698, acc: 100%] [G loss: 0.327660]
[Epoch 100/401] [Batch 0/1] [D loss: 0.358668, acc: 100%] [G loss: 0.323032]
[Epoch 101/401] [Batch 0/1] [D loss: 0.353626, acc: 100%] [G loss: 0.333990]
[Epoch 102/401] [Batch 0/1] [D loss: 0.353951, acc: 100%] [G loss: 0.336998]
[Epoch 103/401] [Batch 0/1] [D loss: 0.354126, acc: 100%] [G loss: 0.339873]
[Epoch 104/401] [Batch 0/1] [D loss: 0.351633, acc: 100%] [G loss: 0.346373]
[Epoch 105/401] [Batch 0/1] [D loss: 0.349502, acc: 100%] [G loss: 0.348993]
[Epoch 106/401] [Batch 0/1] [D loss: 0.349553, acc: 100%] [G loss: 0.350361]
[Epoch 107/401] [Batch 0/1] [D loss: 0.347708, acc: 100%] [G loss: 0.354254]
[Epoch 108/401] [Batch 0/1] [D loss: 0.345861, acc: 100%] [G loss: 0.358888]
[Epoch 109/401] [Batch 0/1] [D loss: 0.344812, acc: 100%] [G loss: 0.361795]
[Epoch 110/401] [Batch 0/1] [D loss: 0.344115, acc: 100%] [G loss: 0.361510]
[Epoch 111/401] [Batch 0/1] [D loss: 0.341932, acc: 100%] [G loss: 0.367232]
[Epoch 112/401] [Batch 0/1] [D loss: 0.338954, acc: 100%] [G loss: 0.372533]
[Epoch 113/401] [Batch 0/1] [D loss: 0.339543, acc: 100%] [G loss: 0.371075]
[Epoch 114/401] [Batch 0/1] [D loss: 0.337437, acc: 100%] [G loss: 0.379165]
[Epoch 115/401] [Batch 0/1] [D loss: 0.334426, acc: 100%] [G loss: 0.378000]
[Epoch 116/401] [Batch 0/1] [D loss: 0.333021, acc: 100%] [G loss: 0.392626]
[Epoch 117/401] [Batch 0/1] [D loss: 0.335355, acc: 100%] [G loss: 0.384884]
[Epoch 118/401] [Batch 0/1] [D loss: 0.330841, acc: 100%] [G loss: 0.399255]
[Epoch 119/401] [Batch 0/1] [D loss: 0.336102, acc: 100%] [G loss: 0.390068]
[Epoch 120/401] [Batch 0/1] [D loss: 0.341807, acc: 100%] [G loss: 0.380187]
[Epoch 121/401] [Batch 0/1] [D loss: 0.362032, acc: 100%] [G loss: 0.335943]
[Epoch 122/401] [Batch 0/1] [D loss: 0.361707, acc: 100%] [G loss: 0.334065]
[Epoch 123/401] [Batch 0/1] [D loss: 0.362744, acc: 100%] [G loss: 0.324682]
[Epoch 124/401] [Batch 0/1] [D loss: 0.359700, acc: 100%] [G loss: 0.323059]
[Epoch 125/401] [Batch 0/1] [D loss: 0.355410, acc: 100%] [G loss: 0.326964]
[Epoch 126/401] [Batch 0/1] [D loss: 0.352392, acc: 100%] [G loss: 0.333220]
[Epoch 127/401] [Batch 0/1] [D loss: 0.349188, acc: 100%] [G loss: 0.338218]
[Epoch 128/401] [Batch 0/1] [D loss: 0.347000, acc: 100%] [G loss: 0.340844]
[Epoch 129/401] [Batch 0/1] [D loss: 0.344500, acc: 100%] [G loss: 0.344020]
[Epoch 130/401] [Batch 0/1] [D loss: 0.344504, acc: 100%] [G loss: 0.343729]
[Epoch 131/401] [Batch 0/1] [D loss: 0.343095, acc: 100%] [G loss: 0.343007]
[Epoch 132/401] [Batch 0/1] [D loss: 0.342444, acc: 100%] [G loss: 0.348577]
[Epoch 133/401] [Batch 0/1] [D loss: 0.337434, acc: 100%] [G loss: 0.356194]
[Epoch 134/401] [Batch 0/1] [D loss: 0.340728, acc: 100%] [G loss: 0.344839]
[Epoch 135/401] [Batch 0/1] [D loss: 0.340353, acc: 100%] [G loss: 0.340062]
[Epoch 136/401] [Batch 0/1] [D loss: 0.340112, acc: 100%] [G loss: 0.348738]
[Epoch 137/401] [Batch 0/1] [D loss: 0.339103, acc: 100%] [G loss: 0.344766]
[Epoch 138/401] [Batch 0/1] [D loss: 0.345706, acc: 100%] [G loss: 0.333544]
[Epoch 139/401] [Batch 0/1] [D loss: 0.353527, acc: 100%] [G loss: 0.317688]
[Epoch 140/401] [Batch 0/1] [D loss: 0.346183, acc: 100%] [G loss: 0.334644]
[Epoch 141/401] [Batch 0/1] [D loss: 0.350001, acc: 100%] [G loss: 0.321123]
[Epoch 142/401] [Batch 0/1] [D loss: 0.356442, acc: 100%] [G loss: 0.321390]
[Epoch 143/401] [Batch 0/1] [D loss: 0.357486, acc: 100%] [G loss: 0.316272]
[Epoch 144/401] [Batch 0/1] [D loss: 0.361332, acc: 100%] [G loss: 0.314877]
[Epoch 145/401] [Batch 0/1] [D loss: 0.351889, acc: 100%] [G loss: 0.335108]
[Epoch 146/401] [Batch 0/1] [D loss: 0.358040, acc: 100%] [G loss: 0.333704]
[Epoch 147/401] [Batch 0/1] [D loss: 0.352204, acc: 100%] [G loss: 0.342237]
[Epoch 148/401] [Batch 0/1] [D loss: 0.352675, acc: 100%] [G loss: 0.345445]
[Epoch 149/401] [Batch 0/1] [D loss: 0.351492, acc: 100%] [G loss: 0.356965]
[Epoch 150/401] [Batch 0/1] [D loss: 0.348073, acc: 100%] [G loss: 0.362355]
[Epoch 151/401] [Batch 0/1] [D loss: 0.345122, acc: 100%] [G loss: 0.370748]
[Epoch 152/401] [Batch 0/1] [D loss: 0.346117, acc: 100%] [G loss: 0.367795]
[Epoch 153/401] [Batch 0/1] [D loss: 0.347724, acc: 100%] [G loss: 0.361161]
[Epoch 154/401] [Batch 0/1] [D loss: 0.345313, acc: 100%] [G loss: 0.368344]
[Epoch 155/401] [Batch 0/1] [D loss: 0.347596, acc: 100%] [G loss: 0.363321]
[Epoch 156/401] [Batch 0/1] [D loss: 0.346389, acc: 100%] [G loss: 0.363790]
[Epoch 157/401] [Batch 0/1] [D loss: 0.349075, acc: 100%] [G loss: 0.357182]
[Epoch 158/401] [Batch 0/1] [D loss: 0.349221, acc: 100%] [G loss: 0.356111]
[Epoch 159/401] [Batch 0/1] [D loss: 0.352048, acc: 100%] [G loss: 0.345653]
[Epoch 160/401] [Batch 0/1] [D loss: 0.347915, acc: 100%] [G loss: 0.349922]
[Epoch 161/401] [Batch 0/1] [D loss: 0.349178, acc: 100%] [G loss: 0.345745]
[Epoch 162/401] [Batch 0/1] [D loss: 0.349161, acc: 100%] [G loss: 0.343812]
[Epoch 163/401] [Batch 0/1] [D loss: 0.348641, acc: 100%] [G loss: 0.343961]
[Epoch 164/401] [Batch 0/1] [D loss: 0.348103, acc: 100%] [G loss: 0.344880]
[Epoch 165/401] [Batch 0/1] [D loss: 0.346675, acc: 100%] [G loss: 0.345733]
[Epoch 166/401] [Batch 0/1] [D loss: 0.345761, acc: 100%] [G loss: 0.347642]
[Epoch 167/401] [Batch 0/1] [D loss: 0.345080, acc: 100%] [G loss: 0.349619]
[Epoch 168/401] [Batch 0/1] [D loss: 0.343256, acc: 100%] [G loss: 0.350687]
[Epoch 169/401] [Batch 0/1] [D loss: 0.343372, acc: 100%] [G loss: 0.352590]
[Epoch 170/401] [Batch 0/1] [D loss: 0.343565, acc: 100%] [G loss: 0.350032]
[Epoch 171/401] [Batch 0/1] [D loss: 0.341696, acc: 100%] [G loss: 0.355341]
[Epoch 172/401] [Batch 0/1] [D loss: 0.338732, acc: 100%] [G loss: 0.362392]
[Epoch 173/401] [Batch 0/1] [D loss: 0.338113, acc: 100%] [G loss: 0.361223]
[Epoch 174/401] [Batch 0/1] [D loss: 0.335594, acc: 100%] [G loss: 0.366593]
[Epoch 175/401] [Batch 0/1] [D loss: 0.337093, acc: 100%] [G loss: 0.364742]
[Epoch 176/401] [Batch 0/1] [D loss: 0.335614, acc: 100%] [G loss: 0.364520]
[Epoch 177/401] [Batch 0/1] [D loss: 0.337330, acc: 100%] [G loss: 0.362947]
[Epoch 178/401] [Batch 0/1] [D loss: 0.339654, acc: 100%] [G loss: 0.352104]
[Epoch 179/401] [Batch 0/1] [D loss: 0.348167, acc: 100%] [G loss: 0.335637]
[Epoch 180/401] [Batch 0/1] [D loss: 0.367769, acc: 100%] [G loss: 0.303516]
[Epoch 181/401] [Batch 0/1] [D loss: 0.377607, acc: 100%] [G loss: 0.289289]
[Epoch 182/401] [Batch 0/1] [D loss: 0.370685, acc: 100%] [G loss: 0.298980]
[Epoch 183/401] [Batch 0/1] [D loss: 0.366810, acc: 100%] [G loss: 0.312414]
[Epoch 184/401] [Batch 0/1] [D loss: 0.361226, acc: 100%] [G loss: 0.326641]
[Epoch 185/401] [Batch 0/1] [D loss: 0.354886, acc: 100%] [G loss: 0.337542]
[Epoch 186/401] [Batch 0/1] [D loss: 0.352517, acc: 100%] [G loss: 0.342059]
[Epoch 187/401] [Batch 0/1] [D loss: 0.349282, acc: 100%] [G loss: 0.348451]
[Epoch 188/401] [Batch 0/1] [D loss: 0.348311, acc: 100%] [G loss: 0.350523]
[Epoch 189/401] [Batch 0/1] [D loss: 0.347443, acc: 100%] [G loss: 0.350669]
[Epoch 190/401] [Batch 0/1] [D loss: 0.345853, acc: 100%] [G loss: 0.352565]
[Epoch 191/401] [Batch 0/1] [D loss: 0.345712, acc: 100%] [G loss: 0.353285]
[Epoch 192/401] [Batch 0/1] [D loss: 0.344049, acc: 100%] [G loss: 0.356063]
[Epoch 193/401] [Batch 0/1] [D loss: 0.343128, acc: 100%] [G loss: 0.359528]
[Epoch 194/401] [Batch 0/1] [D loss: 0.342628, acc: 100%] [G loss: 0.359009]
[Epoch 195/401] [Batch 0/1] [D loss: 0.339593, acc: 100%] [G loss: 0.364373]
[Epoch 196/401] [Batch 0/1] [D loss: 0.339200, acc: 100%] [G loss: 0.367112]
[Epoch 197/401] [Batch 0/1] [D loss: 0.337966, acc: 100%] [G loss: 0.370545]
[Epoch 198/401] [Batch 0/1] [D loss: 0.338352, acc: 100%] [G loss: 0.368781]
[Epoch 199/401] [Batch 0/1] [D loss: 0.333502, acc: 100%] [G loss: 0.383913]
[Epoch 200/401] [Batch 0/1] [D loss: 0.339691, acc: 100%] [G loss: 0.369817]
[Epoch 201/401] [Batch 0/1] [D loss: 0.342119, acc: 100%] [G loss: 0.365086]
[Epoch 202/401] [Batch 0/1] [D loss: 0.344189, acc: 100%] [G loss: 0.357284]
[Epoch 203/401] [Batch 0/1] [D loss: 0.347840, acc: 100%] [G loss: 0.346925]
[Epoch 204/401] [Batch 0/1] [D loss: 0.354379, acc: 100%] [G loss: 0.334625]
[Epoch 205/401] [Batch 0/1] [D loss: 0.352922, acc: 100%] [G loss: 0.334657]
[Epoch 206/401] [Batch 0/1] [D loss: 0.354056, acc: 100%] [G loss: 0.330560]
[Epoch 207/401] [Batch 0/1] [D loss: 0.350557, acc: 100%] [G loss: 0.340258]
[Epoch 208/401] [Batch 0/1] [D loss: 0.346618, acc: 100%] [G loss: 0.346012]
[Epoch 209/401] [Batch 0/1] [D loss: 0.344598, acc: 100%] [G loss: 0.351219]
[Epoch 210/401] [Batch 0/1] [D loss: 0.339043, acc: 100%] [G loss: 0.357322]
[Epoch 211/401] [Batch 0/1] [D loss: 0.334646, acc: 100%] [G loss: 0.364642]
[Epoch 212/401] [Batch 0/1] [D loss: 0.335368, acc: 100%] [G loss: 0.367632]
[Epoch 213/401] [Batch 0/1] [D loss: 0.332437, acc: 100%] [G loss: 0.368639]
[Epoch 214/401] [Batch 0/1] [D loss: 0.330939, acc: 100%] [G loss: 0.376874]
[Epoch 215/401] [Batch 0/1] [D loss: 0.330714, acc: 100%] [G loss: 0.376839]
[Epoch 216/401] [Batch 0/1] [D loss: 0.338954, acc: 100%] [G loss: 0.365260]
[Epoch 217/401] [Batch 0/1] [D loss: 0.335864, acc: 100%] [G loss: 0.358402]
[Epoch 218/401] [Batch 0/1] [D loss: 0.352417, acc: 100%] [G loss: 0.325460]
[Epoch 219/401] [Batch 0/1] [D loss: 0.358682, acc: 100%] [G loss: 0.314820]
[Epoch 220/401] [Batch 0/1] [D loss: 0.360923, acc: 100%] [G loss: 0.315203]
[Epoch 221/401] [Batch 0/1] [D loss: 0.360617, acc: 100%] [G loss: 0.319622]
[Epoch 222/401] [Batch 0/1] [D loss: 0.355360, acc: 100%] [G loss: 0.328575]
[Epoch 223/401] [Batch 0/1] [D loss: 0.357012, acc: 100%] [G loss: 0.323609]
[Epoch 224/401] [Batch 0/1] [D loss: 0.353976, acc: 100%] [G loss: 0.333699]
[Epoch 225/401] [Batch 0/1] [D loss: 0.350122, acc: 100%] [G loss: 0.336946]
[Epoch 226/401] [Batch 0/1] [D loss: 0.346286, acc: 100%] [G loss: 0.344813]
[Epoch 227/401] [Batch 0/1] [D loss: 0.343296, acc: 100%] [G loss: 0.349812]
[Epoch 228/401] [Batch 0/1] [D loss: 0.342149, acc: 100%] [G loss: 0.352451]
[Epoch 229/401] [Batch 0/1] [D loss: 0.341581, acc: 100%] [G loss: 0.356415]
[Epoch 230/401] [Batch 0/1] [D loss: 0.340852, acc: 100%] [G loss: 0.357373]
[Epoch 231/401] [Batch 0/1] [D loss: 0.338951, acc: 100%] [G loss: 0.360460]
[Epoch 232/401] [Batch 0/1] [D loss: 0.340900, acc: 100%] [G loss: 0.359777]
[Epoch 233/401] [Batch 0/1] [D loss: 0.341488, acc: 100%] [G loss: 0.357619]
[Epoch 234/401] [Batch 0/1] [D loss: 0.345968, acc: 100%] [G loss: 0.352229]
[Epoch 235/401] [Batch 0/1] [D loss: 0.347337, acc: 100%] [G loss: 0.347116]
[Epoch 236/401] [Batch 0/1] [D loss: 0.349039, acc: 100%] [G loss: 0.343009]
[Epoch 237/401] [Batch 0/1] [D loss: 0.351662, acc: 100%] [G loss: 0.338999]
[Epoch 238/401] [Batch 0/1] [D loss: 0.351416, acc: 100%] [G loss: 0.340516]
[Epoch 239/401] [Batch 0/1] [D loss: 0.350746, acc: 100%] [G loss: 0.338689]
[Epoch 240/401] [Batch 0/1] [D loss: 0.351481, acc: 100%] [G loss: 0.339457]
[Epoch 241/401] [Batch 0/1] [D loss: 0.350159, acc: 100%] [G loss: 0.338321]
[Epoch 242/401] [Batch 0/1] [D loss: 0.348378, acc: 100%] [G loss: 0.340127]
[Epoch 243/401] [Batch 0/1] [D loss: 0.347818, acc: 100%] [G loss: 0.341921]
[Epoch 244/401] [Batch 0/1] [D loss: 0.347078, acc: 100%] [G loss: 0.343148]
[Epoch 245/401] [Batch 0/1] [D loss: 0.346100, acc: 100%] [G loss: 0.344300]
[Epoch 246/401] [Batch 0/1] [D loss: 0.346231, acc: 100%] [G loss: 0.344202]
[Epoch 247/401] [Batch 0/1] [D loss: 0.346117, acc: 100%] [G loss: 0.346250]
[Epoch 248/401] [Batch 0/1] [D loss: 0.346164, acc: 100%] [G loss: 0.345865]
[Epoch 249/401] [Batch 0/1] [D loss: 0.344872, acc: 100%] [G loss: 0.346547]
[Epoch 250/401] [Batch 0/1] [D loss: 0.344991, acc: 100%] [G loss: 0.346625]
[Epoch 251/401] [Batch 0/1] [D loss: 0.345283, acc: 100%] [G loss: 0.346638]
[Epoch 252/401] [Batch 0/1] [D loss: 0.345347, acc: 100%] [G loss: 0.346474]
[Epoch 253/401] [Batch 0/1] [D loss: 0.344389, acc: 100%] [G loss: 0.346144]
[Epoch 254/401] [Batch 0/1] [D loss: 0.345496, acc: 100%] [G loss: 0.344861]
[Epoch 255/401] [Batch 0/1] [D loss: 0.346198, acc: 100%] [G loss: 0.343937]
[Epoch 256/401] [Batch 0/1] [D loss: 0.348125, acc: 100%] [G loss: 0.341500]
[Epoch 257/401] [Batch 0/1] [D loss: 0.348379, acc: 100%] [G loss: 0.342003]
[Epoch 258/401] [Batch 0/1] [D loss: 0.348580, acc: 100%] [G loss: 0.340143]
[Epoch 259/401] [Batch 0/1] [D loss: 0.349832, acc: 100%] [G loss: 0.341235]
[Epoch 260/401] [Batch 0/1] [D loss: 0.350230, acc: 100%] [G loss: 0.342806]
[Epoch 261/401] [Batch 0/1] [D loss: 0.349247, acc: 100%] [G loss: 0.343716]
[Epoch 262/401] [Batch 0/1] [D loss: 0.348622, acc: 100%] [G loss: 0.344957]
[Epoch 263/401] [Batch 0/1] [D loss: 0.347780, acc: 100%] [G loss: 0.347697]
[Epoch 264/401] [Batch 0/1] [D loss: 0.347060, acc: 100%] [G loss: 0.350016]
[Epoch 265/401] [Batch 0/1] [D loss: 0.347147, acc: 100%] [G loss: 0.349048]
[Epoch 266/401] [Batch 0/1] [D loss: 0.345960, acc: 100%] [G loss: 0.350826]
[Epoch 267/401] [Batch 0/1] [D loss: 0.345530, acc: 100%] [G loss: 0.354594]
[Epoch 268/401] [Batch 0/1] [D loss: 0.345550, acc: 100%] [G loss: 0.353786]
[Epoch 269/401] [Batch 0/1] [D loss: 0.345281, acc: 100%] [G loss: 0.353894]
[Epoch 270/401] [Batch 0/1] [D loss: 0.344855, acc: 100%] [G loss: 0.354232]
[Epoch 271/401] [Batch 0/1] [D loss: 0.344664, acc: 100%] [G loss: 0.353516]
[Epoch 272/401] [Batch 0/1] [D loss: 0.344752, acc: 100%] [G loss: 0.353348]
[Epoch 273/401] [Batch 0/1] [D loss: 0.345726, acc: 100%] [G loss: 0.351245]
[Epoch 274/401] [Batch 0/1] [D loss: 0.345782, acc: 100%] [G loss: 0.350678]
[Epoch 275/401] [Batch 0/1] [D loss: 0.345216, acc: 100%] [G loss: 0.349619]
[Epoch 276/401] [Batch 0/1] [D loss: 0.345107, acc: 100%] [G loss: 0.350181]
[Epoch 277/401] [Batch 0/1] [D loss: 0.345936, acc: 100%] [G loss: 0.349990]
[Epoch 278/401] [Batch 0/1] [D loss: 0.346260, acc: 100%] [G loss: 0.348616]
[Epoch 279/401] [Batch 0/1] [D loss: 0.346925, acc: 100%] [G loss: 0.347867]
[Epoch 280/401] [Batch 0/1] [D loss: 0.346093, acc: 100%] [G loss: 0.348413]
[Epoch 281/401] [Batch 0/1] [D loss: 0.346530, acc: 100%] [G loss: 0.347493]
[Epoch 282/401] [Batch 0/1] [D loss: 0.346419, acc: 100%] [G loss: 0.347151]
[Epoch 283/401] [Batch 0/1] [D loss: 0.346494, acc: 100%] [G loss: 0.347969]
[Epoch 284/401] [Batch 0/1] [D loss: 0.346995, acc: 100%] [G loss: 0.347982]
[Epoch 285/401] [Batch 0/1] [D loss: 0.347922, acc: 100%] [G loss: 0.347830]
[Epoch 286/401] [Batch 0/1] [D loss: 0.346714, acc: 100%] [G loss: 0.347028]
[Epoch 287/401] [Batch 0/1] [D loss: 0.346584, acc: 100%] [G loss: 0.345943]
[Epoch 288/401] [Batch 0/1] [D loss: 0.347140, acc: 100%] [G loss: 0.346880]
[Epoch 289/401] [Batch 0/1] [D loss: 0.346232, acc: 100%] [G loss: 0.345506]
[Epoch 290/401] [Batch 0/1] [D loss: 0.347045, acc: 100%] [G loss: 0.346491]
[Epoch 291/401] [Batch 0/1] [D loss: 0.346032, acc: 100%] [G loss: 0.345713]
[Epoch 292/401] [Batch 0/1] [D loss: 0.345945, acc: 100%] [G loss: 0.345751]
[Epoch 293/401] [Batch 0/1] [D loss: 0.346253, acc: 100%] [G loss: 0.344979]
[Epoch 294/401] [Batch 0/1] [D loss: 0.346829, acc: 100%] [G loss: 0.345210]
[Epoch 295/401] [Batch 0/1] [D loss: 0.345876, acc: 100%] [G loss: 0.344429]
[Epoch 296/401] [Batch 0/1] [D loss: 0.346816, acc: 100%] [G loss: 0.343753]
[Epoch 297/401] [Batch 0/1] [D loss: 0.346818, acc: 100%] [G loss: 0.344678]
[Epoch 298/401] [Batch 0/1] [D loss: 0.346381, acc: 100%] [G loss: 0.344542]
[Epoch 299/401] [Batch 0/1] [D loss: 0.347000, acc: 100%] [G loss: 0.345503]
[Epoch 300/401] [Batch 0/1] [D loss: 0.345981, acc: 100%] [G loss: 0.344058]
[Epoch 301/401] [Batch 0/1] [D loss: 0.345940, acc: 100%] [G loss: 0.346927]
[Epoch 302/401] [Batch 0/1] [D loss: 0.346172, acc: 100%] [G loss: 0.344694]
[Epoch 303/401] [Batch 0/1] [D loss: 0.345861, acc: 100%] [G loss: 0.345325]
[Epoch 304/401] [Batch 0/1] [D loss: 0.345445, acc: 100%] [G loss: 0.345774]
[Epoch 305/401] [Batch 0/1] [D loss: 0.346618, acc: 100%] [G loss: 0.345445]
[Epoch 306/401] [Batch 0/1] [D loss: 0.347047, acc: 100%] [G loss: 0.345243]
[Epoch 307/401] [Batch 0/1] [D loss: 0.347039, acc: 100%] [G loss: 0.345189]
[Epoch 308/401] [Batch 0/1] [D loss: 0.346864, acc: 100%] [G loss: 0.345219]
[Epoch 309/401] [Batch 0/1] [D loss: 0.345852, acc: 100%] [G loss: 0.345415]
[Epoch 310/401] [Batch 0/1] [D loss: 0.347040, acc: 100%] [G loss: 0.347109]
[Epoch 311/401] [Batch 0/1] [D loss: 0.346070, acc: 100%] [G loss: 0.346250]
[Epoch 312/401] [Batch 0/1] [D loss: 0.347473, acc: 100%] [G loss: 0.346985]
[Epoch 313/401] [Batch 0/1] [D loss: 0.346835, acc: 100%] [G loss: 0.345046]
[Epoch 314/401] [Batch 0/1] [D loss: 0.346431, acc: 100%] [G loss: 0.345823]
[Epoch 315/401] [Batch 0/1] [D loss: 0.347144, acc: 100%] [G loss: 0.346126]
[Epoch 316/401] [Batch 0/1] [D loss: 0.346248, acc: 100%] [G loss: 0.347511]
[Epoch 317/401] [Batch 0/1] [D loss: 0.346482, acc: 100%] [G loss: 0.347453]
[Epoch 318/401] [Batch 0/1] [D loss: 0.345769, acc: 100%] [G loss: 0.348363]
[Epoch 319/401] [Batch 0/1] [D loss: 0.345875, acc: 100%] [G loss: 0.348938]
[Epoch 320/401] [Batch 0/1] [D loss: 0.346069, acc: 100%] [G loss: 0.349920]
[Epoch 321/401] [Batch 0/1] [D loss: 0.345224, acc: 100%] [G loss: 0.348835]
[Epoch 322/401] [Batch 0/1] [D loss: 0.345617, acc: 100%] [G loss: 0.350414]
[Epoch 323/401] [Batch 0/1] [D loss: 0.344716, acc: 100%] [G loss: 0.351168]
[Epoch 324/401] [Batch 0/1] [D loss: 0.345687, acc: 100%] [G loss: 0.350755]
[Epoch 325/401] [Batch 0/1] [D loss: 0.344898, acc: 100%] [G loss: 0.351957]
[Epoch 326/401] [Batch 0/1] [D loss: 0.344839, acc: 100%] [G loss: 0.353208]
[Epoch 327/401] [Batch 0/1] [D loss: 0.344979, acc: 100%] [G loss: 0.353979]
[Epoch 328/401] [Batch 0/1] [D loss: 0.345906, acc: 100%] [G loss: 0.353446]
[Epoch 329/401] [Batch 0/1] [D loss: 0.345018, acc: 100%] [G loss: 0.351866]
[Epoch 330/401] [Batch 0/1] [D loss: 0.345589, acc: 100%] [G loss: 0.352008]
[Epoch 331/401] [Batch 0/1] [D loss: 0.344960, acc: 100%] [G loss: 0.352621]
[Epoch 332/401] [Batch 0/1] [D loss: 0.344607, acc: 100%] [G loss: 0.349441]
[Epoch 333/401] [Batch 0/1] [D loss: 0.344748, acc: 100%] [G loss: 0.348779]
[Epoch 334/401] [Batch 0/1] [D loss: 0.345321, acc: 100%] [G loss: 0.348683]
[Epoch 335/401] [Batch 0/1] [D loss: 0.345570, acc: 100%] [G loss: 0.348213]
[Epoch 336/401] [Batch 0/1] [D loss: 0.344736, acc: 100%] [G loss: 0.347237]
[Epoch 337/401] [Batch 0/1] [D loss: 0.345412, acc: 100%] [G loss: 0.348267]
[Epoch 338/401] [Batch 0/1] [D loss: 0.345422, acc: 100%] [G loss: 0.349652]
[Epoch 339/401] [Batch 0/1] [D loss: 0.344627, acc: 100%] [G loss: 0.346837]
[Epoch 340/401] [Batch 0/1] [D loss: 0.343983, acc: 100%] [G loss: 0.346987]
[Epoch 341/401] [Batch 0/1] [D loss: 0.345177, acc: 100%] [G loss: 0.347558]
[Epoch 342/401] [Batch 0/1] [D loss: 0.343851, acc: 100%] [G loss: 0.348142]
[Epoch 343/401] [Batch 0/1] [D loss: 0.343328, acc: 100%] [G loss: 0.347301]
[Epoch 344/401] [Batch 0/1] [D loss: 0.343253, acc: 100%] [G loss: 0.347685]
[Epoch 345/401] [Batch 0/1] [D loss: 0.341776, acc: 100%] [G loss: 0.345393]
[Epoch 346/401] [Batch 0/1] [D loss: 0.342413, acc: 100%] [G loss: 0.343672]
[Epoch 347/401] [Batch 0/1] [D loss: 0.343616, acc: 100%] [G loss: 0.342970]
[Epoch 348/401] [Batch 0/1] [D loss: 0.344333, acc: 100%] [G loss: 0.338326]
[Epoch 349/401] [Batch 0/1] [D loss: 0.348334, acc: 100%] [G loss: 0.330275]
[Epoch 350/401] [Batch 0/1] [D loss: 0.352873, acc: 100%] [G loss: 0.330268]
[Epoch 351/401] [Batch 0/1] [D loss: 0.354327, acc: 100%] [G loss: 0.327553]
[Epoch 352/401] [Batch 0/1] [D loss: 0.349326, acc: 100%] [G loss: 0.345822]
[Epoch 353/401] [Batch 0/1] [D loss: 0.345986, acc: 100%] [G loss: 0.355613]
[Epoch 354/401] [Batch 0/1] [D loss: 0.341216, acc: 100%] [G loss: 0.366166]
[Epoch 355/401] [Batch 0/1] [D loss: 0.341562, acc: 100%] [G loss: 0.376452]
[Epoch 356/401] [Batch 0/1] [D loss: 0.335922, acc: 100%] [G loss: 0.380291]
[Epoch 357/401] [Batch 0/1] [D loss: 0.335546, acc: 100%] [G loss: 0.380946]
[Epoch 358/401] [Batch 0/1] [D loss: 0.331627, acc: 100%] [G loss: 0.385351]
[Epoch 359/401] [Batch 0/1] [D loss: 0.332386, acc: 100%] [G loss: 0.391434]
[Epoch 360/401] [Batch 0/1] [D loss: 0.342529, acc: 100%] [G loss: 0.377044]
[Epoch 361/401] [Batch 0/1] [D loss: 0.347669, acc: 100%] [G loss: 0.356929]
[Epoch 362/401] [Batch 0/1] [D loss: 0.351447, acc: 100%] [G loss: 0.342387]
[Epoch 363/401] [Batch 0/1] [D loss: 0.350986, acc: 100%] [G loss: 0.333464]
[Epoch 364/401] [Batch 0/1] [D loss: 0.350975, acc: 100%] [G loss: 0.328360]
[Epoch 365/401] [Batch 0/1] [D loss: 0.348759, acc: 100%] [G loss: 0.329829]
[Epoch 366/401] [Batch 0/1] [D loss: 0.347248, acc: 100%] [G loss: 0.329606]
[Epoch 367/401] [Batch 0/1] [D loss: 0.345037, acc: 100%] [G loss: 0.333550]
[Epoch 368/401] [Batch 0/1] [D loss: 0.345297, acc: 100%] [G loss: 0.336695]
[Epoch 369/401] [Batch 0/1] [D loss: 0.342889, acc: 100%] [G loss: 0.338406]
[Epoch 370/401] [Batch 0/1] [D loss: 0.340924, acc: 100%] [G loss: 0.340728]
[Epoch 371/401] [Batch 0/1] [D loss: 0.341098, acc: 100%] [G loss: 0.342856]
[Epoch 372/401] [Batch 0/1] [D loss: 0.340525, acc: 100%] [G loss: 0.341652]
[Epoch 373/401] [Batch 0/1] [D loss: 0.339467, acc: 100%] [G loss: 0.344246]
[Epoch 374/401] [Batch 0/1] [D loss: 0.340119, acc: 100%] [G loss: 0.344395]
[Epoch 375/401] [Batch 0/1] [D loss: 0.342060, acc: 100%] [G loss: 0.340422]
[Epoch 376/401] [Batch 0/1] [D loss: 0.344773, acc: 100%] [G loss: 0.336558]
[Epoch 377/401] [Batch 0/1] [D loss: 0.339907, acc: 100%] [G loss: 0.336015]
[Epoch 378/401] [Batch 0/1] [D loss: 0.343742, acc: 100%] [G loss: 0.333013]
[Epoch 379/401] [Batch 0/1] [D loss: 0.345377, acc: 100%] [G loss: 0.337503]
[Epoch 380/401] [Batch 0/1] [D loss: 0.347438, acc: 100%] [G loss: 0.331137]
[Epoch 381/401] [Batch 0/1] [D loss: 0.349916, acc: 100%] [G loss: 0.328923]
[Epoch 382/401] [Batch 0/1] [D loss: 0.351883, acc: 100%] [G loss: 0.336843]
[Epoch 383/401] [Batch 0/1] [D loss: 0.352041, acc: 100%] [G loss: 0.346320]
[Epoch 384/401] [Batch 0/1] [D loss: 0.349689, acc: 100%] [G loss: 0.350138]
[Epoch 385/401] [Batch 0/1] [D loss: 0.347939, acc: 100%] [G loss: 0.360903]
[Epoch 386/401] [Batch 0/1] [D loss: 0.343930, acc: 100%] [G loss: 0.370031]
[Epoch 387/401] [Batch 0/1] [D loss: 0.343271, acc: 100%] [G loss: 0.367111]
[Epoch 388/401] [Batch 0/1] [D loss: 0.345051, acc: 100%] [G loss: 0.367093]
[Epoch 389/401] [Batch 0/1] [D loss: 0.344097, acc: 100%] [G loss: 0.365041]
[Epoch 390/401] [Batch 0/1] [D loss: 0.344696, acc: 100%] [G loss: 0.362671]
[Epoch 391/401] [Batch 0/1] [D loss: 0.345101, acc: 100%] [G loss: 0.358636]
[Epoch 392/401] [Batch 0/1] [D loss: 0.344956, acc: 100%] [G loss: 0.354300]
[Epoch 393/401] [Batch 0/1] [D loss: 0.345313, acc: 100%] [G loss: 0.350892]
[Epoch 394/401] [Batch 0/1] [D loss: 0.343701, acc: 100%] [G loss: 0.351796]
[Epoch 395/401] [Batch 0/1] [D loss: 0.343751, acc: 100%] [G loss: 0.346642]
[Epoch 396/401] [Batch 0/1] [D loss: 0.344148, acc: 100%] [G loss: 0.350370]
[Epoch 397/401] [Batch 0/1] [D loss: 0.344597, acc: 100%] [G loss: 0.345998]
[Epoch 398/401] [Batch 0/1] [D loss: 0.344383, acc: 100%] [G loss: 0.344445]
[Epoch 399/401] [Batch 0/1] [D loss: 0.342078, acc: 100%] [G loss: 0.345917]
[Epoch 400/401] [Batch 0/1] [D loss: 0.343930, acc: 100%] [G loss: 0.346814]
