Namespace(b1=0.5, b2=0.999, batch_size=64, channels=3, img_size=256, latent_dim=100, lr=0.0002, n_classes=1, n_cpu=8, n_epochs=401, sample_interval=10)
48
/usr/local/lib/python3.6/dist-packages/torch/nn/modules/container.py:100: UserWarning: Implicit dimension choice for softmax has been deprecated. Change the call to include dim=X as an argument.
  input = module(input)
[Epoch 0/401] [Batch 0/1] [D loss: 0.346578, acc: 100%] [G loss: 0.346442]
[Epoch 1/401] [Batch 0/1] [D loss: 0.346593, acc: 100%] [G loss: 0.346738]
[Epoch 2/401] [Batch 0/1] [D loss: 0.346561, acc: 100%] [G loss: 0.346528]
[Epoch 3/401] [Batch 0/1] [D loss: 0.346568, acc: 100%] [G loss: 0.346526]
[Epoch 4/401] [Batch 0/1] [D loss: 0.346541, acc: 100%] [G loss: 0.346662]
[Epoch 5/401] [Batch 0/1] [D loss: 0.346562, acc: 100%] [G loss: 0.346394]
[Epoch 6/401] [Batch 0/1] [D loss: 0.346528, acc: 100%] [G loss: 0.346723]
[Epoch 7/401] [Batch 0/1] [D loss: 0.346492, acc: 100%] [G loss: 0.346784]
[Epoch 8/401] [Batch 0/1] [D loss: 0.346461, acc: 100%] [G loss: 0.346592]
[Epoch 9/401] [Batch 0/1] [D loss: 0.346368, acc: 100%] [G loss: 0.346737]
[Epoch 10/401] [Batch 0/1] [D loss: 0.346319, acc: 100%] [G loss: 0.347000]
[Epoch 11/401] [Batch 0/1] [D loss: 0.346113, acc: 100%] [G loss: 0.346733]
[Epoch 12/401] [Batch 0/1] [D loss: 0.345965, acc: 100%] [G loss: 0.347021]
[Epoch 13/401] [Batch 0/1] [D loss: 0.345863, acc: 100%] [G loss: 0.346963]
[Epoch 14/401] [Batch 0/1] [D loss: 0.345780, acc: 100%] [G loss: 0.346841]
[Epoch 15/401] [Batch 0/1] [D loss: 0.345493, acc: 100%] [G loss: 0.347449]
[Epoch 16/401] [Batch 0/1] [D loss: 0.347144, acc: 100%] [G loss: 0.343282]
[Epoch 17/401] [Batch 0/1] [D loss: 0.348522, acc: 100%] [G loss: 0.341874]
[Epoch 18/401] [Batch 0/1] [D loss: 0.347345, acc: 100%] [G loss: 0.345087]
[Epoch 19/401] [Batch 0/1] [D loss: 0.347697, acc: 100%] [G loss: 0.346496]
[Epoch 20/401] [Batch 0/1] [D loss: 0.349193, acc: 100%] [G loss: 0.346048]
[Epoch 21/401] [Batch 0/1] [D loss: 0.347359, acc: 100%] [G loss: 0.349403]
[Epoch 22/401] [Batch 0/1] [D loss: 0.346814, acc: 100%] [G loss: 0.349570]
[Epoch 23/401] [Batch 0/1] [D loss: 0.347112, acc: 100%] [G loss: 0.348402]
[Epoch 24/401] [Batch 0/1] [D loss: 0.346097, acc: 100%] [G loss: 0.349793]
[Epoch 25/401] [Batch 0/1] [D loss: 0.345898, acc: 100%] [G loss: 0.349031]
[Epoch 26/401] [Batch 0/1] [D loss: 0.344890, acc: 100%] [G loss: 0.351601]
[Epoch 27/401] [Batch 0/1] [D loss: 0.344071, acc: 100%] [G loss: 0.352284]
[Epoch 28/401] [Batch 0/1] [D loss: 0.341032, acc: 100%] [G loss: 0.359559]
[Epoch 29/401] [Batch 0/1] [D loss: 0.345065, acc: 100%] [G loss: 0.354715]
[Epoch 30/401] [Batch 0/1] [D loss: 0.345703, acc: 100%] [G loss: 0.352895]
[Epoch 31/401] [Batch 0/1] [D loss: 0.345628, acc: 100%] [G loss: 0.356641]
[Epoch 32/401] [Batch 0/1] [D loss: 0.351708, acc: 100%] [G loss: 0.341427]
[Epoch 33/401] [Batch 0/1] [D loss: 0.348667, acc: 100%] [G loss: 0.345578]
[Epoch 34/401] [Batch 0/1] [D loss: 0.346366, acc: 100%] [G loss: 0.348867]
[Epoch 35/401] [Batch 0/1] [D loss: 0.348774, acc: 100%] [G loss: 0.342411]
[Epoch 36/401] [Batch 0/1] [D loss: 0.350025, acc: 100%] [G loss: 0.338817]
[Epoch 37/401] [Batch 0/1] [D loss: 0.348833, acc: 100%] [G loss: 0.341488]
[Epoch 38/401] [Batch 0/1] [D loss: 0.347136, acc: 100%] [G loss: 0.345151]
[Epoch 39/401] [Batch 0/1] [D loss: 0.347544, acc: 100%] [G loss: 0.344824]
[Epoch 40/401] [Batch 0/1] [D loss: 0.346034, acc: 100%] [G loss: 0.347475]
[Epoch 41/401] [Batch 0/1] [D loss: 0.345657, acc: 100%] [G loss: 0.348119]
[Epoch 42/401] [Batch 0/1] [D loss: 0.345288, acc: 100%] [G loss: 0.348732]
[Epoch 43/401] [Batch 0/1] [D loss: 0.342890, acc: 100%] [G loss: 0.351415]
[Epoch 44/401] [Batch 0/1] [D loss: 0.342635, acc: 100%] [G loss: 0.349793]
[Epoch 45/401] [Batch 0/1] [D loss: 0.341698, acc: 100%] [G loss: 0.354320]
[Epoch 46/401] [Batch 0/1] [D loss: 0.336200, acc: 100%] [G loss: 0.363604]
[Epoch 47/401] [Batch 0/1] [D loss: 0.337718, acc: 100%] [G loss: 0.353520]
[Epoch 48/401] [Batch 0/1] [D loss: 0.340126, acc: 100%] [G loss: 0.346390]
[Epoch 49/401] [Batch 0/1] [D loss: 0.345354, acc: 100%] [G loss: 0.335068]
[Epoch 50/401] [Batch 0/1] [D loss: 0.352794, acc: 100%] [G loss: 0.320286]
[Epoch 51/401] [Batch 0/1] [D loss: 0.354174, acc: 100%] [G loss: 0.325211]
[Epoch 52/401] [Batch 0/1] [D loss: 0.355959, acc: 100%] [G loss: 0.325256]
[Epoch 53/401] [Batch 0/1] [D loss: 0.354853, acc: 100%] [G loss: 0.337109]
[Epoch 54/401] [Batch 0/1] [D loss: 0.351759, acc: 100%] [G loss: 0.350505]
[Epoch 55/401] [Batch 0/1] [D loss: 0.354610, acc: 100%] [G loss: 0.344658]
[Epoch 56/401] [Batch 0/1] [D loss: 0.352407, acc: 100%] [G loss: 0.353430]
[Epoch 57/401] [Batch 0/1] [D loss: 0.347797, acc: 100%] [G loss: 0.363002]
[Epoch 58/401] [Batch 0/1] [D loss: 0.346666, acc: 100%] [G loss: 0.363321]
[Epoch 59/401] [Batch 0/1] [D loss: 0.347880, acc: 100%] [G loss: 0.363054]
[Epoch 60/401] [Batch 0/1] [D loss: 0.343012, acc: 100%] [G loss: 0.365210]
[Epoch 61/401] [Batch 0/1] [D loss: 0.348012, acc: 100%] [G loss: 0.357901]
[Epoch 62/401] [Batch 0/1] [D loss: 0.349634, acc: 100%] [G loss: 0.353898]
[Epoch 63/401] [Batch 0/1] [D loss: 0.345876, acc: 100%] [G loss: 0.360346]
[Epoch 64/401] [Batch 0/1] [D loss: 0.344628, acc: 100%] [G loss: 0.359853]
[Epoch 65/401] [Batch 0/1] [D loss: 0.344560, acc: 100%] [G loss: 0.362308]
[Epoch 66/401] [Batch 0/1] [D loss: 0.337312, acc: 100%] [G loss: 0.371125]
[Epoch 67/401] [Batch 0/1] [D loss: 0.340686, acc: 100%] [G loss: 0.366628]
[Epoch 68/401] [Batch 0/1] [D loss: 0.335217, acc: 100%] [G loss: 0.376958]
[Epoch 69/401] [Batch 0/1] [D loss: 0.325635, acc: 100%] [G loss: 0.392475]
[Epoch 70/401] [Batch 0/1] [D loss: 0.328300, acc: 100%] [G loss: 0.405836]
[Epoch 71/401] [Batch 0/1] [D loss: 0.324916, acc: 100%] [G loss: 0.405181]
[Epoch 72/401] [Batch 0/1] [D loss: 0.339813, acc: 100%] [G loss: 0.364507]
[Epoch 73/401] [Batch 0/1] [D loss: 0.359335, acc: 100%] [G loss: 0.326406]
[Epoch 74/401] [Batch 0/1] [D loss: 0.358909, acc: 100%] [G loss: 0.308766]
[Epoch 75/401] [Batch 0/1] [D loss: 0.360012, acc: 100%] [G loss: 0.311652]
[Epoch 76/401] [Batch 0/1] [D loss: 0.356509, acc: 100%] [G loss: 0.323730]
[Epoch 77/401] [Batch 0/1] [D loss: 0.360572, acc: 100%] [G loss: 0.307221]
[Epoch 78/401] [Batch 0/1] [D loss: 0.355457, acc: 100%] [G loss: 0.317322]
[Epoch 79/401] [Batch 0/1] [D loss: 0.354916, acc: 100%] [G loss: 0.323353]
[Epoch 80/401] [Batch 0/1] [D loss: 0.351934, acc: 100%] [G loss: 0.329105]
[Epoch 81/401] [Batch 0/1] [D loss: 0.352978, acc: 100%] [G loss: 0.337256]
[Epoch 82/401] [Batch 0/1] [D loss: 0.346022, acc: 100%] [G loss: 0.344785]
[Epoch 83/401] [Batch 0/1] [D loss: 0.345630, acc: 100%] [G loss: 0.348872]
[Epoch 84/401] [Batch 0/1] [D loss: 0.343747, acc: 100%] [G loss: 0.352773]
[Epoch 85/401] [Batch 0/1] [D loss: 0.342145, acc: 100%] [G loss: 0.355424]
[Epoch 86/401] [Batch 0/1] [D loss: 0.340741, acc: 100%] [G loss: 0.361740]
[Epoch 87/401] [Batch 0/1] [D loss: 0.341539, acc: 100%] [G loss: 0.357674]
[Epoch 88/401] [Batch 0/1] [D loss: 0.336377, acc: 100%] [G loss: 0.368496]
[Epoch 89/401] [Batch 0/1] [D loss: 0.339941, acc: 100%] [G loss: 0.372705]
[Epoch 90/401] [Batch 0/1] [D loss: 0.349498, acc: 100%] [G loss: 0.359779]
[Epoch 91/401] [Batch 0/1] [D loss: 0.348544, acc: 100%] [G loss: 0.355824]
[Epoch 92/401] [Batch 0/1] [D loss: 0.356724, acc: 100%] [G loss: 0.334753]
[Epoch 93/401] [Batch 0/1] [D loss: 0.352736, acc: 100%] [G loss: 0.340896]
[Epoch 94/401] [Batch 0/1] [D loss: 0.350526, acc: 100%] [G loss: 0.338425]
[Epoch 95/401] [Batch 0/1] [D loss: 0.346554, acc: 100%] [G loss: 0.345744]
[Epoch 96/401] [Batch 0/1] [D loss: 0.348289, acc: 100%] [G loss: 0.340531]
[Epoch 97/401] [Batch 0/1] [D loss: 0.348077, acc: 100%] [G loss: 0.341281]
[Epoch 98/401] [Batch 0/1] [D loss: 0.347143, acc: 100%] [G loss: 0.340768]
[Epoch 99/401] [Batch 0/1] [D loss: 0.347255, acc: 100%] [G loss: 0.342600]
[Epoch 100/401] [Batch 0/1] [D loss: 0.346647, acc: 100%] [G loss: 0.343937]
[Epoch 101/401] [Batch 0/1] [D loss: 0.346471, acc: 100%] [G loss: 0.345560]
[Epoch 102/401] [Batch 0/1] [D loss: 0.344451, acc: 100%] [G loss: 0.347948]
[Epoch 103/401] [Batch 0/1] [D loss: 0.346203, acc: 100%] [G loss: 0.346556]
[Epoch 104/401] [Batch 0/1] [D loss: 0.345123, acc: 100%] [G loss: 0.349116]
[Epoch 105/401] [Batch 0/1] [D loss: 0.343610, acc: 100%] [G loss: 0.351913]
[Epoch 106/401] [Batch 0/1] [D loss: 0.344188, acc: 100%] [G loss: 0.350721]
[Epoch 107/401] [Batch 0/1] [D loss: 0.346377, acc: 100%] [G loss: 0.348545]
[Epoch 108/401] [Batch 0/1] [D loss: 0.348011, acc: 100%] [G loss: 0.343543]
[Epoch 109/401] [Batch 0/1] [D loss: 0.346283, acc: 100%] [G loss: 0.347989]
[Epoch 110/401] [Batch 0/1] [D loss: 0.347819, acc: 100%] [G loss: 0.345025]
[Epoch 111/401] [Batch 0/1] [D loss: 0.347911, acc: 100%] [G loss: 0.346484]
[Epoch 112/401] [Batch 0/1] [D loss: 0.349130, acc: 100%] [G loss: 0.343261]
[Epoch 113/401] [Batch 0/1] [D loss: 0.348363, acc: 100%] [G loss: 0.345977]
[Epoch 114/401] [Batch 0/1] [D loss: 0.348250, acc: 100%] [G loss: 0.343070]
[Epoch 115/401] [Batch 0/1] [D loss: 0.347938, acc: 100%] [G loss: 0.343372]
[Epoch 116/401] [Batch 0/1] [D loss: 0.346368, acc: 100%] [G loss: 0.346070]
[Epoch 117/401] [Batch 0/1] [D loss: 0.346189, acc: 100%] [G loss: 0.345808]
[Epoch 118/401] [Batch 0/1] [D loss: 0.345184, acc: 100%] [G loss: 0.347223]
[Epoch 119/401] [Batch 0/1] [D loss: 0.346031, acc: 100%] [G loss: 0.348038]
[Epoch 120/401] [Batch 0/1] [D loss: 0.345251, acc: 100%] [G loss: 0.348587]
[Epoch 121/401] [Batch 0/1] [D loss: 0.345729, acc: 100%] [G loss: 0.348360]
[Epoch 122/401] [Batch 0/1] [D loss: 0.344769, acc: 100%] [G loss: 0.348859]
[Epoch 123/401] [Batch 0/1] [D loss: 0.345450, acc: 100%] [G loss: 0.349169]
[Epoch 124/401] [Batch 0/1] [D loss: 0.345175, acc: 100%] [G loss: 0.348532]
[Epoch 125/401] [Batch 0/1] [D loss: 0.345685, acc: 100%] [G loss: 0.347123]
[Epoch 126/401] [Batch 0/1] [D loss: 0.344932, acc: 100%] [G loss: 0.349893]
[Epoch 127/401] [Batch 0/1] [D loss: 0.345347, acc: 100%] [G loss: 0.348013]
[Epoch 128/401] [Batch 0/1] [D loss: 0.346130, acc: 100%] [G loss: 0.348882]
[Epoch 129/401] [Batch 0/1] [D loss: 0.345031, acc: 100%] [G loss: 0.348067]
[Epoch 130/401] [Batch 0/1] [D loss: 0.346385, acc: 100%] [G loss: 0.347163]
[Epoch 131/401] [Batch 0/1] [D loss: 0.346173, acc: 100%] [G loss: 0.349173]
[Epoch 132/401] [Batch 0/1] [D loss: 0.347912, acc: 100%] [G loss: 0.346549]
[Epoch 133/401] [Batch 0/1] [D loss: 0.347171, acc: 100%] [G loss: 0.345639]
[Epoch 134/401] [Batch 0/1] [D loss: 0.346589, acc: 100%] [G loss: 0.347004]
[Epoch 135/401] [Batch 0/1] [D loss: 0.348013, acc: 100%] [G loss: 0.344405]
[Epoch 136/401] [Batch 0/1] [D loss: 0.346724, acc: 100%] [G loss: 0.344623]
[Epoch 137/401] [Batch 0/1] [D loss: 0.347289, acc: 100%] [G loss: 0.345708]
[Epoch 138/401] [Batch 0/1] [D loss: 0.345761, acc: 100%] [G loss: 0.347119]
[Epoch 139/401] [Batch 0/1] [D loss: 0.345380, acc: 100%] [G loss: 0.347182]
[Epoch 140/401] [Batch 0/1] [D loss: 0.345920, acc: 100%] [G loss: 0.343750]
[Epoch 141/401] [Batch 0/1] [D loss: 0.345424, acc: 100%] [G loss: 0.344250]
[Epoch 142/401] [Batch 0/1] [D loss: 0.346165, acc: 100%] [G loss: 0.345397]
[Epoch 143/401] [Batch 0/1] [D loss: 0.345935, acc: 100%] [G loss: 0.346219]
[Epoch 144/401] [Batch 0/1] [D loss: 0.344186, acc: 100%] [G loss: 0.345663]
[Epoch 145/401] [Batch 0/1] [D loss: 0.344534, acc: 100%] [G loss: 0.345215]
[Epoch 146/401] [Batch 0/1] [D loss: 0.346690, acc: 100%] [G loss: 0.344009]
[Epoch 147/401] [Batch 0/1] [D loss: 0.345426, acc: 100%] [G loss: 0.344256]
[Epoch 148/401] [Batch 0/1] [D loss: 0.345283, acc: 100%] [G loss: 0.343196]
[Epoch 149/401] [Batch 0/1] [D loss: 0.345222, acc: 100%] [G loss: 0.343886]
[Epoch 150/401] [Batch 0/1] [D loss: 0.346404, acc: 100%] [G loss: 0.344635]
[Epoch 151/401] [Batch 0/1] [D loss: 0.347496, acc: 100%] [G loss: 0.342688]
[Epoch 152/401] [Batch 0/1] [D loss: 0.347324, acc: 100%] [G loss: 0.343866]
[Epoch 153/401] [Batch 0/1] [D loss: 0.346240, acc: 100%] [G loss: 0.345878]
[Epoch 154/401] [Batch 0/1] [D loss: 0.344989, acc: 100%] [G loss: 0.347012]
[Epoch 155/401] [Batch 0/1] [D loss: 0.346463, acc: 100%] [G loss: 0.345113]
[Epoch 156/401] [Batch 0/1] [D loss: 0.347504, acc: 100%] [G loss: 0.345482]
[Epoch 157/401] [Batch 0/1] [D loss: 0.345670, acc: 100%] [G loss: 0.348552]
[Epoch 158/401] [Batch 0/1] [D loss: 0.346379, acc: 100%] [G loss: 0.349249]
[Epoch 159/401] [Batch 0/1] [D loss: 0.345440, acc: 100%] [G loss: 0.347825]
[Epoch 160/401] [Batch 0/1] [D loss: 0.345095, acc: 100%] [G loss: 0.349705]
[Epoch 161/401] [Batch 0/1] [D loss: 0.346266, acc: 100%] [G loss: 0.351666]
[Epoch 162/401] [Batch 0/1] [D loss: 0.344935, acc: 100%] [G loss: 0.353287]
[Epoch 163/401] [Batch 0/1] [D loss: 0.344613, acc: 100%] [G loss: 0.355517]
[Epoch 164/401] [Batch 0/1] [D loss: 0.343128, acc: 100%] [G loss: 0.359877]
[Epoch 165/401] [Batch 0/1] [D loss: 0.344696, acc: 100%] [G loss: 0.359048]
[Epoch 166/401] [Batch 0/1] [D loss: 0.344582, acc: 100%] [G loss: 0.359075]
[Epoch 167/401] [Batch 0/1] [D loss: 0.345202, acc: 100%] [G loss: 0.357803]
[Epoch 168/401] [Batch 0/1] [D loss: 0.345986, acc: 100%] [G loss: 0.353800]
[Epoch 169/401] [Batch 0/1] [D loss: 0.346230, acc: 100%] [G loss: 0.350091]
[Epoch 170/401] [Batch 0/1] [D loss: 0.347426, acc: 100%] [G loss: 0.348080]
[Epoch 171/401] [Batch 0/1] [D loss: 0.348057, acc: 100%] [G loss: 0.343808]
[Epoch 172/401] [Batch 0/1] [D loss: 0.345261, acc: 100%] [G loss: 0.344567]
[Epoch 173/401] [Batch 0/1] [D loss: 0.346680, acc: 100%] [G loss: 0.342772]
[Epoch 174/401] [Batch 0/1] [D loss: 0.346662, acc: 100%] [G loss: 0.342270]
[Epoch 175/401] [Batch 0/1] [D loss: 0.343500, acc: 100%] [G loss: 0.343189]
[Epoch 176/401] [Batch 0/1] [D loss: 0.342512, acc: 100%] [G loss: 0.343548]
[Epoch 177/401] [Batch 0/1] [D loss: 0.341382, acc: 100%] [G loss: 0.345065]
[Epoch 178/401] [Batch 0/1] [D loss: 0.338894, acc: 100%] [G loss: 0.345985]
[Epoch 179/401] [Batch 0/1] [D loss: 0.339305, acc: 100%] [G loss: 0.343946]
[Epoch 180/401] [Batch 0/1] [D loss: 0.337325, acc: 100%] [G loss: 0.347852]
[Epoch 181/401] [Batch 0/1] [D loss: 0.338077, acc: 100%] [G loss: 0.341977]
[Epoch 182/401] [Batch 0/1] [D loss: 0.339629, acc: 100%] [G loss: 0.328234]
[Epoch 183/401] [Batch 0/1] [D loss: 0.346235, acc: 100%] [G loss: 0.316825]
[Epoch 184/401] [Batch 0/1] [D loss: 0.361930, acc: 100%] [G loss: 0.299893]
[Epoch 185/401] [Batch 0/1] [D loss: 0.364482, acc: 100%] [G loss: 0.304600]
[Epoch 186/401] [Batch 0/1] [D loss: 0.362605, acc: 100%] [G loss: 0.340857]
[Epoch 187/401] [Batch 0/1] [D loss: 0.351061, acc: 100%] [G loss: 0.373725]
[Epoch 188/401] [Batch 0/1] [D loss: 0.343503, acc: 100%] [G loss: 0.390844]
[Epoch 189/401] [Batch 0/1] [D loss: 0.338143, acc: 100%] [G loss: 0.392144]
[Epoch 190/401] [Batch 0/1] [D loss: 0.330778, acc: 100%] [G loss: 0.403536]
[Epoch 191/401] [Batch 0/1] [D loss: 0.327751, acc: 100%] [G loss: 0.408804]
[Epoch 192/401] [Batch 0/1] [D loss: 0.318068, acc: 100%] [G loss: 0.419840]
[Epoch 193/401] [Batch 0/1] [D loss: 0.328268, acc: 100%] [G loss: 0.410458]
[Epoch 194/401] [Batch 0/1] [D loss: 0.360258, acc: 100%] [G loss: 0.362262]
[Epoch 195/401] [Batch 0/1] [D loss: 0.361323, acc: 100%] [G loss: 0.328646]
[Epoch 196/401] [Batch 0/1] [D loss: 0.357689, acc: 100%] [G loss: 0.317120]
[Epoch 197/401] [Batch 0/1] [D loss: 0.353355, acc: 100%] [G loss: 0.317971]
[Epoch 198/401] [Batch 0/1] [D loss: 0.350947, acc: 100%] [G loss: 0.313816]
[Epoch 199/401] [Batch 0/1] [D loss: 0.349411, acc: 100%] [G loss: 0.318662]
[Epoch 200/401] [Batch 0/1] [D loss: 0.347653, acc: 100%] [G loss: 0.326755]
[Epoch 201/401] [Batch 0/1] [D loss: 0.345502, acc: 100%] [G loss: 0.331072]
[Epoch 202/401] [Batch 0/1] [D loss: 0.345443, acc: 100%] [G loss: 0.331610]
[Epoch 203/401] [Batch 0/1] [D loss: 0.344595, acc: 100%] [G loss: 0.335137]
[Epoch 204/401] [Batch 0/1] [D loss: 0.343198, acc: 100%] [G loss: 0.338662]
[Epoch 205/401] [Batch 0/1] [D loss: 0.344222, acc: 100%] [G loss: 0.341688]
[Epoch 206/401] [Batch 0/1] [D loss: 0.343753, acc: 100%] [G loss: 0.343074]
[Epoch 207/401] [Batch 0/1] [D loss: 0.342662, acc: 100%] [G loss: 0.345616]
[Epoch 208/401] [Batch 0/1] [D loss: 0.341697, acc: 100%] [G loss: 0.343367]
[Epoch 209/401] [Batch 0/1] [D loss: 0.344198, acc: 100%] [G loss: 0.341947]
[Epoch 210/401] [Batch 0/1] [D loss: 0.344414, acc: 100%] [G loss: 0.340437]
[Epoch 211/401] [Batch 0/1] [D loss: 0.343447, acc: 100%] [G loss: 0.341967]
[Epoch 212/401] [Batch 0/1] [D loss: 0.345369, acc: 100%] [G loss: 0.342646]
[Epoch 213/401] [Batch 0/1] [D loss: 0.347286, acc: 100%] [G loss: 0.340537]
[Epoch 214/401] [Batch 0/1] [D loss: 0.345427, acc: 100%] [G loss: 0.342902]
[Epoch 215/401] [Batch 0/1] [D loss: 0.347621, acc: 100%] [G loss: 0.345323]
[Epoch 216/401] [Batch 0/1] [D loss: 0.346584, acc: 100%] [G loss: 0.351259]
[Epoch 217/401] [Batch 0/1] [D loss: 0.346605, acc: 100%] [G loss: 0.356141]
[Epoch 218/401] [Batch 0/1] [D loss: 0.344431, acc: 100%] [G loss: 0.363908]
[Epoch 219/401] [Batch 0/1] [D loss: 0.342150, acc: 100%] [G loss: 0.363907]
[Epoch 220/401] [Batch 0/1] [D loss: 0.342507, acc: 100%] [G loss: 0.366164]
[Epoch 221/401] [Batch 0/1] [D loss: 0.342202, acc: 100%] [G loss: 0.363835]
[Epoch 222/401] [Batch 0/1] [D loss: 0.340754, acc: 100%] [G loss: 0.364974]
[Epoch 223/401] [Batch 0/1] [D loss: 0.343701, acc: 100%] [G loss: 0.365741]
[Epoch 224/401] [Batch 0/1] [D loss: 0.343267, acc: 100%] [G loss: 0.360149]
[Epoch 225/401] [Batch 0/1] [D loss: 0.341766, acc: 100%] [G loss: 0.352382]
[Epoch 226/401] [Batch 0/1] [D loss: 0.343478, acc: 100%] [G loss: 0.348292]
[Epoch 227/401] [Batch 0/1] [D loss: 0.342783, acc: 100%] [G loss: 0.345813]
[Epoch 228/401] [Batch 0/1] [D loss: 0.340366, acc: 100%] [G loss: 0.340978]
[Epoch 229/401] [Batch 0/1] [D loss: 0.340157, acc: 100%] [G loss: 0.344004]
[Epoch 230/401] [Batch 0/1] [D loss: 0.340891, acc: 100%] [G loss: 0.341673]
[Epoch 231/401] [Batch 0/1] [D loss: 0.342294, acc: 100%] [G loss: 0.338343]
[Epoch 232/401] [Batch 0/1] [D loss: 0.340115, acc: 100%] [G loss: 0.338767]
[Epoch 233/401] [Batch 0/1] [D loss: 0.339993, acc: 100%] [G loss: 0.341872]
[Epoch 234/401] [Batch 0/1] [D loss: 0.338617, acc: 100%] [G loss: 0.339206]
[Epoch 235/401] [Batch 0/1] [D loss: 0.336249, acc: 100%] [G loss: 0.338262]
[Epoch 236/401] [Batch 0/1] [D loss: 0.334020, acc: 100%] [G loss: 0.340244]
[Epoch 237/401] [Batch 0/1] [D loss: 0.334917, acc: 100%] [G loss: 0.334927]
[Epoch 238/401] [Batch 0/1] [D loss: 0.340727, acc: 100%] [G loss: 0.324662]
[Epoch 239/401] [Batch 0/1] [D loss: 0.355926, acc: 100%] [G loss: 0.310202]
[Epoch 240/401] [Batch 0/1] [D loss: 0.347428, acc: 100%] [G loss: 0.349322]
[Epoch 241/401] [Batch 0/1] [D loss: 0.344270, acc: 100%] [G loss: 0.392960]
[Epoch 242/401] [Batch 0/1] [D loss: 0.339492, acc: 100%] [G loss: 0.419606]
[Epoch 243/401] [Batch 0/1] [D loss: 0.330619, acc: 100%] [G loss: 0.448100]
[Epoch 244/401] [Batch 0/1] [D loss: 0.323689, acc: 100%] [G loss: 0.445930]
[Epoch 245/401] [Batch 0/1] [D loss: 0.337476, acc: 100%] [G loss: 0.397220]
[Epoch 246/401] [Batch 0/1] [D loss: 0.334125, acc: 100%] [G loss: 0.384763]
[Epoch 247/401] [Batch 0/1] [D loss: 0.333598, acc: 100%] [G loss: 0.356273]
[Epoch 248/401] [Batch 0/1] [D loss: 0.330362, acc: 100%] [G loss: 0.346263]
[Epoch 249/401] [Batch 0/1] [D loss: 0.327900, acc: 100%] [G loss: 0.335860]
[Epoch 250/401] [Batch 0/1] [D loss: 0.324979, acc: 100%] [G loss: 0.322758]
[Epoch 251/401] [Batch 0/1] [D loss: 0.325411, acc: 100%] [G loss: 0.322876]
[Epoch 252/401] [Batch 0/1] [D loss: 0.319094, acc: 100%] [G loss: 0.319768]
[Epoch 253/401] [Batch 0/1] [D loss: 0.333522, acc: 100%] [G loss: 0.298570]
[Epoch 254/401] [Batch 0/1] [D loss: 0.342335, acc: 100%] [G loss: 0.295515]
[Epoch 255/401] [Batch 0/1] [D loss: 0.348521, acc: 100%] [G loss: 0.283035]
[Epoch 256/401] [Batch 0/1] [D loss: 0.341303, acc: 100%] [G loss: 0.338018]
[Epoch 257/401] [Batch 0/1] [D loss: 0.338818, acc: 100%] [G loss: 0.384617]
[Epoch 258/401] [Batch 0/1] [D loss: 0.328816, acc: 100%] [G loss: 0.434991]
[Epoch 259/401] [Batch 0/1] [D loss: 0.330128, acc: 100%] [G loss: 0.443267]
[Epoch 260/401] [Batch 0/1] [D loss: 0.334724, acc: 100%] [G loss: 0.401030]
[Epoch 261/401] [Batch 0/1] [D loss: 0.346644, acc: 100%] [G loss: 0.367200]
[Epoch 262/401] [Batch 0/1] [D loss: 0.339250, acc: 100%] [G loss: 0.358294]
[Epoch 263/401] [Batch 0/1] [D loss: 0.337061, acc: 100%] [G loss: 0.346022]
[Epoch 264/401] [Batch 0/1] [D loss: 0.337908, acc: 100%] [G loss: 0.335235]
[Epoch 265/401] [Batch 0/1] [D loss: 0.334644, acc: 100%] [G loss: 0.329375]
[Epoch 266/401] [Batch 0/1] [D loss: 0.328603, acc: 100%] [G loss: 0.345369]
[Epoch 267/401] [Batch 0/1] [D loss: 0.330260, acc: 100%] [G loss: 0.353220]
[Epoch 268/401] [Batch 0/1] [D loss: 0.338360, acc: 100%] [G loss: 0.354037]
[Epoch 269/401] [Batch 0/1] [D loss: 0.334992, acc: 100%] [G loss: 0.354703]
[Epoch 270/401] [Batch 0/1] [D loss: 0.335445, acc: 100%] [G loss: 0.361058]
[Epoch 271/401] [Batch 0/1] [D loss: 0.329219, acc: 100%] [G loss: 0.364127]
[Epoch 272/401] [Batch 0/1] [D loss: 0.328292, acc: 100%] [G loss: 0.365886]
[Epoch 273/401] [Batch 0/1] [D loss: 0.325336, acc: 100%] [G loss: 0.374354]
[Epoch 274/401] [Batch 0/1] [D loss: 0.327190, acc: 100%] [G loss: 0.367140]
[Epoch 275/401] [Batch 0/1] [D loss: 0.329973, acc: 100%] [G loss: 0.367862]
[Epoch 276/401] [Batch 0/1] [D loss: 0.330195, acc: 100%] [G loss: 0.367470]
[Epoch 277/401] [Batch 0/1] [D loss: 0.324590, acc: 100%] [G loss: 0.364936]
[Epoch 278/401] [Batch 0/1] [D loss: 0.331663, acc: 100%] [G loss: 0.342391]
[Epoch 279/401] [Batch 0/1] [D loss: 0.325251, acc: 100%] [G loss: 0.328918]
[Epoch 280/401] [Batch 0/1] [D loss: 0.329331, acc: 100%] [G loss: 0.320291]
[Epoch 281/401] [Batch 0/1] [D loss: 0.303898, acc: 100%] [G loss: 0.388621]
[Epoch 282/401] [Batch 0/1] [D loss: 0.293610, acc: 100%] [G loss: 0.452762]
[Epoch 283/401] [Batch 0/1] [D loss: 0.290311, acc: 100%] [G loss: 0.473502]
[Epoch 284/401] [Batch 0/1] [D loss: 0.307296, acc: 100%] [G loss: 0.461473]
[Epoch 285/401] [Batch 0/1] [D loss: 0.324297, acc: 100%] [G loss: 0.428244]
[Epoch 286/401] [Batch 0/1] [D loss: 0.331712, acc: 100%] [G loss: 0.393383]
[Epoch 287/401] [Batch 0/1] [D loss: 0.328084, acc: 100%] [G loss: 0.369687]
[Epoch 288/401] [Batch 0/1] [D loss: 0.325998, acc: 100%] [G loss: 0.356444]
[Epoch 289/401] [Batch 0/1] [D loss: 0.321431, acc: 100%] [G loss: 0.348838]
[Epoch 290/401] [Batch 0/1] [D loss: 0.312900, acc: 100%] [G loss: 0.346891]
[Epoch 291/401] [Batch 0/1] [D loss: 0.316726, acc: 100%] [G loss: 0.325527]
[Epoch 292/401] [Batch 0/1] [D loss: 0.317410, acc: 100%] [G loss: 0.347966]
[Epoch 293/401] [Batch 0/1] [D loss: 0.312353, acc: 100%] [G loss: 0.364691]
[Epoch 294/401] [Batch 0/1] [D loss: 0.311097, acc: 100%] [G loss: 0.400531]
[Epoch 295/401] [Batch 0/1] [D loss: 0.294684, acc: 100%] [G loss: 0.507233]
[Epoch 296/401] [Batch 0/1] [D loss: 0.289464, acc: 100%] [G loss: 0.507493]
[Epoch 297/401] [Batch 0/1] [D loss: 0.293493, acc: 100%] [G loss: 0.543182]
[Epoch 298/401] [Batch 0/1] [D loss: 0.307277, acc: 100%] [G loss: 0.574887]
[Epoch 299/401] [Batch 0/1] [D loss: 0.277766, acc: 100%] [G loss: 0.419859]
[Epoch 300/401] [Batch 0/1] [D loss: 0.276294, acc: 100%] [G loss: 0.396663]
[Epoch 301/401] [Batch 0/1] [D loss: 0.277338, acc: 100%] [G loss: 0.379367]
[Epoch 302/401] [Batch 0/1] [D loss: 0.266458, acc: 100%] [G loss: 0.397909]
[Epoch 303/401] [Batch 0/1] [D loss: 0.260156, acc: 100%] [G loss: 0.418882]
[Epoch 304/401] [Batch 0/1] [D loss: 0.302114, acc: 100%] [G loss: 0.361068]
[Epoch 305/401] [Batch 0/1] [D loss: 0.308983, acc: 100%] [G loss: 0.375675]
[Epoch 306/401] [Batch 0/1] [D loss: 0.296714, acc: 100%] [G loss: 0.403661]
[Epoch 307/401] [Batch 0/1] [D loss: 0.326669, acc: 100%] [G loss: 0.400171]
[Epoch 308/401] [Batch 0/1] [D loss: 0.313736, acc: 100%] [G loss: 0.489771]
[Epoch 309/401] [Batch 0/1] [D loss: 0.294284, acc: 100%] [G loss: 0.526434]
[Epoch 310/401] [Batch 0/1] [D loss: 0.296394, acc: 100%] [G loss: 0.497551]
[Epoch 311/401] [Batch 0/1] [D loss: 0.278375, acc: 100%] [G loss: 0.584688]
[Epoch 312/401] [Batch 0/1] [D loss: 0.277183, acc: 100%] [G loss: 0.546230]
[Epoch 313/401] [Batch 0/1] [D loss: 0.283567, acc: 100%] [G loss: 0.514772]
[Epoch 314/401] [Batch 0/1] [D loss: 0.274930, acc: 100%] [G loss: 0.437279]
[Epoch 315/401] [Batch 0/1] [D loss: 0.275318, acc: 100%] [G loss: 0.386115]
[Epoch 316/401] [Batch 0/1] [D loss: 0.249557, acc: 100%] [G loss: 0.383040]
[Epoch 317/401] [Batch 0/1] [D loss: 0.260135, acc: 100%] [G loss: 0.355587]
[Epoch 318/401] [Batch 0/1] [D loss: 0.274460, acc: 100%] [G loss: 0.364917]
[Epoch 319/401] [Batch 0/1] [D loss: 0.287056, acc: 100%] [G loss: 0.395782]
[Epoch 320/401] [Batch 0/1] [D loss: 0.256915, acc: 100%] [G loss: 0.490067]
[Epoch 321/401] [Batch 0/1] [D loss: 0.262280, acc: 100%] [G loss: 0.545620]
[Epoch 322/401] [Batch 0/1] [D loss: 0.253922, acc: 100%] [G loss: 0.494071]
[Epoch 323/401] [Batch 0/1] [D loss: 0.287504, acc: 100%] [G loss: 0.421056]
[Epoch 324/401] [Batch 0/1] [D loss: 0.273719, acc: 100%] [G loss: 0.436105]
[Epoch 325/401] [Batch 0/1] [D loss: 0.250347, acc: 100%] [G loss: 0.578464]
[Epoch 326/401] [Batch 0/1] [D loss: 0.233123, acc: 100%] [G loss: 0.591849]
[Epoch 327/401] [Batch 0/1] [D loss: 0.248751, acc: 100%] [G loss: 0.535559]
[Epoch 328/401] [Batch 0/1] [D loss: 0.326482, acc: 100%] [G loss: 0.389166]
[Epoch 329/401] [Batch 0/1] [D loss: 0.302241, acc: 100%] [G loss: 0.619404]
[Epoch 330/401] [Batch 0/1] [D loss: 0.287644, acc: 100%] [G loss: 0.641048]
[Epoch 331/401] [Batch 0/1] [D loss: 0.247684, acc: 100%] [G loss: 0.560237]
[Epoch 332/401] [Batch 0/1] [D loss: 0.276017, acc: 100%] [G loss: 0.423114]
[Epoch 333/401] [Batch 0/1] [D loss: 0.268342, acc: 100%] [G loss: 0.377750]
[Epoch 334/401] [Batch 0/1] [D loss: 0.256887, acc: 100%] [G loss: 0.421870]
[Epoch 335/401] [Batch 0/1] [D loss: 0.251674, acc: 100%] [G loss: 0.487023]
[Epoch 336/401] [Batch 0/1] [D loss: 0.274755, acc: 100%] [G loss: 0.573866]
[Epoch 337/401] [Batch 0/1] [D loss: 0.251871, acc: 100%] [G loss: 0.560309]
[Epoch 338/401] [Batch 0/1] [D loss: 0.229980, acc: 100%] [G loss: 0.566696]
[Epoch 339/401] [Batch 0/1] [D loss: 0.247539, acc: 100%] [G loss: 0.463776]
[Epoch 340/401] [Batch 0/1] [D loss: 0.266723, acc: 100%] [G loss: 0.494489]
[Epoch 341/401] [Batch 0/1] [D loss: 0.228805, acc: 100%] [G loss: 0.562316]
[Epoch 342/401] [Batch 0/1] [D loss: 0.264770, acc: 100%] [G loss: 0.559586]
[Epoch 343/401] [Batch 0/1] [D loss: 0.249787, acc: 100%] [G loss: 0.507887]
[Epoch 344/401] [Batch 0/1] [D loss: 0.245218, acc: 100%] [G loss: 0.485508]
[Epoch 345/401] [Batch 0/1] [D loss: 0.304214, acc: 100%] [G loss: 0.528326]
[Epoch 346/401] [Batch 0/1] [D loss: 0.250669, acc: 100%] [G loss: 0.556080]
[Epoch 347/401] [Batch 0/1] [D loss: 0.260751, acc: 100%] [G loss: 0.553575]
[Epoch 348/401] [Batch 0/1] [D loss: 0.202934, acc: 100%] [G loss: 0.660604]
[Epoch 349/401] [Batch 0/1] [D loss: 0.183334, acc: 100%] [G loss: 0.602031]
[Epoch 350/401] [Batch 0/1] [D loss: 0.253342, acc: 100%] [G loss: 0.522672]
[Epoch 351/401] [Batch 0/1] [D loss: 0.216974, acc: 100%] [G loss: 0.789530]
[Epoch 352/401] [Batch 0/1] [D loss: 0.242418, acc: 100%] [G loss: 0.763431]
[Epoch 353/401] [Batch 0/1] [D loss: 0.238823, acc: 100%] [G loss: 0.488577]
[Epoch 354/401] [Batch 0/1] [D loss: 0.262310, acc: 100%] [G loss: 0.412767]
[Epoch 355/401] [Batch 0/1] [D loss: 0.252244, acc: 100%] [G loss: 0.483369]
[Epoch 356/401] [Batch 0/1] [D loss: 0.225343, acc: 100%] [G loss: 0.606463]
[Epoch 357/401] [Batch 0/1] [D loss: 0.221431, acc: 100%] [G loss: 0.658143]
[Epoch 358/401] [Batch 0/1] [D loss: 0.184931, acc: 100%] [G loss: 0.601672]
[Epoch 359/401] [Batch 0/1] [D loss: 0.246207, acc: 100%] [G loss: 0.409997]
[Epoch 360/401] [Batch 0/1] [D loss: 0.209414, acc: 100%] [G loss: 0.474163]
[Epoch 361/401] [Batch 0/1] [D loss: 0.254546, acc: 100%] [G loss: 0.658231]
[Epoch 362/401] [Batch 0/1] [D loss: 0.196205, acc: 100%] [G loss: 0.577221]
[Epoch 363/401] [Batch 0/1] [D loss: 0.202308, acc: 100%] [G loss: 0.619362]
[Epoch 364/401] [Batch 0/1] [D loss: 0.207539, acc: 100%] [G loss: 0.616049]
[Epoch 365/401] [Batch 0/1] [D loss: 0.197255, acc: 100%] [G loss: 0.573261]
[Epoch 366/401] [Batch 0/1] [D loss: 0.212559, acc: 100%] [G loss: 0.540370]
[Epoch 367/401] [Batch 0/1] [D loss: 0.212307, acc: 100%] [G loss: 0.576049]
[Epoch 368/401] [Batch 0/1] [D loss: 0.182813, acc: 100%] [G loss: 0.656693]
[Epoch 369/401] [Batch 0/1] [D loss: 0.230843, acc: 100%] [G loss: 0.761563]
[Epoch 370/401] [Batch 0/1] [D loss: 0.222144, acc: 100%] [G loss: 0.617732]
[Epoch 371/401] [Batch 0/1] [D loss: 0.235440, acc: 100%] [G loss: 0.556093]
[Epoch 372/401] [Batch 0/1] [D loss: 0.195810, acc: 100%] [G loss: 0.791752]
[Epoch 373/401] [Batch 0/1] [D loss: 0.197259, acc: 100%] [G loss: 0.668617]
[Epoch 374/401] [Batch 0/1] [D loss: 0.220619, acc: 100%] [G loss: 0.598490]
[Epoch 375/401] [Batch 0/1] [D loss: 0.188590, acc: 100%] [G loss: 0.729714]
[Epoch 376/401] [Batch 0/1] [D loss: 0.160637, acc: 100%] [G loss: 0.878424]
[Epoch 377/401] [Batch 0/1] [D loss: 0.195593, acc: 100%] [G loss: 0.606326]
[Epoch 378/401] [Batch 0/1] [D loss: 0.204917, acc: 100%] [G loss: 0.724162]
[Epoch 379/401] [Batch 0/1] [D loss: 0.203017, acc: 100%] [G loss: 0.918848]
[Epoch 380/401] [Batch 0/1] [D loss: 0.138581, acc: 100%] [G loss: 0.784276]
[Epoch 381/401] [Batch 0/1] [D loss: 0.176081, acc: 100%] [G loss: 0.636363]
[Epoch 382/401] [Batch 0/1] [D loss: 0.179354, acc: 100%] [G loss: 0.726685]
[Epoch 383/401] [Batch 0/1] [D loss: 0.187927, acc: 100%] [G loss: 0.741149]
[Epoch 384/401] [Batch 0/1] [D loss: 0.210785, acc: 100%] [G loss: 0.670001]
[Epoch 385/401] [Batch 0/1] [D loss: 0.235238, acc: 100%] [G loss: 0.762831]
[Epoch 386/401] [Batch 0/1] [D loss: 0.126112, acc: 100%] [G loss: 0.821092]
[Epoch 387/401] [Batch 0/1] [D loss: 0.236817, acc: 100%] [G loss: 0.513405]
[Epoch 388/401] [Batch 0/1] [D loss: 0.222531, acc: 100%] [G loss: 0.555958]
[Epoch 389/401] [Batch 0/1] [D loss: 0.224784, acc: 100%] [G loss: 0.912833]
[Epoch 390/401] [Batch 0/1] [D loss: 0.194362, acc: 100%] [G loss: 1.020007]
[Epoch 391/401] [Batch 0/1] [D loss: 0.170215, acc: 100%] [G loss: 0.769378]
[Epoch 392/401] [Batch 0/1] [D loss: 0.233591, acc: 100%] [G loss: 0.528323]
[Epoch 393/401] [Batch 0/1] [D loss: 0.170298, acc: 100%] [G loss: 0.905297]
[Epoch 394/401] [Batch 0/1] [D loss: 0.179884, acc: 100%] [G loss: 0.795046]
[Epoch 395/401] [Batch 0/1] [D loss: 0.176632, acc: 100%] [G loss: 0.869138]
[Epoch 396/401] [Batch 0/1] [D loss: 0.191376, acc: 100%] [G loss: 0.746855]
[Epoch 397/401] [Batch 0/1] [D loss: 0.176254, acc: 100%] [G loss: 0.748971]
[Epoch 398/401] [Batch 0/1] [D loss: 0.149319, acc: 100%] [G loss: 0.950292]
[Epoch 399/401] [Batch 0/1] [D loss: 0.154030, acc: 100%] [G loss: 0.652230]
[Epoch 400/401] [Batch 0/1] [D loss: 0.135910, acc: 100%] [G loss: 0.841429]
XIO:  fatal IO error 11 (Resource temporarily unavailable) on X server "localhost:12.0"
      after 27 requests (26 known processed) with 0 events remaining.
import-im6.q16: unable to open X server `localhost:12.0' @ error/import.c/ImportImageCommand/358.
import-im6.q16: unable to open X server `localhost:12.0' @ error/import.c/ImportImageCommand/358.
import-im6.q16: unable to open X server `localhost:12.0' @ error/import.c/ImportImageCommand/358.
import-im6.q16: unable to open X server `localhost:12.0' @ error/import.c/ImportImageCommand/358.
from: can't read /var/mail/torchvision.utils
from: can't read /var/mail/torch.utils.data
from: can't read /var/mail/torchvision
from: can't read /var/mail/torch.autograd
from: can't read /var/mail/dataset
import-im6.q16: unable to open X server `localhost:12.0' @ error/import.c/ImportImageCommand/358.
import-im6.q16: unable to open X server `localhost:12.0' @ error/import.c/ImportImageCommand/358.
import-im6.q16: unable to open X server `localhost:12.0' @ error/import.c/ImportImageCommand/358.
acgan.py: line 17: syntax error near unexpected token `"images",'
acgan.py: line 17: `os.makedirs("images", exist_ok=True)'
