Namespace(b1=0.5, b2=0.999, batch_size=64, channels=3, img_size=128, latent_dim=500, lr=0.0002, n_classes=1, n_cpu=8, n_epochs=401, sample_interval=10)
48
/usr/local/lib/python3.6/dist-packages/torch/nn/modules/container.py:100: UserWarning: Implicit dimension choice for softmax has been deprecated. Change the call to include dim=X as an argument.
  input = module(input)
[Epoch 0/401] [Batch 0/1] [D loss: 0.346589, acc: 100%] [G loss: 0.346718]
[Epoch 1/401] [Batch 0/1] [D loss: 0.346591, acc: 100%] [G loss: 0.346430]
[Epoch 2/401] [Batch 0/1] [D loss: 0.346551, acc: 100%] [G loss: 0.346575]
[Epoch 3/401] [Batch 0/1] [D loss: 0.346584, acc: 100%] [G loss: 0.346693]
[Epoch 4/401] [Batch 0/1] [D loss: 0.346589, acc: 100%] [G loss: 0.346598]
[Epoch 5/401] [Batch 0/1] [D loss: 0.346576, acc: 100%] [G loss: 0.346552]
[Epoch 6/401] [Batch 0/1] [D loss: 0.346589, acc: 100%] [G loss: 0.346558]
[Epoch 7/401] [Batch 0/1] [D loss: 0.346560, acc: 100%] [G loss: 0.346601]
[Epoch 8/401] [Batch 0/1] [D loss: 0.346588, acc: 100%] [G loss: 0.346547]
[Epoch 9/401] [Batch 0/1] [D loss: 0.346567, acc: 100%] [G loss: 0.346525]
[Epoch 10/401] [Batch 0/1] [D loss: 0.346579, acc: 100%] [G loss: 0.346616]
[Epoch 11/401] [Batch 0/1] [D loss: 0.346540, acc: 100%] [G loss: 0.346656]
[Epoch 12/401] [Batch 0/1] [D loss: 0.346526, acc: 100%] [G loss: 0.346642]
[Epoch 13/401] [Batch 0/1] [D loss: 0.346500, acc: 100%] [G loss: 0.346541]
[Epoch 14/401] [Batch 0/1] [D loss: 0.346407, acc: 100%] [G loss: 0.346744]
[Epoch 15/401] [Batch 0/1] [D loss: 0.346358, acc: 100%] [G loss: 0.346796]
[Epoch 16/401] [Batch 0/1] [D loss: 0.346322, acc: 100%] [G loss: 0.346817]
[Epoch 17/401] [Batch 0/1] [D loss: 0.346304, acc: 100%] [G loss: 0.346693]
[Epoch 18/401] [Batch 0/1] [D loss: 0.346227, acc: 100%] [G loss: 0.346597]
[Epoch 19/401] [Batch 0/1] [D loss: 0.346672, acc: 100%] [G loss: 0.345736]
[Epoch 20/401] [Batch 0/1] [D loss: 0.347028, acc: 100%] [G loss: 0.345171]
[Epoch 21/401] [Batch 0/1] [D loss: 0.347290, acc: 100%] [G loss: 0.346151]
[Epoch 22/401] [Batch 0/1] [D loss: 0.348120, acc: 100%] [G loss: 0.344294]
[Epoch 23/401] [Batch 0/1] [D loss: 0.346301, acc: 100%] [G loss: 0.348996]
[Epoch 24/401] [Batch 0/1] [D loss: 0.346988, acc: 100%] [G loss: 0.346976]
[Epoch 25/401] [Batch 0/1] [D loss: 0.347199, acc: 100%] [G loss: 0.346669]
[Epoch 26/401] [Batch 0/1] [D loss: 0.346792, acc: 100%] [G loss: 0.346974]
[Epoch 27/401] [Batch 0/1] [D loss: 0.346838, acc: 100%] [G loss: 0.346589]
[Epoch 28/401] [Batch 0/1] [D loss: 0.346860, acc: 100%] [G loss: 0.346834]
[Epoch 29/401] [Batch 0/1] [D loss: 0.346505, acc: 100%] [G loss: 0.347271]
[Epoch 30/401] [Batch 0/1] [D loss: 0.346597, acc: 100%] [G loss: 0.346624]
[Epoch 31/401] [Batch 0/1] [D loss: 0.346357, acc: 100%] [G loss: 0.347713]
[Epoch 32/401] [Batch 0/1] [D loss: 0.346188, acc: 100%] [G loss: 0.347588]
[Epoch 33/401] [Batch 0/1] [D loss: 0.345405, acc: 100%] [G loss: 0.348886]
[Epoch 34/401] [Batch 0/1] [D loss: 0.346670, acc: 100%] [G loss: 0.346591]
[Epoch 35/401] [Batch 0/1] [D loss: 0.344274, acc: 100%] [G loss: 0.349942]
[Epoch 36/401] [Batch 0/1] [D loss: 0.345154, acc: 100%] [G loss: 0.347782]
[Epoch 37/401] [Batch 0/1] [D loss: 0.344215, acc: 100%] [G loss: 0.351546]
[Epoch 38/401] [Batch 0/1] [D loss: 0.345479, acc: 100%] [G loss: 0.349654]
[Epoch 39/401] [Batch 0/1] [D loss: 0.346503, acc: 100%] [G loss: 0.347644]
[Epoch 40/401] [Batch 0/1] [D loss: 0.348475, acc: 100%] [G loss: 0.344565]
[Epoch 41/401] [Batch 0/1] [D loss: 0.348604, acc: 100%] [G loss: 0.342189]
[Epoch 42/401] [Batch 0/1] [D loss: 0.349057, acc: 100%] [G loss: 0.341189]
[Epoch 43/401] [Batch 0/1] [D loss: 0.348047, acc: 100%] [G loss: 0.342501]
[Epoch 44/401] [Batch 0/1] [D loss: 0.347439, acc: 100%] [G loss: 0.344039]
[Epoch 45/401] [Batch 0/1] [D loss: 0.347934, acc: 100%] [G loss: 0.343180]
[Epoch 46/401] [Batch 0/1] [D loss: 0.346556, acc: 100%] [G loss: 0.345506]
[Epoch 47/401] [Batch 0/1] [D loss: 0.346419, acc: 100%] [G loss: 0.346369]
[Epoch 48/401] [Batch 0/1] [D loss: 0.345919, acc: 100%] [G loss: 0.347436]
[Epoch 49/401] [Batch 0/1] [D loss: 0.345860, acc: 100%] [G loss: 0.347345]
[Epoch 50/401] [Batch 0/1] [D loss: 0.345767, acc: 100%] [G loss: 0.347560]
[Epoch 51/401] [Batch 0/1] [D loss: 0.345390, acc: 100%] [G loss: 0.348007]
[Epoch 52/401] [Batch 0/1] [D loss: 0.344655, acc: 100%] [G loss: 0.349327]
[Epoch 53/401] [Batch 0/1] [D loss: 0.344772, acc: 100%] [G loss: 0.347860]
[Epoch 54/401] [Batch 0/1] [D loss: 0.344728, acc: 100%] [G loss: 0.347080]
[Epoch 55/401] [Batch 0/1] [D loss: 0.343631, acc: 100%] [G loss: 0.351776]
[Epoch 56/401] [Batch 0/1] [D loss: 0.345482, acc: 100%] [G loss: 0.344962]
[Epoch 57/401] [Batch 0/1] [D loss: 0.346707, acc: 100%] [G loss: 0.341185]
[Epoch 58/401] [Batch 0/1] [D loss: 0.338960, acc: 100%] [G loss: 0.361367]
[Epoch 59/401] [Batch 0/1] [D loss: 0.344214, acc: 100%] [G loss: 0.348683]
[Epoch 60/401] [Batch 0/1] [D loss: 0.345511, acc: 100%] [G loss: 0.345057]
[Epoch 61/401] [Batch 0/1] [D loss: 0.342173, acc: 100%] [G loss: 0.348790]
[Epoch 62/401] [Batch 0/1] [D loss: 0.347973, acc: 100%] [G loss: 0.337931]
[Epoch 63/401] [Batch 0/1] [D loss: 0.347373, acc: 100%] [G loss: 0.343171]
[Epoch 64/401] [Batch 0/1] [D loss: 0.346568, acc: 100%] [G loss: 0.341733]
[Epoch 65/401] [Batch 0/1] [D loss: 0.345114, acc: 100%] [G loss: 0.347099]
[Epoch 66/401] [Batch 0/1] [D loss: 0.349077, acc: 100%] [G loss: 0.340631]
[Epoch 67/401] [Batch 0/1] [D loss: 0.347193, acc: 100%] [G loss: 0.348985]
[Epoch 68/401] [Batch 0/1] [D loss: 0.346547, acc: 100%] [G loss: 0.349763]
[Epoch 69/401] [Batch 0/1] [D loss: 0.345882, acc: 100%] [G loss: 0.353368]
[Epoch 70/401] [Batch 0/1] [D loss: 0.346091, acc: 100%] [G loss: 0.354928]
[Epoch 71/401] [Batch 0/1] [D loss: 0.345618, acc: 100%] [G loss: 0.356241]
[Epoch 72/401] [Batch 0/1] [D loss: 0.346953, acc: 100%] [G loss: 0.354929]
[Epoch 73/401] [Batch 0/1] [D loss: 0.347311, acc: 100%] [G loss: 0.350442]
[Epoch 74/401] [Batch 0/1] [D loss: 0.347893, acc: 100%] [G loss: 0.349618]
[Epoch 75/401] [Batch 0/1] [D loss: 0.348319, acc: 100%] [G loss: 0.348017]
[Epoch 76/401] [Batch 0/1] [D loss: 0.347507, acc: 100%] [G loss: 0.345871]
[Epoch 77/401] [Batch 0/1] [D loss: 0.347206, acc: 100%] [G loss: 0.345514]
[Epoch 78/401] [Batch 0/1] [D loss: 0.346717, acc: 100%] [G loss: 0.344364]
[Epoch 79/401] [Batch 0/1] [D loss: 0.345778, acc: 100%] [G loss: 0.344462]
[Epoch 80/401] [Batch 0/1] [D loss: 0.345724, acc: 100%] [G loss: 0.343566]
[Epoch 81/401] [Batch 0/1] [D loss: 0.346684, acc: 100%] [G loss: 0.342633]
[Epoch 82/401] [Batch 0/1] [D loss: 0.346317, acc: 100%] [G loss: 0.343148]
[Epoch 83/401] [Batch 0/1] [D loss: 0.347080, acc: 100%] [G loss: 0.342757]
[Epoch 84/401] [Batch 0/1] [D loss: 0.345978, acc: 100%] [G loss: 0.345674]
[Epoch 85/401] [Batch 0/1] [D loss: 0.346390, acc: 100%] [G loss: 0.344770]
[Epoch 86/401] [Batch 0/1] [D loss: 0.347243, acc: 100%] [G loss: 0.345222]
[Epoch 87/401] [Batch 0/1] [D loss: 0.346712, acc: 100%] [G loss: 0.346237]
[Epoch 88/401] [Batch 0/1] [D loss: 0.346101, acc: 100%] [G loss: 0.347462]
[Epoch 89/401] [Batch 0/1] [D loss: 0.347076, acc: 100%] [G loss: 0.348243]
[Epoch 90/401] [Batch 0/1] [D loss: 0.346665, acc: 100%] [G loss: 0.349376]
[Epoch 91/401] [Batch 0/1] [D loss: 0.346163, acc: 100%] [G loss: 0.350442]
[Epoch 92/401] [Batch 0/1] [D loss: 0.346514, acc: 100%] [G loss: 0.349884]
[Epoch 93/401] [Batch 0/1] [D loss: 0.346891, acc: 100%] [G loss: 0.348476]
[Epoch 94/401] [Batch 0/1] [D loss: 0.346685, acc: 100%] [G loss: 0.349009]
[Epoch 95/401] [Batch 0/1] [D loss: 0.347046, acc: 100%] [G loss: 0.347736]
[Epoch 96/401] [Batch 0/1] [D loss: 0.347106, acc: 100%] [G loss: 0.346740]
[Epoch 97/401] [Batch 0/1] [D loss: 0.347279, acc: 100%] [G loss: 0.345102]
[Epoch 98/401] [Batch 0/1] [D loss: 0.346835, acc: 100%] [G loss: 0.345452]
[Epoch 99/401] [Batch 0/1] [D loss: 0.346685, acc: 100%] [G loss: 0.344682]
[Epoch 100/401] [Batch 0/1] [D loss: 0.346099, acc: 100%] [G loss: 0.345544]
[Epoch 101/401] [Batch 0/1] [D loss: 0.346011, acc: 100%] [G loss: 0.344898]
[Epoch 102/401] [Batch 0/1] [D loss: 0.346761, acc: 100%] [G loss: 0.345217]
[Epoch 103/401] [Batch 0/1] [D loss: 0.346106, acc: 100%] [G loss: 0.345760]
[Epoch 104/401] [Batch 0/1] [D loss: 0.346551, acc: 100%] [G loss: 0.345205]
[Epoch 105/401] [Batch 0/1] [D loss: 0.346223, acc: 100%] [G loss: 0.345334]
[Epoch 106/401] [Batch 0/1] [D loss: 0.346064, acc: 100%] [G loss: 0.344844]
[Epoch 107/401] [Batch 0/1] [D loss: 0.346761, acc: 100%] [G loss: 0.345046]
[Epoch 108/401] [Batch 0/1] [D loss: 0.346374, acc: 100%] [G loss: 0.345286]
[Epoch 109/401] [Batch 0/1] [D loss: 0.346165, acc: 100%] [G loss: 0.346312]
[Epoch 110/401] [Batch 0/1] [D loss: 0.346227, acc: 100%] [G loss: 0.346306]
[Epoch 111/401] [Batch 0/1] [D loss: 0.346397, acc: 100%] [G loss: 0.347089]
[Epoch 112/401] [Batch 0/1] [D loss: 0.346314, acc: 100%] [G loss: 0.347732]
[Epoch 113/401] [Batch 0/1] [D loss: 0.346208, acc: 100%] [G loss: 0.349150]
[Epoch 114/401] [Batch 0/1] [D loss: 0.345971, acc: 100%] [G loss: 0.348244]
[Epoch 115/401] [Batch 0/1] [D loss: 0.346546, acc: 100%] [G loss: 0.347761]
[Epoch 116/401] [Batch 0/1] [D loss: 0.346631, acc: 100%] [G loss: 0.349025]
[Epoch 117/401] [Batch 0/1] [D loss: 0.346685, acc: 100%] [G loss: 0.348893]
[Epoch 118/401] [Batch 0/1] [D loss: 0.346607, acc: 100%] [G loss: 0.348174]
[Epoch 119/401] [Batch 0/1] [D loss: 0.346727, acc: 100%] [G loss: 0.347683]
[Epoch 120/401] [Batch 0/1] [D loss: 0.346666, acc: 100%] [G loss: 0.347543]
[Epoch 121/401] [Batch 0/1] [D loss: 0.346902, acc: 100%] [G loss: 0.346927]
[Epoch 122/401] [Batch 0/1] [D loss: 0.346514, acc: 100%] [G loss: 0.346754]
[Epoch 123/401] [Batch 0/1] [D loss: 0.345867, acc: 100%] [G loss: 0.346630]
[Epoch 124/401] [Batch 0/1] [D loss: 0.346448, acc: 100%] [G loss: 0.345718]
[Epoch 125/401] [Batch 0/1] [D loss: 0.345866, acc: 100%] [G loss: 0.345706]
[Epoch 126/401] [Batch 0/1] [D loss: 0.345647, acc: 100%] [G loss: 0.345609]
[Epoch 127/401] [Batch 0/1] [D loss: 0.345808, acc: 100%] [G loss: 0.345186]
[Epoch 128/401] [Batch 0/1] [D loss: 0.346304, acc: 100%] [G loss: 0.345615]
[Epoch 129/401] [Batch 0/1] [D loss: 0.345786, acc: 100%] [G loss: 0.345568]
[Epoch 130/401] [Batch 0/1] [D loss: 0.345430, acc: 100%] [G loss: 0.345645]
[Epoch 131/401] [Batch 0/1] [D loss: 0.345353, acc: 100%] [G loss: 0.346635]
[Epoch 132/401] [Batch 0/1] [D loss: 0.344986, acc: 100%] [G loss: 0.346516]
[Epoch 133/401] [Batch 0/1] [D loss: 0.345664, acc: 100%] [G loss: 0.346481]
[Epoch 134/401] [Batch 0/1] [D loss: 0.344970, acc: 100%] [G loss: 0.348795]
[Epoch 135/401] [Batch 0/1] [D loss: 0.345352, acc: 100%] [G loss: 0.348672]
[Epoch 136/401] [Batch 0/1] [D loss: 0.344896, acc: 100%] [G loss: 0.347875]
[Epoch 137/401] [Batch 0/1] [D loss: 0.345732, acc: 100%] [G loss: 0.346225]
[Epoch 138/401] [Batch 0/1] [D loss: 0.345500, acc: 100%] [G loss: 0.344659]
[Epoch 139/401] [Batch 0/1] [D loss: 0.345777, acc: 100%] [G loss: 0.346054]
[Epoch 140/401] [Batch 0/1] [D loss: 0.346868, acc: 100%] [G loss: 0.343445]
[Epoch 141/401] [Batch 0/1] [D loss: 0.349886, acc: 100%] [G loss: 0.338973]
[Epoch 142/401] [Batch 0/1] [D loss: 0.355261, acc: 100%] [G loss: 0.334557]
[Epoch 143/401] [Batch 0/1] [D loss: 0.348386, acc: 100%] [G loss: 0.345352]
[Epoch 144/401] [Batch 0/1] [D loss: 0.346655, acc: 100%] [G loss: 0.347260]
[Epoch 145/401] [Batch 0/1] [D loss: 0.345817, acc: 100%] [G loss: 0.351668]
[Epoch 146/401] [Batch 0/1] [D loss: 0.343484, acc: 100%] [G loss: 0.354570]
[Epoch 147/401] [Batch 0/1] [D loss: 0.335341, acc: 100%] [G loss: 0.367305]
[Epoch 148/401] [Batch 0/1] [D loss: 0.329836, acc: 100%] [G loss: 0.377833]
[Epoch 149/401] [Batch 0/1] [D loss: 0.328396, acc: 100%] [G loss: 0.375814]
[Epoch 150/401] [Batch 0/1] [D loss: 0.335451, acc: 100%] [G loss: 0.357808]
[Epoch 151/401] [Batch 0/1] [D loss: 0.333225, acc: 100%] [G loss: 0.347093]
[Epoch 152/401] [Batch 0/1] [D loss: 0.326982, acc: 100%] [G loss: 0.344116]
[Epoch 153/401] [Batch 0/1] [D loss: 0.324229, acc: 100%] [G loss: 0.334465]
[Epoch 154/401] [Batch 0/1] [D loss: 0.326828, acc: 100%] [G loss: 0.331821]
[Epoch 155/401] [Batch 0/1] [D loss: 0.363799, acc: 100%] [G loss: 0.276863]
[Epoch 156/401] [Batch 0/1] [D loss: 0.381245, acc: 100%] [G loss: 0.277712]
[Epoch 157/401] [Batch 0/1] [D loss: 0.369914, acc: 100%] [G loss: 0.292920]
[Epoch 158/401] [Batch 0/1] [D loss: 0.347791, acc: 100%] [G loss: 0.332253]
[Epoch 159/401] [Batch 0/1] [D loss: 0.331395, acc: 100%] [G loss: 0.399267]
[Epoch 160/401] [Batch 0/1] [D loss: 0.329399, acc: 100%] [G loss: 0.417696]
[Epoch 161/401] [Batch 0/1] [D loss: 0.333845, acc: 100%] [G loss: 0.411736]
[Epoch 162/401] [Batch 0/1] [D loss: 0.350972, acc: 100%] [G loss: 0.390244]
[Epoch 163/401] [Batch 0/1] [D loss: 0.353207, acc: 100%] [G loss: 0.362944]
[Epoch 164/401] [Batch 0/1] [D loss: 0.349084, acc: 100%] [G loss: 0.362895]
[Epoch 165/401] [Batch 0/1] [D loss: 0.339931, acc: 100%] [G loss: 0.354701]
[Epoch 166/401] [Batch 0/1] [D loss: 0.337023, acc: 100%] [G loss: 0.352412]
[Epoch 167/401] [Batch 0/1] [D loss: 0.331168, acc: 100%] [G loss: 0.351198]
[Epoch 168/401] [Batch 0/1] [D loss: 0.333905, acc: 100%] [G loss: 0.351982]
[Epoch 169/401] [Batch 0/1] [D loss: 0.330622, acc: 100%] [G loss: 0.343047]
[Epoch 170/401] [Batch 0/1] [D loss: 0.337770, acc: 100%] [G loss: 0.327881]
[Epoch 171/401] [Batch 0/1] [D loss: 0.343423, acc: 100%] [G loss: 0.304804]
[Epoch 172/401] [Batch 0/1] [D loss: 0.348921, acc: 100%] [G loss: 0.303376]
[Epoch 173/401] [Batch 0/1] [D loss: 0.350182, acc: 100%] [G loss: 0.312815]
[Epoch 174/401] [Batch 0/1] [D loss: 0.352502, acc: 100%] [G loss: 0.308762]
[Epoch 175/401] [Batch 0/1] [D loss: 0.348975, acc: 100%] [G loss: 0.320905]
[Epoch 176/401] [Batch 0/1] [D loss: 0.348945, acc: 100%] [G loss: 0.332099]
[Epoch 177/401] [Batch 0/1] [D loss: 0.348923, acc: 100%] [G loss: 0.345198]
[Epoch 178/401] [Batch 0/1] [D loss: 0.344163, acc: 100%] [G loss: 0.361120]
[Epoch 179/401] [Batch 0/1] [D loss: 0.347549, acc: 100%] [G loss: 0.371686]
[Epoch 180/401] [Batch 0/1] [D loss: 0.345186, acc: 100%] [G loss: 0.380462]
[Epoch 181/401] [Batch 0/1] [D loss: 0.349164, acc: 100%] [G loss: 0.375714]
[Epoch 182/401] [Batch 0/1] [D loss: 0.348165, acc: 100%] [G loss: 0.368747]
[Epoch 183/401] [Batch 0/1] [D loss: 0.350744, acc: 100%] [G loss: 0.363835]
[Epoch 184/401] [Batch 0/1] [D loss: 0.351100, acc: 100%] [G loss: 0.359786]
[Epoch 185/401] [Batch 0/1] [D loss: 0.348510, acc: 100%] [G loss: 0.357593]
[Epoch 186/401] [Batch 0/1] [D loss: 0.347734, acc: 100%] [G loss: 0.353976]
[Epoch 187/401] [Batch 0/1] [D loss: 0.344574, acc: 100%] [G loss: 0.351645]
[Epoch 188/401] [Batch 0/1] [D loss: 0.345283, acc: 100%] [G loss: 0.348787]
[Epoch 189/401] [Batch 0/1] [D loss: 0.343293, acc: 100%] [G loss: 0.348519]
[Epoch 190/401] [Batch 0/1] [D loss: 0.341540, acc: 100%] [G loss: 0.347268]
[Epoch 191/401] [Batch 0/1] [D loss: 0.341892, acc: 100%] [G loss: 0.346145]
[Epoch 192/401] [Batch 0/1] [D loss: 0.340958, acc: 100%] [G loss: 0.343778]
[Epoch 193/401] [Batch 0/1] [D loss: 0.345356, acc: 100%] [G loss: 0.342703]
[Epoch 194/401] [Batch 0/1] [D loss: 0.344071, acc: 100%] [G loss: 0.342849]
[Epoch 195/401] [Batch 0/1] [D loss: 0.343356, acc: 100%] [G loss: 0.342842]
[Epoch 196/401] [Batch 0/1] [D loss: 0.343079, acc: 100%] [G loss: 0.343531]
[Epoch 197/401] [Batch 0/1] [D loss: 0.345243, acc: 100%] [G loss: 0.349944]
[Epoch 198/401] [Batch 0/1] [D loss: 0.340654, acc: 100%] [G loss: 0.351972]
[Epoch 199/401] [Batch 0/1] [D loss: 0.344518, acc: 100%] [G loss: 0.350995]
[Epoch 200/401] [Batch 0/1] [D loss: 0.344548, acc: 100%] [G loss: 0.354460]
[Epoch 201/401] [Batch 0/1] [D loss: 0.344366, acc: 100%] [G loss: 0.354635]
[Epoch 202/401] [Batch 0/1] [D loss: 0.344507, acc: 100%] [G loss: 0.357661]
[Epoch 203/401] [Batch 0/1] [D loss: 0.342439, acc: 100%] [G loss: 0.354325]
[Epoch 204/401] [Batch 0/1] [D loss: 0.342855, acc: 100%] [G loss: 0.349653]
[Epoch 205/401] [Batch 0/1] [D loss: 0.340514, acc: 100%] [G loss: 0.350491]
[Epoch 206/401] [Batch 0/1] [D loss: 0.343802, acc: 100%] [G loss: 0.346653]
[Epoch 207/401] [Batch 0/1] [D loss: 0.340862, acc: 100%] [G loss: 0.348314]
[Epoch 208/401] [Batch 0/1] [D loss: 0.340955, acc: 100%] [G loss: 0.345240]
[Epoch 209/401] [Batch 0/1] [D loss: 0.341764, acc: 100%] [G loss: 0.348555]
[Epoch 210/401] [Batch 0/1] [D loss: 0.339780, acc: 100%] [G loss: 0.345066]
[Epoch 211/401] [Batch 0/1] [D loss: 0.344578, acc: 100%] [G loss: 0.341144]
[Epoch 212/401] [Batch 0/1] [D loss: 0.336383, acc: 100%] [G loss: 0.339579]
[Epoch 213/401] [Batch 0/1] [D loss: 0.339193, acc: 100%] [G loss: 0.342558]
[Epoch 214/401] [Batch 0/1] [D loss: 0.345694, acc: 100%] [G loss: 0.337158]
[Epoch 215/401] [Batch 0/1] [D loss: 0.335532, acc: 100%] [G loss: 0.346075]
[Epoch 216/401] [Batch 0/1] [D loss: 0.335509, acc: 100%] [G loss: 0.340656]
[Epoch 217/401] [Batch 0/1] [D loss: 0.335658, acc: 100%] [G loss: 0.338654]
[Epoch 218/401] [Batch 0/1] [D loss: 0.328726, acc: 100%] [G loss: 0.354424]
[Epoch 219/401] [Batch 0/1] [D loss: 0.330770, acc: 100%] [G loss: 0.341762]
[Epoch 220/401] [Batch 0/1] [D loss: 0.333736, acc: 100%] [G loss: 0.340515]
[Epoch 221/401] [Batch 0/1] [D loss: 0.337972, acc: 100%] [G loss: 0.332124]
[Epoch 222/401] [Batch 0/1] [D loss: 0.342267, acc: 100%] [G loss: 0.331700]
[Epoch 223/401] [Batch 0/1] [D loss: 0.345788, acc: 100%] [G loss: 0.333338]
[Epoch 224/401] [Batch 0/1] [D loss: 0.342305, acc: 100%] [G loss: 0.340405]
[Epoch 225/401] [Batch 0/1] [D loss: 0.341598, acc: 100%] [G loss: 0.357457]
[Epoch 226/401] [Batch 0/1] [D loss: 0.336207, acc: 100%] [G loss: 0.357239]
[Epoch 227/401] [Batch 0/1] [D loss: 0.341480, acc: 100%] [G loss: 0.359866]
[Epoch 228/401] [Batch 0/1] [D loss: 0.339107, acc: 100%] [G loss: 0.360219]
[Epoch 229/401] [Batch 0/1] [D loss: 0.340914, acc: 100%] [G loss: 0.357765]
[Epoch 230/401] [Batch 0/1] [D loss: 0.341387, acc: 100%] [G loss: 0.345718]
[Epoch 231/401] [Batch 0/1] [D loss: 0.337676, acc: 100%] [G loss: 0.352178]
[Epoch 232/401] [Batch 0/1] [D loss: 0.332903, acc: 100%] [G loss: 0.345478]
[Epoch 233/401] [Batch 0/1] [D loss: 0.336632, acc: 100%] [G loss: 0.344839]
[Epoch 234/401] [Batch 0/1] [D loss: 0.331634, acc: 100%] [G loss: 0.356704]
[Epoch 235/401] [Batch 0/1] [D loss: 0.330876, acc: 100%] [G loss: 0.370950]
[Epoch 236/401] [Batch 0/1] [D loss: 0.328841, acc: 100%] [G loss: 0.357910]
[Epoch 237/401] [Batch 0/1] [D loss: 0.327699, acc: 100%] [G loss: 0.361772]
[Epoch 238/401] [Batch 0/1] [D loss: 0.319911, acc: 100%] [G loss: 0.352976]
[Epoch 239/401] [Batch 0/1] [D loss: 0.329301, acc: 100%] [G loss: 0.332861]
[Epoch 240/401] [Batch 0/1] [D loss: 0.339059, acc: 100%] [G loss: 0.315755]
[Epoch 241/401] [Batch 0/1] [D loss: 0.337321, acc: 100%] [G loss: 0.309917]
[Epoch 242/401] [Batch 0/1] [D loss: 0.352810, acc: 100%] [G loss: 0.346252]
[Epoch 243/401] [Batch 0/1] [D loss: 0.327711, acc: 100%] [G loss: 0.391239]
[Epoch 244/401] [Batch 0/1] [D loss: 0.329035, acc: 100%] [G loss: 0.425083]
[Epoch 245/401] [Batch 0/1] [D loss: 0.325978, acc: 100%] [G loss: 0.426372]
[Epoch 246/401] [Batch 0/1] [D loss: 0.314748, acc: 100%] [G loss: 0.422921]
[Epoch 247/401] [Batch 0/1] [D loss: 0.310408, acc: 100%] [G loss: 0.402823]
[Epoch 248/401] [Batch 0/1] [D loss: 0.307790, acc: 100%] [G loss: 0.372470]
[Epoch 249/401] [Batch 0/1] [D loss: 0.322169, acc: 100%] [G loss: 0.316721]
[Epoch 250/401] [Batch 0/1] [D loss: 0.333598, acc: 100%] [G loss: 0.310712]
[Epoch 251/401] [Batch 0/1] [D loss: 0.328824, acc: 100%] [G loss: 0.322673]
[Epoch 252/401] [Batch 0/1] [D loss: 0.343055, acc: 100%] [G loss: 0.303478]
[Epoch 253/401] [Batch 0/1] [D loss: 0.343913, acc: 100%] [G loss: 0.333630]
[Epoch 254/401] [Batch 0/1] [D loss: 0.345181, acc: 100%] [G loss: 0.323726]
[Epoch 255/401] [Batch 0/1] [D loss: 0.346695, acc: 100%] [G loss: 0.337816]
[Epoch 256/401] [Batch 0/1] [D loss: 0.344072, acc: 100%] [G loss: 0.351849]
[Epoch 257/401] [Batch 0/1] [D loss: 0.342231, acc: 100%] [G loss: 0.361441]
[Epoch 258/401] [Batch 0/1] [D loss: 0.333573, acc: 100%] [G loss: 0.378705]
[Epoch 259/401] [Batch 0/1] [D loss: 0.341366, acc: 100%] [G loss: 0.406504]
[Epoch 260/401] [Batch 0/1] [D loss: 0.350406, acc: 100%] [G loss: 0.370428]
[Epoch 261/401] [Batch 0/1] [D loss: 0.334512, acc: 100%] [G loss: 0.367412]
[Epoch 262/401] [Batch 0/1] [D loss: 0.350215, acc: 100%] [G loss: 0.340538]
[Epoch 263/401] [Batch 0/1] [D loss: 0.323544, acc: 100%] [G loss: 0.351833]
[Epoch 264/401] [Batch 0/1] [D loss: 0.328794, acc: 100%] [G loss: 0.335319]
[Epoch 265/401] [Batch 0/1] [D loss: 0.327953, acc: 100%] [G loss: 0.372641]
[Epoch 266/401] [Batch 0/1] [D loss: 0.315768, acc: 100%] [G loss: 0.397984]
[Epoch 267/401] [Batch 0/1] [D loss: 0.303259, acc: 100%] [G loss: 0.454770]
[Epoch 268/401] [Batch 0/1] [D loss: 0.295057, acc: 100%] [G loss: 0.482680]
[Epoch 269/401] [Batch 0/1] [D loss: 0.310206, acc: 100%] [G loss: 0.444847]
[Epoch 270/401] [Batch 0/1] [D loss: 0.314391, acc: 100%] [G loss: 0.398650]
[Epoch 271/401] [Batch 0/1] [D loss: 0.312995, acc: 100%] [G loss: 0.401313]
[Epoch 272/401] [Batch 0/1] [D loss: 0.314134, acc: 100%] [G loss: 0.342992]
[Epoch 273/401] [Batch 0/1] [D loss: 0.327407, acc: 100%] [G loss: 0.353747]
[Epoch 274/401] [Batch 0/1] [D loss: 0.324413, acc: 100%] [G loss: 0.357802]
[Epoch 275/401] [Batch 0/1] [D loss: 0.313410, acc: 100%] [G loss: 0.369681]
[Epoch 276/401] [Batch 0/1] [D loss: 0.303624, acc: 100%] [G loss: 0.422361]
[Epoch 277/401] [Batch 0/1] [D loss: 0.314147, acc: 100%] [G loss: 0.374032]
[Epoch 278/401] [Batch 0/1] [D loss: 0.319574, acc: 100%] [G loss: 0.382712]
[Epoch 279/401] [Batch 0/1] [D loss: 0.320154, acc: 100%] [G loss: 0.391283]
[Epoch 280/401] [Batch 0/1] [D loss: 0.333928, acc: 100%] [G loss: 0.368755]
[Epoch 281/401] [Batch 0/1] [D loss: 0.350081, acc: 100%] [G loss: 0.319536]
[Epoch 282/401] [Batch 0/1] [D loss: 0.331595, acc: 100%] [G loss: 0.369200]
[Epoch 283/401] [Batch 0/1] [D loss: 0.313324, acc: 100%] [G loss: 0.364089]
[Epoch 284/401] [Batch 0/1] [D loss: 0.298371, acc: 100%] [G loss: 0.388247]
[Epoch 285/401] [Batch 0/1] [D loss: 0.297241, acc: 100%] [G loss: 0.395278]
[Epoch 286/401] [Batch 0/1] [D loss: 0.277866, acc: 100%] [G loss: 0.426330]
[Epoch 287/401] [Batch 0/1] [D loss: 0.260289, acc: 100%] [G loss: 0.419829]
[Epoch 288/401] [Batch 0/1] [D loss: 0.264321, acc: 100%] [G loss: 0.408805]
[Epoch 289/401] [Batch 0/1] [D loss: 0.279880, acc: 100%] [G loss: 0.329710]
[Epoch 290/401] [Batch 0/1] [D loss: 0.281719, acc: 100%] [G loss: 0.332888]
[Epoch 291/401] [Batch 0/1] [D loss: 0.295456, acc: 100%] [G loss: 0.383408]
[Epoch 292/401] [Batch 0/1] [D loss: 0.289198, acc: 100%] [G loss: 0.436155]
[Epoch 293/401] [Batch 0/1] [D loss: 0.305593, acc: 100%] [G loss: 0.451660]
[Epoch 294/401] [Batch 0/1] [D loss: 0.312179, acc: 100%] [G loss: 0.442340]
[Epoch 295/401] [Batch 0/1] [D loss: 0.346881, acc: 100%] [G loss: 0.347713]
[Epoch 296/401] [Batch 0/1] [D loss: 0.368717, acc: 100%] [G loss: 0.343018]
[Epoch 297/401] [Batch 0/1] [D loss: 0.306217, acc: 100%] [G loss: 0.398218]
[Epoch 298/401] [Batch 0/1] [D loss: 0.310431, acc: 100%] [G loss: 0.457705]
[Epoch 299/401] [Batch 0/1] [D loss: 0.274032, acc: 100%] [G loss: 0.468251]
[Epoch 300/401] [Batch 0/1] [D loss: 0.302191, acc: 100%] [G loss: 0.483317]
[Epoch 301/401] [Batch 0/1] [D loss: 0.283849, acc: 100%] [G loss: 0.480261]
[Epoch 302/401] [Batch 0/1] [D loss: 0.297474, acc: 100%] [G loss: 0.501924]
[Epoch 303/401] [Batch 0/1] [D loss: 0.297083, acc: 100%] [G loss: 0.523072]
[Epoch 304/401] [Batch 0/1] [D loss: 0.288016, acc: 100%] [G loss: 0.451029]
[Epoch 305/401] [Batch 0/1] [D loss: 0.286989, acc: 100%] [G loss: 0.370086]
[Epoch 306/401] [Batch 0/1] [D loss: 0.306298, acc: 100%] [G loss: 0.342069]
[Epoch 307/401] [Batch 0/1] [D loss: 0.303670, acc: 100%] [G loss: 0.410156]
[Epoch 308/401] [Batch 0/1] [D loss: 0.310421, acc: 100%] [G loss: 0.445416]
[Epoch 309/401] [Batch 0/1] [D loss: 0.286636, acc: 100%] [G loss: 0.459645]
[Epoch 310/401] [Batch 0/1] [D loss: 0.285730, acc: 100%] [G loss: 0.424184]
[Epoch 311/401] [Batch 0/1] [D loss: 0.302621, acc: 100%] [G loss: 0.338522]
[Epoch 312/401] [Batch 0/1] [D loss: 0.285496, acc: 100%] [G loss: 0.416370]
[Epoch 313/401] [Batch 0/1] [D loss: 0.295587, acc: 100%] [G loss: 0.387266]
[Epoch 314/401] [Batch 0/1] [D loss: 0.290384, acc: 100%] [G loss: 0.431089]
[Epoch 315/401] [Batch 0/1] [D loss: 0.292611, acc: 100%] [G loss: 0.426653]
[Epoch 316/401] [Batch 0/1] [D loss: 0.295059, acc: 100%] [G loss: 0.397210]
[Epoch 317/401] [Batch 0/1] [D loss: 0.294739, acc: 100%] [G loss: 0.387703]
[Epoch 318/401] [Batch 0/1] [D loss: 0.262385, acc: 100%] [G loss: 0.442782]
[Epoch 319/401] [Batch 0/1] [D loss: 0.284231, acc: 100%] [G loss: 0.502759]
[Epoch 320/401] [Batch 0/1] [D loss: 0.267413, acc: 100%] [G loss: 0.511215]
[Epoch 321/401] [Batch 0/1] [D loss: 0.286780, acc: 100%] [G loss: 0.451146]
[Epoch 322/401] [Batch 0/1] [D loss: 0.278260, acc: 100%] [G loss: 0.388940]
[Epoch 323/401] [Batch 0/1] [D loss: 0.311069, acc: 100%] [G loss: 0.433662]
[Epoch 324/401] [Batch 0/1] [D loss: 0.278907, acc: 100%] [G loss: 0.455621]
[Epoch 325/401] [Batch 0/1] [D loss: 0.275039, acc: 100%] [G loss: 0.465990]
[Epoch 326/401] [Batch 0/1] [D loss: 0.287888, acc: 100%] [G loss: 0.488244]
[Epoch 327/401] [Batch 0/1] [D loss: 0.281285, acc: 100%] [G loss: 0.426208]
[Epoch 328/401] [Batch 0/1] [D loss: 0.274399, acc: 100%] [G loss: 0.425758]
[Epoch 329/401] [Batch 0/1] [D loss: 0.257020, acc: 100%] [G loss: 0.486228]
[Epoch 330/401] [Batch 0/1] [D loss: 0.285447, acc: 100%] [G loss: 0.474937]
[Epoch 331/401] [Batch 0/1] [D loss: 0.279183, acc: 100%] [G loss: 0.484965]
[Epoch 332/401] [Batch 0/1] [D loss: 0.278344, acc: 100%] [G loss: 0.460603]
[Epoch 333/401] [Batch 0/1] [D loss: 0.276995, acc: 100%] [G loss: 0.411449]
[Epoch 334/401] [Batch 0/1] [D loss: 0.270639, acc: 100%] [G loss: 0.452471]
[Epoch 335/401] [Batch 0/1] [D loss: 0.277413, acc: 100%] [G loss: 0.478093]
[Epoch 336/401] [Batch 0/1] [D loss: 0.265384, acc: 100%] [G loss: 0.441793]
[Epoch 337/401] [Batch 0/1] [D loss: 0.283851, acc: 100%] [G loss: 0.433588]
[Epoch 338/401] [Batch 0/1] [D loss: 0.321707, acc: 100%] [G loss: 0.479864]
[Epoch 339/401] [Batch 0/1] [D loss: 0.294737, acc: 100%] [G loss: 0.516573]
[Epoch 340/401] [Batch 0/1] [D loss: 0.286645, acc: 100%] [G loss: 0.474263]
[Epoch 341/401] [Batch 0/1] [D loss: 0.280536, acc: 100%] [G loss: 0.400054]
[Epoch 342/401] [Batch 0/1] [D loss: 0.301384, acc: 100%] [G loss: 0.369485]
[Epoch 343/401] [Batch 0/1] [D loss: 0.313099, acc: 100%] [G loss: 0.408434]
[Epoch 344/401] [Batch 0/1] [D loss: 0.286644, acc: 100%] [G loss: 0.477244]
[Epoch 345/401] [Batch 0/1] [D loss: 0.282380, acc: 100%] [G loss: 0.572019]
[Epoch 346/401] [Batch 0/1] [D loss: 0.265801, acc: 100%] [G loss: 0.471987]
[Epoch 347/401] [Batch 0/1] [D loss: 0.297808, acc: 100%] [G loss: 0.420096]
[Epoch 348/401] [Batch 0/1] [D loss: 0.297055, acc: 100%] [G loss: 0.408267]
[Epoch 349/401] [Batch 0/1] [D loss: 0.288987, acc: 100%] [G loss: 0.536845]
[Epoch 350/401] [Batch 0/1] [D loss: 0.292800, acc: 100%] [G loss: 0.485199]
[Epoch 351/401] [Batch 0/1] [D loss: 0.281340, acc: 100%] [G loss: 0.530715]
[Epoch 352/401] [Batch 0/1] [D loss: 0.259101, acc: 100%] [G loss: 0.552771]
[Epoch 353/401] [Batch 0/1] [D loss: 0.289000, acc: 100%] [G loss: 0.482291]
[Epoch 354/401] [Batch 0/1] [D loss: 0.294268, acc: 100%] [G loss: 0.419668]
[Epoch 355/401] [Batch 0/1] [D loss: 0.278269, acc: 100%] [G loss: 0.405449]
[Epoch 356/401] [Batch 0/1] [D loss: 0.286610, acc: 100%] [G loss: 0.473080]
[Epoch 357/401] [Batch 0/1] [D loss: 0.293951, acc: 100%] [G loss: 0.535249]
[Epoch 358/401] [Batch 0/1] [D loss: 0.272236, acc: 100%] [G loss: 0.457786]
[Epoch 359/401] [Batch 0/1] [D loss: 0.265469, acc: 100%] [G loss: 0.389622]
[Epoch 360/401] [Batch 0/1] [D loss: 0.277472, acc: 100%] [G loss: 0.368694]
[Epoch 361/401] [Batch 0/1] [D loss: 0.290012, acc: 100%] [G loss: 0.404388]
[Epoch 362/401] [Batch 0/1] [D loss: 0.293579, acc: 100%] [G loss: 0.516271]
[Epoch 363/401] [Batch 0/1] [D loss: 0.267394, acc: 100%] [G loss: 0.554694]
[Epoch 364/401] [Batch 0/1] [D loss: 0.252257, acc: 100%] [G loss: 0.448614]
[Epoch 365/401] [Batch 0/1] [D loss: 0.250306, acc: 100%] [G loss: 0.385523]
[Epoch 366/401] [Batch 0/1] [D loss: 0.311632, acc: 100%] [G loss: 0.343872]
[Epoch 367/401] [Batch 0/1] [D loss: 0.297272, acc: 100%] [G loss: 0.558205]
[Epoch 368/401] [Batch 0/1] [D loss: 0.263372, acc: 100%] [G loss: 0.609717]
[Epoch 369/401] [Batch 0/1] [D loss: 0.252268, acc: 100%] [G loss: 0.571062]
[Epoch 370/401] [Batch 0/1] [D loss: 0.245611, acc: 100%] [G loss: 0.438071]
[Epoch 371/401] [Batch 0/1] [D loss: 0.358835, acc: 100%] [G loss: 0.307091]
[Epoch 372/401] [Batch 0/1] [D loss: 0.307170, acc: 100%] [G loss: 0.472954]
[Epoch 373/401] [Batch 0/1] [D loss: 0.277185, acc: 100%] [G loss: 0.584181]
[Epoch 374/401] [Batch 0/1] [D loss: 0.298475, acc: 100%] [G loss: 0.579405]
[Epoch 375/401] [Batch 0/1] [D loss: 0.275601, acc: 100%] [G loss: 0.475917]
[Epoch 376/401] [Batch 0/1] [D loss: 0.247304, acc: 100%] [G loss: 0.436212]
[Epoch 377/401] [Batch 0/1] [D loss: 0.306067, acc: 100%] [G loss: 0.326572]
[Epoch 378/401] [Batch 0/1] [D loss: 0.283861, acc: 100%] [G loss: 0.390930]
[Epoch 379/401] [Batch 0/1] [D loss: 0.288322, acc: 100%] [G loss: 0.436447]
[Epoch 380/401] [Batch 0/1] [D loss: 0.279945, acc: 100%] [G loss: 0.567045]
[Epoch 381/401] [Batch 0/1] [D loss: 0.285161, acc: 100%] [G loss: 0.584759]
[Epoch 382/401] [Batch 0/1] [D loss: 0.279276, acc: 100%] [G loss: 0.502935]
[Epoch 383/401] [Batch 0/1] [D loss: 0.266687, acc: 100%] [G loss: 0.411550]
[Epoch 384/401] [Batch 0/1] [D loss: 0.272210, acc: 100%] [G loss: 0.512485]
[Epoch 385/401] [Batch 0/1] [D loss: 0.287712, acc: 100%] [G loss: 0.510933]
[Epoch 386/401] [Batch 0/1] [D loss: 0.276039, acc: 100%] [G loss: 0.434728]
[Epoch 387/401] [Batch 0/1] [D loss: 0.255123, acc: 100%] [G loss: 0.481941]
[Epoch 388/401] [Batch 0/1] [D loss: 0.272445, acc: 100%] [G loss: 0.535118]
[Epoch 389/401] [Batch 0/1] [D loss: 0.278950, acc: 100%] [G loss: 0.467184]
[Epoch 390/401] [Batch 0/1] [D loss: 0.256470, acc: 100%] [G loss: 0.482364]
[Epoch 391/401] [Batch 0/1] [D loss: 0.290566, acc: 100%] [G loss: 0.506302]
[Epoch 392/401] [Batch 0/1] [D loss: 0.267503, acc: 100%] [G loss: 0.471156]
[Epoch 393/401] [Batch 0/1] [D loss: 0.233166, acc: 100%] [G loss: 0.442094]
[Epoch 394/401] [Batch 0/1] [D loss: 0.264326, acc: 100%] [G loss: 0.462668]
[Epoch 395/401] [Batch 0/1] [D loss: 0.272948, acc: 100%] [G loss: 0.508738]
[Epoch 396/401] [Batch 0/1] [D loss: 0.266710, acc: 100%] [G loss: 0.519038]
[Epoch 397/401] [Batch 0/1] [D loss: 0.251143, acc: 100%] [G loss: 0.531596]
[Epoch 398/401] [Batch 0/1] [D loss: 0.255434, acc: 100%] [G loss: 0.445215]
[Epoch 399/401] [Batch 0/1] [D loss: 0.256323, acc: 100%] [G loss: 0.518028]
[Epoch 400/401] [Batch 0/1] [D loss: 0.243526, acc: 100%] [G loss: 0.567624]
