Namespace(b1=0.5, b2=0.999, batch_size=32, channels=3, clip_value=0.01, img_size=256, latent_dim=100, lr=0.0002, n_cpu=8, n_critic=5, n_epochs=401, sample_interval=100)
15
[Epoch 0/401] [Batch 0/1] [D loss: 8.057626] [G loss: 0.249225]
[Epoch 1/401] [Batch 0/1] [D loss: 0.173551] [G loss: 0.423384]
[Epoch 2/401] [Batch 0/1] [D loss: -11.340828] [G loss: 0.058504]
[Epoch 3/401] [Batch 0/1] [D loss: -22.348022] [G loss: -1.375887]
[Epoch 4/401] [Batch 0/1] [D loss: -31.447279] [G loss: -3.955701]
[Epoch 5/401] [Batch 0/1] [D loss: -36.688942] [G loss: -7.060840]
[Epoch 6/401] [Batch 0/1] [D loss: -38.491104] [G loss: -9.956737]
[Epoch 7/401] [Batch 0/1] [D loss: -38.435963] [G loss: -12.545569]
[Epoch 8/401] [Batch 0/1] [D loss: -37.626137] [G loss: -14.126498]
[Epoch 9/401] [Batch 0/1] [D loss: -34.569832] [G loss: -17.418261]
[Epoch 10/401] [Batch 0/1] [D loss: -32.929146] [G loss: -19.047609]
[Epoch 11/401] [Batch 0/1] [D loss: -31.443619] [G loss: -20.440170]
[Epoch 12/401] [Batch 0/1] [D loss: -27.873138] [G loss: -23.098604]
[Epoch 13/401] [Batch 0/1] [D loss: -26.310349] [G loss: -23.799938]
[Epoch 14/401] [Batch 0/1] [D loss: -22.094456] [G loss: -25.709217]
[Epoch 15/401] [Batch 0/1] [D loss: -19.772449] [G loss: -25.499107]
[Epoch 16/401] [Batch 0/1] [D loss: -17.087891] [G loss: -25.173912]
[Epoch 17/401] [Batch 0/1] [D loss: -15.424135] [G loss: -23.552044]
[Epoch 18/401] [Batch 0/1] [D loss: -14.250738] [G loss: -21.288742]
[Epoch 19/401] [Batch 0/1] [D loss: -14.142954] [G loss: -19.611065]
[Epoch 20/401] [Batch 0/1] [D loss: -12.854253] [G loss: -17.579704]
[Epoch 21/401] [Batch 0/1] [D loss: -13.874578] [G loss: -14.194304]
[Epoch 22/401] [Batch 0/1] [D loss: -15.624618] [G loss: -12.986022]
[Epoch 23/401] [Batch 0/1] [D loss: -16.334568] [G loss: -11.180460]
[Epoch 24/401] [Batch 0/1] [D loss: -17.610632] [G loss: -7.643057]
[Epoch 25/401] [Batch 0/1] [D loss: -19.219709] [G loss: -3.061604]
[Epoch 26/401] [Batch 0/1] [D loss: -20.724373] [G loss: 3.714036]
[Epoch 27/401] [Batch 0/1] [D loss: -22.357977] [G loss: 4.656667]
[Epoch 28/401] [Batch 0/1] [D loss: -22.202839] [G loss: 3.906306]
[Epoch 29/401] [Batch 0/1] [D loss: -22.887527] [G loss: 2.146665]
[Epoch 30/401] [Batch 0/1] [D loss: -22.696276] [G loss: -0.477816]
[Epoch 31/401] [Batch 0/1] [D loss: -19.109543] [G loss: -7.678006]
[Epoch 32/401] [Batch 0/1] [D loss: -15.523178] [G loss: -9.810701]
[Epoch 33/401] [Batch 0/1] [D loss: -18.897774] [G loss: -7.806630]
[Epoch 34/401] [Batch 0/1] [D loss: -19.676132] [G loss: -9.113386]
[Epoch 35/401] [Batch 0/1] [D loss: -8.188051] [G loss: -16.104759]
[Epoch 36/401] [Batch 0/1] [D loss: -9.032608] [G loss: -15.100910]
[Epoch 37/401] [Batch 0/1] [D loss: -11.995008] [G loss: -9.274578]
[Epoch 38/401] [Batch 0/1] [D loss: 2.534387] [G loss: -9.597354]
[Epoch 39/401] [Batch 0/1] [D loss: -5.125318] [G loss: 7.315516]
[Epoch 40/401] [Batch 0/1] [D loss: 1.641017] [G loss: 16.182007]
[Epoch 41/401] [Batch 0/1] [D loss: 0.722340] [G loss: 29.588270]
[Epoch 42/401] [Batch 0/1] [D loss: -3.750013] [G loss: 37.178257]
[Epoch 43/401] [Batch 0/1] [D loss: -2.391612] [G loss: 24.283245]
[Epoch 44/401] [Batch 0/1] [D loss: -5.172370] [G loss: 17.357740]
[Epoch 45/401] [Batch 0/1] [D loss: -7.289883] [G loss: 7.779902]
[Epoch 46/401] [Batch 0/1] [D loss: -8.717069] [G loss: -1.013347]
[Epoch 47/401] [Batch 0/1] [D loss: -6.107874] [G loss: -5.830710]
[Epoch 48/401] [Batch 0/1] [D loss: -7.842454] [G loss: -5.967721]
[Epoch 49/401] [Batch 0/1] [D loss: -8.749982] [G loss: -7.194554]
[Epoch 50/401] [Batch 0/1] [D loss: -7.832918] [G loss: -6.823212]
[Epoch 51/401] [Batch 0/1] [D loss: -7.089990] [G loss: -4.715223]
[Epoch 52/401] [Batch 0/1] [D loss: -5.458355] [G loss: -2.297498]
[Epoch 53/401] [Batch 0/1] [D loss: -3.581621] [G loss: 8.806643]
[Epoch 54/401] [Batch 0/1] [D loss: -5.242054] [G loss: 26.200209]
[Epoch 55/401] [Batch 0/1] [D loss: -2.302455] [G loss: 21.427618]
[Epoch 56/401] [Batch 0/1] [D loss: -1.572567] [G loss: 13.895785]
[Epoch 57/401] [Batch 0/1] [D loss: -4.291602] [G loss: 12.447219]
[Epoch 58/401] [Batch 0/1] [D loss: -4.220487] [G loss: 4.823159]
[Epoch 59/401] [Batch 0/1] [D loss: -6.208157] [G loss: -3.971954]
[Epoch 60/401] [Batch 0/1] [D loss: -7.577423] [G loss: -10.923678]
[Epoch 61/401] [Batch 0/1] [D loss: -10.274451] [G loss: -17.121464]
[Epoch 62/401] [Batch 0/1] [D loss: -8.382366] [G loss: -22.376101]
[Epoch 63/401] [Batch 0/1] [D loss: -3.677081] [G loss: -17.198402]
[Epoch 64/401] [Batch 0/1] [D loss: -7.618549] [G loss: -12.141147]
[Epoch 65/401] [Batch 0/1] [D loss: -6.552648] [G loss: -3.076828]
[Epoch 66/401] [Batch 0/1] [D loss: -7.389250] [G loss: 5.319376]
[Epoch 67/401] [Batch 0/1] [D loss: -8.393473] [G loss: 19.623333]
[Epoch 68/401] [Batch 0/1] [D loss: -10.356119] [G loss: 26.015867]
[Epoch 69/401] [Batch 0/1] [D loss: -9.730702] [G loss: 20.401218]
[Epoch 70/401] [Batch 0/1] [D loss: -9.126069] [G loss: 15.229115]
[Epoch 71/401] [Batch 0/1] [D loss: -9.060470] [G loss: 9.262601]
[Epoch 72/401] [Batch 0/1] [D loss: -10.755397] [G loss: 6.749630]
[Epoch 73/401] [Batch 0/1] [D loss: -10.583054] [G loss: 5.597495]
[Epoch 74/401] [Batch 0/1] [D loss: -11.004181] [G loss: 3.596803]
[Epoch 75/401] [Batch 0/1] [D loss: -12.536589] [G loss: -1.198762]
[Epoch 76/401] [Batch 0/1] [D loss: -13.307417] [G loss: -6.564469]
[Epoch 77/401] [Batch 0/1] [D loss: -15.582159] [G loss: -10.974083]
[Epoch 78/401] [Batch 0/1] [D loss: -13.360188] [G loss: -15.108412]
[Epoch 79/401] [Batch 0/1] [D loss: -14.384654] [G loss: -7.840489]
[Epoch 80/401] [Batch 0/1] [D loss: -14.257084] [G loss: -2.413273]
[Epoch 81/401] [Batch 0/1] [D loss: -15.956213] [G loss: -1.143460]
[Epoch 82/401] [Batch 0/1] [D loss: -15.214128] [G loss: -0.846491]
[Epoch 83/401] [Batch 0/1] [D loss: -15.718148] [G loss: 1.295609]
[Epoch 84/401] [Batch 0/1] [D loss: -14.207203] [G loss: 6.755730]
[Epoch 85/401] [Batch 0/1] [D loss: -17.208031] [G loss: 2.939394]
[Epoch 86/401] [Batch 0/1] [D loss: -15.347833] [G loss: 3.472993]
[Epoch 87/401] [Batch 0/1] [D loss: -16.452839] [G loss: 14.704991]
[Epoch 88/401] [Batch 0/1] [D loss: -15.805204] [G loss: 11.192204]
[Epoch 89/401] [Batch 0/1] [D loss: -12.024956] [G loss: 4.365134]
[Epoch 90/401] [Batch 0/1] [D loss: -12.157223] [G loss: -1.669306]
[Epoch 91/401] [Batch 0/1] [D loss: -14.711548] [G loss: -6.534904]
[Epoch 92/401] [Batch 0/1] [D loss: -17.038521] [G loss: -10.892799]
[Epoch 93/401] [Batch 0/1] [D loss: -13.264734] [G loss: -15.937866]
[Epoch 94/401] [Batch 0/1] [D loss: -17.715158] [G loss: -16.592587]
[Epoch 95/401] [Batch 0/1] [D loss: -10.320904] [G loss: -16.007332]
[Epoch 96/401] [Batch 0/1] [D loss: -12.765998] [G loss: 1.104678]
[Epoch 97/401] [Batch 0/1] [D loss: -12.141071] [G loss: 3.974902]
[Epoch 98/401] [Batch 0/1] [D loss: -13.876243] [G loss: 13.244194]
[Epoch 99/401] [Batch 0/1] [D loss: -12.785435] [G loss: 7.732261]
[Epoch 100/401] [Batch 0/1] [D loss: -12.858993] [G loss: -3.851785]
[Epoch 101/401] [Batch 0/1] [D loss: -9.592989] [G loss: -10.125403]
[Epoch 102/401] [Batch 0/1] [D loss: -8.768847] [G loss: -8.371140]
[Epoch 103/401] [Batch 0/1] [D loss: -9.051080] [G loss: -1.196376]
[Epoch 104/401] [Batch 0/1] [D loss: -14.770901] [G loss: 1.310875]
[Epoch 105/401] [Batch 0/1] [D loss: -8.078197] [G loss: -2.069964]
[Epoch 106/401] [Batch 0/1] [D loss: -7.927969] [G loss: -2.089083]
[Epoch 107/401] [Batch 0/1] [D loss: -11.625611] [G loss: 10.763221]
[Epoch 108/401] [Batch 0/1] [D loss: -16.178913] [G loss: 25.557352]
[Epoch 109/401] [Batch 0/1] [D loss: -13.596171] [G loss: 14.535283]
[Epoch 110/401] [Batch 0/1] [D loss: -16.546482] [G loss: 4.797809]
[Epoch 111/401] [Batch 0/1] [D loss: -17.688974] [G loss: -1.044586]
[Epoch 112/401] [Batch 0/1] [D loss: -21.320105] [G loss: -1.267225]
[Epoch 113/401] [Batch 0/1] [D loss: -20.706711] [G loss: -1.357179]
[Epoch 114/401] [Batch 0/1] [D loss: -24.517754] [G loss: 0.769737]
[Epoch 115/401] [Batch 0/1] [D loss: -20.884064] [G loss: -5.867869]
[Epoch 116/401] [Batch 0/1] [D loss: -21.150206] [G loss: 0.044256]
[Epoch 117/401] [Batch 0/1] [D loss: -18.978441] [G loss: 6.638928]
[Epoch 118/401] [Batch 0/1] [D loss: -18.688261] [G loss: 17.427378]
[Epoch 119/401] [Batch 0/1] [D loss: -21.715246] [G loss: 18.105833]
[Epoch 120/401] [Batch 0/1] [D loss: -19.327644] [G loss: 10.661802]
[Epoch 121/401] [Batch 0/1] [D loss: -20.105206] [G loss: 7.382309]
[Epoch 122/401] [Batch 0/1] [D loss: -21.897343] [G loss: 3.517130]
[Epoch 123/401] [Batch 0/1] [D loss: -20.075243] [G loss: -2.242819]
[Epoch 124/401] [Batch 0/1] [D loss: -21.855452] [G loss: -3.232393]
[Epoch 125/401] [Batch 0/1] [D loss: -18.223095] [G loss: 9.755363]
[Epoch 126/401] [Batch 0/1] [D loss: -20.726929] [G loss: 9.259049]
[Epoch 127/401] [Batch 0/1] [D loss: -21.948898] [G loss: 7.871213]
[Epoch 128/401] [Batch 0/1] [D loss: -21.246967] [G loss: 13.528735]
[Epoch 129/401] [Batch 0/1] [D loss: -22.690079] [G loss: 6.222282]
[Epoch 130/401] [Batch 0/1] [D loss: -20.670128] [G loss: -1.500147]
[Epoch 131/401] [Batch 0/1] [D loss: -25.076757] [G loss: -5.381931]
[Epoch 132/401] [Batch 0/1] [D loss: -23.179375] [G loss: -10.510819]
[Epoch 133/401] [Batch 0/1] [D loss: -26.294174] [G loss: -10.596322]
[Epoch 134/401] [Batch 0/1] [D loss: -24.396223] [G loss: 1.223328]
[Epoch 135/401] [Batch 0/1] [D loss: -25.003862] [G loss: -2.067382]
[Epoch 136/401] [Batch 0/1] [D loss: -26.571522] [G loss: -14.678396]
[Epoch 137/401] [Batch 0/1] [D loss: -25.362579] [G loss: -18.191706]
[Epoch 138/401] [Batch 0/1] [D loss: -25.551168] [G loss: -1.165157]
[Epoch 139/401] [Batch 0/1] [D loss: -27.766596] [G loss: 2.656063]
[Epoch 140/401] [Batch 0/1] [D loss: -28.033878] [G loss: 4.736705]
[Epoch 141/401] [Batch 0/1] [D loss: -29.970905] [G loss: 12.280437]
[Epoch 142/401] [Batch 0/1] [D loss: -25.740198] [G loss: 14.943669]
[Epoch 143/401] [Batch 0/1] [D loss: -20.658772] [G loss: -2.358322]
[Epoch 144/401] [Batch 0/1] [D loss: -24.683064] [G loss: -10.095868]
[Epoch 145/401] [Batch 0/1] [D loss: -24.854748] [G loss: -4.756342]
[Epoch 146/401] [Batch 0/1] [D loss: -26.728588] [G loss: -10.224313]
[Epoch 147/401] [Batch 0/1] [D loss: -24.460417] [G loss: -1.679590]
[Epoch 148/401] [Batch 0/1] [D loss: -24.590824] [G loss: 2.955201]
[Epoch 149/401] [Batch 0/1] [D loss: -30.394276] [G loss: 0.923413]
[Epoch 150/401] [Batch 0/1] [D loss: -27.414265] [G loss: -1.860781]
[Epoch 151/401] [Batch 0/1] [D loss: -25.666014] [G loss: -2.790576]
[Epoch 152/401] [Batch 0/1] [D loss: -31.520979] [G loss: -14.714635]
[Epoch 153/401] [Batch 0/1] [D loss: -23.350632] [G loss: -14.996803]
[Epoch 154/401] [Batch 0/1] [D loss: -29.889469] [G loss: -9.511543]
[Epoch 155/401] [Batch 0/1] [D loss: -30.246218] [G loss: 19.667070]
[Epoch 156/401] [Batch 0/1] [D loss: -26.714491] [G loss: 1.984183]
[Epoch 157/401] [Batch 0/1] [D loss: -27.205776] [G loss: -10.813916]
[Epoch 158/401] [Batch 0/1] [D loss: -32.642258] [G loss: -6.468364]
[Epoch 159/401] [Batch 0/1] [D loss: -29.818836] [G loss: -1.089637]
[Epoch 160/401] [Batch 0/1] [D loss: -32.131603] [G loss: 1.655928]
[Epoch 161/401] [Batch 0/1] [D loss: -31.477478] [G loss: 15.923813]
[Epoch 162/401] [Batch 0/1] [D loss: -31.706093] [G loss: 12.005956]
[Epoch 163/401] [Batch 0/1] [D loss: -33.837547] [G loss: 4.810606]
[Epoch 164/401] [Batch 0/1] [D loss: -34.043324] [G loss: -6.244138]
[Epoch 165/401] [Batch 0/1] [D loss: -27.879065] [G loss: 3.659082]
[Epoch 166/401] [Batch 0/1] [D loss: -30.529583] [G loss: 1.760872]
[Epoch 167/401] [Batch 0/1] [D loss: -31.233934] [G loss: -3.092665]
[Epoch 168/401] [Batch 0/1] [D loss: -30.507343] [G loss: 7.160403]
[Epoch 169/401] [Batch 0/1] [D loss: -34.004711] [G loss: 17.668934]
[Epoch 170/401] [Batch 0/1] [D loss: -33.849567] [G loss: 35.094498]
[Epoch 171/401] [Batch 0/1] [D loss: -23.750511] [G loss: -5.813874]
[Epoch 172/401] [Batch 0/1] [D loss: -30.000217] [G loss: -15.569472]
[Epoch 173/401] [Batch 0/1] [D loss: -31.188448] [G loss: -5.628054]
[Epoch 174/401] [Batch 0/1] [D loss: -27.925428] [G loss: 16.894032]
[Epoch 175/401] [Batch 0/1] [D loss: -28.240049] [G loss: 19.668369]
[Epoch 176/401] [Batch 0/1] [D loss: -27.231411] [G loss: -3.117559]
[Epoch 177/401] [Batch 0/1] [D loss: -33.045425] [G loss: -15.981678]
[Epoch 178/401] [Batch 0/1] [D loss: -29.694086] [G loss: -15.235874]
[Epoch 179/401] [Batch 0/1] [D loss: -29.042042] [G loss: -5.726801]
[Epoch 180/401] [Batch 0/1] [D loss: -31.006588] [G loss: -8.869709]
[Epoch 181/401] [Batch 0/1] [D loss: -28.939980] [G loss: -14.994287]
[Epoch 182/401] [Batch 0/1] [D loss: -30.473106] [G loss: 0.199583]
[Epoch 183/401] [Batch 0/1] [D loss: -31.814135] [G loss: -7.792754]
[Epoch 184/401] [Batch 0/1] [D loss: -31.408604] [G loss: 7.749555]
[Epoch 185/401] [Batch 0/1] [D loss: -31.659014] [G loss: -9.317260]
[Epoch 186/401] [Batch 0/1] [D loss: -33.433590] [G loss: -5.330974]
[Epoch 187/401] [Batch 0/1] [D loss: -28.556154] [G loss: 1.089638]
[Epoch 188/401] [Batch 0/1] [D loss: -32.412418] [G loss: 4.714717]
[Epoch 189/401] [Batch 0/1] [D loss: -28.489817] [G loss: -8.572125]
[Epoch 190/401] [Batch 0/1] [D loss: -27.363619] [G loss: 13.222110]
[Epoch 191/401] [Batch 0/1] [D loss: -33.485062] [G loss: 8.453612]
[Epoch 192/401] [Batch 0/1] [D loss: -24.514553] [G loss: 6.557588]
[Epoch 193/401] [Batch 0/1] [D loss: -28.956650] [G loss: 15.494892]
[Epoch 194/401] [Batch 0/1] [D loss: -29.381981] [G loss: 2.539624]
[Epoch 195/401] [Batch 0/1] [D loss: -35.351810] [G loss: -5.891138]
[Epoch 196/401] [Batch 0/1] [D loss: -35.755276] [G loss: -10.674262]
[Epoch 197/401] [Batch 0/1] [D loss: -30.374323] [G loss: 10.244450]
[Epoch 198/401] [Batch 0/1] [D loss: -29.274628] [G loss: 6.228192]
[Epoch 199/401] [Batch 0/1] [D loss: -31.724998] [G loss: 3.341547]
[Epoch 200/401] [Batch 0/1] [D loss: -35.909359] [G loss: -9.771335]
[Epoch 201/401] [Batch 0/1] [D loss: -28.780415] [G loss: -1.510367]
[Epoch 202/401] [Batch 0/1] [D loss: -33.929489] [G loss: 10.506741]
[Epoch 203/401] [Batch 0/1] [D loss: -29.237740] [G loss: 7.137061]
[Epoch 204/401] [Batch 0/1] [D loss: -30.301998] [G loss: -9.055227]
[Epoch 205/401] [Batch 0/1] [D loss: -28.248123] [G loss: -5.082651]
[Epoch 206/401] [Batch 0/1] [D loss: -31.745329] [G loss: 19.243099]
[Epoch 207/401] [Batch 0/1] [D loss: -27.559280] [G loss: -4.575606]
[Epoch 208/401] [Batch 0/1] [D loss: -33.454670] [G loss: -5.657846]
[Epoch 209/401] [Batch 0/1] [D loss: -33.366436] [G loss: 6.637780]
[Epoch 210/401] [Batch 0/1] [D loss: -29.328119] [G loss: 20.506792]
[Epoch 211/401] [Batch 0/1] [D loss: -31.678320] [G loss: 2.847921]
[Epoch 212/401] [Batch 0/1] [D loss: -35.078480] [G loss: -6.063497]
[Epoch 213/401] [Batch 0/1] [D loss: -34.410347] [G loss: -4.138628]
[Epoch 214/401] [Batch 0/1] [D loss: -35.453960] [G loss: -1.179170]
[Epoch 215/401] [Batch 0/1] [D loss: -36.255405] [G loss: 10.556252]
[Epoch 216/401] [Batch 0/1] [D loss: -34.601181] [G loss: 18.383396]
[Epoch 217/401] [Batch 0/1] [D loss: -31.586435] [G loss: 8.559967]
[Epoch 218/401] [Batch 0/1] [D loss: -35.510857] [G loss: -7.191716]
[Epoch 219/401] [Batch 0/1] [D loss: -33.103172] [G loss: -15.388383]
[Epoch 220/401] [Batch 0/1] [D loss: -35.647167] [G loss: -12.128822]
[Epoch 221/401] [Batch 0/1] [D loss: -31.053902] [G loss: -5.814897]
[Epoch 222/401] [Batch 0/1] [D loss: -29.613571] [G loss: 6.757985]
[Epoch 223/401] [Batch 0/1] [D loss: -30.385609] [G loss: -2.369145]
[Epoch 224/401] [Batch 0/1] [D loss: -30.005699] [G loss: -9.772820]
[Epoch 225/401] [Batch 0/1] [D loss: -32.700241] [G loss: -6.347620]
[Epoch 226/401] [Batch 0/1] [D loss: -30.182222] [G loss: 1.358050]
[Epoch 227/401] [Batch 0/1] [D loss: -30.075075] [G loss: 0.520451]
[Epoch 228/401] [Batch 0/1] [D loss: -31.639662] [G loss: -0.746517]
[Epoch 229/401] [Batch 0/1] [D loss: -28.808224] [G loss: 9.853267]
[Epoch 230/401] [Batch 0/1] [D loss: -32.389893] [G loss: 18.626736]
[Epoch 231/401] [Batch 0/1] [D loss: -32.971603] [G loss: 14.714125]
[Epoch 232/401] [Batch 0/1] [D loss: -26.928205] [G loss: -8.444341]
[Epoch 233/401] [Batch 0/1] [D loss: -30.065563] [G loss: -8.452808]
[Epoch 234/401] [Batch 0/1] [D loss: -33.134541] [G loss: 10.055100]
[Epoch 235/401] [Batch 0/1] [D loss: -30.453165] [G loss: 0.795115]
[Epoch 236/401] [Batch 0/1] [D loss: -31.322338] [G loss: -9.340943]
[Epoch 237/401] [Batch 0/1] [D loss: -38.404484] [G loss: -16.541300]
[Epoch 238/401] [Batch 0/1] [D loss: -38.293747] [G loss: -13.840845]
[Epoch 239/401] [Batch 0/1] [D loss: -41.499134] [G loss: -7.508092]
[Epoch 240/401] [Batch 0/1] [D loss: -33.033546] [G loss: -13.736964]
[Epoch 241/401] [Batch 0/1] [D loss: -35.777580] [G loss: -9.611667]
[Epoch 242/401] [Batch 0/1] [D loss: -30.727970] [G loss: 12.148426]
[Epoch 243/401] [Batch 0/1] [D loss: -40.141434] [G loss: 30.314022]
[Epoch 244/401] [Batch 0/1] [D loss: -35.235382] [G loss: 21.572609]
[Epoch 245/401] [Batch 0/1] [D loss: -35.459740] [G loss: 3.575664]
[Epoch 246/401] [Batch 0/1] [D loss: -35.327324] [G loss: 1.635462]
[Epoch 247/401] [Batch 0/1] [D loss: -34.937767] [G loss: 1.454647]
[Epoch 248/401] [Batch 0/1] [D loss: -32.551670] [G loss: 41.035694]
[Epoch 249/401] [Batch 0/1] [D loss: -27.509907] [G loss: 1.014817]
[Epoch 250/401] [Batch 0/1] [D loss: -34.894012] [G loss: -17.581146]
[Epoch 251/401] [Batch 0/1] [D loss: -38.216797] [G loss: -16.992008]
[Epoch 252/401] [Batch 0/1] [D loss: -36.236069] [G loss: -15.291995]
[Epoch 253/401] [Batch 0/1] [D loss: -41.191807] [G loss: -13.623304]
[Epoch 254/401] [Batch 0/1] [D loss: -32.981575] [G loss: -8.135861]
[Epoch 255/401] [Batch 0/1] [D loss: -33.025459] [G loss: -2.065485]
[Epoch 256/401] [Batch 0/1] [D loss: -37.354393] [G loss: -2.065795]
[Epoch 257/401] [Batch 0/1] [D loss: -32.340752] [G loss: 1.506256]
[Epoch 258/401] [Batch 0/1] [D loss: -33.934265] [G loss: 14.330538]
[Epoch 259/401] [Batch 0/1] [D loss: -35.676991] [G loss: -9.511418]
[Epoch 260/401] [Batch 0/1] [D loss: -36.440361] [G loss: -18.449152]
[Epoch 261/401] [Batch 0/1] [D loss: -31.331234] [G loss: -1.467866]
[Epoch 262/401] [Batch 0/1] [D loss: -37.341507] [G loss: 10.100348]
[Epoch 263/401] [Batch 0/1] [D loss: -42.636864] [G loss: 46.269264]
[Epoch 264/401] [Batch 0/1] [D loss: -35.088142] [G loss: 26.350592]
[Epoch 265/401] [Batch 0/1] [D loss: -30.459393] [G loss: 2.957333]
[Epoch 266/401] [Batch 0/1] [D loss: -31.135000] [G loss: -12.714136]
[Epoch 267/401] [Batch 0/1] [D loss: -32.173950] [G loss: -8.041021]
[Epoch 268/401] [Batch 0/1] [D loss: -30.271746] [G loss: -18.942112]
[Epoch 269/401] [Batch 0/1] [D loss: -37.577602] [G loss: -19.764687]
[Epoch 270/401] [Batch 0/1] [D loss: -23.002556] [G loss: -5.421149]
[Epoch 271/401] [Batch 0/1] [D loss: -29.166349] [G loss: 10.088665]
[Epoch 272/401] [Batch 0/1] [D loss: -32.316570] [G loss: -1.217920]
[Epoch 273/401] [Batch 0/1] [D loss: -34.509857] [G loss: -8.538550]
[Epoch 274/401] [Batch 0/1] [D loss: -31.045095] [G loss: -4.262083]
[Epoch 275/401] [Batch 0/1] [D loss: -28.204006] [G loss: -10.934154]
[Epoch 276/401] [Batch 0/1] [D loss: -37.802074] [G loss: -10.597316]
[Epoch 277/401] [Batch 0/1] [D loss: -30.025612] [G loss: -8.495117]
[Epoch 278/401] [Batch 0/1] [D loss: -33.684753] [G loss: 8.449550]
[Epoch 279/401] [Batch 0/1] [D loss: -35.168354] [G loss: 17.023289]
[Epoch 280/401] [Batch 0/1] [D loss: -34.807106] [G loss: 4.544031]
[Epoch 281/401] [Batch 0/1] [D loss: -35.966537] [G loss: -7.006523]
[Epoch 282/401] [Batch 0/1] [D loss: -32.505890] [G loss: -0.477957]
[Epoch 283/401] [Batch 0/1] [D loss: -31.393682] [G loss: -5.453310]
[Epoch 284/401] [Batch 0/1] [D loss: -36.487503] [G loss: -3.014241]
[Epoch 285/401] [Batch 0/1] [D loss: -30.485523] [G loss: 16.789860]
[Epoch 286/401] [Batch 0/1] [D loss: -32.432884] [G loss: 28.333530]
[Epoch 287/401] [Batch 0/1] [D loss: -31.293312] [G loss: -2.129904]
[Epoch 288/401] [Batch 0/1] [D loss: -37.921608] [G loss: -15.846390]
[Epoch 289/401] [Batch 0/1] [D loss: -32.369980] [G loss: 9.590150]
[Epoch 290/401] [Batch 0/1] [D loss: -34.752594] [G loss: 4.012323]
[Epoch 291/401] [Batch 0/1] [D loss: -33.325672] [G loss: -11.810091]
[Epoch 292/401] [Batch 0/1] [D loss: -35.866787] [G loss: -10.134395]
[Epoch 293/401] [Batch 0/1] [D loss: -39.119873] [G loss: -3.935045]
[Epoch 294/401] [Batch 0/1] [D loss: -32.536232] [G loss: -6.207737]
[Epoch 295/401] [Batch 0/1] [D loss: -35.389767] [G loss: 0.248121]
[Epoch 296/401] [Batch 0/1] [D loss: -34.620426] [G loss: 29.885162]
[Epoch 297/401] [Batch 0/1] [D loss: -33.686050] [G loss: 21.311287]
[Epoch 298/401] [Batch 0/1] [D loss: -31.177420] [G loss: -6.884671]
[Epoch 299/401] [Batch 0/1] [D loss: -34.980076] [G loss: -12.433191]
[Epoch 300/401] [Batch 0/1] [D loss: -36.006824] [G loss: -1.785395]
[Epoch 301/401] [Batch 0/1] [D loss: -37.188007] [G loss: -0.676095]
[Epoch 302/401] [Batch 0/1] [D loss: -37.554607] [G loss: 2.556556]
[Epoch 303/401] [Batch 0/1] [D loss: -38.682617] [G loss: 2.910002]
[Epoch 304/401] [Batch 0/1] [D loss: -38.588398] [G loss: 9.989989]
[Epoch 305/401] [Batch 0/1] [D loss: -34.148487] [G loss: -9.864629]
[Epoch 306/401] [Batch 0/1] [D loss: -39.453285] [G loss: 5.171356]
[Epoch 307/401] [Batch 0/1] [D loss: -36.218483] [G loss: 18.649248]
[Epoch 308/401] [Batch 0/1] [D loss: -37.326447] [G loss: 7.063648]
[Epoch 309/401] [Batch 0/1] [D loss: -31.193310] [G loss: -6.677563]
[Epoch 310/401] [Batch 0/1] [D loss: -33.472023] [G loss: -3.016086]
[Epoch 311/401] [Batch 0/1] [D loss: -35.364304] [G loss: -7.551078]
[Epoch 312/401] [Batch 0/1] [D loss: -29.539984] [G loss: 15.846383]
[Epoch 313/401] [Batch 0/1] [D loss: -33.958000] [G loss: 18.244732]
[Epoch 314/401] [Batch 0/1] [D loss: -38.238358] [G loss: 16.818501]
[Epoch 315/401] [Batch 0/1] [D loss: -28.291576] [G loss: -13.426822]
[Epoch 316/401] [Batch 0/1] [D loss: -39.843552] [G loss: -18.528496]
[Epoch 317/401] [Batch 0/1] [D loss: -38.093536] [G loss: -14.513488]
[Epoch 318/401] [Batch 0/1] [D loss: -36.617966] [G loss: -5.313465]
[Epoch 319/401] [Batch 0/1] [D loss: -31.983025] [G loss: -3.501714]
[Epoch 320/401] [Batch 0/1] [D loss: -37.324982] [G loss: 9.355712]
[Epoch 321/401] [Batch 0/1] [D loss: -33.320404] [G loss: 10.412800]
[Epoch 322/401] [Batch 0/1] [D loss: -30.991224] [G loss: 12.757257]
[Epoch 323/401] [Batch 0/1] [D loss: -34.458282] [G loss: 13.341475]
[Epoch 324/401] [Batch 0/1] [D loss: -33.425632] [G loss: -8.153708]
[Epoch 325/401] [Batch 0/1] [D loss: -34.030228] [G loss: -3.510803]
[Epoch 326/401] [Batch 0/1] [D loss: -38.129669] [G loss: -6.660222]
[Epoch 327/401] [Batch 0/1] [D loss: -30.015305] [G loss: 5.880024]
[Epoch 328/401] [Batch 0/1] [D loss: -38.154739] [G loss: 7.153063]
[Epoch 329/401] [Batch 0/1] [D loss: -37.541771] [G loss: -9.608525]
[Epoch 330/401] [Batch 0/1] [D loss: -33.740761] [G loss: -18.317329]
[Epoch 331/401] [Batch 0/1] [D loss: -33.393711] [G loss: 1.704035]
[Epoch 332/401] [Batch 0/1] [D loss: -36.668709] [G loss: 25.587929]
[Epoch 333/401] [Batch 0/1] [D loss: -32.227203] [G loss: 10.109599]
[Epoch 334/401] [Batch 0/1] [D loss: -37.538208] [G loss: -0.949956]
[Epoch 335/401] [Batch 0/1] [D loss: -37.979656] [G loss: 17.865208]
[Epoch 336/401] [Batch 0/1] [D loss: -29.733768] [G loss: -2.038025]
[Epoch 337/401] [Batch 0/1] [D loss: -33.342518] [G loss: -6.978631]
[Epoch 338/401] [Batch 0/1] [D loss: -31.526882] [G loss: -0.075019]
[Epoch 339/401] [Batch 0/1] [D loss: -33.420017] [G loss: -5.718432]
[Epoch 340/401] [Batch 0/1] [D loss: -36.819656] [G loss: -2.947283]
[Epoch 341/401] [Batch 0/1] [D loss: -29.277229] [G loss: 11.245860]
[Epoch 342/401] [Batch 0/1] [D loss: -31.250648] [G loss: 3.524074]
[Epoch 343/401] [Batch 0/1] [D loss: -34.678902] [G loss: 0.015376]
[Epoch 344/401] [Batch 0/1] [D loss: -34.649673] [G loss: -10.715648]
[Epoch 345/401] [Batch 0/1] [D loss: -28.931419] [G loss: -7.789447]
[Epoch 346/401] [Batch 0/1] [D loss: -28.208935] [G loss: 3.214829]
[Epoch 347/401] [Batch 0/1] [D loss: -28.772684] [G loss: 36.430756]
[Epoch 348/401] [Batch 0/1] [D loss: -27.382477] [G loss: 16.827309]
[Epoch 349/401] [Batch 0/1] [D loss: -27.310125] [G loss: -12.435315]
[Epoch 350/401] [Batch 0/1] [D loss: -32.510559] [G loss: -21.904449]
[Epoch 351/401] [Batch 0/1] [D loss: -34.628651] [G loss: -15.745414]
[Epoch 352/401] [Batch 0/1] [D loss: -30.212263] [G loss: -7.091702]
[Epoch 353/401] [Batch 0/1] [D loss: -32.552174] [G loss: -3.680825]
[Epoch 354/401] [Batch 0/1] [D loss: -37.907131] [G loss: 9.130571]
[Epoch 355/401] [Batch 0/1] [D loss: -34.294769] [G loss: 9.588642]
[Epoch 356/401] [Batch 0/1] [D loss: -34.826717] [G loss: -0.465479]
[Epoch 357/401] [Batch 0/1] [D loss: -38.579025] [G loss: -8.429527]
[Epoch 358/401] [Batch 0/1] [D loss: -24.639809] [G loss: -0.169223]
[Epoch 359/401] [Batch 0/1] [D loss: -35.056259] [G loss: 0.217522]
[Epoch 360/401] [Batch 0/1] [D loss: -29.824434] [G loss: 15.355783]
[Epoch 361/401] [Batch 0/1] [D loss: -33.777279] [G loss: 13.730614]
[Epoch 362/401] [Batch 0/1] [D loss: -36.839661] [G loss: 21.920046]
[Epoch 363/401] [Batch 0/1] [D loss: -35.044754] [G loss: 16.549744]
[Epoch 364/401] [Batch 0/1] [D loss: -30.230268] [G loss: -3.642271]
[Epoch 365/401] [Batch 0/1] [D loss: -35.553349] [G loss: -6.145447]
[Epoch 366/401] [Batch 0/1] [D loss: -38.347099] [G loss: -8.600310]
[Epoch 367/401] [Batch 0/1] [D loss: -37.057350] [G loss: 9.607016]
[Epoch 368/401] [Batch 0/1] [D loss: -35.397636] [G loss: 14.761024]
[Epoch 369/401] [Batch 0/1] [D loss: -32.953106] [G loss: 1.070241]
[Epoch 370/401] [Batch 0/1] [D loss: -34.177612] [G loss: 13.834550]
[Epoch 371/401] [Batch 0/1] [D loss: -32.165627] [G loss: 7.327739]
[Epoch 372/401] [Batch 0/1] [D loss: -34.802147] [G loss: 1.890567]
[Epoch 373/401] [Batch 0/1] [D loss: -32.576241] [G loss: -8.625093]
[Epoch 374/401] [Batch 0/1] [D loss: -39.362831] [G loss: -6.537066]
[Epoch 375/401] [Batch 0/1] [D loss: -38.113068] [G loss: -9.334875]
[Epoch 376/401] [Batch 0/1] [D loss: -36.366241] [G loss: -7.991548]
[Epoch 377/401] [Batch 0/1] [D loss: -40.121517] [G loss: -10.543965]
[Epoch 378/401] [Batch 0/1] [D loss: -32.807404] [G loss: -3.805645]
[Epoch 379/401] [Batch 0/1] [D loss: -38.064774] [G loss: -7.445323]
[Epoch 380/401] [Batch 0/1] [D loss: -33.091080] [G loss: 12.179493]
[Epoch 381/401] [Batch 0/1] [D loss: -39.184185] [G loss: 23.587729]
[Epoch 382/401] [Batch 0/1] [D loss: -31.346521] [G loss: 8.563517]
[Epoch 383/401] [Batch 0/1] [D loss: -31.857550] [G loss: -10.345374]
[Epoch 384/401] [Batch 0/1] [D loss: -31.976843] [G loss: -12.599951]
[Epoch 385/401] [Batch 0/1] [D loss: -35.338158] [G loss: -0.245756]
[Epoch 386/401] [Batch 0/1] [D loss: -36.480156] [G loss: -8.163825]
[Epoch 387/401] [Batch 0/1] [D loss: -32.944626] [G loss: -13.853930]
[Epoch 388/401] [Batch 0/1] [D loss: -39.928841] [G loss: -13.264167]
[Epoch 389/401] [Batch 0/1] [D loss: -34.200493] [G loss: 2.336363]
[Epoch 390/401] [Batch 0/1] [D loss: -35.668468] [G loss: 10.378620]
[Epoch 391/401] [Batch 0/1] [D loss: -37.037022] [G loss: 24.063059]
[Epoch 392/401] [Batch 0/1] [D loss: -42.825417] [G loss: 31.363373]
[Epoch 393/401] [Batch 0/1] [D loss: -35.426861] [G loss: 12.474708]
[Epoch 394/401] [Batch 0/1] [D loss: -31.254108] [G loss: -7.908463]
[Epoch 395/401] [Batch 0/1] [D loss: -33.838432] [G loss: -8.575768]
[Epoch 396/401] [Batch 0/1] [D loss: -32.211769] [G loss: 3.549862]
[Epoch 397/401] [Batch 0/1] [D loss: -34.432808] [G loss: -8.388219]
[Epoch 398/401] [Batch 0/1] [D loss: -33.052231] [G loss: -14.628767]
[Epoch 399/401] [Batch 0/1] [D loss: -35.877831] [G loss: -9.022328]
[Epoch 400/401] [Batch 0/1] [D loss: -35.165516] [G loss: 10.105110]
